[INFO ] 2019-02-23T19:13:39,047Z [main] manifests.Manifests.info - 111 attributes loaded from 123 stream(s) in 6s, 111 saved, 1956 ignored: ["ActiveMQ-Version", "Agent-Class", "Ant-Version", "Application-Class", "Application-Library-Allowable-Codebase", "Application-Name", "Application-Version", "Archiver-Version", "Automatic-Module-Name", "Bnd-LastModified", "Branch", "Build-Date", "Build-Host", "Build-Id", "Build-Java-Version", "Build-Jdk", "Build-Job", "Build-Number", "Build-Timestamp", "Built-By", "Built-OS", "Built-Status", "Bundle-Activator", "Bundle-Category", "Bundle-ClassPath", "Bundle-Copyright", "Bundle-Description", "Bundle-DocURL", "Bundle-License", "Bundle-ManifestVersion", "Bundle-Name", "Bundle-RequiredExecutionEnvironment", "Bundle-SymbolicName", "Bundle-Vendor", "Bundle-Version", "Caller-Allowable-Codebase", "Can-Redefine-Classes", "Can-Retransform-Classes", "Can-Set-Native-Method-Prefix", "Caplets", "Change", "Codebase", "Corda-Platform-Version", "Corda-Release-Version", "Corda-Revision", "Corda-Vendor", "Created-By", "DynamicImport-Package", "Eclipse-BuddyPolicy", "Eclipse-LazyStart", "Export-Package", "Extension-Name", "Fragment-Host", "Gradle-Version", "Ignore-Package", "Implementation-Build", "Implementation-Build-Date", "Implementation-Title", "Implementation-URL", "Implementation-Url", "Implementation-Vendor", "Implementation-Vendor-Id", "Implementation-Version", "Import-Package", "Include-Resource", "JCabi-Build", "JCabi-Date", "JCabi-Version", "JVM-Args", "Java-Agents", "Java-Vendor", "Java-Version", "Kotlin-Runtime-Component", "Kotlin-Version", "Log4jReleaseKey", "Log4jReleaseManager", "Log4jReleaseVersion", "Main-Class", "Main-class", "Manifest-Version", "Min-Java-Version", "Min-Update-Version", "Module-Email", "Module-Origin", "Module-Owner", "Module-Source", "Multi-Release", "Originally-Created-By", "Os-Arch", "Os-Name", "Os-Version", "Package", "Permissions", "Premain-Class", "Private-Package", "Provide-Capability", "Require-Capability", "SCM-Revision", "SCM-url", "Scm-Connection", "Scm-Revision", "Scm-Url", "Service-Component", "Specification-Title", "Specification-Vendor", "Specification-Version", "System-Properties", "Tool", "Trusted-Library", "X-Compile-Source-JDK", "X-Compile-Target-JDK"] {}
[INFO ] 2019-02-23T19:13:39,818Z [main] BasicInfo.printBasicNodeInfo - Logs can be found in                    : D:\Corda-Sample\New_Sample_11Feb\samples\cordapp-example\java-source\build\nodes\PartyB\logs {}
[INFO ] 2019-02-23T19:13:40,209Z [main] config.ConfigHelper.loadConfig - Config:
{
    # reference.conf @ jar:file:/D:/Corda-Sample/New_Sample_11Feb/samples/cordapp-example/java-source/build/nodes/PartyB/corda.jar!/reference.conf: 20
    "activeMQServer" : {
        # reference.conf @ jar:file:/D:/Corda-Sample/New_Sample_11Feb/samples/cordapp-example/java-source/build/nodes/PartyB/corda.jar!/reference.conf: 21
        "bridge" : {
            # reference.conf @ jar:file:/D:/Corda-Sample/New_Sample_11Feb/samples/cordapp-example/java-source/build/nodes/PartyB/corda.jar!/reference.conf: 24
            "maxRetryIntervalMin" : 3,
            # reference.conf @ jar:file:/D:/Corda-Sample/New_Sample_11Feb/samples/cordapp-example/java-source/build/nodes/PartyB/corda.jar!/reference.conf: 22
            "retryIntervalMs" : 5000,
            # reference.conf @ jar:file:/D:/Corda-Sample/New_Sample_11Feb/samples/cordapp-example/java-source/build/nodes/PartyB/corda.jar!/reference.conf: 23
            "retryIntervalMultiplier" : 1.5
        }
    },
    # hardcoded value
    "baseDirectory" : "D:\\Corda-Sample\\New_Sample_11Feb\\samples\\cordapp-example\\java-source\\build\\nodes\\PartyB",
    # merge of reference.conf @ jar:file:/D:/Corda-Sample/New_Sample_11Feb/samples/cordapp-example/java-source/build/nodes/PartyB/corda.jar!/reference.conf: 6,reference.conf @ jar:file:/D:/Corda-Sample/New_Sample_11Feb/samples/cordapp-example/java-source/build/nodes/.cache/apps/net.corda.node.Corda_3.3-corda/corda-node-3.3-corda.jar!/reference.conf: 6
    "dataSourceProperties" : {
        # reference.conf @ jar:file:/D:/Corda-Sample/New_Sample_11Feb/samples/cordapp-example/java-source/build/nodes/PartyB/corda.jar!/reference.conf: 10
        "dataSource.password" : "",
        # merge of reference.conf @ jar:file:/D:/Corda-Sample/New_Sample_11Feb/samples/cordapp-example/java-source/build/nodes/PartyB/corda.jar!/reference.conf: 8,hardcoded value,reference.conf @ jar:file:/D:/Corda-Sample/New_Sample_11Feb/samples/cordapp-example/java-source/build/nodes/PartyB/corda.jar!/reference.conf: 8,reference.conf @ jar:file:/D:/Corda-Sample/New_Sample_11Feb/samples/cordapp-example/java-source/build/nodes/PartyB/corda.jar!/reference.conf: 17
        "dataSource.url" : "jdbc:h2:file:D:\\Corda-Sample\\New_Sample_11Feb\\samples\\cordapp-example\\java-source\\build\\nodes\\PartyB/persistence;DB_CLOSE_ON_EXIT=FALSE;LOCK_TIMEOUT=10000;WRITE_DELAY=100;AUTO_SERVER_PORT=0",
        # reference.conf @ jar:file:/D:/Corda-Sample/New_Sample_11Feb/samples/cordapp-example/java-source/build/nodes/PartyB/corda.jar!/reference.conf: 9
        "dataSource.user" : "sa",
        # reference.conf @ jar:file:/D:/Corda-Sample/New_Sample_11Feb/samples/cordapp-example/java-source/build/nodes/PartyB/corda.jar!/reference.conf: 7
        "dataSourceClassName" : "org.h2.jdbcx.JdbcDataSource"
    },
    # reference.conf @ jar:file:/D:/Corda-Sample/New_Sample_11Feb/samples/cordapp-example/java-source/build/nodes/PartyB/corda.jar!/reference.conf: 12
    "database" : {
        # reference.conf @ jar:file:/D:/Corda-Sample/New_Sample_11Feb/samples/cordapp-example/java-source/build/nodes/PartyB/corda.jar!/reference.conf: 14
        "exportHibernateJMXStatistics" : "false",
        # reference.conf @ jar:file:/D:/Corda-Sample/New_Sample_11Feb/samples/cordapp-example/java-source/build/nodes/PartyB/corda.jar!/reference.conf: 13
        "transactionIsolationLevel" : "REPEATABLE_READ"
    },
    # reference.conf @ jar:file:/D:/Corda-Sample/New_Sample_11Feb/samples/cordapp-example/java-source/build/nodes/PartyB/corda.jar!/reference.conf: 16
    "devMode" : true,
    # reference.conf @ jar:file:/D:/Corda-Sample/New_Sample_11Feb/samples/cordapp-example/java-source/build/nodes/PartyB/corda.jar!/reference.conf: 2
    "emailAddress" : "admin@company.com",
    # reference.conf @ jar:file:/D:/Corda-Sample/New_Sample_11Feb/samples/cordapp-example/java-source/build/nodes/PartyB/corda.jar!/reference.conf: 3
    "exportJMXto" : "http",
    # reference.conf @ jar:file:/D:/Corda-Sample/New_Sample_11Feb/samples/cordapp-example/java-source/build/nodes/PartyB/corda.jar!/reference.conf: 31
    "flowTimeout" : {
        # reference.conf @ jar:file:/D:/Corda-Sample/New_Sample_11Feb/samples/cordapp-example/java-source/build/nodes/PartyB/corda.jar!/reference.conf: 34
        "backoffBase" : 1.8,
        # reference.conf @ jar:file:/D:/Corda-Sample/New_Sample_11Feb/samples/cordapp-example/java-source/build/nodes/PartyB/corda.jar!/reference.conf: 33
        "maxRestartCount" : 5,
        # reference.conf @ jar:file:/D:/Corda-Sample/New_Sample_11Feb/samples/cordapp-example/java-source/build/nodes/PartyB/corda.jar!/reference.conf: 32
        "timeout" : "30 seconds"
    },
    # reference.conf @ jar:file:/D:/Corda-Sample/New_Sample_11Feb/samples/cordapp-example/java-source/build/nodes/PartyB/corda.jar!/reference.conf: 17
    "h2port" : 0,
    # reference.conf @ jar:file:/D:/Corda-Sample/New_Sample_11Feb/samples/cordapp-example/java-source/build/nodes/PartyB/corda.jar!/reference.conf: 4
    "keyStorePassword" : "cordacadevpass",
    # D:\Corda-Sample\New_Sample_11Feb\samples\cordapp-example\java-source\build\nodes\PartyB\node.conf: 1
    "myLegalName" : "O=PartyB,L=New York,C=US",
    # hardcoded value
    "noLocalShell" : false,
    # D:\Corda-Sample\New_Sample_11Feb\samples\cordapp-example\java-source\build\nodes\PartyB\node.conf: 2
    "p2pAddress" : "localhost:10010",
    # merge of D:\Corda-Sample\New_Sample_11Feb\samples\cordapp-example\java-source\build\nodes\PartyB\node.conf: 3,reference.conf @ jar:file:/D:/Corda-Sample/New_Sample_11Feb/samples/cordapp-example/java-source/build/nodes/PartyB/corda.jar!/reference.conf: 27
    "rpcSettings" : {
        # D:\Corda-Sample\New_Sample_11Feb\samples\cordapp-example\java-source\build\nodes\PartyB\node.conf: 4
        "address" : "localhost:10011",
        # D:\Corda-Sample\New_Sample_11Feb\samples\cordapp-example\java-source\build\nodes\PartyB\node.conf: 5
        "adminAddress" : "localhost:10051",
        # reference.conf @ jar:file:/D:/Corda-Sample/New_Sample_11Feb/samples/cordapp-example/java-source/build/nodes/PartyB/corda.jar!/reference.conf: 29
        "standAloneBroker" : false,
        # reference.conf @ jar:file:/D:/Corda-Sample/New_Sample_11Feb/samples/cordapp-example/java-source/build/nodes/PartyB/corda.jar!/reference.conf: 28
        "useSsl" : false
    },
    # D:\Corda-Sample\New_Sample_11Feb\samples\cordapp-example\java-source\build\nodes\PartyB\node.conf: 7
    "rpcUsers" : [
        # D:\Corda-Sample\New_Sample_11Feb\samples\cordapp-example\java-source\build\nodes\PartyB\node.conf: 8
        {
            # D:\Corda-Sample\New_Sample_11Feb\samples\cordapp-example\java-source\build\nodes\PartyB\node.conf: 9
            "password" : "test",
            # D:\Corda-Sample\New_Sample_11Feb\samples\cordapp-example\java-source\build\nodes\PartyB\node.conf: 10
            "permissions" : [
                # D:\Corda-Sample\New_Sample_11Feb\samples\cordapp-example\java-source\build\nodes\PartyB\node.conf: 11
                "ALL"
            ],
            # D:\Corda-Sample\New_Sample_11Feb\samples\cordapp-example\java-source\build\nodes\PartyB\node.conf: 13
            "user" : "user1"
        }
    ],
    # reference.conf @ jar:file:/D:/Corda-Sample/New_Sample_11Feb/samples/cordapp-example/java-source/build/nodes/PartyB/corda.jar!/reference.conf: 5
    "trustStorePassword" : "trustpass",
    # reference.conf @ jar:file:/D:/Corda-Sample/New_Sample_11Feb/samples/cordapp-example/java-source/build/nodes/PartyB/corda.jar!/reference.conf: 18
    "useTestClock" : false,
    # reference.conf @ jar:file:/D:/Corda-Sample/New_Sample_11Feb/samples/cordapp-example/java-source/build/nodes/PartyB/corda.jar!/reference.conf: 19
    "verifierType" : "InMemory",
    # D:\Corda-Sample\New_Sample_11Feb\samples\cordapp-example\java-source\build\nodes\PartyB\node.conf: 16
    "webAddress" : "localhost:10012"
}
 {}
[WARN ] 2019-02-23T19:13:43,175Z [main] internal.config.defaultToOldPath - Config key user has been deprecated and will be removed in a future release. Use username instead {}
[INFO ] 2019-02-23T19:13:43,302Z [main] internal.Node.logStartupInfo - Vendor: Corda Open Source {}
[INFO ] 2019-02-23T19:13:43,302Z [main] internal.Node.logStartupInfo - Release: 3.3-corda {}
[INFO ] 2019-02-23T19:13:43,303Z [main] internal.Node.logStartupInfo - Platform Version: 3 {}
[INFO ] 2019-02-23T19:13:43,303Z [main] internal.Node.logStartupInfo - Revision: c834162cd488784a0412bba4c9e638da89912ac2 {}
[INFO ] 2019-02-23T19:13:43,305Z [main] internal.Node.logStartupInfo - PID: 228 {}
[INFO ] 2019-02-23T19:13:43,305Z [main] internal.Node.logStartupInfo - Main class: /D:/Corda-Sample/New_Sample_11Feb/samples/cordapp-example/java-source/build/nodes/.cache/apps/net.corda.node.Corda_3.3-corda/corda-node-3.3-corda.jar {}
[INFO ] 2019-02-23T19:13:43,307Z [main] internal.Node.logStartupInfo - CommandLine Args: -Xmx200m -XX:+UseG1GC -javaagent:D:\Corda-Sample\New_Sample_11Feb\samples\cordapp-example\java-source\build\nodes\.cache\apps\net.corda.node.Corda_3.3-corda\quasar-core-0.7.9-jdk8.jar=x(antlr**;bftsmart**;ch**;co.paralleluniverse**;com.codahale**;com.esotericsoftware**;com.fasterxml**;com.google**;com.ibm**;com.intellij**;com.jcabi**;com.nhaarman**;com.opengamma**;com.typesafe**;com.zaxxer**;de.javakaffee**;groovy**;groovyjarjarantlr**;groovyjarjarasm**;io.atomix**;io.github**;io.netty**;jdk**;joptsimple**;junit**;kotlin**;net.bytebuddy**;net.i2p**;org.apache**;org.assertj**;org.bouncycastle**;org.codehaus**;org.crsh**;org.dom4j**;org.fusesource**;org.h2**;org.hamcrest**;org.hibernate**;org.jboss**;org.jcp**;org.joda**;org.junit**;org.mockito**;org.objectweb**;org.objenesis**;org.slf4j**;org.w3c**;org.xml**;org.yaml**;reflectasm**;rx**;org.jolokia**) -javaagent:D:\Corda-Sample\New_Sample_11Feb\samples\cordapp-example\java-source\build\nodes\PartyB\corda.jar -Dcapsule.address=0.0.0.0 -Dvisualvm.display.name=Corda -Djava.library.path=C:\Program Files\Java\jdk1.8.0_191\bin;C:\Windows\Sun\Java\bin;C:\Windows\system32;C:\Windows;C:\Program Files (x86)\Common Files\Oracle\Java\javapath;C:\Program Files (x86)\Intel\Intel(R) Management Engine Components\iCLS;C:\Program Files\Intel\Intel(R) Management Engine Components\iCLS;C:\Windows\system32;C:\Windows;C:\Windows\System32\Wbem;C:\Windows\System32\WindowsPowerShell\v1.0;C:\Windows\System32\OpenSSH;C:\Program Files (x86)\Intel\Intel(R) Management Engine Components\DAL;C:\Program Files\Intel\Intel(R) Management Engine Components\DAL;C:\Program Files (x86)\Intel\Intel(R) Management Engine Components\IPT;C:\Program Files\Intel\Intel(R) Management Engine Components\IPT;C:\Program Files (x86)\NVIDIA Corporation\PhysX\Common;C:\Program Files\nodejs;C:\Program Files\Git\cmd;C:\Program Files\Java\jdk1.8.0_191\bin;D:\Go\bin;C:\Users\Parivesh\AppData\Local\Microsoft\WindowsApps;C:\Users\Parivesh\AppData\Roaming\npm;D:\Program\Microsoft VS Code\bin;C:\Users\Parivesh\go\bin;D:\Corda-Sample\New_Sample_11Feb\samples\cordapp-example\java-source\build\nodes\.cache\apps\net.corda.node.Corda_3.3-corda -Dcapsule.log=1 -Dcapsule.app=net.corda.node.Corda_3.3-corda -Dcapsule.port=62750 -Dcapsule.dir=D:\Corda-Sample\New_Sample_11Feb\samples\cordapp-example\java-source\build\nodes\.cache\apps\net.corda.node.Corda_3.3-corda -Dcapsule.jar=D:\Corda-Sample\New_Sample_11Feb\samples\cordapp-example\java-source\build\nodes\PartyB\corda.jar {}
[INFO ] 2019-02-23T19:13:43,308Z [main] internal.Node.logStartupInfo - Application Args: --just-generate-node-info {}
[INFO ] 2019-02-23T19:13:43,308Z [main] internal.Node.logStartupInfo - bootclasspath: C:\Program Files\Java\jdk1.8.0_191\jre\lib\resources.jar;C:\Program Files\Java\jdk1.8.0_191\jre\lib\rt.jar;C:\Program Files\Java\jdk1.8.0_191\jre\lib\sunrsasign.jar;C:\Program Files\Java\jdk1.8.0_191\jre\lib\jsse.jar;C:\Program Files\Java\jdk1.8.0_191\jre\lib\jce.jar;C:\Program Files\Java\jdk1.8.0_191\jre\lib\charsets.jar;C:\Program Files\Java\jdk1.8.0_191\jre\lib\jfr.jar;C:\Program Files\Java\jdk1.8.0_191\jre\classes {}
[INFO ] 2019-02-23T19:13:43,309Z [main] internal.Node.logStartupInfo - classpath: D:\Corda-Sample\New_Sample_11Feb\samples\cordapp-example\java-source\build\nodes\PartyB\corda.jar;D:\Corda-Sample\New_Sample_11Feb\samples\cordapp-example\java-source\build\nodes\.cache\apps\net.corda.node.Corda_3.3-corda\corda-rpc-3.3-corda.jar;D:\Corda-Sample\New_Sample_11Feb\samples\cordapp-example\java-source\build\nodes\.cache\apps\net.corda.node.Corda_3.3-corda\corda-node-api-3.3-corda.jar;D:\Corda-Sample\New_Sample_11Feb\samples\cordapp-example\java-source\build\nodes\.cache\apps\net.corda.node.Corda_3.3-corda\corda-confidential-identities-3.3-corda.jar;D:\Corda-Sample\New_Sample_11Feb\samples\cordapp-example\java-source\build\nodes\.cache\apps\net.corda.node.Corda_3.3-corda\cordform-common-3.2.1.jar;D:\Corda-Sample\New_Sample_11Feb\samples\cordapp-example\java-source\build\nodes\.cache\apps\net.corda.node.Corda_3.3-corda\log4j-slf4j-impl-2.9.1.jar;D:\Corda-Sample\New_Sample_11Feb\samples\cordapp-example\java-source\build\nodes\.cache\apps\net.corda.node.Corda_3.3-corda\log4j-web-2.9.1.jar;D:\Corda-Sample\New_Sample_11Feb\samples\cordapp-example\java-source\build\nodes\.cache\apps\net.corda.node.Corda_3.3-corda\jul-to-slf4j-1.7.25.jar;D:\Corda-Sample\New_Sample_11Feb\samples\cordapp-example\java-source\build\nodes\.cache\apps\net.corda.node.Corda_3.3-corda\corda-jackson-3.3-corda.jar;D:\Corda-Sample\New_Sample_11Feb\samples\cordapp-example\java-source\build\nodes\.cache\apps\net.corda.node.Corda_3.3-corda\corda-core-3.3-corda.jar;D:\Corda-Sample\New_Sample_11Feb\samples\cordapp-example\java-source\build\nodes\.cache\apps\net.corda.node.Corda_3.3-corda\kotlin-stdlib-jre8-1.1.60.jar;D:\Corda-Sample\New_Sample_11Feb\samples\cordapp-example\java-source\build\nodes\.cache\apps\net.corda.node.Corda_3.3-corda\jackson-module-kotlin-2.9.2.jar;D:\Corda-Sample\New_Sample_11Feb\samples\cordapp-example\java-source\build\nodes\.cache\apps\net.corda.node.Corda_3.3-corda\kotlin-reflect-1.1.60.jar;D:\Corda-Sample\New_Sample_11Feb\samples\cordapp-example\java-source\build\nodes\.cache\apps\net.corda.node.Corda_3.3-corda\jimfs-1.1.jar;D:\Corda-Sample\New_Sample_11Feb\samples\cordapp-example\java-source\build\nodes\.cache\apps\net.corda.node.Corda_3.3-corda\artemis-amqp-protocol-2.2.0.jar;D:\Corda-Sample\New_Sample_11Feb\samples\cordapp-example\java-source\build\nodes\.cache\apps\net.corda.node.Corda_3.3-corda\artemis-server-2.2.0.jar;D:\Corda-Sample\New_Sample_11Feb\samples\cordapp-example\java-source\build\nodes\.cache\apps\net.corda.node.Corda_3.3-corda\artemis-jdbc-store-2.2.0.jar;D:\Corda-Sample\New_Sample_11Feb\samples\cordapp-example\java-source\build\nodes\.cache\apps\net.corda.node.Corda_3.3-corda\artemis-jms-client-2.2.0.jar;D:\Corda-Sample\New_Sample_11Feb\samples\cordapp-example\java-source\build\nodes\.cache\apps\net.corda.node.Corda_3.3-corda\artemis-core-client-2.2.0.jar;D:\Corda-Sample\New_Sample_11Feb\samples\cordapp-example\java-source\build\nodes\.cache\apps\net.corda.node.Corda_3.3-corda\artemis-journal-2.2.0.jar;D:\Corda-Sample\New_Sample_11Feb\samples\cordapp-example\java-source\build\nodes\.cache\apps\net.corda.node.Corda_3.3-corda\artemis-commons-2.2.0.jar;D:\Corda-Sample\New_Sample_11Feb\samples\cordapp-example\java-source\build\nodes\.cache\apps\net.corda.node.Corda_3.3-corda\guava-21.0.jar;D:\Corda-Sample\New_Sample_11Feb\samples\cordapp-example\java-source\build\nodes\.cache\apps\net.corda.node.Corda_3.3-corda\jopt-simple-5.0.2.jar;D:\Corda-Sample\New_Sample_11Feb\samples\cordapp-example\java-source\build\nodes\.cache\apps\net.corda.node.Corda_3.3-corda\commons-collections4-4.1.jar;D:\Corda-Sample\New_Sample_11Feb\samples\cordapp-example\java-source\build\nodes\.cache\apps\net.corda.node.Corda_3.3-corda\shiro-core-1.4.0.jar;D:\Corda-Sample\New_Sample_11Feb\samples\cordapp-example\java-source\build\nodes\.cache\apps\net.corda.node.Corda_3.3-corda\shiro-config-ogdl-1.4.0.jar;D:\Corda-Sample\New_Sample_11Feb\samples\cordapp-example\java-source\build\nodes\.cache\apps\net.corda.node.Corda_3.3-corda\commons-beanutils-1.9.3.jar;D:\Corda-Sample\New_Sample_11Feb\samples\cordapp-example\java-source\build\nodes\.cache\apps\net.corda.node.Corda_3.3-corda\jansi-1.14.jar;D:\Corda-Sample\New_Sample_11Feb\samples\cordapp-example\java-source\build\nodes\.cache\apps\net.corda.node.Corda_3.3-corda\jcabi-manifests-1.1.jar;D:\Corda-Sample\New_Sample_11Feb\samples\cordapp-example\java-source\build\nodes\.cache\apps\net.corda.node.Corda_3.3-corda\forms_rt-7.0.3.jar;D:\Corda-Sample\New_Sample_11Feb\samples\cordapp-example\java-source\build\nodes\.cache\apps\net.corda.node.Corda_3.3-corda\metrics-core-3.1.2.jar;D:\Corda-Sample\New_Sample_11Feb\samples\cordapp-example\java-source\build\nodes\.cache\apps\net.corda.node.Corda_3.3-corda\config-1.3.1.jar;D:\Corda-Sample\New_Sample_11Feb\samples\cordapp-example\java-source\build\nodes\.cache\apps\net.corda.node.Corda_3.3-corda\h2-1.4.194.jar;D:\Corda-Sample\New_Sample_11Feb\samples\cordapp-example\java-source\build\nodes\.cache\apps\net.corda.node.Corda_3.3-corda\postgresql-42.1.4.jar;D:\Corda-Sample\New_Sample_11Feb\samples\cordapp-example\java-source\build\nodes\.cache\apps\net.corda.node.Corda_3.3-corda\HikariCP-2.5.1.jar;D:\Corda-Sample\New_Sample_11Feb\samples\cordapp-example\java-source\build\nodes\.cache\apps\net.corda.node.Corda_3.3-corda\hibernate-java8-5.2.6.Final.jar;D:\Corda-Sample\New_Sample_11Feb\samples\cordapp-example\java-source\build\nodes\.cache\apps\net.corda.node.Corda_3.3-corda\hibernate-core-5.2.6.Final.jar;D:\Corda-Sample\New_Sample_11Feb\samples\cordapp-example\java-source\build\nodes\.cache\apps\net.corda.node.Corda_3.3-corda\copycat-client-1.2.3.jar;D:\Corda-Sample\New_Sample_11Feb\samples\cordapp-example\java-source\build\nodes\.cache\apps\net.corda.node.Corda_3.3-corda\copycat-server-1.2.3.jar;D:\Corda-Sample\New_Sample_11Feb\samples\cordapp-example\java-source\build\nodes\.cache\apps\net.corda.node.Corda_3.3-corda\catalyst-netty-1.1.2.jar;D:\Corda-Sample\New_Sample_11Feb\samples\cordapp-example\java-source\build\nodes\.cache\apps\net.corda.node.Corda_3.3-corda\netty-all-4.1.9.Final.jar;D:\Corda-Sample\New_Sample_11Feb\samples\cordapp-example\java-source\build\nodes\.cache\apps\net.corda.node.Corda_3.3-corda\crash.connectors.ssh-cadb53544fbb3c0fb901445da614998a6a419488.jar;D:\Corda-Sample\New_Sample_11Feb\samples\cordapp-example\java-source\build\nodes\.cache\apps\net.corda.node.Corda_3.3-corda\crash.shell-cadb53544fbb3c0fb901445da614998a6a419488.jar;D:\Corda-Sample\New_Sample_11Feb\samples\cordapp-example\java-source\build\nodes\.cache\apps\net.corda.node.Corda_3.3-corda\okhttp-3.5.0.jar;D:\Corda-Sample\New_Sample_11Feb\samples\cordapp-example\java-source\build\nodes\.cache\apps\net.corda.node.Corda_3.3-corda\commons-codec-1.10.jar;D:\Corda-Sample\New_Sample_11Feb\samples\cordapp-example\java-source\build\nodes\.cache\apps\net.corda.node.Corda_3.3-corda\library-master-v1.1-beta-g6215ec8-87.jar;D:\Corda-Sample\New_Sample_11Feb\samples\cordapp-example\java-source\build\nodes\.cache\apps\net.corda.node.Corda_3.3-corda\jolokia-jvm-1.6.0-agent.jar;D:\Corda-Sample\New_Sample_11Feb\samples\cordapp-example\java-source\build\nodes\.cache\apps\net.corda.node.Corda_3.3-corda\quasar-core-0.7.9-jdk8.jar;D:\Corda-Sample\New_Sample_11Feb\samples\cordapp-example\java-source\build\nodes\.cache\apps\net.corda.node.Corda_3.3-corda\commons-fileupload-1.3.3.jar;D:\Corda-Sample\New_Sample_11Feb\samples\cordapp-example\java-source\build\nodes\.cache\apps\net.corda.node.Corda_3.3-corda\kryo-serializers-0.41.jar;D:\Corda-Sample\New_Sample_11Feb\samples\cordapp-example\java-source\build\nodes\.cache\apps\net.corda.node.Corda_3.3-corda\kryo-4.0.0.jar;D:\Corda-Sample\New_Sample_11Feb\samples\cordapp-example\java-source\build\nodes\.cache\apps\net.corda.node.Corda_3.3-corda\proton-j-0.21.0.jar;D:\Corda-Sample\New_Sample_11Feb\samples\cordapp-example\java-source\build\nodes\.cache\apps\net.corda.node.Corda_3.3-corda\fast-classpath-scanner-2.12.3.jar;D:\Corda-Sample\New_Sample_11Feb\samples\cordapp-example\java-source\build\nodes\.cache\apps\net.corda.node.Corda_3.3-corda\jsr305-3.0.2.jar;D:\Corda-Sample\New_Sample_11Feb\samples\cordapp-example\java-source\build\nodes\.cache\apps\net.corda.node.Corda_3.3-corda\jcabi-log-0.14.jar;D:\Corda-Sample\New_Sample_11Feb\samples\cordapp-example\java-source\build\nodes\.cache\apps\net.corda.node.Corda_3.3-corda\copycat-protocol-1.2.3.jar;D:\Corda-Sample\New_Sample_11Feb\samples\cordapp-example\java-source\build\nodes\.cache\apps\net.corda.node.Corda_3.3-corda\catalyst-transport-1.1.2.jar;D:\Corda-Sample\New_Sample_11Feb\samples\cordapp-example\java-source\build\nodes\.cache\apps\net.corda.node.Corda_3.3-corda\mina-core-2.0.16.jar;D:\Corda-Sample\New_Sample_11Feb\samples\cordapp-example\java-source\build\nodes\.cache\apps\net.corda.node.Corda_3.3-corda\shiro-cache-1.4.0.jar;D:\Corda-Sample\New_Sample_11Feb\samples\cordapp-example\java-source\build\nodes\.cache\apps\net.corda.node.Corda_3.3-corda\shiro-crypto-hash-1.4.0.jar;D:\Corda-Sample\New_Sample_11Feb\samples\cordapp-example\java-source\build\nodes\.cache\apps\net.corda.node.Corda_3.3-corda\shiro-crypto-cipher-1.4.0.jar;D:\Corda-Sample\New_Sample_11Feb\samples\cordapp-example\java-source\build\nodes\.cache\apps\net.corda.node.Corda_3.3-corda\shiro-config-core-1.4.0.jar;D:\Corda-Sample\New_Sample_11Feb\samples\cordapp-example\java-source\build\nodes\.cache\apps\net.corda.node.Corda_3.3-corda\shiro-event-1.4.0.jar;D:\Corda-Sample\New_Sample_11Feb\samples\cordapp-example\java-source\build\nodes\.cache\apps\net.corda.node.Corda_3.3-corda\shiro-crypto-core-1.4.0.jar;D:\Corda-Sample\New_Sample_11Feb\samples\cordapp-example\java-source\build\nodes\.cache\apps\net.corda.node.Corda_3.3-corda\shiro-lang-1.4.0.jar;D:\Corda-Sample\New_Sample_11Feb\samples\cordapp-example\java-source\build\nodes\.cache\apps\net.corda.node.Corda_3.3-corda\jcl-over-slf4j-1.7.25.jar;D:\Corda-Sample\New_Sample_11Feb\samples\cordapp-example\java-source\build\nodes\.cache\apps\net.corda.node.Corda_3.3-corda\catalyst-concurrent-1.1.2.jar;D:\Corda-Sample\New_Sample_11Feb\samples\cordapp-example\java-source\build\nodes\.cache\apps\net.corda.node.Corda_3.3-corda\catalyst-serializer-1.1.2.jar;D:\Corda-Sample\New_Sample_11Feb\samples\cordapp-example\java-source\build\nodes\.cache\apps\net.corda.node.Corda_3.3-corda\catalyst-buffer-1.1.2.jar;D:\Corda-Sample\New_Sample_11Feb\samples\cordapp-example\java-source\build\nodes\.cache\apps\net.corda.node.Corda_3.3-corda\catalyst-common-1.1.2.jar;D:\Corda-Sample\New_Sample_11Feb\samples\cordapp-example\java-source\build\nodes\.cache\apps\net.corda.node.Corda_3.3-corda\sshd-pam-0.11.0.jar;D:\Corda-Sample\New_Sample_11Feb\samples\cordapp-example\java-source\build\nodes\.cache\apps\net.corda.node.Corda_3.3-corda\sshd-core-1.6.0.jar;D:\Corda-Sample\New_Sample_11Feb\samples\cordapp-example\java-source\build\nodes\.cache\apps\net.corda.node.Corda_3.3-corda\slf4j-api-1.7.25.jar;D:\Corda-Sample\New_Sample_11Feb\samples\cordapp-example\java-source\build\nodes\.cache\apps\net.corda.node.Corda_3.3-corda\log4j-core-2.9.1.jar;D:\Corda-Sample\New_Sample_11Feb\samples\cordapp-example\java-source\build\nodes\.cache\apps\net.corda.node.Corda_3.3-corda\log4j-api-2.9.1.jar;D:\Corda-Sample\New_Sample_11Feb\samples\cordapp-example\java-source\build\nodes\.cache\apps\net.corda.node.Corda_3.3-corda\kotlin-stdlib-jre7-1.1.60.jar;D:\Corda-Sample\New_Sample_11Feb\samples\cordapp-example\java-source\build\nodes\.cache\apps\net.corda.node.Corda_3.3-corda\kotlin-stdlib-1.1.60.jar;D:\Corda-Sample\New_Sample_11Feb\samples\cordapp-example\java-source\build\nodes\.cache\apps\net.corda.node.Corda_3.3-corda\commons-collections-3.2.2.jar;D:\Corda-Sample\New_Sample_11Feb\samples\cordapp-example\java-source\build\nodes\.cache\apps\net.corda.node.Corda_3.3-corda\hibernate-commons-annotations-5.0.1.Final.jar;D:\Corda-Sample\New_Sample_11Feb\samples\cordapp-example\java-source\build\nodes\.cache\apps\net.corda.node.Corda_3.3-corda\artemis-native-2.2.0.jar;D:\Corda-Sample\New_Sample_11Feb\samples\cordapp-example\java-source\build\nodes\.cache\apps\net.corda.node.Corda_3.3-corda\jboss-logging-3.3.0.Final.jar;D:\Corda-Sample\New_Sample_11Feb\samples\cordapp-example\java-source\build\nodes\.cache\apps\net.corda.node.Corda_3.3-corda\artemis-selector-2.2.0.jar;D:\Corda-Sample\New_Sample_11Feb\samples\cordapp-example\java-source\build\nodes\.cache\apps\net.corda.node.Corda_3.3-corda\jgroups-3.6.13.Final.jar;D:\Corda-Sample\New_Sample_11Feb\samples\cordapp-example\java-source\build\nodes\.cache\apps\net.corda.node.Corda_3.3-corda\geronimo-json_1.0_spec-1.0-alpha-1.jar;D:\Corda-Sample\New_Sample_11Feb\samples\cordapp-example\java-source\build\nodes\.cache\apps\net.corda.node.Corda_3.3-corda\johnzon-core-0.9.5.jar;D:\Corda-Sample\New_Sample_11Feb\samples\cordapp-example\java-source\build\nodes\.cache\apps\net.corda.node.Corda_3.3-corda\forms-1.1-preview.jar;D:\Corda-Sample\New_Sample_11Feb\samples\cordapp-example\java-source\build\nodes\.cache\apps\net.corda.node.Corda_3.3-corda\jdom-1.0.jar;D:\Corda-Sample\New_Sample_11Feb\samples\cordapp-example\java-source\build\nodes\.cache\apps\net.corda.node.Corda_3.3-corda\jackson-dataformat-yaml-2.9.2.jar;D:\Corda-Sample\New_Sample_11Feb\samples\cordapp-example\java-source\build\nodes\.cache\apps\net.corda.node.Corda_3.3-corda\jackson-datatype-jsr310-2.9.2.jar;D:\Corda-Sample\New_Sample_11Feb\samples\cordapp-example\java-source\build\nodes\.cache\apps\net.corda.node.Corda_3.3-corda\hibernate-jpa-2.1-api-1.0.0.Final.jar;D:\Corda-Sample\New_Sample_11Feb\samples\cordapp-example\java-source\build\nodes\.cache\apps\net.corda.node.Corda_3.3-corda\javassist-3.20.0-GA.jar;D:\Corda-Sample\New_Sample_11Feb\samples\cordapp-example\java-source\build\nodes\.cache\apps\net.corda.node.Corda_3.3-corda\antlr-2.7.7.jar;D:\Corda-Sample\New_Sample_11Feb\samples\cordapp-example\java-source\build\nodes\.cache\apps\net.corda.node.Corda_3.3-corda\geronimo-jta_1.1_spec-1.1.1.jar;D:\Corda-Sample\New_Sample_11Feb\samples\cordapp-example\java-source\build\nodes\.cache\apps\net.corda.node.Corda_3.3-corda\jandex-2.0.3.Final.jar;D:\Corda-Sample\New_Sample_11Feb\samples\cordapp-example\java-source\build\nodes\.cache\apps\net.corda.node.Corda_3.3-corda\classmate-1.3.0.jar;D:\Corda-Sample\New_Sample_11Feb\samples\cordapp-example\java-source\build\nodes\.cache\apps\net.corda.node.Corda_3.3-corda\dom4j-1.6.1.jar;D:\Corda-Sample\New_Sample_11Feb\samples\cordapp-example\java-source\build\nodes\.cache\apps\net.corda.node.Corda_3.3-corda\cdi-api-1.1.jar;D:\Corda-Sample\New_Sample_11Feb\samples\cordapp-example\java-source\build\nodes\.cache\apps\net.corda.node.Corda_3.3-corda\crash.cli-cadb53544fbb3c0fb901445da614998a6a419488.jar;D:\Corda-Sample\New_Sample_11Feb\samples\cordapp-example\java-source\build\nodes\.cache\apps\net.corda.node.Corda_3.3-corda\groovy-all-1.8.9.jar;D:\Corda-Sample\New_Sample_11Feb\samples\cordapp-example\java-source\build\nodes\.cache\apps\net.corda.node.Corda_3.3-corda\okio-1.11.0.jar;D:\Corda-Sample\New_Sample_11Feb\samples\cordapp-example\java-source\build\nodes\.cache\apps\net.corda.node.Corda_3.3-corda\jolokia-core-1.6.0.jar;D:\Corda-Sample\New_Sample_11Feb\samples\cordapp-example\java-source\build\nodes\.cache\apps\net.corda.node.Corda_3.3-corda\json-simple-1.1.1.jar;D:\Corda-Sample\New_Sample_11Feb\samples\cordapp-example\java-source\build\nodes\.cache\apps\net.corda.node.Corda_3.3-corda\rxjava-1.2.4.jar;D:\Corda-Sample\New_Sample_11Feb\samples\cordapp-example\java-source\build\nodes\.cache\apps\net.corda.node.Corda_3.3-corda\commons-jexl3-3.0.jar;D:\Corda-Sample\New_Sample_11Feb\samples\cordapp-example\java-source\build\nodes\.cache\apps\net.corda.node.Corda_3.3-corda\jackson-databind-2.9.2.jar;D:\Corda-Sample\New_Sample_11Feb\samples\cordapp-example\java-source\build\nodes\.cache\apps\net.corda.node.Corda_3.3-corda\eddsa-0.2.0.jar;D:\Corda-Sample\New_Sample_11Feb\samples\cordapp-example\java-source\build\nodes\.cache\apps\net.corda.node.Corda_3.3-corda\bcpkix-jdk15on-1.57.jar;D:\Corda-Sample\New_Sample_11Feb\samples\cordapp-example\java-source\build\nodes\.cache\apps\net.corda.node.Corda_3.3-corda\bcprov-jdk15on-1.57.jar;D:\Corda-Sample\New_Sample_11Feb\samples\cordapp-example\java-source\build\nodes\.cache\apps\net.corda.node.Corda_3.3-corda\commons-io-2.2.jar;D:\Corda-Sample\New_Sample_11Feb\samples\cordapp-example\java-source\build\nodes\.cache\apps\net.corda.node.Corda_3.3-corda\reflectasm-1.11.3.jar;D:\Corda-Sample\New_Sample_11Feb\samples\cordapp-example\java-source\build\nodes\.cache\apps\net.corda.node.Corda_3.3-corda\minlog-1.3.0.jar;D:\Corda-Sample\New_Sample_11Feb\samples\cordapp-example\java-source\build\nodes\.cache\apps\net.corda.node.Corda_3.3-corda\objenesis-2.2.jar;D:\Corda-Sample\New_Sample_11Feb\samples\cordapp-example\java-source\build\nodes\.cache\apps\net.corda.node.Corda_3.3-corda\annotations-13.0.jar;D:\Corda-Sample\New_Sample_11Feb\samples\cordapp-example\java-source\build\nodes\.cache\apps\net.corda.node.Corda_3.3-corda\jackson-annotations-2.9.0.jar;D:\Corda-Sample\New_Sample_11Feb\samples\cordapp-example\java-source\build\nodes\.cache\apps\net.corda.node.Corda_3.3-corda\snakeyaml-1.18.jar;D:\Corda-Sample\New_Sample_11Feb\samples\cordapp-example\java-source\build\nodes\.cache\apps\net.corda.node.Corda_3.3-corda\jackson-core-2.9.2.jar;D:\Corda-Sample\New_Sample_11Feb\samples\cordapp-example\java-source\build\nodes\.cache\apps\net.corda.node.Corda_3.3-corda\el-api-2.2.jar;D:\Corda-Sample\New_Sample_11Feb\samples\cordapp-example\java-source\build\nodes\.cache\apps\net.corda.node.Corda_3.3-corda\jboss-interceptors-api_1.1_spec-1.0.0.Beta1.jar;D:\Corda-Sample\New_Sample_11Feb\samples\cordapp-example\java-source\build\nodes\.cache\apps\net.corda.node.Corda_3.3-corda\jsr250-api-1.0.jar;D:\Corda-Sample\New_Sample_11Feb\samples\cordapp-example\java-source\build\nodes\.cache\apps\net.corda.node.Corda_3.3-corda\javax.inject-1.jar;D:\Corda-Sample\New_Sample_11Feb\samples\cordapp-example\java-source\build\nodes\.cache\apps\net.corda.node.Corda_3.3-corda\jpam-1.1.jar;D:\Corda-Sample\New_Sample_11Feb\samples\cordapp-example\java-source\build\nodes\.cache\apps\net.corda.node.Corda_3.3-corda\geronimo-jms_2.0_spec-1.0-alpha-2.jar;D:\Corda-Sample\New_Sample_11Feb\samples\cordapp-example\java-source\build\nodes\.cache\apps\net.corda.node.Corda_3.3-corda\asm-5.0.4.jar;D:\Corda-Sample\New_Sample_11Feb\samples\cordapp-example\java-source\build\nodes\.cache\apps\net.corda.node.Corda_3.3-corda\corda-node-3.3-corda.jar;D:\Corda-Sample\New_Sample_11Feb\samples\cordapp-example\java-source\build\nodes\.cache\apps\net.corda.node.Corda_3.3-corda\quasar-core-0.7.9-jdk8.jar;D:\Corda-Sample\New_Sample_11Feb\samples\cordapp-example\java-source\build\nodes\PartyB\corda.jar {}
[INFO ] 2019-02-23T19:13:43,316Z [main] internal.Node.logStartupInfo - VM Java HotSpot(TM) 64-Bit Server VM Oracle Corporation 25.191-b12 {}
[INFO ] 2019-02-23T19:13:43,319Z [main] internal.Node.logStartupInfo - Machine: DESKTOP-ODQ0EQI {}
[INFO ] 2019-02-23T19:13:43,319Z [main] internal.Node.logStartupInfo - Working Directory: D:\Corda-Sample\New_Sample_11Feb\samples\cordapp-example\java-source\build\nodes\PartyB {}
[INFO ] 2019-02-23T19:13:43,320Z [main] internal.Node.logStartupInfo - Starting as node on localhost:10010 {}
[INFO ] 2019-02-23T19:13:43,688Z [main] cordapp.CordappLoader.<init> - No CorDapp paths provided {}
[INFO ] 2019-02-23T19:13:44,640Z [main] internal.Node.generateAndSaveNodeInfo - Generating nodeInfo ... {}
[WARN ] 2019-02-23T19:13:44,641Z [main] internal.Node.initCertificate - Corda node is running in dev mode. {}
[INFO ] 2019-02-23T19:13:48,284Z [main] internal.Node.obtainIdentity - identity-private-key not found in key store D:\Corda-Sample\New_Sample_11Feb\samples\cordapp-example\java-source\build\nodes\PartyB\certificates\nodekeystore.jks, generating fresh key! {}
[INFO ] 2019-02-23T19:13:49,088Z [main] BasicInfo.printBasicNodeInfo - Database connection url is              : jdbc:h2:tcp://192.168.1.119:62762/node {}
[INFO ] 2019-02-23T19:13:49,238Z [main] hikari.HikariDataSource.<init> - HikariPool-1 - Started. {}
[INFO ] 2019-02-23T19:13:49,531Z [main] internal.Node.invoke - Connected to H2 database. {}
[INFO ] 2019-02-23T19:13:49,656Z [main] persistence.HibernateConfiguration.<init> - Init HibernateConfiguration for schemas: [CommonSchemaV1(name=net.corda.core.schemas.CommonSchema, version=1), VaultSchemaV1(name=net.corda.node.services.vault.VaultSchema, version=1), NodeInfoSchemaV1(name=net.corda.node.internal.schemas.NodeInfoSchema, version=1), NodeCoreV1(name=net.corda.node.services.schema.NodeSchemaService$NodeCore, version=1)] {}
[INFO ] 2019-02-23T19:13:49,659Z [main] persistence.HibernateConfiguration.makeSessionFactoryForSchemas - Creating session factory for schemas: [CommonSchemaV1(name=net.corda.core.schemas.CommonSchema, version=1), VaultSchemaV1(name=net.corda.node.services.vault.VaultSchema, version=1), NodeInfoSchemaV1(name=net.corda.node.internal.schemas.NodeInfoSchema, version=1), NodeCoreV1(name=net.corda.node.services.schema.NodeSchemaService$NodeCore, version=1)] {}
[INFO ] 2019-02-23T19:13:50,046Z [main] hibernate.Version.logVersion - HHH000412: Hibernate Core {5.2.6.Final} {}
[INFO ] 2019-02-23T19:13:50,050Z [main] cfg.Environment.<clinit> - HHH000206: hibernate.properties not found {}
[INFO ] 2019-02-23T19:13:50,155Z [main] common.Version.<clinit> - HCANN000001: Hibernate Commons Annotations {5.0.1.Final} {}
[INFO ] 2019-02-23T19:13:50,464Z [main] internal.ConnectionProviderInitiator.initiateService - HHH000130: Instantiating explicit connection provider: net.corda.nodeapi.internal.persistence.HibernateConfiguration$NodeDatabaseConnectionProvider {}
[INFO ] 2019-02-23T19:13:50,537Z [main] dialect.Dialect.<init> - HHH000400: Using dialect: org.hibernate.dialect.H2Dialect {}
[INFO ] 2019-02-23T19:13:50,669Z [main] type.BasicTypeRegistry.register - HHH000270: Type registration [materialized_blob] overrides previous : org.hibernate.type.MaterializedBlobType@12d2ddde {}
[INFO ] 2019-02-23T19:13:52,939Z [main] connections.access.getIsolatedConnection - HHH10001501: Connection obtained from JdbcConnectionAccess [org.hibernate.engine.jdbc.env.internal.JdbcEnvironmentInitiator$ConnectionProviderJdbcConnectionAccess@5ed25612] for (non-JTA) DDL execution was not in auto-commit mode; the Connection 'local transaction' will be committed and the Connection will be set into auto-commit mode. {}
[INFO ] 2019-02-23T19:13:53,124Z [main] persistence.HibernateConfiguration.makeSessionFactoryForSchemas - Created session factory for schemas: [CommonSchemaV1(name=net.corda.core.schemas.CommonSchema, version=1), VaultSchemaV1(name=net.corda.node.services.vault.VaultSchema, version=1), NodeInfoSchemaV1(name=net.corda.node.internal.schemas.NodeInfoSchema, version=1), NodeCoreV1(name=net.corda.node.services.schema.NodeSchemaService$NodeCore, version=1)] {}
[INFO ] 2019-02-23T19:13:53,483Z [main] internal.QueryTranslatorFactoryInitiator.initiateService - HHH000397: Using ASTQueryTranslatorFactory {}
[INFO ] 2019-02-23T19:13:54,257Z [main] internal.Node.updateNodeInfo - Node-info has changed so submitting update. Old node-info was null {}
[INFO ] 2019-02-23T19:13:54,258Z [main] network.PersistentNetworkMapCache.addNode - Adding node with info: NodeInfo(addresses=[localhost:10010], legalIdentitiesAndCerts=[O=PartyB, L=New York, C=US], platformVersion=3, serial=1550949234257) {}
[INFO ] 2019-02-23T19:13:54,315Z [main] network.PersistentNetworkMapCache.addNode - No previous node found {}
[INFO ] 2019-02-23T19:13:55,312Z [main] network.PersistentNetworkMapCache.addNode - Done adding node with info: NodeInfo(addresses=[localhost:10010], legalIdentitiesAndCerts=[O=PartyB, L=New York, C=US], platformVersion=3, serial=1550949234257) {}
[INFO ] 2019-02-23T19:13:55,312Z [main] internal.Node.updateNodeInfo - New node-info: NodeInfo(addresses=[localhost:10010], legalIdentitiesAndCerts=[O=PartyB, L=New York, C=US], platformVersion=3, serial=1550949234257) {}
[INFO ] 2019-02-23T19:13:55,793Z [main] internal.Node.run - Node exiting successfully {}
[INFO ] 2019-02-23T19:15:15,784Z [main] manifests.Manifests.info - 111 attributes loaded from 126 stream(s) in 11s, 111 saved, 1974 ignored: ["ActiveMQ-Version", "Agent-Class", "Ant-Version", "Application-Class", "Application-Library-Allowable-Codebase", "Application-Name", "Application-Version", "Archiver-Version", "Automatic-Module-Name", "Bnd-LastModified", "Branch", "Build-Date", "Build-Host", "Build-Id", "Build-Java-Version", "Build-Jdk", "Build-Job", "Build-Number", "Build-Timestamp", "Built-By", "Built-OS", "Built-Status", "Bundle-Activator", "Bundle-Category", "Bundle-ClassPath", "Bundle-Copyright", "Bundle-Description", "Bundle-DocURL", "Bundle-License", "Bundle-ManifestVersion", "Bundle-Name", "Bundle-RequiredExecutionEnvironment", "Bundle-SymbolicName", "Bundle-Vendor", "Bundle-Version", "Caller-Allowable-Codebase", "Can-Redefine-Classes", "Can-Retransform-Classes", "Can-Set-Native-Method-Prefix", "Caplets", "Change", "Codebase", "Corda-Platform-Version", "Corda-Release-Version", "Corda-Revision", "Corda-Vendor", "Created-By", "DynamicImport-Package", "Eclipse-BuddyPolicy", "Eclipse-LazyStart", "Export-Package", "Extension-Name", "Fragment-Host", "Gradle-Version", "Ignore-Package", "Implementation-Build", "Implementation-Build-Date", "Implementation-Title", "Implementation-URL", "Implementation-Url", "Implementation-Vendor", "Implementation-Vendor-Id", "Implementation-Version", "Import-Package", "Include-Resource", "JCabi-Build", "JCabi-Date", "JCabi-Version", "JVM-Args", "Java-Agents", "Java-Vendor", "Java-Version", "Kotlin-Runtime-Component", "Kotlin-Version", "Log4jReleaseKey", "Log4jReleaseManager", "Log4jReleaseVersion", "Main-Class", "Main-class", "Manifest-Version", "Min-Java-Version", "Min-Update-Version", "Module-Email", "Module-Origin", "Module-Owner", "Module-Source", "Multi-Release", "Originally-Created-By", "Os-Arch", "Os-Name", "Os-Version", "Package", "Permissions", "Premain-Class", "Private-Package", "Provide-Capability", "Require-Capability", "SCM-Revision", "SCM-url", "Scm-Connection", "Scm-Revision", "Scm-Url", "Service-Component", "Specification-Title", "Specification-Vendor", "Specification-Version", "System-Properties", "Tool", "Trusted-Library", "X-Compile-Source-JDK", "X-Compile-Target-JDK"] {}
[INFO ] 2019-02-23T19:15:20,949Z [main] BasicInfo.printBasicNodeInfo - Logs can be found in                    : D:\Corda-Sample\New_Sample_11Feb\samples\cordapp-example\java-source\build\nodes\PartyB\logs {}
[INFO ] 2019-02-23T19:15:21,634Z [main] config.ConfigHelper.loadConfig - Config:
{
    # reference.conf @ jar:file:/D:/Corda-Sample/New_Sample_11Feb/samples/cordapp-example/java-source/build/nodes/PartyB/corda.jar!/reference.conf: 20
    "activeMQServer" : {
        # reference.conf @ jar:file:/D:/Corda-Sample/New_Sample_11Feb/samples/cordapp-example/java-source/build/nodes/PartyB/corda.jar!/reference.conf: 21
        "bridge" : {
            # reference.conf @ jar:file:/D:/Corda-Sample/New_Sample_11Feb/samples/cordapp-example/java-source/build/nodes/PartyB/corda.jar!/reference.conf: 24
            "maxRetryIntervalMin" : 3,
            # reference.conf @ jar:file:/D:/Corda-Sample/New_Sample_11Feb/samples/cordapp-example/java-source/build/nodes/PartyB/corda.jar!/reference.conf: 22
            "retryIntervalMs" : 5000,
            # reference.conf @ jar:file:/D:/Corda-Sample/New_Sample_11Feb/samples/cordapp-example/java-source/build/nodes/PartyB/corda.jar!/reference.conf: 23
            "retryIntervalMultiplier" : 1.5
        }
    },
    # hardcoded value
    "baseDirectory" : "D:\\Corda-Sample\\New_Sample_11Feb\\samples\\cordapp-example\\java-source\\build\\nodes\\PartyB",
    # merge of reference.conf @ jar:file:/D:/Corda-Sample/New_Sample_11Feb/samples/cordapp-example/java-source/build/nodes/PartyB/corda.jar!/reference.conf: 6,reference.conf @ jar:file:/C:/Users/Parivesh/AppData/Local/capsule/apps/net.corda.node.Corda_3.3-corda/corda-node-3.3-corda.jar!/reference.conf: 6
    "dataSourceProperties" : {
        # reference.conf @ jar:file:/D:/Corda-Sample/New_Sample_11Feb/samples/cordapp-example/java-source/build/nodes/PartyB/corda.jar!/reference.conf: 10
        "dataSource.password" : "",
        # merge of reference.conf @ jar:file:/D:/Corda-Sample/New_Sample_11Feb/samples/cordapp-example/java-source/build/nodes/PartyB/corda.jar!/reference.conf: 8,hardcoded value,reference.conf @ jar:file:/D:/Corda-Sample/New_Sample_11Feb/samples/cordapp-example/java-source/build/nodes/PartyB/corda.jar!/reference.conf: 8,reference.conf @ jar:file:/D:/Corda-Sample/New_Sample_11Feb/samples/cordapp-example/java-source/build/nodes/PartyB/corda.jar!/reference.conf: 17
        "dataSource.url" : "jdbc:h2:file:D:\\Corda-Sample\\New_Sample_11Feb\\samples\\cordapp-example\\java-source\\build\\nodes\\PartyB/persistence;DB_CLOSE_ON_EXIT=FALSE;LOCK_TIMEOUT=10000;WRITE_DELAY=100;AUTO_SERVER_PORT=0",
        # reference.conf @ jar:file:/D:/Corda-Sample/New_Sample_11Feb/samples/cordapp-example/java-source/build/nodes/PartyB/corda.jar!/reference.conf: 9
        "dataSource.user" : "sa",
        # reference.conf @ jar:file:/D:/Corda-Sample/New_Sample_11Feb/samples/cordapp-example/java-source/build/nodes/PartyB/corda.jar!/reference.conf: 7
        "dataSourceClassName" : "org.h2.jdbcx.JdbcDataSource"
    },
    # reference.conf @ jar:file:/D:/Corda-Sample/New_Sample_11Feb/samples/cordapp-example/java-source/build/nodes/PartyB/corda.jar!/reference.conf: 12
    "database" : {
        # reference.conf @ jar:file:/D:/Corda-Sample/New_Sample_11Feb/samples/cordapp-example/java-source/build/nodes/PartyB/corda.jar!/reference.conf: 14
        "exportHibernateJMXStatistics" : "false",
        # reference.conf @ jar:file:/D:/Corda-Sample/New_Sample_11Feb/samples/cordapp-example/java-source/build/nodes/PartyB/corda.jar!/reference.conf: 13
        "transactionIsolationLevel" : "REPEATABLE_READ"
    },
    # reference.conf @ jar:file:/D:/Corda-Sample/New_Sample_11Feb/samples/cordapp-example/java-source/build/nodes/PartyB/corda.jar!/reference.conf: 16
    "devMode" : true,
    # reference.conf @ jar:file:/D:/Corda-Sample/New_Sample_11Feb/samples/cordapp-example/java-source/build/nodes/PartyB/corda.jar!/reference.conf: 2
    "emailAddress" : "admin@company.com",
    # reference.conf @ jar:file:/D:/Corda-Sample/New_Sample_11Feb/samples/cordapp-example/java-source/build/nodes/PartyB/corda.jar!/reference.conf: 3
    "exportJMXto" : "http",
    # reference.conf @ jar:file:/D:/Corda-Sample/New_Sample_11Feb/samples/cordapp-example/java-source/build/nodes/PartyB/corda.jar!/reference.conf: 31
    "flowTimeout" : {
        # reference.conf @ jar:file:/D:/Corda-Sample/New_Sample_11Feb/samples/cordapp-example/java-source/build/nodes/PartyB/corda.jar!/reference.conf: 34
        "backoffBase" : 1.8,
        # reference.conf @ jar:file:/D:/Corda-Sample/New_Sample_11Feb/samples/cordapp-example/java-source/build/nodes/PartyB/corda.jar!/reference.conf: 33
        "maxRestartCount" : 5,
        # reference.conf @ jar:file:/D:/Corda-Sample/New_Sample_11Feb/samples/cordapp-example/java-source/build/nodes/PartyB/corda.jar!/reference.conf: 32
        "timeout" : "30 seconds"
    },
    # reference.conf @ jar:file:/D:/Corda-Sample/New_Sample_11Feb/samples/cordapp-example/java-source/build/nodes/PartyB/corda.jar!/reference.conf: 17
    "h2port" : 0,
    # reference.conf @ jar:file:/D:/Corda-Sample/New_Sample_11Feb/samples/cordapp-example/java-source/build/nodes/PartyB/corda.jar!/reference.conf: 4
    "keyStorePassword" : "cordacadevpass",
    # D:\Corda-Sample\New_Sample_11Feb\samples\cordapp-example\java-source\build\nodes\PartyB\node.conf: 1
    "myLegalName" : "O=PartyB,L=New York,C=US",
    # hardcoded value
    "noLocalShell" : false,
    # D:\Corda-Sample\New_Sample_11Feb\samples\cordapp-example\java-source\build\nodes\PartyB\node.conf: 2
    "p2pAddress" : "localhost:10010",
    # merge of D:\Corda-Sample\New_Sample_11Feb\samples\cordapp-example\java-source\build\nodes\PartyB\node.conf: 3,reference.conf @ jar:file:/D:/Corda-Sample/New_Sample_11Feb/samples/cordapp-example/java-source/build/nodes/PartyB/corda.jar!/reference.conf: 27
    "rpcSettings" : {
        # D:\Corda-Sample\New_Sample_11Feb\samples\cordapp-example\java-source\build\nodes\PartyB\node.conf: 4
        "address" : "localhost:10011",
        # D:\Corda-Sample\New_Sample_11Feb\samples\cordapp-example\java-source\build\nodes\PartyB\node.conf: 5
        "adminAddress" : "localhost:10051",
        # reference.conf @ jar:file:/D:/Corda-Sample/New_Sample_11Feb/samples/cordapp-example/java-source/build/nodes/PartyB/corda.jar!/reference.conf: 29
        "standAloneBroker" : false,
        # reference.conf @ jar:file:/D:/Corda-Sample/New_Sample_11Feb/samples/cordapp-example/java-source/build/nodes/PartyB/corda.jar!/reference.conf: 28
        "useSsl" : false
    },
    # D:\Corda-Sample\New_Sample_11Feb\samples\cordapp-example\java-source\build\nodes\PartyB\node.conf: 7
    "rpcUsers" : [
        # D:\Corda-Sample\New_Sample_11Feb\samples\cordapp-example\java-source\build\nodes\PartyB\node.conf: 8
        {
            # D:\Corda-Sample\New_Sample_11Feb\samples\cordapp-example\java-source\build\nodes\PartyB\node.conf: 9
            "password" : "test",
            # D:\Corda-Sample\New_Sample_11Feb\samples\cordapp-example\java-source\build\nodes\PartyB\node.conf: 10
            "permissions" : [
                # D:\Corda-Sample\New_Sample_11Feb\samples\cordapp-example\java-source\build\nodes\PartyB\node.conf: 11
                "ALL"
            ],
            # D:\Corda-Sample\New_Sample_11Feb\samples\cordapp-example\java-source\build\nodes\PartyB\node.conf: 13
            "user" : "user1"
        }
    ],
    # reference.conf @ jar:file:/D:/Corda-Sample/New_Sample_11Feb/samples/cordapp-example/java-source/build/nodes/PartyB/corda.jar!/reference.conf: 5
    "trustStorePassword" : "trustpass",
    # reference.conf @ jar:file:/D:/Corda-Sample/New_Sample_11Feb/samples/cordapp-example/java-source/build/nodes/PartyB/corda.jar!/reference.conf: 18
    "useTestClock" : false,
    # reference.conf @ jar:file:/D:/Corda-Sample/New_Sample_11Feb/samples/cordapp-example/java-source/build/nodes/PartyB/corda.jar!/reference.conf: 19
    "verifierType" : "InMemory",
    # D:\Corda-Sample\New_Sample_11Feb\samples\cordapp-example\java-source\build\nodes\PartyB\node.conf: 16
    "webAddress" : "localhost:10012"
}
 {}
[WARN ] 2019-02-23T19:15:26,199Z [main] internal.config.defaultToOldPath - Config key user has been deprecated and will be removed in a future release. Use username instead {}
[INFO ] 2019-02-23T19:15:26,335Z [main] internal.Node.logStartupInfo - Vendor: Corda Open Source {}
[INFO ] 2019-02-23T19:15:26,335Z [main] internal.Node.logStartupInfo - Release: 3.3-corda {}
[INFO ] 2019-02-23T19:15:26,335Z [main] internal.Node.logStartupInfo - Platform Version: 3 {}
[INFO ] 2019-02-23T19:15:26,336Z [main] internal.Node.logStartupInfo - Revision: c834162cd488784a0412bba4c9e638da89912ac2 {}
[INFO ] 2019-02-23T19:15:26,337Z [main] internal.Node.logStartupInfo - PID: 21060 {}
[INFO ] 2019-02-23T19:15:26,338Z [main] internal.Node.logStartupInfo - Main class: /C:/Users/Parivesh/AppData/Local/capsule/apps/net.corda.node.Corda_3.3-corda/corda-node-3.3-corda.jar {}
[INFO ] 2019-02-23T19:15:26,338Z [main] internal.Node.logStartupInfo - CommandLine Args: -Xmx200m -XX:+UseG1GC -agentlib:jdwp=transport=dt_socket,server=y,suspend=n,address=5008 -javaagent:drivers/jolokia-jvm-1.3.7-agent.jar=port=7008,logHandlerClass=net.corda.node.JolokiaSlf4Adapter -javaagent:C:\Users\Parivesh\AppData\Local\capsule\apps\net.corda.node.Corda_3.3-corda\quasar-core-0.7.9-jdk8.jar=x(antlr**;bftsmart**;ch**;co.paralleluniverse**;com.codahale**;com.esotericsoftware**;com.fasterxml**;com.google**;com.ibm**;com.intellij**;com.jcabi**;com.nhaarman**;com.opengamma**;com.typesafe**;com.zaxxer**;de.javakaffee**;groovy**;groovyjarjarantlr**;groovyjarjarasm**;io.atomix**;io.github**;io.netty**;jdk**;joptsimple**;junit**;kotlin**;net.bytebuddy**;net.i2p**;org.apache**;org.assertj**;org.bouncycastle**;org.codehaus**;org.crsh**;org.dom4j**;org.fusesource**;org.h2**;org.hamcrest**;org.hibernate**;org.jboss**;org.jcp**;org.joda**;org.junit**;org.mockito**;org.objectweb**;org.objenesis**;org.slf4j**;org.w3c**;org.xml**;org.yaml**;reflectasm**;rx**;org.jolokia**) -javaagent:D:\Corda-Sample\New_Sample_11Feb\samples\cordapp-example\java-source\build\nodes\PartyB\corda.jar -Dcapsule.address=0.0.0.0 -Dvisualvm.display.name=Corda -Djava.library.path=C:\Program Files\Java\jre1.8.0_191\bin;C:\Windows\Sun\Java\bin;C:\Windows\system32;C:\Windows;C:\Program Files (x86)\Common Files\Oracle\Java\javapath;C:\Program Files (x86)\Intel\Intel(R) Management Engine Components\iCLS;C:\Program Files\Intel\Intel(R) Management Engine Components\iCLS;C:\Windows\system32;C:\Windows;C:\Windows\System32\Wbem;C:\Windows\System32\WindowsPowerShell\v1.0;C:\Windows\System32\OpenSSH;C:\Program Files (x86)\Intel\Intel(R) Management Engine Components\DAL;C:\Program Files\Intel\Intel(R) Management Engine Components\DAL;C:\Program Files (x86)\Intel\Intel(R) Management Engine Components\IPT;C:\Program Files\Intel\Intel(R) Management Engine Components\IPT;C:\Program Files (x86)\NVIDIA Corporation\PhysX\Common;C:\Program Files\nodejs;C:\Program Files\Git\cmd;C:\Program Files\Java\jdk1.8.0_191\bin;D:\Go\bin;C:\Users\Parivesh\AppData\Local\Microsoft\WindowsApps;C:\Users\Parivesh\AppData\Roaming\npm;D:\Program\Microsoft VS Code\bin;C:\Users\Parivesh\go\bin;C:\Users\Parivesh\AppData\Local\capsule\apps\net.corda.node.Corda_3.3-corda -Dcapsule.log=1 -Dcapsule.app=net.corda.node.Corda_3.3-corda -Dcapsule.port=62773 -Dname=PartyB-corda.jar -Dcapsule.jvm.args=-agentlib:jdwp=transport=dt_socket,server=y,suspend=n,address=5008 -javaagent:drivers/jolokia-jvm-1.3.7-agent.jar=port=7008,logHandlerClass=net.corda.node.JolokiaSlf4Adapter -Dcapsule.dir=C:\Users\Parivesh\AppData\Local\capsule\apps\net.corda.node.Corda_3.3-corda -Dcapsule.jar=D:\Corda-Sample\New_Sample_11Feb\samples\cordapp-example\java-source\build\nodes\PartyB\corda.jar {}
[INFO ] 2019-02-23T19:15:26,339Z [main] internal.Node.logStartupInfo - Application Args:  {}
[INFO ] 2019-02-23T19:15:26,339Z [main] internal.Node.logStartupInfo - bootclasspath: C:\Program Files\Java\jre1.8.0_191\lib\resources.jar;C:\Program Files\Java\jre1.8.0_191\lib\rt.jar;C:\Program Files\Java\jre1.8.0_191\lib\sunrsasign.jar;C:\Program Files\Java\jre1.8.0_191\lib\jsse.jar;C:\Program Files\Java\jre1.8.0_191\lib\jce.jar;C:\Program Files\Java\jre1.8.0_191\lib\charsets.jar;C:\Program Files\Java\jre1.8.0_191\lib\jfr.jar;C:\Program Files\Java\jre1.8.0_191\classes {}
[INFO ] 2019-02-23T19:15:26,339Z [main] internal.Node.logStartupInfo - classpath: D:\Corda-Sample\New_Sample_11Feb\samples\cordapp-example\java-source\build\nodes\PartyB\corda.jar;C:\Users\Parivesh\AppData\Local\capsule\apps\net.corda.node.Corda_3.3-corda\corda-rpc-3.3-corda.jar;C:\Users\Parivesh\AppData\Local\capsule\apps\net.corda.node.Corda_3.3-corda\corda-node-api-3.3-corda.jar;C:\Users\Parivesh\AppData\Local\capsule\apps\net.corda.node.Corda_3.3-corda\corda-confidential-identities-3.3-corda.jar;C:\Users\Parivesh\AppData\Local\capsule\apps\net.corda.node.Corda_3.3-corda\cordform-common-3.2.1.jar;C:\Users\Parivesh\AppData\Local\capsule\apps\net.corda.node.Corda_3.3-corda\log4j-slf4j-impl-2.9.1.jar;C:\Users\Parivesh\AppData\Local\capsule\apps\net.corda.node.Corda_3.3-corda\log4j-web-2.9.1.jar;C:\Users\Parivesh\AppData\Local\capsule\apps\net.corda.node.Corda_3.3-corda\jul-to-slf4j-1.7.25.jar;C:\Users\Parivesh\AppData\Local\capsule\apps\net.corda.node.Corda_3.3-corda\corda-jackson-3.3-corda.jar;C:\Users\Parivesh\AppData\Local\capsule\apps\net.corda.node.Corda_3.3-corda\corda-core-3.3-corda.jar;C:\Users\Parivesh\AppData\Local\capsule\apps\net.corda.node.Corda_3.3-corda\kotlin-stdlib-jre8-1.1.60.jar;C:\Users\Parivesh\AppData\Local\capsule\apps\net.corda.node.Corda_3.3-corda\jackson-module-kotlin-2.9.2.jar;C:\Users\Parivesh\AppData\Local\capsule\apps\net.corda.node.Corda_3.3-corda\kotlin-reflect-1.1.60.jar;C:\Users\Parivesh\AppData\Local\capsule\apps\net.corda.node.Corda_3.3-corda\jimfs-1.1.jar;C:\Users\Parivesh\AppData\Local\capsule\apps\net.corda.node.Corda_3.3-corda\artemis-amqp-protocol-2.2.0.jar;C:\Users\Parivesh\AppData\Local\capsule\apps\net.corda.node.Corda_3.3-corda\artemis-server-2.2.0.jar;C:\Users\Parivesh\AppData\Local\capsule\apps\net.corda.node.Corda_3.3-corda\artemis-jdbc-store-2.2.0.jar;C:\Users\Parivesh\AppData\Local\capsule\apps\net.corda.node.Corda_3.3-corda\artemis-jms-client-2.2.0.jar;C:\Users\Parivesh\AppData\Local\capsule\apps\net.corda.node.Corda_3.3-corda\artemis-core-client-2.2.0.jar;C:\Users\Parivesh\AppData\Local\capsule\apps\net.corda.node.Corda_3.3-corda\artemis-journal-2.2.0.jar;C:\Users\Parivesh\AppData\Local\capsule\apps\net.corda.node.Corda_3.3-corda\artemis-commons-2.2.0.jar;C:\Users\Parivesh\AppData\Local\capsule\apps\net.corda.node.Corda_3.3-corda\guava-21.0.jar;C:\Users\Parivesh\AppData\Local\capsule\apps\net.corda.node.Corda_3.3-corda\jopt-simple-5.0.2.jar;C:\Users\Parivesh\AppData\Local\capsule\apps\net.corda.node.Corda_3.3-corda\commons-collections4-4.1.jar;C:\Users\Parivesh\AppData\Local\capsule\apps\net.corda.node.Corda_3.3-corda\shiro-core-1.4.0.jar;C:\Users\Parivesh\AppData\Local\capsule\apps\net.corda.node.Corda_3.3-corda\shiro-config-ogdl-1.4.0.jar;C:\Users\Parivesh\AppData\Local\capsule\apps\net.corda.node.Corda_3.3-corda\commons-beanutils-1.9.3.jar;C:\Users\Parivesh\AppData\Local\capsule\apps\net.corda.node.Corda_3.3-corda\jansi-1.14.jar;C:\Users\Parivesh\AppData\Local\capsule\apps\net.corda.node.Corda_3.3-corda\jcabi-manifests-1.1.jar;C:\Users\Parivesh\AppData\Local\capsule\apps\net.corda.node.Corda_3.3-corda\forms_rt-7.0.3.jar;C:\Users\Parivesh\AppData\Local\capsule\apps\net.corda.node.Corda_3.3-corda\metrics-core-3.1.2.jar;C:\Users\Parivesh\AppData\Local\capsule\apps\net.corda.node.Corda_3.3-corda\config-1.3.1.jar;C:\Users\Parivesh\AppData\Local\capsule\apps\net.corda.node.Corda_3.3-corda\h2-1.4.194.jar;C:\Users\Parivesh\AppData\Local\capsule\apps\net.corda.node.Corda_3.3-corda\postgresql-42.1.4.jar;C:\Users\Parivesh\AppData\Local\capsule\apps\net.corda.node.Corda_3.3-corda\HikariCP-2.5.1.jar;C:\Users\Parivesh\AppData\Local\capsule\apps\net.corda.node.Corda_3.3-corda\hibernate-java8-5.2.6.Final.jar;C:\Users\Parivesh\AppData\Local\capsule\apps\net.corda.node.Corda_3.3-corda\hibernate-core-5.2.6.Final.jar;C:\Users\Parivesh\AppData\Local\capsule\apps\net.corda.node.Corda_3.3-corda\copycat-client-1.2.3.jar;C:\Users\Parivesh\AppData\Local\capsule\apps\net.corda.node.Corda_3.3-corda\copycat-server-1.2.3.jar;C:\Users\Parivesh\AppData\Local\capsule\apps\net.corda.node.Corda_3.3-corda\catalyst-netty-1.1.2.jar;C:\Users\Parivesh\AppData\Local\capsule\apps\net.corda.node.Corda_3.3-corda\netty-all-4.1.9.Final.jar;C:\Users\Parivesh\AppData\Local\capsule\apps\net.corda.node.Corda_3.3-corda\crash.connectors.ssh-cadb53544fbb3c0fb901445da614998a6a419488.jar;C:\Users\Parivesh\AppData\Local\capsule\apps\net.corda.node.Corda_3.3-corda\crash.shell-cadb53544fbb3c0fb901445da614998a6a419488.jar;C:\Users\Parivesh\AppData\Local\capsule\apps\net.corda.node.Corda_3.3-corda\okhttp-3.5.0.jar;C:\Users\Parivesh\AppData\Local\capsule\apps\net.corda.node.Corda_3.3-corda\commons-codec-1.10.jar;C:\Users\Parivesh\AppData\Local\capsule\apps\net.corda.node.Corda_3.3-corda\library-master-v1.1-beta-g6215ec8-87.jar;C:\Users\Parivesh\AppData\Local\capsule\apps\net.corda.node.Corda_3.3-corda\jolokia-jvm-1.6.0-agent.jar;C:\Users\Parivesh\AppData\Local\capsule\apps\net.corda.node.Corda_3.3-corda\quasar-core-0.7.9-jdk8.jar;C:\Users\Parivesh\AppData\Local\capsule\apps\net.corda.node.Corda_3.3-corda\commons-fileupload-1.3.3.jar;C:\Users\Parivesh\AppData\Local\capsule\apps\net.corda.node.Corda_3.3-corda\kryo-serializers-0.41.jar;C:\Users\Parivesh\AppData\Local\capsule\apps\net.corda.node.Corda_3.3-corda\kryo-4.0.0.jar;C:\Users\Parivesh\AppData\Local\capsule\apps\net.corda.node.Corda_3.3-corda\proton-j-0.21.0.jar;C:\Users\Parivesh\AppData\Local\capsule\apps\net.corda.node.Corda_3.3-corda\fast-classpath-scanner-2.12.3.jar;C:\Users\Parivesh\AppData\Local\capsule\apps\net.corda.node.Corda_3.3-corda\jsr305-3.0.2.jar;C:\Users\Parivesh\AppData\Local\capsule\apps\net.corda.node.Corda_3.3-corda\jcabi-log-0.14.jar;C:\Users\Parivesh\AppData\Local\capsule\apps\net.corda.node.Corda_3.3-corda\copycat-protocol-1.2.3.jar;C:\Users\Parivesh\AppData\Local\capsule\apps\net.corda.node.Corda_3.3-corda\catalyst-transport-1.1.2.jar;C:\Users\Parivesh\AppData\Local\capsule\apps\net.corda.node.Corda_3.3-corda\mina-core-2.0.16.jar;C:\Users\Parivesh\AppData\Local\capsule\apps\net.corda.node.Corda_3.3-corda\shiro-cache-1.4.0.jar;C:\Users\Parivesh\AppData\Local\capsule\apps\net.corda.node.Corda_3.3-corda\shiro-crypto-hash-1.4.0.jar;C:\Users\Parivesh\AppData\Local\capsule\apps\net.corda.node.Corda_3.3-corda\shiro-crypto-cipher-1.4.0.jar;C:\Users\Parivesh\AppData\Local\capsule\apps\net.corda.node.Corda_3.3-corda\shiro-config-core-1.4.0.jar;C:\Users\Parivesh\AppData\Local\capsule\apps\net.corda.node.Corda_3.3-corda\shiro-event-1.4.0.jar;C:\Users\Parivesh\AppData\Local\capsule\apps\net.corda.node.Corda_3.3-corda\shiro-crypto-core-1.4.0.jar;C:\Users\Parivesh\AppData\Local\capsule\apps\net.corda.node.Corda_3.3-corda\shiro-lang-1.4.0.jar;C:\Users\Parivesh\AppData\Local\capsule\apps\net.corda.node.Corda_3.3-corda\jcl-over-slf4j-1.7.25.jar;C:\Users\Parivesh\AppData\Local\capsule\apps\net.corda.node.Corda_3.3-corda\catalyst-concurrent-1.1.2.jar;C:\Users\Parivesh\AppData\Local\capsule\apps\net.corda.node.Corda_3.3-corda\catalyst-serializer-1.1.2.jar;C:\Users\Parivesh\AppData\Local\capsule\apps\net.corda.node.Corda_3.3-corda\catalyst-buffer-1.1.2.jar;C:\Users\Parivesh\AppData\Local\capsule\apps\net.corda.node.Corda_3.3-corda\catalyst-common-1.1.2.jar;C:\Users\Parivesh\AppData\Local\capsule\apps\net.corda.node.Corda_3.3-corda\sshd-pam-0.11.0.jar;C:\Users\Parivesh\AppData\Local\capsule\apps\net.corda.node.Corda_3.3-corda\sshd-core-1.6.0.jar;C:\Users\Parivesh\AppData\Local\capsule\apps\net.corda.node.Corda_3.3-corda\slf4j-api-1.7.25.jar;C:\Users\Parivesh\AppData\Local\capsule\apps\net.corda.node.Corda_3.3-corda\log4j-core-2.9.1.jar;C:\Users\Parivesh\AppData\Local\capsule\apps\net.corda.node.Corda_3.3-corda\log4j-api-2.9.1.jar;C:\Users\Parivesh\AppData\Local\capsule\apps\net.corda.node.Corda_3.3-corda\kotlin-stdlib-jre7-1.1.60.jar;C:\Users\Parivesh\AppData\Local\capsule\apps\net.corda.node.Corda_3.3-corda\kotlin-stdlib-1.1.60.jar;C:\Users\Parivesh\AppData\Local\capsule\apps\net.corda.node.Corda_3.3-corda\commons-collections-3.2.2.jar;C:\Users\Parivesh\AppData\Local\capsule\apps\net.corda.node.Corda_3.3-corda\hibernate-commons-annotations-5.0.1.Final.jar;C:\Users\Parivesh\AppData\Local\capsule\apps\net.corda.node.Corda_3.3-corda\artemis-native-2.2.0.jar;C:\Users\Parivesh\AppData\Local\capsule\apps\net.corda.node.Corda_3.3-corda\jboss-logging-3.3.0.Final.jar;C:\Users\Parivesh\AppData\Local\capsule\apps\net.corda.node.Corda_3.3-corda\artemis-selector-2.2.0.jar;C:\Users\Parivesh\AppData\Local\capsule\apps\net.corda.node.Corda_3.3-corda\jgroups-3.6.13.Final.jar;C:\Users\Parivesh\AppData\Local\capsule\apps\net.corda.node.Corda_3.3-corda\geronimo-json_1.0_spec-1.0-alpha-1.jar;C:\Users\Parivesh\AppData\Local\capsule\apps\net.corda.node.Corda_3.3-corda\johnzon-core-0.9.5.jar;C:\Users\Parivesh\AppData\Local\capsule\apps\net.corda.node.Corda_3.3-corda\forms-1.1-preview.jar;C:\Users\Parivesh\AppData\Local\capsule\apps\net.corda.node.Corda_3.3-corda\jdom-1.0.jar;C:\Users\Parivesh\AppData\Local\capsule\apps\net.corda.node.Corda_3.3-corda\jackson-dataformat-yaml-2.9.2.jar;C:\Users\Parivesh\AppData\Local\capsule\apps\net.corda.node.Corda_3.3-corda\jackson-datatype-jsr310-2.9.2.jar;C:\Users\Parivesh\AppData\Local\capsule\apps\net.corda.node.Corda_3.3-corda\hibernate-jpa-2.1-api-1.0.0.Final.jar;C:\Users\Parivesh\AppData\Local\capsule\apps\net.corda.node.Corda_3.3-corda\javassist-3.20.0-GA.jar;C:\Users\Parivesh\AppData\Local\capsule\apps\net.corda.node.Corda_3.3-corda\antlr-2.7.7.jar;C:\Users\Parivesh\AppData\Local\capsule\apps\net.corda.node.Corda_3.3-corda\geronimo-jta_1.1_spec-1.1.1.jar;C:\Users\Parivesh\AppData\Local\capsule\apps\net.corda.node.Corda_3.3-corda\jandex-2.0.3.Final.jar;C:\Users\Parivesh\AppData\Local\capsule\apps\net.corda.node.Corda_3.3-corda\classmate-1.3.0.jar;C:\Users\Parivesh\AppData\Local\capsule\apps\net.corda.node.Corda_3.3-corda\dom4j-1.6.1.jar;C:\Users\Parivesh\AppData\Local\capsule\apps\net.corda.node.Corda_3.3-corda\cdi-api-1.1.jar;C:\Users\Parivesh\AppData\Local\capsule\apps\net.corda.node.Corda_3.3-corda\crash.cli-cadb53544fbb3c0fb901445da614998a6a419488.jar;C:\Users\Parivesh\AppData\Local\capsule\apps\net.corda.node.Corda_3.3-corda\groovy-all-1.8.9.jar;C:\Users\Parivesh\AppData\Local\capsule\apps\net.corda.node.Corda_3.3-corda\okio-1.11.0.jar;C:\Users\Parivesh\AppData\Local\capsule\apps\net.corda.node.Corda_3.3-corda\jolokia-core-1.6.0.jar;C:\Users\Parivesh\AppData\Local\capsule\apps\net.corda.node.Corda_3.3-corda\json-simple-1.1.1.jar;C:\Users\Parivesh\AppData\Local\capsule\apps\net.corda.node.Corda_3.3-corda\rxjava-1.2.4.jar;C:\Users\Parivesh\AppData\Local\capsule\apps\net.corda.node.Corda_3.3-corda\commons-jexl3-3.0.jar;C:\Users\Parivesh\AppData\Local\capsule\apps\net.corda.node.Corda_3.3-corda\jackson-databind-2.9.2.jar;C:\Users\Parivesh\AppData\Local\capsule\apps\net.corda.node.Corda_3.3-corda\eddsa-0.2.0.jar;C:\Users\Parivesh\AppData\Local\capsule\apps\net.corda.node.Corda_3.3-corda\bcpkix-jdk15on-1.57.jar;C:\Users\Parivesh\AppData\Local\capsule\apps\net.corda.node.Corda_3.3-corda\bcprov-jdk15on-1.57.jar;C:\Users\Parivesh\AppData\Local\capsule\apps\net.corda.node.Corda_3.3-corda\commons-io-2.2.jar;C:\Users\Parivesh\AppData\Local\capsule\apps\net.corda.node.Corda_3.3-corda\reflectasm-1.11.3.jar;C:\Users\Parivesh\AppData\Local\capsule\apps\net.corda.node.Corda_3.3-corda\minlog-1.3.0.jar;C:\Users\Parivesh\AppData\Local\capsule\apps\net.corda.node.Corda_3.3-corda\objenesis-2.2.jar;C:\Users\Parivesh\AppData\Local\capsule\apps\net.corda.node.Corda_3.3-corda\annotations-13.0.jar;C:\Users\Parivesh\AppData\Local\capsule\apps\net.corda.node.Corda_3.3-corda\jackson-annotations-2.9.0.jar;C:\Users\Parivesh\AppData\Local\capsule\apps\net.corda.node.Corda_3.3-corda\snakeyaml-1.18.jar;C:\Users\Parivesh\AppData\Local\capsule\apps\net.corda.node.Corda_3.3-corda\jackson-core-2.9.2.jar;C:\Users\Parivesh\AppData\Local\capsule\apps\net.corda.node.Corda_3.3-corda\el-api-2.2.jar;C:\Users\Parivesh\AppData\Local\capsule\apps\net.corda.node.Corda_3.3-corda\jboss-interceptors-api_1.1_spec-1.0.0.Beta1.jar;C:\Users\Parivesh\AppData\Local\capsule\apps\net.corda.node.Corda_3.3-corda\jsr250-api-1.0.jar;C:\Users\Parivesh\AppData\Local\capsule\apps\net.corda.node.Corda_3.3-corda\javax.inject-1.jar;C:\Users\Parivesh\AppData\Local\capsule\apps\net.corda.node.Corda_3.3-corda\jpam-1.1.jar;C:\Users\Parivesh\AppData\Local\capsule\apps\net.corda.node.Corda_3.3-corda\geronimo-jms_2.0_spec-1.0-alpha-2.jar;C:\Users\Parivesh\AppData\Local\capsule\apps\net.corda.node.Corda_3.3-corda\asm-5.0.4.jar;C:\Users\Parivesh\AppData\Local\capsule\apps\net.corda.node.Corda_3.3-corda\corda-node-3.3-corda.jar;D:\Corda-Sample\New_Sample_11Feb\samples\cordapp-example\java-source\build\nodes\PartyB\cordapps\corda-finance-3.3-corda.jar;D:\Corda-Sample\New_Sample_11Feb\samples\cordapp-example\java-source\build\nodes\PartyB\cordapps\cordapp-example-0.1.jar;drivers/jolokia-jvm-1.3.7-agent.jar;C:\Users\Parivesh\AppData\Local\capsule\apps\net.corda.node.Corda_3.3-corda\quasar-core-0.7.9-jdk8.jar;D:\Corda-Sample\New_Sample_11Feb\samples\cordapp-example\java-source\build\nodes\PartyB\corda.jar {}
[INFO ] 2019-02-23T19:15:26,342Z [main] internal.Node.logStartupInfo - VM Java HotSpot(TM) 64-Bit Server VM Oracle Corporation 25.191-b12 {}
[INFO ] 2019-02-23T19:15:26,343Z [main] internal.Node.logStartupInfo - Machine: DESKTOP-ODQ0EQI {}
[INFO ] 2019-02-23T19:15:26,345Z [main] internal.Node.logStartupInfo - Working Directory: D:\Corda-Sample\New_Sample_11Feb\samples\cordapp-example\java-source\build\nodes\PartyB {}
[INFO ] 2019-02-23T19:15:26,345Z [main] internal.Node.logStartupInfo - Debug port: dt_socket:5008 {}
[INFO ] 2019-02-23T19:15:26,345Z [main] internal.Node.logStartupInfo - Starting as node on localhost:10010 {}
[INFO ] 2019-02-23T19:15:26,873Z [main] cordapp.CordappLoader.<init> - Loading CorDapps from RestrictedURL(url=file:/D:/Corda-Sample/New_Sample_11Feb/samples/cordapp-example/java-source/build/nodes/PartyB/cordapps/corda-finance-3.3-corda.jar, rootPackageName=null), RestrictedURL(url=file:/D:/Corda-Sample/New_Sample_11Feb/samples/cordapp-example/java-source/build/nodes/PartyB/cordapps/cordapp-example-0.1.jar, rootPackageName=null) {}
[INFO ] 2019-02-23T19:15:27,290Z [main] cordapp.CordappLoader.scanCordapp - Scanning CorDapp in file:/D:/Corda-Sample/New_Sample_11Feb/samples/cordapp-example/java-source/build/nodes/PartyB/cordapps/corda-finance-3.3-corda.jar {}
[INFO ] 2019-02-23T19:15:29,294Z [main] cordapp.CordappLoader.scanCordapp - Scanning CorDapp in file:/D:/Corda-Sample/New_Sample_11Feb/samples/cordapp-example/java-source/build/nodes/PartyB/cordapps/cordapp-example-0.1.jar {}
[INFO ] 2019-02-23T19:15:30,563Z [main] internal.Node.start - Node starting up ... {}
[WARN ] 2019-02-23T19:15:30,563Z [main] internal.Node.initCertificate - Corda node is running in dev mode. {}
[INFO ] 2019-02-23T19:15:34,529Z [main] internal.NetworkParametersReader.retrieveNetworkParameters - Loaded network parameters: net.corda.core.internal.SignedDataWithCert@6bd7439d {}
[INFO ] 2019-02-23T19:15:36,171Z [main] BasicInfo.printBasicNodeInfo - Database connection url is              : jdbc:h2:tcp://192.168.1.119:62979/node {}
[INFO ] 2019-02-23T19:15:36,676Z [main] hikari.HikariDataSource.<init> - HikariPool-1 - Started. {}
[INFO ] 2019-02-23T19:15:38,071Z [main] internal.Node.invoke - Connected to H2 database. {}
[INFO ] 2019-02-23T19:15:38,240Z [main] persistence.HibernateConfiguration.<init> - Init HibernateConfiguration for schemas: [CommonSchemaV1(name=net.corda.core.schemas.CommonSchema, version=1), VaultSchemaV1(name=net.corda.node.services.vault.VaultSchema, version=1), NodeInfoSchemaV1(name=net.corda.node.internal.schemas.NodeInfoSchema, version=1), NodeCoreV1(name=net.corda.node.services.schema.NodeSchemaService$NodeCore, version=1), CashSchemaV1(name=net.corda.finance.schemas.CashSchema, version=1), CommercialPaperSchemaV1(name=net.corda.finance.schemas.CommercialPaperSchema, version=1), IOUSchemaV1(name=com.example.schema.IOUSchema, version=1)] {}
[INFO ] 2019-02-23T19:15:38,242Z [main] persistence.HibernateConfiguration.makeSessionFactoryForSchemas - Creating session factory for schemas: [CommonSchemaV1(name=net.corda.core.schemas.CommonSchema, version=1), VaultSchemaV1(name=net.corda.node.services.vault.VaultSchema, version=1), NodeInfoSchemaV1(name=net.corda.node.internal.schemas.NodeInfoSchema, version=1), NodeCoreV1(name=net.corda.node.services.schema.NodeSchemaService$NodeCore, version=1), CashSchemaV1(name=net.corda.finance.schemas.CashSchema, version=1), CommercialPaperSchemaV1(name=net.corda.finance.schemas.CommercialPaperSchema, version=1), IOUSchemaV1(name=com.example.schema.IOUSchema, version=1)] {}
[INFO ] 2019-02-23T19:15:38,870Z [main] hibernate.Version.logVersion - HHH000412: Hibernate Core {5.2.6.Final} {}
[INFO ] 2019-02-23T19:15:38,874Z [main] cfg.Environment.<clinit> - HHH000206: hibernate.properties not found {}
[INFO ] 2019-02-23T19:15:38,975Z [main] common.Version.<clinit> - HCANN000001: Hibernate Commons Annotations {5.0.1.Final} {}
[INFO ] 2019-02-23T19:15:39,332Z [main] internal.ConnectionProviderInitiator.initiateService - HHH000130: Instantiating explicit connection provider: net.corda.nodeapi.internal.persistence.HibernateConfiguration$NodeDatabaseConnectionProvider {}
[INFO ] 2019-02-23T19:15:39,365Z [main] dialect.Dialect.<init> - HHH000400: Using dialect: org.hibernate.dialect.H2Dialect {}
[INFO ] 2019-02-23T19:15:39,485Z [main] type.BasicTypeRegistry.register - HHH000270: Type registration [materialized_blob] overrides previous : org.hibernate.type.MaterializedBlobType@22002459 {}
[INFO ] 2019-02-23T19:15:43,579Z [main] connections.access.getIsolatedConnection - HHH10001501: Connection obtained from JdbcConnectionAccess [org.hibernate.engine.jdbc.env.internal.JdbcEnvironmentInitiator$ConnectionProviderJdbcConnectionAccess@51a69e8f] for (non-JTA) DDL execution was not in auto-commit mode; the Connection 'local transaction' will be committed and the Connection will be set into auto-commit mode. {}
[INFO ] 2019-02-23T19:15:43,972Z [main] persistence.HibernateConfiguration.makeSessionFactoryForSchemas - Created session factory for schemas: [CommonSchemaV1(name=net.corda.core.schemas.CommonSchema, version=1), VaultSchemaV1(name=net.corda.node.services.vault.VaultSchema, version=1), NodeInfoSchemaV1(name=net.corda.node.internal.schemas.NodeInfoSchema, version=1), NodeCoreV1(name=net.corda.node.services.schema.NodeSchemaService$NodeCore, version=1), CashSchemaV1(name=net.corda.finance.schemas.CashSchema, version=1), CommercialPaperSchemaV1(name=net.corda.finance.schemas.CommercialPaperSchema, version=1), IOUSchemaV1(name=com.example.schema.IOUSchema, version=1)] {}
[INFO ] 2019-02-23T19:15:44,703Z [main] internal.QueryTranslatorFactoryInitiator.initiateService - HHH000397: Using ASTQueryTranslatorFactory {}
[INFO ] 2019-02-23T19:15:45,937Z [main] internal.Node.updateNodeInfo - Node-info has changed so submitting update. Old node-info was null {}
[INFO ] 2019-02-23T19:15:45,937Z [main] network.PersistentNetworkMapCache.addNode - Adding node with info: NodeInfo(addresses=[localhost:10010], legalIdentitiesAndCerts=[O=PartyB, L=New York, C=US], platformVersion=3, serial=1550949345937) {}
[INFO ] 2019-02-23T19:15:46,025Z [main] network.PersistentNetworkMapCache.addNode - No previous node found {}
[INFO ] 2019-02-23T19:15:46,503Z [main] network.PersistentNetworkMapCache.addNode - Done adding node with info: NodeInfo(addresses=[localhost:10010], legalIdentitiesAndCerts=[O=PartyB, L=New York, C=US], platformVersion=3, serial=1550949345937) {}
[INFO ] 2019-02-23T19:15:46,503Z [main] internal.Node.updateNodeInfo - New node-info: NodeInfo(addresses=[localhost:10010], legalIdentitiesAndCerts=[O=PartyB, L=New York, C=US], platformVersion=3, serial=1550949345937) {}
[INFO ] 2019-02-23T19:15:47,677Z [main] persistence.NodeAttachmentService.invoke - Stored new attachment 9D0E5E7FD24111A8CC5E293CBA9E88B2664848113089A91A5CABCD29E6C07F1E {}
[INFO ] 2019-02-23T19:15:48,525Z [main] persistence.NodeAttachmentService.invoke - Stored new attachment B716E301554903764C924A097A3BD3853ADC1927C4340D335DF56BF33E46B074 {}
[INFO ] 2019-02-23T19:15:49,066Z [main] security.RPCSecurityManagerImpl.buildImpl - Constructing realm from list of users in config [User(user1, permissions=[ALL])] {}
[INFO ] 2019-02-23T19:15:50,260Z [main] BasicInfo.printBasicNodeInfo - Advertised P2P messaging addresses      : localhost:10010 {}
[INFO ] 2019-02-23T19:15:50,298Z [main] BasicInfo.printBasicNodeInfo - RPC connection address                  : localhost:10011 {}
[INFO ] 2019-02-23T19:15:50,351Z [main] BasicInfo.printBasicNodeInfo - RPC admin connection address            : localhost:10051 {}
[INFO ] 2019-02-23T19:15:55,539Z [main] messaging.ArtemisMessagingServer.configureAndStartServer - P2P messaging server listening on port 10010 {}
[INFO ] 2019-02-23T19:15:57,181Z [main] internal.ArtemisMessagingClient.start - Connecting to message broker: localhost:10010 {}
[INFO ] 2019-02-23T19:15:59,366Z [main] internal.ArtemisMessagingClient.start - Connecting to message broker: localhost:10010 {}
[INFO ] 2019-02-23T19:15:59,760Z [main] internal.ArtemisMessagingClient.start - Connecting to message broker: localhost:10051 {}
[INFO ] 2019-02-23T19:16:00,017Z [main] messaging.P2PMessagingClient.start - Connecting to message broker: localhost:10010 {}
[INFO ] 2019-02-23T19:16:00,171Z [main] messaging.P2PMessagingClient.createQueueIfAbsent - Create fresh queue p2p.inbound.DLDQ7n6cYeL4BiRwJ1KYAFBWaDKjcNB7ymLdjWFp627QeX bound on same address {}
[INFO ] 2019-02-23T19:16:00,452Z [Thread-0 (ActiveMQ-client-global-threads)] bridging.BridgeControlListener.processControlMessage - Received bridge control message NodeToBridgeSnapshot(nodeIdentity=DLDQ7n6cYeL4BiRwJ1KYAFBWaDKjcNB7ymLdjWFp627QeX, inboxQueues=[p2p.inbound.DLDQ7n6cYeL4BiRwJ1KYAFBWaDKjcNB7ymLdjWFp627QeX], sendQueues=[]) {}
[INFO ] 2019-02-23T19:16:00,625Z [main] internal.Node.installCordaService - Installed net.corda.finance.flows.ConfigHolder Corda service {}
[INFO ] 2019-02-23T19:16:00,655Z [main] internal.Node.registerInitiatedFlowInternal - Registered com.example.flow.ExampleFlow$Initiator to initiate com.example.flow.ExampleFlow$Acceptor (version 1) {}
[INFO ] 2019-02-23T19:16:00,659Z [main] internal.Node.registerInitiatedFlowInternal - Registered com.example.flow.ExampleFlow$UpdateFlow to initiate com.example.flow.ExampleFlow$UpdateReceiver (version 1) {}
[INFO ] 2019-02-23T19:16:01,962Z [main] plugin.PluginManager.getPlugins - Loaded plugin Plugin[type=SSHPlugin,interface=SSHPlugin] {}
[INFO ] 2019-02-23T19:16:01,967Z [main] plugin.PluginManager.getPlugins - Loaded plugin Plugin[type=SSHInlinePlugin,interface=CommandPlugin] {}
[INFO ] 2019-02-23T19:16:01,970Z [main] plugin.PluginManager.getPlugins - Loaded plugin Plugin[type=KeyAuthenticationPlugin,interface=KeyAuthenticationPlugin] {}
[INFO ] 2019-02-23T19:16:01,974Z [main] plugin.PluginManager.getPlugins - Loaded plugin Plugin[type=CRaSHShellFactory,interface=ShellFactory] {}
[INFO ] 2019-02-23T19:16:01,978Z [main] plugin.PluginManager.getPlugins - Loaded plugin Plugin[type=GroovyLanguageProxy,interface=Language] {}
[INFO ] 2019-02-23T19:16:01,982Z [main] plugin.PluginManager.getPlugins - Loaded plugin Plugin[type=JavaLanguage,interface=Language] {}
[INFO ] 2019-02-23T19:16:01,983Z [main] plugin.PluginManager.getPlugins - Loaded plugin Plugin[type=ScriptLanguage,interface=Language] {}
[INFO ] 2019-02-23T19:16:01,985Z [main] plugin.PluginManager.getPlugins - Loaded plugin Plugin[type=JaasAuthenticationPlugin,interface=AuthenticationPlugin] {}
[INFO ] 2019-02-23T19:16:01,988Z [main] plugin.PluginManager.getPlugins - Loaded plugin Plugin[type=SimpleAuthenticationPlugin,interface=AuthenticationPlugin] {}
[INFO ] 2019-02-23T19:16:01,997Z [main] ssh.SSHPlugin.init - Could not boot SSHD due to missing due to missing port configuration {}
[INFO ] 2019-02-23T19:16:01,999Z [main] plugin.PluginManager.getPlugins - Initialized plugin Plugin[type=SSHPlugin,interface=SSHPlugin] {}
[INFO ] 2019-02-23T19:16:02,000Z [main] plugin.PluginManager.getPlugins - Initialized plugin Plugin[type=SSHInlinePlugin,interface=CommandPlugin] {}
[INFO ] 2019-02-23T19:16:02,000Z [main] plugin.PluginManager.getPlugins - Initialized plugin Plugin[type=KeyAuthenticationPlugin,interface=KeyAuthenticationPlugin] {}
[INFO ] 2019-02-23T19:16:02,039Z [main] plugin.PluginManager.getPlugins - Initialized plugin Plugin[type=GroovyLanguageProxy,interface=Language] {}
[INFO ] 2019-02-23T19:16:02,040Z [main] plugin.PluginManager.getPlugins - Initialized plugin Plugin[type=ScriptLanguage,interface=Language] {}
[INFO ] 2019-02-23T19:16:02,051Z [main] plugin.PluginManager.getPlugins - Initialized plugin Plugin[type=CRaSHShellFactory,interface=ShellFactory] {}
[INFO ] 2019-02-23T19:16:02,055Z [main] plugin.PluginManager.getPlugins - Initialized plugin Plugin[type=JaasAuthenticationPlugin,interface=AuthenticationPlugin] {}
[INFO ] 2019-02-23T19:16:02,055Z [main] plugin.PluginManager.getPlugins - Initialized plugin Plugin[type=SimpleAuthenticationPlugin,interface=AuthenticationPlugin] {}
[INFO ] 2019-02-23T19:16:02,056Z [main] plugin.PluginManager.getPlugins - Initialized plugin Plugin[type=CordaAuthenticationPlugin,interface=AuthenticationPlugin] {}
[WARN ] 2019-02-23T19:16:04,611Z [main] utilities.AppendOnlyPersistentMapBase.set - Double insert in net.corda.node.utilities.AppendOnlyPersistentMap for entity class class net.corda.node.services.identity.PersistentIdentityService$PersistentIdentity key B83843DDCDC440891B4F30B3DE6EE442C72A9953A9E9DDB4CFA1A15FD4F8AE9C, not inserting the second time {}
[INFO ] 2019-02-23T19:16:04,616Z [main] messaging.P2PMessagingClient.updateBridgesOnNetworkChange - Updating bridges on network map change: NodeInfo(addresses=[localhost:10010], legalIdentitiesAndCerts=[O=PartyB, L=New York, C=US], platformVersion=3, serial=1550949345937) {}
[INFO ] 2019-02-23T19:16:04,844Z [main] BasicInfo.printBasicNodeInfo - Loaded CorDapps                         : corda-finance-3.3-corda, cordapp-example-0.1, corda-core-3.3-corda {}
[INFO ] 2019-02-23T19:16:04,864Z [main] BasicInfo.printBasicNodeInfo - Node for "PartyB" started up and registered in 62.39 sec {}
[INFO ] 2019-02-23T19:16:04,877Z [main] messaging.RPCServer.start - Starting RPC server with configuration RPCServerConfiguration(rpcThreadPoolSize=4, reapInterval=PT1S, deduplicationCacheExpiry=PT24H) {}
[INFO ] 2019-02-23T19:16:04,930Z [RxIoScheduler-2] network.PersistentNetworkMapCache.addNode - Adding node with info: NodeInfo(addresses=[localhost:10006], legalIdentitiesAndCerts=[O=Notary, L=London, C=GB], platformVersion=3, serial=1550949230130) {}
[INFO ] 2019-02-23T19:16:04,947Z [RxIoScheduler-2] network.PersistentNetworkMapCache.addNode - No previous node found {}
[INFO ] 2019-02-23T19:16:05,055Z [RxIoScheduler-2] messaging.P2PMessagingClient.updateBridgesOnNetworkChange - Updating bridges on network map change: NodeInfo(addresses=[localhost:10006], legalIdentitiesAndCerts=[O=Notary, L=London, C=GB], platformVersion=3, serial=1550949230130) {}
[INFO ] 2019-02-23T19:16:05,067Z [RxIoScheduler-2] network.PersistentNetworkMapCache.addNode - Done adding node with info: NodeInfo(addresses=[localhost:10006], legalIdentitiesAndCerts=[O=Notary, L=London, C=GB], platformVersion=3, serial=1550949230130) {}
[INFO ] 2019-02-23T19:16:05,068Z [RxIoScheduler-2] network.PersistentNetworkMapCache.addNode - Adding node with info: NodeInfo(addresses=[localhost:10010], legalIdentitiesAndCerts=[O=PartyB, L=New York, C=US], platformVersion=3, serial=1550949234257) {}
[INFO ] 2019-02-23T19:16:05,106Z [RxIoScheduler-2] network.PersistentNetworkMapCache.addNode - Discarding older nodeInfo for O=PartyB, L=New York, C=US {}
[INFO ] 2019-02-23T19:16:05,107Z [RxIoScheduler-2] network.PersistentNetworkMapCache.addNode - Adding node with info: NodeInfo(addresses=[localhost:10007], legalIdentitiesAndCerts=[O=PartyA, L=London, C=GB], platformVersion=3, serial=1550949223488) {}
[INFO ] 2019-02-23T19:16:05,110Z [RxIoScheduler-2] network.PersistentNetworkMapCache.addNode - No previous node found {}
[INFO ] 2019-02-23T19:16:05,208Z [RxIoScheduler-2] messaging.P2PMessagingClient.updateBridgesOnNetworkChange - Updating bridges on network map change: NodeInfo(addresses=[localhost:10007], legalIdentitiesAndCerts=[O=PartyA, L=London, C=GB], platformVersion=3, serial=1550949223488) {}
[INFO ] 2019-02-23T19:16:05,262Z [RxIoScheduler-2] network.PersistentNetworkMapCache.addNode - Done adding node with info: NodeInfo(addresses=[localhost:10007], legalIdentitiesAndCerts=[O=PartyA, L=London, C=GB], platformVersion=3, serial=1550949223488) {}
[INFO ] 2019-02-23T19:16:05,264Z [RxIoScheduler-2] network.PersistentNetworkMapCache.addNode - Adding node with info: NodeInfo(addresses=[localhost:10013], legalIdentitiesAndCerts=[O=PartyC, L=Paris, C=FR], platformVersion=3, serial=1550949234822) {}
[INFO ] 2019-02-23T19:16:05,267Z [RxIoScheduler-2] network.PersistentNetworkMapCache.addNode - No previous node found {}
[INFO ] 2019-02-23T19:16:05,328Z [RxIoScheduler-2] messaging.P2PMessagingClient.updateBridgesOnNetworkChange - Updating bridges on network map change: NodeInfo(addresses=[localhost:10013], legalIdentitiesAndCerts=[O=PartyC, L=Paris, C=FR], platformVersion=3, serial=1550949234822) {}
[INFO ] 2019-02-23T19:16:05,336Z [RxIoScheduler-2] network.PersistentNetworkMapCache.addNode - Done adding node with info: NodeInfo(addresses=[localhost:10013], legalIdentitiesAndCerts=[O=PartyC, L=Paris, C=FR], platformVersion=3, serial=1550949234822) {}
[INFO ] 2019-02-23T19:16:05,789Z [Thread-1 (ActiveMQ-client-global-threads)] messaging.RPCServer.clientArtemisMessageHandler - SUBMITTING {actor_id=user1, actor_owningIdentity=O=PartyB, L=New York, C=US, actor_store_id=NODE_CONFIG, invocation_id=6298e25d-0b12-405c-861a-f8bec0d1d3d1, invocation_timestamp=2019-02-23T19:16:05.777Z, session_id=b54070be-5ae4-49e5-8153-c85d2f69cd35, session_timestamp=2019-02-23T19:15:56.506Z}
[INFO ] 2019-02-23T19:16:08,661Z [Thread-0 (ActiveMQ-client-global-threads)] messaging.RPCServer.clientArtemisMessageHandler - SUBMITTING {actor_id=user1, actor_owningIdentity=O=PartyB, L=New York, C=US, actor_store_id=NODE_CONFIG, invocation_id=8adb6621-791e-4f50-82a6-0632f5cf81e1, invocation_timestamp=2019-02-23T19:16:08.661Z, session_id=b54070be-5ae4-49e5-8153-c85d2f69cd35, session_timestamp=2019-02-23T19:15:56.506Z}
[INFO ] 2019-02-23T19:17:05,134Z [Thread-1 (ActiveMQ-client-global-threads)] messaging.P2PMessagingClient.artemisToCordaMessage - Received message from: p2p.inbound.DLDQ7n6cYeL4BiRwJ1KYAFBWaDKjcNB7ymLdjWFp627QeX user: O=PartyA, L=London, C=GB topic: platform.session uuid: efbde89e-bfd2-4d2d-b963-54db3c0b24c4 {actor_id=user1, actor_owningIdentity=O=PartyB, L=New York, C=US, actor_store_id=NODE_CONFIG, invocation_id=6298e25d-0b12-405c-861a-f8bec0d1d3d1, invocation_timestamp=2019-02-23T19:16:05.777Z, session_id=b54070be-5ae4-49e5-8153-c85d2f69cd35, session_timestamp=2019-02-23T19:15:56.506Z}
[INFO ] 2019-02-23T19:17:05,371Z [Node thread-1] statemachine.StateMachineManagerImpl.onSessionInit - Accepting flow session from party O=PartyA, L=London, C=GB. Session id for tracing purposes is SessionId(toLong=4248382133232791093). {invocation_id=f350979f-872d-41e6-b1a7-49ab34843c15, invocation_timestamp=2019-02-23T19:17:05.255Z, session_id=f350979f-872d-41e6-b1a7-49ab34843c15, session_timestamp=2019-02-23T19:17:05.255Z}
[INFO ] 2019-02-23T19:17:05,529Z [Messaging DLDQ7n6cYeL4BiRwJ1KYAFBWaDKjcNB7ymLdjWFp627QeX] messaging.P2PMessagingClient.createQueueIfAbsent - Create fresh queue internal.peers.DLkAgm8zQTTbYW1RMRKN1wHHXKFdJS77naNgnNbRh7ELZ bound on same address {}
[INFO ] 2019-02-23T19:17:05,646Z [Thread-0 (ActiveMQ-client-global-threads)] bridging.BridgeControlListener.processControlMessage - Received bridge control message Create(nodeIdentity=DLDQ7n6cYeL4BiRwJ1KYAFBWaDKjcNB7ymLdjWFp627QeX, bridgeInfo=BridgeEntry(queueName=internal.peers.DLkAgm8zQTTbYW1RMRKN1wHHXKFdJS77naNgnNbRh7ELZ, targets=[localhost:10007], legalNames=[O=PartyA, L=London, C=GB])) {actor_id=user1, actor_owningIdentity=O=PartyB, L=New York, C=US, actor_store_id=NODE_CONFIG, invocation_id=8adb6621-791e-4f50-82a6-0632f5cf81e1, invocation_timestamp=2019-02-23T19:16:08.661Z, session_id=b54070be-5ae4-49e5-8153-c85d2f69cd35, session_timestamp=2019-02-23T19:15:56.506Z}
[INFO ] 2019-02-23T19:17:05,704Z [Thread-0 (ActiveMQ-client-global-threads)] peers.DLkAgm8zQTTbYW1RMRKN1wHHXKFdJS77naNgnNbRh7ELZ -> localhost:10007:O=PartyA, L=London, C=GB.start - Create new AMQP bridge {actor_id=user1, actor_owningIdentity=O=PartyB, L=New York, C=US, actor_store_id=NODE_CONFIG, invocation_id=8adb6621-791e-4f50-82a6-0632f5cf81e1, invocation_timestamp=2019-02-23T19:16:08.661Z, session_id=b54070be-5ae4-49e5-8153-c85d2f69cd35, session_timestamp=2019-02-23T19:15:56.506Z}
[INFO ] 2019-02-23T19:17:05,706Z [Thread-0 (ActiveMQ-client-global-threads)] netty.AMQPClient.start - connect to: localhost:10007 {actor_id=user1, actor_owningIdentity=O=PartyB, L=New York, C=US, actor_store_id=NODE_CONFIG, invocation_id=8adb6621-791e-4f50-82a6-0632f5cf81e1, invocation_timestamp=2019-02-23T19:16:08.661Z, session_id=b54070be-5ae4-49e5-8153-c85d2f69cd35, session_timestamp=2019-02-23T19:15:56.506Z}
[INFO ] 2019-02-23T19:17:05,747Z [nioEventLoopGroup-2-1] netty.AMQPClient.operationComplete - Connected to localhost:10007 {}
[INFO ] 2019-02-23T19:17:05,767Z [nioEventLoopGroup-2-1] O=PartyA, L=London, C=GB.channelActive - New client connection 26fa837e from localhost/127.0.0.1:10007 to /127.0.0.1:63867 {}
[INFO ] 2019-02-23T19:17:05,828Z [nioEventLoopGroup-2-1] netty.LoggingTrustManagerWrapper.checkServerTrusted - Check Server Certpath:
  C=GB,L=London,O=PartyA[716AB604DE9A452D81DA6EF95D6D5A3ABBA65433] issued by C=GB,L=London,O=PartyA[null]
  C=GB,L=London,O=PartyA[697253B52C486582C5B0DB2EF28920AA2608A199] issued by C=US,L=New York,OU=Corda,O=R3 HoldCo LLC,CN=Corda Doorman CA[null]
  C=US,L=New York,OU=Corda,O=R3 HoldCo LLC,CN=Corda Doorman CA[EBEE2E30152940AE19981ED86FE37D7F07A2C213] issued by CN=Corda Node Root CA,O=R3,OU=corda,L=London,C=UK[7CAEA9DFB948012B13890B9AE645851C39170773]
  CN=Corda Node Root CA,O=R3,OU=corda,L=London,C=UK[7CAEA9DFB948012B13890B9AE645851C39170773] issued by CN=Corda Node Root CA,O=R3,OU=corda,L=London,C=UK[null] {}
[INFO ] 2019-02-23T19:17:05,872Z [nioEventLoopGroup-2-1] O=PartyA, L=London, C=GB.userEventTriggered - Handshake completed with subject: O=PartyA, L=London, C=GB {}
[INFO ] 2019-02-23T19:17:05,941Z [nioEventLoopGroup-2-1] peers.DLkAgm8zQTTbYW1RMRKN1wHHXKFdJS77naNgnNbRh7ELZ -> localhost:10007:O=PartyA, L=London, C=GB.onSocketConnected - Bridge Connected {}
[INFO ] 2019-02-23T19:17:05,958Z [nioEventLoopGroup-2-1] O=PartyB, L=New York, C=US.onConnectionLocalOpen - Connection local open org.apache.qpid.proton.engine.impl.ConnectionImpl@5e0c1d6d {}
[INFO ] 2019-02-23T19:17:06,886Z [Thread-0 (ActiveMQ-client-global-threads)] messaging.P2PMessagingClient.artemisToCordaMessage - Received message from: p2p.inbound.DLDQ7n6cYeL4BiRwJ1KYAFBWaDKjcNB7ymLdjWFp627QeX user: O=PartyA, L=London, C=GB topic: platform.session uuid: 731ec1ec-98ca-4e6a-96bf-91acbe815ac4 {actor_id=user1, actor_owningIdentity=O=PartyB, L=New York, C=US, actor_store_id=NODE_CONFIG, invocation_id=8adb6621-791e-4f50-82a6-0632f5cf81e1, invocation_timestamp=2019-02-23T19:16:08.661Z, session_id=b54070be-5ae4-49e5-8153-c85d2f69cd35, session_timestamp=2019-02-23T19:15:56.506Z}
[INFO ] 2019-02-23T19:17:06,997Z [Node thread-1] flow.ExampleFlow.lambda$checkTransaction$0 - output value========================  IOUState(value=43, lender=O=PartyA, L=London, C=GB, borrower=O=PartyB, L=New York, C=US, linearId=aef49204-dd0e-4e7f-bf32-3ef2c68b4993) {}
[INFO ] 2019-02-23T19:17:07,015Z [Node thread-1] flow.ExampleFlow.lambda$checkTransaction$0 - stx========================  SignedTransaction(id=5D34CCFFD8C199F9BBCEA93DE6BA86D2E8530704EE540C7859EB441CEDF91EEA) {}
[INFO ] 2019-02-23T19:17:07,833Z [Thread-1 (ActiveMQ-client-global-threads)] messaging.P2PMessagingClient.artemisToCordaMessage - Received message from: p2p.inbound.DLDQ7n6cYeL4BiRwJ1KYAFBWaDKjcNB7ymLdjWFp627QeX user: O=PartyA, L=London, C=GB topic: platform.session uuid: c894fd6f-af56-4a0c-a836-951ce8b89a72 {actor_id=user1, actor_owningIdentity=O=PartyB, L=New York, C=US, actor_store_id=NODE_CONFIG, invocation_id=6298e25d-0b12-405c-861a-f8bec0d1d3d1, invocation_timestamp=2019-02-23T19:16:05.777Z, session_id=b54070be-5ae4-49e5-8153-c85d2f69cd35, session_timestamp=2019-02-23T19:15:56.506Z}
[INFO ] 2019-02-23T19:17:07,844Z [Node thread-1] statemachine.StateMachineManagerImpl.onSessionInit - Accepting flow session from party O=PartyA, L=London, C=GB. Session id for tracing purposes is SessionId(toLong=2429506475717468905). {invocation_id=b148a22d-fd55-4077-a2b8-0e055e622b0f, invocation_timestamp=2019-02-23T19:17:07.843Z, session_id=b148a22d-fd55-4077-a2b8-0e055e622b0f, session_timestamp=2019-02-23T19:17:07.843Z}
[INFO ] 2019-02-23T19:17:08,291Z [Thread-0 (ActiveMQ-client-global-threads)] messaging.P2PMessagingClient.artemisToCordaMessage - Received message from: p2p.inbound.DLDQ7n6cYeL4BiRwJ1KYAFBWaDKjcNB7ymLdjWFp627QeX user: O=PartyA, L=London, C=GB topic: platform.session uuid: cef5d9e8-288a-40ba-9671-5e739fd11b67 {actor_id=user1, actor_owningIdentity=O=PartyB, L=New York, C=US, actor_store_id=NODE_CONFIG, invocation_id=8adb6621-791e-4f50-82a6-0632f5cf81e1, invocation_timestamp=2019-02-23T19:16:08.661Z, session_id=b54070be-5ae4-49e5-8153-c85d2f69cd35, session_timestamp=2019-02-23T19:15:56.506Z}
