[INFO ] 2019-02-23T19:14:59,237Z [main] webserver.CmdLineOptions.loadConfig - Config:
{
    # hardcoded value
    "baseDirectory" : "D:\\Corda-Sample\\New_Sample_11Feb\\samples\\cordapp-example\\java-source\\build\\nodes\\PartyB",
    # web-reference.conf @ jar:file:/C:/Users/Parivesh/AppData/Local/capsule/apps/net.corda.webserver.WebServer_3.3-corda/corda-webserver-impl-3.3-corda.jar!/web-reference.conf: 2
    "keyStorePassword" : "cordacadevpass",
    # D:\Corda-Sample\New_Sample_11Feb\samples\cordapp-example\java-source\build\nodes\PartyB\node.conf: 1
    "myLegalName" : "O=PartyB,L=New York,C=US",
    # D:\Corda-Sample\New_Sample_11Feb\samples\cordapp-example\java-source\build\nodes\PartyB\node.conf: 2
    "p2pAddress" : "localhost:10010",
    # D:\Corda-Sample\New_Sample_11Feb\samples\cordapp-example\java-source\build\nodes\PartyB\node.conf: 3
    "rpcSettings" : {
        # D:\Corda-Sample\New_Sample_11Feb\samples\cordapp-example\java-source\build\nodes\PartyB\node.conf: 4
        "address" : "localhost:10011",
        # D:\Corda-Sample\New_Sample_11Feb\samples\cordapp-example\java-source\build\nodes\PartyB\node.conf: 5
        "adminAddress" : "localhost:10051"
    },
    # D:\Corda-Sample\New_Sample_11Feb\samples\cordapp-example\java-source\build\nodes\PartyB\node.conf: 7
    "rpcUsers" : [
        # D:\Corda-Sample\New_Sample_11Feb\samples\cordapp-example\java-source\build\nodes\PartyB\node.conf: 8
        {
            # D:\Corda-Sample\New_Sample_11Feb\samples\cordapp-example\java-source\build\nodes\PartyB\node.conf: 9
            "password" : "test",
            # D:\Corda-Sample\New_Sample_11Feb\samples\cordapp-example\java-source\build\nodes\PartyB\node.conf: 10
            "permissions" : [
                # D:\Corda-Sample\New_Sample_11Feb\samples\cordapp-example\java-source\build\nodes\PartyB\node.conf: 11
                "ALL"
            ],
            # D:\Corda-Sample\New_Sample_11Feb\samples\cordapp-example\java-source\build\nodes\PartyB\node.conf: 13
            "user" : "user1"
        }
    ],
    # web-reference.conf @ jar:file:/C:/Users/Parivesh/AppData/Local/capsule/apps/net.corda.webserver.WebServer_3.3-corda/corda-webserver-impl-3.3-corda.jar!/web-reference.conf: 3
    "trustStorePassword" : "trustpass",
    # web-reference.conf @ jar:file:/C:/Users/Parivesh/AppData/Local/capsule/apps/net.corda.webserver.WebServer_3.3-corda/corda-webserver-impl-3.3-corda.jar!/web-reference.conf: 1
    "useHTTPS" : false,
    # D:\Corda-Sample\New_Sample_11Feb\samples\cordapp-example\java-source\build\nodes\PartyB\node.conf: 16
    "webAddress" : "localhost:10012"
}
 {}
[INFO ] 2019-02-23T19:14:59,360Z [main] Main.main - Main class: /C:/Users/Parivesh/AppData/Local/capsule/apps/net.corda.webserver.WebServer_3.3-corda/corda-webserver-impl-3.3-corda.jar {}
[INFO ] 2019-02-23T19:14:59,535Z [main] Main.main - CommandLine Args: -Xmx200m -XX:+UseG1GC -agentlib:jdwp=transport=dt_socket,server=y,suspend=n,address=5009 -javaagent:drivers/jolokia-jvm-1.3.7-agent.jar=port=7009,logHandlerClass=net.corda.webserver.JolokiaSlf4Adapter -javaagent:C:\Users\Parivesh\AppData\Local\capsule\apps\net.corda.webserver.WebServer_3.3-corda\quasar-core-0.7.9-jdk8.jar -javaagent:D:\Corda-Sample\New_Sample_11Feb\samples\cordapp-example\java-source\build\nodes\PartyB\corda-webserver.jar -Dcapsule.address=0.0.0.0 -Dvisualvm.display.name=Corda -Djava.library.path=C:\Program Files\Java\jre1.8.0_191\bin;C:\Windows\Sun\Java\bin;C:\Windows\system32;C:\Windows;C:\Program Files (x86)\Common Files\Oracle\Java\javapath;C:\Program Files (x86)\Intel\Intel(R) Management Engine Components\iCLS;C:\Program Files\Intel\Intel(R) Management Engine Components\iCLS;C:\Windows\system32;C:\Windows;C:\Windows\System32\Wbem;C:\Windows\System32\WindowsPowerShell\v1.0;C:\Windows\System32\OpenSSH;C:\Program Files (x86)\Intel\Intel(R) Management Engine Components\DAL;C:\Program Files\Intel\Intel(R) Management Engine Components\DAL;C:\Program Files (x86)\Intel\Intel(R) Management Engine Components\IPT;C:\Program Files\Intel\Intel(R) Management Engine Components\IPT;C:\Program Files (x86)\NVIDIA Corporation\PhysX\Common;C:\Program Files\nodejs;C:\Program Files\Git\cmd;C:\Program Files\Java\jdk1.8.0_191\bin;D:\Go\bin;C:\Users\Parivesh\AppData\Local\Microsoft\WindowsApps;C:\Users\Parivesh\AppData\Roaming\npm;D:\Program\Microsoft VS Code\bin;C:\Users\Parivesh\go\bin;C:\Users\Parivesh\AppData\Local\capsule\apps\net.corda.webserver.WebServer_3.3-corda -Dcapsule.log=1 -Dcapsule.app=net.corda.webserver.WebServer_3.3-corda -Dcapsule.port=62774 -Dname=PartyB-corda-webserver.jar -Dcapsule.jvm.args=-agentlib:jdwp=transport=dt_socket,server=y,suspend=n,address=5009 -javaagent:drivers/jolokia-jvm-1.3.7-agent.jar=port=7009,logHandlerClass=net.corda.webserver.JolokiaSlf4Adapter -DWebserver -Dcapsule.dir=C:\Users\Parivesh\AppData\Local\capsule\apps\net.corda.webserver.WebServer_3.3-corda -Dcapsule.jar=D:\Corda-Sample\New_Sample_11Feb\samples\cordapp-example\java-source\build\nodes\PartyB\corda-webserver.jar {}
[INFO ] 2019-02-23T19:15:00,114Z [main] Main.main - Application Args:  {}
[INFO ] 2019-02-23T19:15:00,115Z [main] Main.main - bootclasspath: C:\Program Files\Java\jre1.8.0_191\lib\resources.jar;C:\Program Files\Java\jre1.8.0_191\lib\rt.jar;C:\Program Files\Java\jre1.8.0_191\lib\sunrsasign.jar;C:\Program Files\Java\jre1.8.0_191\lib\jsse.jar;C:\Program Files\Java\jre1.8.0_191\lib\jce.jar;C:\Program Files\Java\jre1.8.0_191\lib\charsets.jar;C:\Program Files\Java\jre1.8.0_191\lib\jfr.jar;C:\Program Files\Java\jre1.8.0_191\classes {}
[INFO ] 2019-02-23T19:15:00,115Z [main] Main.main - classpath: D:\Corda-Sample\New_Sample_11Feb\samples\cordapp-example\java-source\build\nodes\PartyB\corda-webserver.jar;C:\Users\Parivesh\AppData\Local\capsule\apps\net.corda.webserver.WebServer_3.3-corda\corda-rpc-3.3-corda.jar;C:\Users\Parivesh\AppData\Local\capsule\apps\net.corda.webserver.WebServer_3.3-corda\corda-jackson-3.3-corda.jar;C:\Users\Parivesh\AppData\Local\capsule\apps\net.corda.webserver.WebServer_3.3-corda\corda-node-api-3.3-corda.jar;C:\Users\Parivesh\AppData\Local\capsule\apps\net.corda.webserver.WebServer_3.3-corda\corda-core-3.3-corda.jar;C:\Users\Parivesh\AppData\Local\capsule\apps\net.corda.webserver.WebServer_3.3-corda\jetty-webapp-9.4.7.v20170914.jar;C:\Users\Parivesh\AppData\Local\capsule\apps\net.corda.webserver.WebServer_3.3-corda\jetty-servlet-9.4.7.v20170914.jar;C:\Users\Parivesh\AppData\Local\capsule\apps\net.corda.webserver.WebServer_3.3-corda\jersey-container-jetty-http-2.25.jar;C:\Users\Parivesh\AppData\Local\capsule\apps\net.corda.webserver.WebServer_3.3-corda\jetty-security-9.4.7.v20170914.jar;C:\Users\Parivesh\AppData\Local\capsule\apps\net.corda.webserver.WebServer_3.3-corda\jetty-server-9.4.7.v20170914.jar;C:\Users\Parivesh\AppData\Local\capsule\apps\net.corda.webserver.WebServer_3.3-corda\javax.servlet-api-3.1.0.jar;C:\Users\Parivesh\AppData\Local\capsule\apps\net.corda.webserver.WebServer_3.3-corda\commons-fileupload-1.3.3.jar;C:\Users\Parivesh\AppData\Local\capsule\apps\net.corda.webserver.WebServer_3.3-corda\log4j-slf4j-impl-2.9.1.jar;C:\Users\Parivesh\AppData\Local\capsule\apps\net.corda.webserver.WebServer_3.3-corda\log4j-core-2.9.1.jar;C:\Users\Parivesh\AppData\Local\capsule\apps\net.corda.webserver.WebServer_3.3-corda\jopt-simple-5.0.2.jar;C:\Users\Parivesh\AppData\Local\capsule\apps\net.corda.webserver.WebServer_3.3-corda\jetty-continuation-9.4.7.v20170914.jar;C:\Users\Parivesh\AppData\Local\capsule\apps\net.corda.webserver.WebServer_3.3-corda\jersey-container-servlet-2.25.jar;C:\Users\Parivesh\AppData\Local\capsule\apps\net.corda.webserver.WebServer_3.3-corda\jersey-container-servlet-core-2.25.jar;C:\Users\Parivesh\AppData\Local\capsule\apps\net.corda.webserver.WebServer_3.3-corda\jersey-server-2.25.jar;C:\Users\Parivesh\AppData\Local\capsule\apps\net.corda.webserver.WebServer_3.3-corda\jersey-media-json-jackson-2.25.jar;C:\Users\Parivesh\AppData\Local\capsule\apps\net.corda.webserver.WebServer_3.3-corda\kotlinx-html-jvm-0.6.3.jar;C:\Users\Parivesh\AppData\Local\capsule\apps\net.corda.webserver.WebServer_3.3-corda\kotlin-stdlib-jre8-1.1.60.jar;C:\Users\Parivesh\AppData\Local\capsule\apps\net.corda.webserver.WebServer_3.3-corda\jackson-module-kotlin-2.9.2.jar;C:\Users\Parivesh\AppData\Local\capsule\apps\net.corda.webserver.WebServer_3.3-corda\kotlin-reflect-1.1.60.jar;C:\Users\Parivesh\AppData\Local\capsule\apps\net.corda.webserver.WebServer_3.3-corda\cordform-common-3.2.1.jar;C:\Users\Parivesh\AppData\Local\capsule\apps\net.corda.webserver.WebServer_3.3-corda\jsr305-3.0.2.jar;C:\Users\Parivesh\AppData\Local\capsule\apps\net.corda.webserver.WebServer_3.3-corda\jcl-over-slf4j-1.7.25.jar;C:\Users\Parivesh\AppData\Local\capsule\apps\net.corda.webserver.WebServer_3.3-corda\slf4j-api-1.7.25.jar;C:\Users\Parivesh\AppData\Local\capsule\apps\net.corda.webserver.WebServer_3.3-corda\rxjava-1.2.4.jar;C:\Users\Parivesh\AppData\Local\capsule\apps\net.corda.webserver.WebServer_3.3-corda\commons-jexl3-3.0.jar;C:\Users\Parivesh\AppData\Local\capsule\apps\net.corda.webserver.WebServer_3.3-corda\jackson-datatype-jsr310-2.9.2.jar;C:\Users\Parivesh\AppData\Local\capsule\apps\net.corda.webserver.WebServer_3.3-corda\jackson-jaxrs-json-provider-2.8.4.jar;C:\Users\Parivesh\AppData\Local\capsule\apps\net.corda.webserver.WebServer_3.3-corda\jackson-jaxrs-base-2.8.4.jar;C:\Users\Parivesh\AppData\Local\capsule\apps\net.corda.webserver.WebServer_3.3-corda\jackson-module-jaxb-annotations-2.8.4.jar;C:\Users\Parivesh\AppData\Local\capsule\apps\net.corda.webserver.WebServer_3.3-corda\jackson-databind-2.9.2.jar;C:\Users\Parivesh\AppData\Local\capsule\apps\net.corda.webserver.WebServer_3.3-corda\eddsa-0.2.0.jar;C:\Users\Parivesh\AppData\Local\capsule\apps\net.corda.webserver.WebServer_3.3-corda\bcpkix-jdk15on-1.57.jar;C:\Users\Parivesh\AppData\Local\capsule\apps\net.corda.webserver.WebServer_3.3-corda\bcprov-jdk15on-1.57.jar;C:\Users\Parivesh\AppData\Local\capsule\apps\net.corda.webserver.WebServer_3.3-corda\hibernate-core-5.2.6.Final.jar;C:\Users\Parivesh\AppData\Local\capsule\apps\net.corda.webserver.WebServer_3.3-corda\hibernate-jpa-2.1-api-1.0.0.Final.jar;C:\Users\Parivesh\AppData\Local\capsule\apps\net.corda.webserver.WebServer_3.3-corda\quasar-core-0.7.9-jdk8.jar;C:\Users\Parivesh\AppData\Local\capsule\apps\net.corda.webserver.WebServer_3.3-corda\jackson-dataformat-yaml-2.9.2.jar;C:\Users\Parivesh\AppData\Local\capsule\apps\net.corda.webserver.WebServer_3.3-corda\artemis-core-client-2.2.0.jar;C:\Users\Parivesh\AppData\Local\capsule\apps\net.corda.webserver.WebServer_3.3-corda\artemis-commons-2.2.0.jar;C:\Users\Parivesh\AppData\Local\capsule\apps\net.corda.webserver.WebServer_3.3-corda\guava-21.0.jar;C:\Users\Parivesh\AppData\Local\capsule\apps\net.corda.webserver.WebServer_3.3-corda\jetty-xml-9.4.7.v20170914.jar;C:\Users\Parivesh\AppData\Local\capsule\apps\net.corda.webserver.WebServer_3.3-corda\commons-io-2.2.jar;C:\Users\Parivesh\AppData\Local\capsule\apps\net.corda.webserver.WebServer_3.3-corda\log4j-api-2.9.1.jar;C:\Users\Parivesh\AppData\Local\capsule\apps\net.corda.webserver.WebServer_3.3-corda\jersey-client-2.25.jar;C:\Users\Parivesh\AppData\Local\capsule\apps\net.corda.webserver.WebServer_3.3-corda\jersey-media-jaxb-2.25.jar;C:\Users\Parivesh\AppData\Local\capsule\apps\net.corda.webserver.WebServer_3.3-corda\jersey-common-2.25.jar;C:\Users\Parivesh\AppData\Local\capsule\apps\net.corda.webserver.WebServer_3.3-corda\jersey-entity-filtering-2.25.jar;C:\Users\Parivesh\AppData\Local\capsule\apps\net.corda.webserver.WebServer_3.3-corda\javax.ws.rs-api-2.0.1.jar;C:\Users\Parivesh\AppData\Local\capsule\apps\net.corda.webserver.WebServer_3.3-corda\javax.annotation-api-1.2.jar;C:\Users\Parivesh\AppData\Local\capsule\apps\net.corda.webserver.WebServer_3.3-corda\hk2-locator-2.5.0-b30.jar;C:\Users\Parivesh\AppData\Local\capsule\apps\net.corda.webserver.WebServer_3.3-corda\hk2-api-2.5.0-b30.jar;C:\Users\Parivesh\AppData\Local\capsule\apps\net.corda.webserver.WebServer_3.3-corda\javax.inject-2.5.0-b30.jar;C:\Users\Parivesh\AppData\Local\capsule\apps\net.corda.webserver.WebServer_3.3-corda\validation-api-1.1.0.Final.jar;C:\Users\Parivesh\AppData\Local\capsule\apps\net.corda.webserver.WebServer_3.3-corda\jetty-http-9.4.7.v20170914.jar;C:\Users\Parivesh\AppData\Local\capsule\apps\net.corda.webserver.WebServer_3.3-corda\jetty-io-9.4.7.v20170914.jar;C:\Users\Parivesh\AppData\Local\capsule\apps\net.corda.webserver.WebServer_3.3-corda\jetty-util-9.4.7.v20170914.jar;C:\Users\Parivesh\AppData\Local\capsule\apps\net.corda.webserver.WebServer_3.3-corda\jackson-annotations-2.9.0.jar;C:\Users\Parivesh\AppData\Local\capsule\apps\net.corda.webserver.WebServer_3.3-corda\kotlin-stdlib-jre7-1.1.60.jar;C:\Users\Parivesh\AppData\Local\capsule\apps\net.corda.webserver.WebServer_3.3-corda\kotlin-stdlib-1.1.60.jar;C:\Users\Parivesh\AppData\Local\capsule\apps\net.corda.webserver.WebServer_3.3-corda\jackson-core-2.9.2.jar;C:\Users\Parivesh\AppData\Local\capsule\apps\net.corda.webserver.WebServer_3.3-corda\hibernate-commons-annotations-5.0.1.Final.jar;C:\Users\Parivesh\AppData\Local\capsule\apps\net.corda.webserver.WebServer_3.3-corda\jboss-logging-3.3.0.Final.jar;C:\Users\Parivesh\AppData\Local\capsule\apps\net.corda.webserver.WebServer_3.3-corda\javassist-3.20.0-GA.jar;C:\Users\Parivesh\AppData\Local\capsule\apps\net.corda.webserver.WebServer_3.3-corda\antlr-2.7.7.jar;C:\Users\Parivesh\AppData\Local\capsule\apps\net.corda.webserver.WebServer_3.3-corda\geronimo-jta_1.1_spec-1.1.1.jar;C:\Users\Parivesh\AppData\Local\capsule\apps\net.corda.webserver.WebServer_3.3-corda\jandex-2.0.3.Final.jar;C:\Users\Parivesh\AppData\Local\capsule\apps\net.corda.webserver.WebServer_3.3-corda\classmate-1.3.0.jar;C:\Users\Parivesh\AppData\Local\capsule\apps\net.corda.webserver.WebServer_3.3-corda\dom4j-1.6.1.jar;C:\Users\Parivesh\AppData\Local\capsule\apps\net.corda.webserver.WebServer_3.3-corda\cdi-api-1.1.jar;C:\Users\Parivesh\AppData\Local\capsule\apps\net.corda.webserver.WebServer_3.3-corda\commons-collections4-4.1.jar;C:\Users\Parivesh\AppData\Local\capsule\apps\net.corda.webserver.WebServer_3.3-corda\commons-beanutils-1.9.3.jar;C:\Users\Parivesh\AppData\Local\capsule\apps\net.corda.webserver.WebServer_3.3-corda\config-1.3.1.jar;C:\Users\Parivesh\AppData\Local\capsule\apps\net.corda.webserver.WebServer_3.3-corda\kryo-serializers-0.41.jar;C:\Users\Parivesh\AppData\Local\capsule\apps\net.corda.webserver.WebServer_3.3-corda\kryo-4.0.0.jar;C:\Users\Parivesh\AppData\Local\capsule\apps\net.corda.webserver.WebServer_3.3-corda\proton-j-0.21.0.jar;C:\Users\Parivesh\AppData\Local\capsule\apps\net.corda.webserver.WebServer_3.3-corda\fast-classpath-scanner-2.12.3.jar;C:\Users\Parivesh\AppData\Local\capsule\apps\net.corda.webserver.WebServer_3.3-corda\snakeyaml-1.18.jar;C:\Users\Parivesh\AppData\Local\capsule\apps\net.corda.webserver.WebServer_3.3-corda\jersey-guava-2.25.jar;C:\Users\Parivesh\AppData\Local\capsule\apps\net.corda.webserver.WebServer_3.3-corda\osgi-resource-locator-1.0.1.jar;C:\Users\Parivesh\AppData\Local\capsule\apps\net.corda.webserver.WebServer_3.3-corda\hk2-utils-2.5.0-b30.jar;C:\Users\Parivesh\AppData\Local\capsule\apps\net.corda.webserver.WebServer_3.3-corda\aopalliance-repackaged-2.5.0-b30.jar;C:\Users\Parivesh\AppData\Local\capsule\apps\net.corda.webserver.WebServer_3.3-corda\el-api-2.2.jar;C:\Users\Parivesh\AppData\Local\capsule\apps\net.corda.webserver.WebServer_3.3-corda\jboss-interceptors-api_1.1_spec-1.0.0.Beta1.jar;C:\Users\Parivesh\AppData\Local\capsule\apps\net.corda.webserver.WebServer_3.3-corda\jsr250-api-1.0.jar;C:\Users\Parivesh\AppData\Local\capsule\apps\net.corda.webserver.WebServer_3.3-corda\javax.inject-1.jar;C:\Users\Parivesh\AppData\Local\capsule\apps\net.corda.webserver.WebServer_3.3-corda\commons-collections-3.2.2.jar;C:\Users\Parivesh\AppData\Local\capsule\apps\net.corda.webserver.WebServer_3.3-corda\jgroups-3.6.13.Final.jar;C:\Users\Parivesh\AppData\Local\capsule\apps\net.corda.webserver.WebServer_3.3-corda\netty-all-4.1.9.Final.jar;C:\Users\Parivesh\AppData\Local\capsule\apps\net.corda.webserver.WebServer_3.3-corda\geronimo-json_1.0_spec-1.0-alpha-1.jar;C:\Users\Parivesh\AppData\Local\capsule\apps\net.corda.webserver.WebServer_3.3-corda\johnzon-core-0.9.5.jar;C:\Users\Parivesh\AppData\Local\capsule\apps\net.corda.webserver.WebServer_3.3-corda\reflectasm-1.11.3.jar;C:\Users\Parivesh\AppData\Local\capsule\apps\net.corda.webserver.WebServer_3.3-corda\minlog-1.3.0.jar;C:\Users\Parivesh\AppData\Local\capsule\apps\net.corda.webserver.WebServer_3.3-corda\objenesis-2.2.jar;C:\Users\Parivesh\AppData\Local\capsule\apps\net.corda.webserver.WebServer_3.3-corda\asm-5.0.4.jar;C:\Users\Parivesh\AppData\Local\capsule\apps\net.corda.webserver.WebServer_3.3-corda\annotations-13.0.jar;C:\Users\Parivesh\AppData\Local\capsule\apps\net.corda.webserver.WebServer_3.3-corda\corda-webserver-impl-3.3-corda.jar;D:\Corda-Sample\New_Sample_11Feb\samples\cordapp-example\java-source\build\nodes\PartyB\cordapps\corda-finance-3.3-corda.jar;D:\Corda-Sample\New_Sample_11Feb\samples\cordapp-example\java-source\build\nodes\PartyB\cordapps\cordapp-example-0.1.jar;drivers/jolokia-jvm-1.3.7-agent.jar;C:\Users\Parivesh\AppData\Local\capsule\apps\net.corda.webserver.WebServer_3.3-corda\quasar-core-0.7.9-jdk8.jar;D:\Corda-Sample\New_Sample_11Feb\samples\cordapp-example\java-source\build\nodes\PartyB\corda-webserver.jar {}
[INFO ] 2019-02-23T19:15:00,117Z [main] Main.main - VM Java HotSpot(TM) 64-Bit Server VM Oracle Corporation 25.191-b12 {}
[INFO ] 2019-02-23T19:15:00,119Z [main] Main.main - Machine: DESKTOP-ODQ0EQI {}
[INFO ] 2019-02-23T19:15:00,120Z [main] Main.main - Working Directory: D:\Corda-Sample\New_Sample_11Feb\samples\cordapp-example\java-source\build\nodes\PartyB {}
[INFO ] 2019-02-23T19:15:06,717Z [main] Main.main - Starting as webserver on localhost:10012 {}
[INFO ] 2019-02-23T19:15:07,553Z [main] BasicInfo.logAndMaybePrint - Starting as webserver: localhost:10012 {}
[WARN ] 2019-02-23T19:15:10,347Z [main] internal.config.defaultToOldPath - Config key user has been deprecated and will be removed in a future release. Use username instead {}
[INFO ] 2019-02-23T19:15:10,358Z [main] internal.NodeWebServer.connectLocalRpcAsNodeUser - Connecting to node at localhost:10011 as User(user1, permissions=[ALL]) {}
[INFO ] 2019-02-23T19:15:25,194Z [main] internal.RPCClient.logElapsedTime - Startup took 9411 msec {}
[WARN ] 2019-02-23T19:15:26,204Z [main] internal.config.defaultToOldPath - Config key user has been deprecated and will be removed in a future release. Use username instead {}
[INFO ] 2019-02-23T19:15:26,208Z [main] internal.NodeWebServer.connectLocalRpcAsNodeUser - Connecting to node at localhost:10011 as User(user1, permissions=[ALL]) {}
[INFO ] 2019-02-23T19:15:27,554Z [main] internal.RPCClient.logElapsedTime - Startup took 1343 msec {}
[WARN ] 2019-02-23T19:15:28,608Z [main] internal.config.defaultToOldPath - Config key user has been deprecated and will be removed in a future release. Use username instead {}
[INFO ] 2019-02-23T19:15:28,610Z [main] internal.NodeWebServer.connectLocalRpcAsNodeUser - Connecting to node at localhost:10011 as User(user1, permissions=[ALL]) {}
[INFO ] 2019-02-23T19:15:30,067Z [main] internal.RPCClient.logElapsedTime - Startup took 1456 msec {}
[WARN ] 2019-02-23T19:15:31,483Z [main] internal.config.defaultToOldPath - Config key user has been deprecated and will be removed in a future release. Use username instead {}
[INFO ] 2019-02-23T19:15:31,486Z [main] internal.NodeWebServer.connectLocalRpcAsNodeUser - Connecting to node at localhost:10011 as User(user1, permissions=[ALL]) {}
[INFO ] 2019-02-23T19:15:32,905Z [main] internal.RPCClient.logElapsedTime - Startup took 1417 msec {}
[WARN ] 2019-02-23T19:15:33,932Z [main] internal.config.defaultToOldPath - Config key user has been deprecated and will be removed in a future release. Use username instead {}
[INFO ] 2019-02-23T19:15:33,947Z [main] internal.NodeWebServer.connectLocalRpcAsNodeUser - Connecting to node at localhost:10011 as User(user1, permissions=[ALL]) {}
[INFO ] 2019-02-23T19:15:35,233Z [main] internal.RPCClient.logElapsedTime - Startup took 1284 msec {}
[WARN ] 2019-02-23T19:15:36,237Z [main] internal.config.defaultToOldPath - Config key user has been deprecated and will be removed in a future release. Use username instead {}
[INFO ] 2019-02-23T19:15:36,239Z [main] internal.NodeWebServer.connectLocalRpcAsNodeUser - Connecting to node at localhost:10011 as User(user1, permissions=[ALL]) {}
[INFO ] 2019-02-23T19:15:37,558Z [main] internal.RPCClient.logElapsedTime - Startup took 1318 msec {}
[WARN ] 2019-02-23T19:15:38,621Z [main] internal.config.defaultToOldPath - Config key user has been deprecated and will be removed in a future release. Use username instead {}
[INFO ] 2019-02-23T19:15:38,622Z [main] internal.NodeWebServer.connectLocalRpcAsNodeUser - Connecting to node at localhost:10011 as User(user1, permissions=[ALL]) {}
[INFO ] 2019-02-23T19:15:40,036Z [main] internal.RPCClient.logElapsedTime - Startup took 1413 msec {}
[WARN ] 2019-02-23T19:15:41,042Z [main] internal.config.defaultToOldPath - Config key user has been deprecated and will be removed in a future release. Use username instead {}
[INFO ] 2019-02-23T19:15:41,044Z [main] internal.NodeWebServer.connectLocalRpcAsNodeUser - Connecting to node at localhost:10011 as User(user1, permissions=[ALL]) {}
[INFO ] 2019-02-23T19:15:42,248Z [main] internal.RPCClient.logElapsedTime - Startup took 1203 msec {}
[WARN ] 2019-02-23T19:15:43,259Z [main] internal.config.defaultToOldPath - Config key user has been deprecated and will be removed in a future release. Use username instead {}
[INFO ] 2019-02-23T19:15:43,264Z [main] internal.NodeWebServer.connectLocalRpcAsNodeUser - Connecting to node at localhost:10011 as User(user1, permissions=[ALL]) {}
[INFO ] 2019-02-23T19:15:44,715Z [main] internal.RPCClient.logElapsedTime - Startup took 1450 msec {}
[WARN ] 2019-02-23T19:15:45,800Z [main] internal.config.defaultToOldPath - Config key user has been deprecated and will be removed in a future release. Use username instead {}
[INFO ] 2019-02-23T19:15:45,802Z [main] internal.NodeWebServer.connectLocalRpcAsNodeUser - Connecting to node at localhost:10011 as User(user1, permissions=[ALL]) {}
[INFO ] 2019-02-23T19:15:46,932Z [main] internal.RPCClient.logElapsedTime - Startup took 1129 msec {}
[WARN ] 2019-02-23T19:15:47,939Z [main] internal.config.defaultToOldPath - Config key user has been deprecated and will be removed in a future release. Use username instead {}
[INFO ] 2019-02-23T19:15:47,942Z [main] internal.NodeWebServer.connectLocalRpcAsNodeUser - Connecting to node at localhost:10011 as User(user1, permissions=[ALL]) {}
[INFO ] 2019-02-23T19:15:49,038Z [main] internal.RPCClient.logElapsedTime - Startup took 1095 msec {}
[WARN ] 2019-02-23T19:15:50,040Z [main] internal.config.defaultToOldPath - Config key user has been deprecated and will be removed in a future release. Use username instead {}
[INFO ] 2019-02-23T19:15:50,041Z [main] internal.NodeWebServer.connectLocalRpcAsNodeUser - Connecting to node at localhost:10011 as User(user1, permissions=[ALL]) {}
[INFO ] 2019-02-23T19:15:51,129Z [main] internal.RPCClient.logElapsedTime - Startup took 1087 msec {}
[WARN ] 2019-02-23T19:15:52,130Z [main] internal.config.defaultToOldPath - Config key user has been deprecated and will be removed in a future release. Use username instead {}
[INFO ] 2019-02-23T19:15:52,132Z [main] internal.NodeWebServer.connectLocalRpcAsNodeUser - Connecting to node at localhost:10011 as User(user1, permissions=[ALL]) {}
[INFO ] 2019-02-23T19:15:53,311Z [main] internal.RPCClient.logElapsedTime - Startup took 1178 msec {}
[WARN ] 2019-02-23T19:15:54,320Z [main] internal.config.defaultToOldPath - Config key user has been deprecated and will be removed in a future release. Use username instead {}
[INFO ] 2019-02-23T19:15:54,321Z [main] internal.NodeWebServer.connectLocalRpcAsNodeUser - Connecting to node at localhost:10011 as User(user1, permissions=[ALL]) {}
[INFO ] 2019-02-23T19:15:55,496Z [main] internal.RPCClient.logElapsedTime - Startup took 1173 msec {}
[WARN ] 2019-02-23T19:15:56,497Z [main] internal.config.defaultToOldPath - Config key user has been deprecated and will be removed in a future release. Use username instead {}
[INFO ] 2019-02-23T19:15:56,505Z [main] internal.NodeWebServer.connectLocalRpcAsNodeUser - Connecting to node at localhost:10011 as User(user1, permissions=[ALL]) {}
[INFO ] 2019-02-23T19:16:05,996Z [main] internal.RPCClient.logElapsedTime - Startup took 9489 msec {}
[INFO ] 2019-02-23T19:16:06,056Z [main] util.log.initialized - Logging initialized @91807ms to org.eclipse.jetty.util.log.Slf4jLog {}
[INFO ] 2019-02-23T19:16:08,631Z [main] internal.NodeWebServer.buildServletContextHandler - Add plugin web API from attachment com.example.plugin.ExamplePlugin$$Lambda$12/883636619@7d28efd5 {}
[INFO ] 2019-02-23T19:16:10,066Z [main] server.Server.doStart - jetty-9.4.7.v20170914 {}
[INFO ] 2019-02-23T19:16:12,487Z [main] handler.ContextHandler.doStart - Started o.e.j.s.ServletContextHandler@1b204439{/,null,AVAILABLE} {}
[INFO ] 2019-02-23T19:16:12,523Z [main] server.AbstractConnector.doStart - Started ServerConnector@53425450{HTTP/1.1,[http/1.1]}{0.0.0.0:10012} {}
[INFO ] 2019-02-23T19:16:12,524Z [main] server.Server.doStart - Started @98280ms {}
[INFO ] 2019-02-23T19:16:12,524Z [main] internal.NodeWebServer.initWebServer - Starting webserver on address localhost:10012 {}
