[INFO ] 2019-02-23T19:13:24,631Z [main] manifests.Manifests.info - 111 attributes loaded from 123 stream(s) in 3s, 111 saved, 1956 ignored: ["ActiveMQ-Version", "Agent-Class", "Ant-Version", "Application-Class", "Application-Library-Allowable-Codebase", "Application-Name", "Application-Version", "Archiver-Version", "Automatic-Module-Name", "Bnd-LastModified", "Branch", "Build-Date", "Build-Host", "Build-Id", "Build-Java-Version", "Build-Jdk", "Build-Job", "Build-Number", "Build-Timestamp", "Built-By", "Built-OS", "Built-Status", "Bundle-Activator", "Bundle-Category", "Bundle-ClassPath", "Bundle-Copyright", "Bundle-Description", "Bundle-DocURL", "Bundle-License", "Bundle-ManifestVersion", "Bundle-Name", "Bundle-RequiredExecutionEnvironment", "Bundle-SymbolicName", "Bundle-Vendor", "Bundle-Version", "Caller-Allowable-Codebase", "Can-Redefine-Classes", "Can-Retransform-Classes", "Can-Set-Native-Method-Prefix", "Caplets", "Change", "Codebase", "Corda-Platform-Version", "Corda-Release-Version", "Corda-Revision", "Corda-Vendor", "Created-By", "DynamicImport-Package", "Eclipse-BuddyPolicy", "Eclipse-LazyStart", "Export-Package", "Extension-Name", "Fragment-Host", "Gradle-Version", "Ignore-Package", "Implementation-Build", "Implementation-Build-Date", "Implementation-Title", "Implementation-URL", "Implementation-Url", "Implementation-Vendor", "Implementation-Vendor-Id", "Implementation-Version", "Import-Package", "Include-Resource", "JCabi-Build", "JCabi-Date", "JCabi-Version", "JVM-Args", "Java-Agents", "Java-Vendor", "Java-Version", "Kotlin-Runtime-Component", "Kotlin-Version", "Log4jReleaseKey", "Log4jReleaseManager", "Log4jReleaseVersion", "Main-Class", "Main-class", "Manifest-Version", "Min-Java-Version", "Min-Update-Version", "Module-Email", "Module-Origin", "Module-Owner", "Module-Source", "Multi-Release", "Originally-Created-By", "Os-Arch", "Os-Name", "Os-Version", "Package", "Permissions", "Premain-Class", "Private-Package", "Provide-Capability", "Require-Capability", "SCM-Revision", "SCM-url", "Scm-Connection", "Scm-Revision", "Scm-Url", "Service-Component", "Specification-Title", "Specification-Vendor", "Specification-Version", "System-Properties", "Tool", "Trusted-Library", "X-Compile-Source-JDK", "X-Compile-Target-JDK"] {}
[INFO ] 2019-02-23T19:13:25,223Z [main] BasicInfo.printBasicNodeInfo - Logs can be found in                    : D:\Corda-Sample\New_Sample_11Feb\samples\cordapp-example\java-source\build\nodes\PartyA\logs {}
[INFO ] 2019-02-23T19:13:25,444Z [main] config.ConfigHelper.loadConfig - Config:
{
    # reference.conf @ jar:file:/D:/Corda-Sample/New_Sample_11Feb/samples/cordapp-example/java-source/build/nodes/PartyA/corda.jar!/reference.conf: 20
    "activeMQServer" : {
        # reference.conf @ jar:file:/D:/Corda-Sample/New_Sample_11Feb/samples/cordapp-example/java-source/build/nodes/PartyA/corda.jar!/reference.conf: 21
        "bridge" : {
            # reference.conf @ jar:file:/D:/Corda-Sample/New_Sample_11Feb/samples/cordapp-example/java-source/build/nodes/PartyA/corda.jar!/reference.conf: 24
            "maxRetryIntervalMin" : 3,
            # reference.conf @ jar:file:/D:/Corda-Sample/New_Sample_11Feb/samples/cordapp-example/java-source/build/nodes/PartyA/corda.jar!/reference.conf: 22
            "retryIntervalMs" : 5000,
            # reference.conf @ jar:file:/D:/Corda-Sample/New_Sample_11Feb/samples/cordapp-example/java-source/build/nodes/PartyA/corda.jar!/reference.conf: 23
            "retryIntervalMultiplier" : 1.5
        }
    },
    # hardcoded value
    "baseDirectory" : "D:\\Corda-Sample\\New_Sample_11Feb\\samples\\cordapp-example\\java-source\\build\\nodes\\PartyA",
    # merge of reference.conf @ jar:file:/D:/Corda-Sample/New_Sample_11Feb/samples/cordapp-example/java-source/build/nodes/PartyA/corda.jar!/reference.conf: 6,reference.conf @ jar:file:/D:/Corda-Sample/New_Sample_11Feb/samples/cordapp-example/java-source/build/nodes/.cache/apps/net.corda.node.Corda_3.3-corda/corda-node-3.3-corda.jar!/reference.conf: 6
    "dataSourceProperties" : {
        # reference.conf @ jar:file:/D:/Corda-Sample/New_Sample_11Feb/samples/cordapp-example/java-source/build/nodes/PartyA/corda.jar!/reference.conf: 10
        "dataSource.password" : "",
        # merge of reference.conf @ jar:file:/D:/Corda-Sample/New_Sample_11Feb/samples/cordapp-example/java-source/build/nodes/PartyA/corda.jar!/reference.conf: 8,hardcoded value,reference.conf @ jar:file:/D:/Corda-Sample/New_Sample_11Feb/samples/cordapp-example/java-source/build/nodes/PartyA/corda.jar!/reference.conf: 8,reference.conf @ jar:file:/D:/Corda-Sample/New_Sample_11Feb/samples/cordapp-example/java-source/build/nodes/PartyA/corda.jar!/reference.conf: 17
        "dataSource.url" : "jdbc:h2:file:D:\\Corda-Sample\\New_Sample_11Feb\\samples\\cordapp-example\\java-source\\build\\nodes\\PartyA/persistence;DB_CLOSE_ON_EXIT=FALSE;LOCK_TIMEOUT=10000;WRITE_DELAY=100;AUTO_SERVER_PORT=0",
        # reference.conf @ jar:file:/D:/Corda-Sample/New_Sample_11Feb/samples/cordapp-example/java-source/build/nodes/PartyA/corda.jar!/reference.conf: 9
        "dataSource.user" : "sa",
        # reference.conf @ jar:file:/D:/Corda-Sample/New_Sample_11Feb/samples/cordapp-example/java-source/build/nodes/PartyA/corda.jar!/reference.conf: 7
        "dataSourceClassName" : "org.h2.jdbcx.JdbcDataSource"
    },
    # reference.conf @ jar:file:/D:/Corda-Sample/New_Sample_11Feb/samples/cordapp-example/java-source/build/nodes/PartyA/corda.jar!/reference.conf: 12
    "database" : {
        # reference.conf @ jar:file:/D:/Corda-Sample/New_Sample_11Feb/samples/cordapp-example/java-source/build/nodes/PartyA/corda.jar!/reference.conf: 14
        "exportHibernateJMXStatistics" : "false",
        # reference.conf @ jar:file:/D:/Corda-Sample/New_Sample_11Feb/samples/cordapp-example/java-source/build/nodes/PartyA/corda.jar!/reference.conf: 13
        "transactionIsolationLevel" : "REPEATABLE_READ"
    },
    # reference.conf @ jar:file:/D:/Corda-Sample/New_Sample_11Feb/samples/cordapp-example/java-source/build/nodes/PartyA/corda.jar!/reference.conf: 16
    "devMode" : true,
    # reference.conf @ jar:file:/D:/Corda-Sample/New_Sample_11Feb/samples/cordapp-example/java-source/build/nodes/PartyA/corda.jar!/reference.conf: 2
    "emailAddress" : "admin@company.com",
    # reference.conf @ jar:file:/D:/Corda-Sample/New_Sample_11Feb/samples/cordapp-example/java-source/build/nodes/PartyA/corda.jar!/reference.conf: 3
    "exportJMXto" : "http",
    # reference.conf @ jar:file:/D:/Corda-Sample/New_Sample_11Feb/samples/cordapp-example/java-source/build/nodes/PartyA/corda.jar!/reference.conf: 31
    "flowTimeout" : {
        # reference.conf @ jar:file:/D:/Corda-Sample/New_Sample_11Feb/samples/cordapp-example/java-source/build/nodes/PartyA/corda.jar!/reference.conf: 34
        "backoffBase" : 1.8,
        # reference.conf @ jar:file:/D:/Corda-Sample/New_Sample_11Feb/samples/cordapp-example/java-source/build/nodes/PartyA/corda.jar!/reference.conf: 33
        "maxRestartCount" : 5,
        # reference.conf @ jar:file:/D:/Corda-Sample/New_Sample_11Feb/samples/cordapp-example/java-source/build/nodes/PartyA/corda.jar!/reference.conf: 32
        "timeout" : "30 seconds"
    },
    # reference.conf @ jar:file:/D:/Corda-Sample/New_Sample_11Feb/samples/cordapp-example/java-source/build/nodes/PartyA/corda.jar!/reference.conf: 17
    "h2port" : 0,
    # reference.conf @ jar:file:/D:/Corda-Sample/New_Sample_11Feb/samples/cordapp-example/java-source/build/nodes/PartyA/corda.jar!/reference.conf: 4
    "keyStorePassword" : "cordacadevpass",
    # D:\Corda-Sample\New_Sample_11Feb\samples\cordapp-example\java-source\build\nodes\PartyA\node.conf: 1
    "myLegalName" : "O=PartyA,L=London,C=GB",
    # hardcoded value
    "noLocalShell" : false,
    # D:\Corda-Sample\New_Sample_11Feb\samples\cordapp-example\java-source\build\nodes\PartyA\node.conf: 2
    "p2pAddress" : "localhost:10007",
    # merge of D:\Corda-Sample\New_Sample_11Feb\samples\cordapp-example\java-source\build\nodes\PartyA\node.conf: 3,reference.conf @ jar:file:/D:/Corda-Sample/New_Sample_11Feb/samples/cordapp-example/java-source/build/nodes/PartyA/corda.jar!/reference.conf: 27
    "rpcSettings" : {
        # D:\Corda-Sample\New_Sample_11Feb\samples\cordapp-example\java-source\build\nodes\PartyA\node.conf: 4
        "address" : "localhost:10008",
        # D:\Corda-Sample\New_Sample_11Feb\samples\cordapp-example\java-source\build\nodes\PartyA\node.conf: 5
        "adminAddress" : "localhost:10048",
        # reference.conf @ jar:file:/D:/Corda-Sample/New_Sample_11Feb/samples/cordapp-example/java-source/build/nodes/PartyA/corda.jar!/reference.conf: 29
        "standAloneBroker" : false,
        # reference.conf @ jar:file:/D:/Corda-Sample/New_Sample_11Feb/samples/cordapp-example/java-source/build/nodes/PartyA/corda.jar!/reference.conf: 28
        "useSsl" : false
    },
    # D:\Corda-Sample\New_Sample_11Feb\samples\cordapp-example\java-source\build\nodes\PartyA\node.conf: 7
    "rpcUsers" : [
        # D:\Corda-Sample\New_Sample_11Feb\samples\cordapp-example\java-source\build\nodes\PartyA\node.conf: 8
        {
            # D:\Corda-Sample\New_Sample_11Feb\samples\cordapp-example\java-source\build\nodes\PartyA\node.conf: 9
            "password" : "test",
            # D:\Corda-Sample\New_Sample_11Feb\samples\cordapp-example\java-source\build\nodes\PartyA\node.conf: 10
            "permissions" : [
                # D:\Corda-Sample\New_Sample_11Feb\samples\cordapp-example\java-source\build\nodes\PartyA\node.conf: 11
                "ALL"
            ],
            # D:\Corda-Sample\New_Sample_11Feb\samples\cordapp-example\java-source\build\nodes\PartyA\node.conf: 13
            "user" : "user1"
        }
    ],
    # reference.conf @ jar:file:/D:/Corda-Sample/New_Sample_11Feb/samples/cordapp-example/java-source/build/nodes/PartyA/corda.jar!/reference.conf: 5
    "trustStorePassword" : "trustpass",
    # reference.conf @ jar:file:/D:/Corda-Sample/New_Sample_11Feb/samples/cordapp-example/java-source/build/nodes/PartyA/corda.jar!/reference.conf: 18
    "useTestClock" : false,
    # reference.conf @ jar:file:/D:/Corda-Sample/New_Sample_11Feb/samples/cordapp-example/java-source/build/nodes/PartyA/corda.jar!/reference.conf: 19
    "verifierType" : "InMemory",
    # D:\Corda-Sample\New_Sample_11Feb\samples\cordapp-example\java-source\build\nodes\PartyA\node.conf: 16
    "webAddress" : "localhost:10009"
}
 {}
[WARN ] 2019-02-23T19:13:27,127Z [main] internal.config.defaultToOldPath - Config key user has been deprecated and will be removed in a future release. Use username instead {}
[INFO ] 2019-02-23T19:13:27,235Z [main] internal.Node.logStartupInfo - Vendor: Corda Open Source {}
[INFO ] 2019-02-23T19:13:27,235Z [main] internal.Node.logStartupInfo - Release: 3.3-corda {}
[INFO ] 2019-02-23T19:13:27,235Z [main] internal.Node.logStartupInfo - Platform Version: 3 {}
[INFO ] 2019-02-23T19:13:27,236Z [main] internal.Node.logStartupInfo - Revision: c834162cd488784a0412bba4c9e638da89912ac2 {}
[INFO ] 2019-02-23T19:13:27,237Z [main] internal.Node.logStartupInfo - PID: 6372 {}
[INFO ] 2019-02-23T19:13:27,238Z [main] internal.Node.logStartupInfo - Main class: /D:/Corda-Sample/New_Sample_11Feb/samples/cordapp-example/java-source/build/nodes/.cache/apps/net.corda.node.Corda_3.3-corda/corda-node-3.3-corda.jar {}
[INFO ] 2019-02-23T19:13:27,238Z [main] internal.Node.logStartupInfo - CommandLine Args: -Xmx200m -XX:+UseG1GC -javaagent:D:\Corda-Sample\New_Sample_11Feb\samples\cordapp-example\java-source\build\nodes\PartyA\corda.jar -javaagent:D:\Corda-Sample\New_Sample_11Feb\samples\cordapp-example\java-source\build\nodes\.cache\apps\net.corda.node.Corda_3.3-corda\quasar-core-0.7.9-jdk8.jar=x(antlr**;bftsmart**;ch**;co.paralleluniverse**;com.codahale**;com.esotericsoftware**;com.fasterxml**;com.google**;com.ibm**;com.intellij**;com.jcabi**;com.nhaarman**;com.opengamma**;com.typesafe**;com.zaxxer**;de.javakaffee**;groovy**;groovyjarjarantlr**;groovyjarjarasm**;io.atomix**;io.github**;io.netty**;jdk**;joptsimple**;junit**;kotlin**;net.bytebuddy**;net.i2p**;org.apache**;org.assertj**;org.bouncycastle**;org.codehaus**;org.crsh**;org.dom4j**;org.fusesource**;org.h2**;org.hamcrest**;org.hibernate**;org.jboss**;org.jcp**;org.joda**;org.junit**;org.mockito**;org.objectweb**;org.objenesis**;org.slf4j**;org.w3c**;org.xml**;org.yaml**;reflectasm**;rx**;org.jolokia**) -Dcapsule.address=0.0.0.0 -Dvisualvm.display.name=Corda -Djava.library.path=C:\Program Files\Java\jdk1.8.0_191\bin;C:\Windows\Sun\Java\bin;C:\Windows\system32;C:\Windows;C:\Program Files (x86)\Common Files\Oracle\Java\javapath;C:\Program Files (x86)\Intel\Intel(R) Management Engine Components\iCLS;C:\Program Files\Intel\Intel(R) Management Engine Components\iCLS;C:\Windows\system32;C:\Windows;C:\Windows\System32\Wbem;C:\Windows\System32\WindowsPowerShell\v1.0;C:\Windows\System32\OpenSSH;C:\Program Files (x86)\Intel\Intel(R) Management Engine Components\DAL;C:\Program Files\Intel\Intel(R) Management Engine Components\DAL;C:\Program Files (x86)\Intel\Intel(R) Management Engine Components\IPT;C:\Program Files\Intel\Intel(R) Management Engine Components\IPT;C:\Program Files (x86)\NVIDIA Corporation\PhysX\Common;C:\Program Files\nodejs;C:\Program Files\Git\cmd;C:\Program Files\Java\jdk1.8.0_191\bin;D:\Go\bin;C:\Users\Parivesh\AppData\Local\Microsoft\WindowsApps;C:\Users\Parivesh\AppData\Roaming\npm;D:\Program\Microsoft VS Code\bin;C:\Users\Parivesh\go\bin;D:\Corda-Sample\New_Sample_11Feb\samples\cordapp-example\java-source\build\nodes\.cache\apps\net.corda.node.Corda_3.3-corda -Dcapsule.log=1 -Dcapsule.app=net.corda.node.Corda_3.3-corda -Dcapsule.port=62748 -Dcapsule.dir=D:\Corda-Sample\New_Sample_11Feb\samples\cordapp-example\java-source\build\nodes\.cache\apps\net.corda.node.Corda_3.3-corda -Dcapsule.jar=D:\Corda-Sample\New_Sample_11Feb\samples\cordapp-example\java-source\build\nodes\PartyA\corda.jar {}
[INFO ] 2019-02-23T19:13:27,239Z [main] internal.Node.logStartupInfo - Application Args: --just-generate-node-info {}
[INFO ] 2019-02-23T19:13:27,240Z [main] internal.Node.logStartupInfo - bootclasspath: C:\Program Files\Java\jdk1.8.0_191\jre\lib\resources.jar;C:\Program Files\Java\jdk1.8.0_191\jre\lib\rt.jar;C:\Program Files\Java\jdk1.8.0_191\jre\lib\sunrsasign.jar;C:\Program Files\Java\jdk1.8.0_191\jre\lib\jsse.jar;C:\Program Files\Java\jdk1.8.0_191\jre\lib\jce.jar;C:\Program Files\Java\jdk1.8.0_191\jre\lib\charsets.jar;C:\Program Files\Java\jdk1.8.0_191\jre\lib\jfr.jar;C:\Program Files\Java\jdk1.8.0_191\jre\classes {}
[INFO ] 2019-02-23T19:13:27,240Z [main] internal.Node.logStartupInfo - classpath: D:\Corda-Sample\New_Sample_11Feb\samples\cordapp-example\java-source\build\nodes\PartyA\corda.jar;D:\Corda-Sample\New_Sample_11Feb\samples\cordapp-example\java-source\build\nodes\.cache\apps\net.corda.node.Corda_3.3-corda\corda-rpc-3.3-corda.jar;D:\Corda-Sample\New_Sample_11Feb\samples\cordapp-example\java-source\build\nodes\.cache\apps\net.corda.node.Corda_3.3-corda\corda-node-api-3.3-corda.jar;D:\Corda-Sample\New_Sample_11Feb\samples\cordapp-example\java-source\build\nodes\.cache\apps\net.corda.node.Corda_3.3-corda\corda-confidential-identities-3.3-corda.jar;D:\Corda-Sample\New_Sample_11Feb\samples\cordapp-example\java-source\build\nodes\.cache\apps\net.corda.node.Corda_3.3-corda\cordform-common-3.2.1.jar;D:\Corda-Sample\New_Sample_11Feb\samples\cordapp-example\java-source\build\nodes\.cache\apps\net.corda.node.Corda_3.3-corda\log4j-slf4j-impl-2.9.1.jar;D:\Corda-Sample\New_Sample_11Feb\samples\cordapp-example\java-source\build\nodes\.cache\apps\net.corda.node.Corda_3.3-corda\log4j-web-2.9.1.jar;D:\Corda-Sample\New_Sample_11Feb\samples\cordapp-example\java-source\build\nodes\.cache\apps\net.corda.node.Corda_3.3-corda\jul-to-slf4j-1.7.25.jar;D:\Corda-Sample\New_Sample_11Feb\samples\cordapp-example\java-source\build\nodes\.cache\apps\net.corda.node.Corda_3.3-corda\corda-jackson-3.3-corda.jar;D:\Corda-Sample\New_Sample_11Feb\samples\cordapp-example\java-source\build\nodes\.cache\apps\net.corda.node.Corda_3.3-corda\corda-core-3.3-corda.jar;D:\Corda-Sample\New_Sample_11Feb\samples\cordapp-example\java-source\build\nodes\.cache\apps\net.corda.node.Corda_3.3-corda\kotlin-stdlib-jre8-1.1.60.jar;D:\Corda-Sample\New_Sample_11Feb\samples\cordapp-example\java-source\build\nodes\.cache\apps\net.corda.node.Corda_3.3-corda\jackson-module-kotlin-2.9.2.jar;D:\Corda-Sample\New_Sample_11Feb\samples\cordapp-example\java-source\build\nodes\.cache\apps\net.corda.node.Corda_3.3-corda\kotlin-reflect-1.1.60.jar;D:\Corda-Sample\New_Sample_11Feb\samples\cordapp-example\java-source\build\nodes\.cache\apps\net.corda.node.Corda_3.3-corda\jimfs-1.1.jar;D:\Corda-Sample\New_Sample_11Feb\samples\cordapp-example\java-source\build\nodes\.cache\apps\net.corda.node.Corda_3.3-corda\artemis-amqp-protocol-2.2.0.jar;D:\Corda-Sample\New_Sample_11Feb\samples\cordapp-example\java-source\build\nodes\.cache\apps\net.corda.node.Corda_3.3-corda\artemis-server-2.2.0.jar;D:\Corda-Sample\New_Sample_11Feb\samples\cordapp-example\java-source\build\nodes\.cache\apps\net.corda.node.Corda_3.3-corda\artemis-jdbc-store-2.2.0.jar;D:\Corda-Sample\New_Sample_11Feb\samples\cordapp-example\java-source\build\nodes\.cache\apps\net.corda.node.Corda_3.3-corda\artemis-jms-client-2.2.0.jar;D:\Corda-Sample\New_Sample_11Feb\samples\cordapp-example\java-source\build\nodes\.cache\apps\net.corda.node.Corda_3.3-corda\artemis-core-client-2.2.0.jar;D:\Corda-Sample\New_Sample_11Feb\samples\cordapp-example\java-source\build\nodes\.cache\apps\net.corda.node.Corda_3.3-corda\artemis-journal-2.2.0.jar;D:\Corda-Sample\New_Sample_11Feb\samples\cordapp-example\java-source\build\nodes\.cache\apps\net.corda.node.Corda_3.3-corda\artemis-commons-2.2.0.jar;D:\Corda-Sample\New_Sample_11Feb\samples\cordapp-example\java-source\build\nodes\.cache\apps\net.corda.node.Corda_3.3-corda\guava-21.0.jar;D:\Corda-Sample\New_Sample_11Feb\samples\cordapp-example\java-source\build\nodes\.cache\apps\net.corda.node.Corda_3.3-corda\jopt-simple-5.0.2.jar;D:\Corda-Sample\New_Sample_11Feb\samples\cordapp-example\java-source\build\nodes\.cache\apps\net.corda.node.Corda_3.3-corda\commons-collections4-4.1.jar;D:\Corda-Sample\New_Sample_11Feb\samples\cordapp-example\java-source\build\nodes\.cache\apps\net.corda.node.Corda_3.3-corda\shiro-core-1.4.0.jar;D:\Corda-Sample\New_Sample_11Feb\samples\cordapp-example\java-source\build\nodes\.cache\apps\net.corda.node.Corda_3.3-corda\shiro-config-ogdl-1.4.0.jar;D:\Corda-Sample\New_Sample_11Feb\samples\cordapp-example\java-source\build\nodes\.cache\apps\net.corda.node.Corda_3.3-corda\commons-beanutils-1.9.3.jar;D:\Corda-Sample\New_Sample_11Feb\samples\cordapp-example\java-source\build\nodes\.cache\apps\net.corda.node.Corda_3.3-corda\jansi-1.14.jar;D:\Corda-Sample\New_Sample_11Feb\samples\cordapp-example\java-source\build\nodes\.cache\apps\net.corda.node.Corda_3.3-corda\jcabi-manifests-1.1.jar;D:\Corda-Sample\New_Sample_11Feb\samples\cordapp-example\java-source\build\nodes\.cache\apps\net.corda.node.Corda_3.3-corda\forms_rt-7.0.3.jar;D:\Corda-Sample\New_Sample_11Feb\samples\cordapp-example\java-source\build\nodes\.cache\apps\net.corda.node.Corda_3.3-corda\metrics-core-3.1.2.jar;D:\Corda-Sample\New_Sample_11Feb\samples\cordapp-example\java-source\build\nodes\.cache\apps\net.corda.node.Corda_3.3-corda\config-1.3.1.jar;D:\Corda-Sample\New_Sample_11Feb\samples\cordapp-example\java-source\build\nodes\.cache\apps\net.corda.node.Corda_3.3-corda\h2-1.4.194.jar;D:\Corda-Sample\New_Sample_11Feb\samples\cordapp-example\java-source\build\nodes\.cache\apps\net.corda.node.Corda_3.3-corda\postgresql-42.1.4.jar;D:\Corda-Sample\New_Sample_11Feb\samples\cordapp-example\java-source\build\nodes\.cache\apps\net.corda.node.Corda_3.3-corda\HikariCP-2.5.1.jar;D:\Corda-Sample\New_Sample_11Feb\samples\cordapp-example\java-source\build\nodes\.cache\apps\net.corda.node.Corda_3.3-corda\hibernate-java8-5.2.6.Final.jar;D:\Corda-Sample\New_Sample_11Feb\samples\cordapp-example\java-source\build\nodes\.cache\apps\net.corda.node.Corda_3.3-corda\hibernate-core-5.2.6.Final.jar;D:\Corda-Sample\New_Sample_11Feb\samples\cordapp-example\java-source\build\nodes\.cache\apps\net.corda.node.Corda_3.3-corda\copycat-client-1.2.3.jar;D:\Corda-Sample\New_Sample_11Feb\samples\cordapp-example\java-source\build\nodes\.cache\apps\net.corda.node.Corda_3.3-corda\copycat-server-1.2.3.jar;D:\Corda-Sample\New_Sample_11Feb\samples\cordapp-example\java-source\build\nodes\.cache\apps\net.corda.node.Corda_3.3-corda\catalyst-netty-1.1.2.jar;D:\Corda-Sample\New_Sample_11Feb\samples\cordapp-example\java-source\build\nodes\.cache\apps\net.corda.node.Corda_3.3-corda\netty-all-4.1.9.Final.jar;D:\Corda-Sample\New_Sample_11Feb\samples\cordapp-example\java-source\build\nodes\.cache\apps\net.corda.node.Corda_3.3-corda\crash.connectors.ssh-cadb53544fbb3c0fb901445da614998a6a419488.jar;D:\Corda-Sample\New_Sample_11Feb\samples\cordapp-example\java-source\build\nodes\.cache\apps\net.corda.node.Corda_3.3-corda\crash.shell-cadb53544fbb3c0fb901445da614998a6a419488.jar;D:\Corda-Sample\New_Sample_11Feb\samples\cordapp-example\java-source\build\nodes\.cache\apps\net.corda.node.Corda_3.3-corda\okhttp-3.5.0.jar;D:\Corda-Sample\New_Sample_11Feb\samples\cordapp-example\java-source\build\nodes\.cache\apps\net.corda.node.Corda_3.3-corda\commons-codec-1.10.jar;D:\Corda-Sample\New_Sample_11Feb\samples\cordapp-example\java-source\build\nodes\.cache\apps\net.corda.node.Corda_3.3-corda\library-master-v1.1-beta-g6215ec8-87.jar;D:\Corda-Sample\New_Sample_11Feb\samples\cordapp-example\java-source\build\nodes\.cache\apps\net.corda.node.Corda_3.3-corda\jolokia-jvm-1.6.0-agent.jar;D:\Corda-Sample\New_Sample_11Feb\samples\cordapp-example\java-source\build\nodes\.cache\apps\net.corda.node.Corda_3.3-corda\quasar-core-0.7.9-jdk8.jar;D:\Corda-Sample\New_Sample_11Feb\samples\cordapp-example\java-source\build\nodes\.cache\apps\net.corda.node.Corda_3.3-corda\commons-fileupload-1.3.3.jar;D:\Corda-Sample\New_Sample_11Feb\samples\cordapp-example\java-source\build\nodes\.cache\apps\net.corda.node.Corda_3.3-corda\kryo-serializers-0.41.jar;D:\Corda-Sample\New_Sample_11Feb\samples\cordapp-example\java-source\build\nodes\.cache\apps\net.corda.node.Corda_3.3-corda\kryo-4.0.0.jar;D:\Corda-Sample\New_Sample_11Feb\samples\cordapp-example\java-source\build\nodes\.cache\apps\net.corda.node.Corda_3.3-corda\proton-j-0.21.0.jar;D:\Corda-Sample\New_Sample_11Feb\samples\cordapp-example\java-source\build\nodes\.cache\apps\net.corda.node.Corda_3.3-corda\fast-classpath-scanner-2.12.3.jar;D:\Corda-Sample\New_Sample_11Feb\samples\cordapp-example\java-source\build\nodes\.cache\apps\net.corda.node.Corda_3.3-corda\jsr305-3.0.2.jar;D:\Corda-Sample\New_Sample_11Feb\samples\cordapp-example\java-source\build\nodes\.cache\apps\net.corda.node.Corda_3.3-corda\jcabi-log-0.14.jar;D:\Corda-Sample\New_Sample_11Feb\samples\cordapp-example\java-source\build\nodes\.cache\apps\net.corda.node.Corda_3.3-corda\copycat-protocol-1.2.3.jar;D:\Corda-Sample\New_Sample_11Feb\samples\cordapp-example\java-source\build\nodes\.cache\apps\net.corda.node.Corda_3.3-corda\catalyst-transport-1.1.2.jar;D:\Corda-Sample\New_Sample_11Feb\samples\cordapp-example\java-source\build\nodes\.cache\apps\net.corda.node.Corda_3.3-corda\mina-core-2.0.16.jar;D:\Corda-Sample\New_Sample_11Feb\samples\cordapp-example\java-source\build\nodes\.cache\apps\net.corda.node.Corda_3.3-corda\shiro-cache-1.4.0.jar;D:\Corda-Sample\New_Sample_11Feb\samples\cordapp-example\java-source\build\nodes\.cache\apps\net.corda.node.Corda_3.3-corda\shiro-crypto-hash-1.4.0.jar;D:\Corda-Sample\New_Sample_11Feb\samples\cordapp-example\java-source\build\nodes\.cache\apps\net.corda.node.Corda_3.3-corda\shiro-crypto-cipher-1.4.0.jar;D:\Corda-Sample\New_Sample_11Feb\samples\cordapp-example\java-source\build\nodes\.cache\apps\net.corda.node.Corda_3.3-corda\shiro-config-core-1.4.0.jar;D:\Corda-Sample\New_Sample_11Feb\samples\cordapp-example\java-source\build\nodes\.cache\apps\net.corda.node.Corda_3.3-corda\shiro-event-1.4.0.jar;D:\Corda-Sample\New_Sample_11Feb\samples\cordapp-example\java-source\build\nodes\.cache\apps\net.corda.node.Corda_3.3-corda\shiro-crypto-core-1.4.0.jar;D:\Corda-Sample\New_Sample_11Feb\samples\cordapp-example\java-source\build\nodes\.cache\apps\net.corda.node.Corda_3.3-corda\shiro-lang-1.4.0.jar;D:\Corda-Sample\New_Sample_11Feb\samples\cordapp-example\java-source\build\nodes\.cache\apps\net.corda.node.Corda_3.3-corda\jcl-over-slf4j-1.7.25.jar;D:\Corda-Sample\New_Sample_11Feb\samples\cordapp-example\java-source\build\nodes\.cache\apps\net.corda.node.Corda_3.3-corda\catalyst-concurrent-1.1.2.jar;D:\Corda-Sample\New_Sample_11Feb\samples\cordapp-example\java-source\build\nodes\.cache\apps\net.corda.node.Corda_3.3-corda\catalyst-serializer-1.1.2.jar;D:\Corda-Sample\New_Sample_11Feb\samples\cordapp-example\java-source\build\nodes\.cache\apps\net.corda.node.Corda_3.3-corda\catalyst-buffer-1.1.2.jar;D:\Corda-Sample\New_Sample_11Feb\samples\cordapp-example\java-source\build\nodes\.cache\apps\net.corda.node.Corda_3.3-corda\catalyst-common-1.1.2.jar;D:\Corda-Sample\New_Sample_11Feb\samples\cordapp-example\java-source\build\nodes\.cache\apps\net.corda.node.Corda_3.3-corda\sshd-pam-0.11.0.jar;D:\Corda-Sample\New_Sample_11Feb\samples\cordapp-example\java-source\build\nodes\.cache\apps\net.corda.node.Corda_3.3-corda\sshd-core-1.6.0.jar;D:\Corda-Sample\New_Sample_11Feb\samples\cordapp-example\java-source\build\nodes\.cache\apps\net.corda.node.Corda_3.3-corda\slf4j-api-1.7.25.jar;D:\Corda-Sample\New_Sample_11Feb\samples\cordapp-example\java-source\build\nodes\.cache\apps\net.corda.node.Corda_3.3-corda\log4j-core-2.9.1.jar;D:\Corda-Sample\New_Sample_11Feb\samples\cordapp-example\java-source\build\nodes\.cache\apps\net.corda.node.Corda_3.3-corda\log4j-api-2.9.1.jar;D:\Corda-Sample\New_Sample_11Feb\samples\cordapp-example\java-source\build\nodes\.cache\apps\net.corda.node.Corda_3.3-corda\kotlin-stdlib-jre7-1.1.60.jar;D:\Corda-Sample\New_Sample_11Feb\samples\cordapp-example\java-source\build\nodes\.cache\apps\net.corda.node.Corda_3.3-corda\kotlin-stdlib-1.1.60.jar;D:\Corda-Sample\New_Sample_11Feb\samples\cordapp-example\java-source\build\nodes\.cache\apps\net.corda.node.Corda_3.3-corda\commons-collections-3.2.2.jar;D:\Corda-Sample\New_Sample_11Feb\samples\cordapp-example\java-source\build\nodes\.cache\apps\net.corda.node.Corda_3.3-corda\hibernate-commons-annotations-5.0.1.Final.jar;D:\Corda-Sample\New_Sample_11Feb\samples\cordapp-example\java-source\build\nodes\.cache\apps\net.corda.node.Corda_3.3-corda\artemis-native-2.2.0.jar;D:\Corda-Sample\New_Sample_11Feb\samples\cordapp-example\java-source\build\nodes\.cache\apps\net.corda.node.Corda_3.3-corda\jboss-logging-3.3.0.Final.jar;D:\Corda-Sample\New_Sample_11Feb\samples\cordapp-example\java-source\build\nodes\.cache\apps\net.corda.node.Corda_3.3-corda\artemis-selector-2.2.0.jar;D:\Corda-Sample\New_Sample_11Feb\samples\cordapp-example\java-source\build\nodes\.cache\apps\net.corda.node.Corda_3.3-corda\jgroups-3.6.13.Final.jar;D:\Corda-Sample\New_Sample_11Feb\samples\cordapp-example\java-source\build\nodes\.cache\apps\net.corda.node.Corda_3.3-corda\geronimo-json_1.0_spec-1.0-alpha-1.jar;D:\Corda-Sample\New_Sample_11Feb\samples\cordapp-example\java-source\build\nodes\.cache\apps\net.corda.node.Corda_3.3-corda\johnzon-core-0.9.5.jar;D:\Corda-Sample\New_Sample_11Feb\samples\cordapp-example\java-source\build\nodes\.cache\apps\net.corda.node.Corda_3.3-corda\forms-1.1-preview.jar;D:\Corda-Sample\New_Sample_11Feb\samples\cordapp-example\java-source\build\nodes\.cache\apps\net.corda.node.Corda_3.3-corda\jdom-1.0.jar;D:\Corda-Sample\New_Sample_11Feb\samples\cordapp-example\java-source\build\nodes\.cache\apps\net.corda.node.Corda_3.3-corda\jackson-dataformat-yaml-2.9.2.jar;D:\Corda-Sample\New_Sample_11Feb\samples\cordapp-example\java-source\build\nodes\.cache\apps\net.corda.node.Corda_3.3-corda\jackson-datatype-jsr310-2.9.2.jar;D:\Corda-Sample\New_Sample_11Feb\samples\cordapp-example\java-source\build\nodes\.cache\apps\net.corda.node.Corda_3.3-corda\hibernate-jpa-2.1-api-1.0.0.Final.jar;D:\Corda-Sample\New_Sample_11Feb\samples\cordapp-example\java-source\build\nodes\.cache\apps\net.corda.node.Corda_3.3-corda\javassist-3.20.0-GA.jar;D:\Corda-Sample\New_Sample_11Feb\samples\cordapp-example\java-source\build\nodes\.cache\apps\net.corda.node.Corda_3.3-corda\antlr-2.7.7.jar;D:\Corda-Sample\New_Sample_11Feb\samples\cordapp-example\java-source\build\nodes\.cache\apps\net.corda.node.Corda_3.3-corda\geronimo-jta_1.1_spec-1.1.1.jar;D:\Corda-Sample\New_Sample_11Feb\samples\cordapp-example\java-source\build\nodes\.cache\apps\net.corda.node.Corda_3.3-corda\jandex-2.0.3.Final.jar;D:\Corda-Sample\New_Sample_11Feb\samples\cordapp-example\java-source\build\nodes\.cache\apps\net.corda.node.Corda_3.3-corda\classmate-1.3.0.jar;D:\Corda-Sample\New_Sample_11Feb\samples\cordapp-example\java-source\build\nodes\.cache\apps\net.corda.node.Corda_3.3-corda\dom4j-1.6.1.jar;D:\Corda-Sample\New_Sample_11Feb\samples\cordapp-example\java-source\build\nodes\.cache\apps\net.corda.node.Corda_3.3-corda\cdi-api-1.1.jar;D:\Corda-Sample\New_Sample_11Feb\samples\cordapp-example\java-source\build\nodes\.cache\apps\net.corda.node.Corda_3.3-corda\crash.cli-cadb53544fbb3c0fb901445da614998a6a419488.jar;D:\Corda-Sample\New_Sample_11Feb\samples\cordapp-example\java-source\build\nodes\.cache\apps\net.corda.node.Corda_3.3-corda\groovy-all-1.8.9.jar;D:\Corda-Sample\New_Sample_11Feb\samples\cordapp-example\java-source\build\nodes\.cache\apps\net.corda.node.Corda_3.3-corda\okio-1.11.0.jar;D:\Corda-Sample\New_Sample_11Feb\samples\cordapp-example\java-source\build\nodes\.cache\apps\net.corda.node.Corda_3.3-corda\jolokia-core-1.6.0.jar;D:\Corda-Sample\New_Sample_11Feb\samples\cordapp-example\java-source\build\nodes\.cache\apps\net.corda.node.Corda_3.3-corda\json-simple-1.1.1.jar;D:\Corda-Sample\New_Sample_11Feb\samples\cordapp-example\java-source\build\nodes\.cache\apps\net.corda.node.Corda_3.3-corda\rxjava-1.2.4.jar;D:\Corda-Sample\New_Sample_11Feb\samples\cordapp-example\java-source\build\nodes\.cache\apps\net.corda.node.Corda_3.3-corda\commons-jexl3-3.0.jar;D:\Corda-Sample\New_Sample_11Feb\samples\cordapp-example\java-source\build\nodes\.cache\apps\net.corda.node.Corda_3.3-corda\jackson-databind-2.9.2.jar;D:\Corda-Sample\New_Sample_11Feb\samples\cordapp-example\java-source\build\nodes\.cache\apps\net.corda.node.Corda_3.3-corda\eddsa-0.2.0.jar;D:\Corda-Sample\New_Sample_11Feb\samples\cordapp-example\java-source\build\nodes\.cache\apps\net.corda.node.Corda_3.3-corda\bcpkix-jdk15on-1.57.jar;D:\Corda-Sample\New_Sample_11Feb\samples\cordapp-example\java-source\build\nodes\.cache\apps\net.corda.node.Corda_3.3-corda\bcprov-jdk15on-1.57.jar;D:\Corda-Sample\New_Sample_11Feb\samples\cordapp-example\java-source\build\nodes\.cache\apps\net.corda.node.Corda_3.3-corda\commons-io-2.2.jar;D:\Corda-Sample\New_Sample_11Feb\samples\cordapp-example\java-source\build\nodes\.cache\apps\net.corda.node.Corda_3.3-corda\reflectasm-1.11.3.jar;D:\Corda-Sample\New_Sample_11Feb\samples\cordapp-example\java-source\build\nodes\.cache\apps\net.corda.node.Corda_3.3-corda\minlog-1.3.0.jar;D:\Corda-Sample\New_Sample_11Feb\samples\cordapp-example\java-source\build\nodes\.cache\apps\net.corda.node.Corda_3.3-corda\objenesis-2.2.jar;D:\Corda-Sample\New_Sample_11Feb\samples\cordapp-example\java-source\build\nodes\.cache\apps\net.corda.node.Corda_3.3-corda\annotations-13.0.jar;D:\Corda-Sample\New_Sample_11Feb\samples\cordapp-example\java-source\build\nodes\.cache\apps\net.corda.node.Corda_3.3-corda\jackson-annotations-2.9.0.jar;D:\Corda-Sample\New_Sample_11Feb\samples\cordapp-example\java-source\build\nodes\.cache\apps\net.corda.node.Corda_3.3-corda\snakeyaml-1.18.jar;D:\Corda-Sample\New_Sample_11Feb\samples\cordapp-example\java-source\build\nodes\.cache\apps\net.corda.node.Corda_3.3-corda\jackson-core-2.9.2.jar;D:\Corda-Sample\New_Sample_11Feb\samples\cordapp-example\java-source\build\nodes\.cache\apps\net.corda.node.Corda_3.3-corda\el-api-2.2.jar;D:\Corda-Sample\New_Sample_11Feb\samples\cordapp-example\java-source\build\nodes\.cache\apps\net.corda.node.Corda_3.3-corda\jboss-interceptors-api_1.1_spec-1.0.0.Beta1.jar;D:\Corda-Sample\New_Sample_11Feb\samples\cordapp-example\java-source\build\nodes\.cache\apps\net.corda.node.Corda_3.3-corda\jsr250-api-1.0.jar;D:\Corda-Sample\New_Sample_11Feb\samples\cordapp-example\java-source\build\nodes\.cache\apps\net.corda.node.Corda_3.3-corda\javax.inject-1.jar;D:\Corda-Sample\New_Sample_11Feb\samples\cordapp-example\java-source\build\nodes\.cache\apps\net.corda.node.Corda_3.3-corda\jpam-1.1.jar;D:\Corda-Sample\New_Sample_11Feb\samples\cordapp-example\java-source\build\nodes\.cache\apps\net.corda.node.Corda_3.3-corda\geronimo-jms_2.0_spec-1.0-alpha-2.jar;D:\Corda-Sample\New_Sample_11Feb\samples\cordapp-example\java-source\build\nodes\.cache\apps\net.corda.node.Corda_3.3-corda\asm-5.0.4.jar;D:\Corda-Sample\New_Sample_11Feb\samples\cordapp-example\java-source\build\nodes\.cache\apps\net.corda.node.Corda_3.3-corda\corda-node-3.3-corda.jar;D:\Corda-Sample\New_Sample_11Feb\samples\cordapp-example\java-source\build\nodes\PartyA\corda.jar;D:\Corda-Sample\New_Sample_11Feb\samples\cordapp-example\java-source\build\nodes\.cache\apps\net.corda.node.Corda_3.3-corda\quasar-core-0.7.9-jdk8.jar {}
[INFO ] 2019-02-23T19:13:27,244Z [main] internal.Node.logStartupInfo - VM Java HotSpot(TM) 64-Bit Server VM Oracle Corporation 25.191-b12 {}
[INFO ] 2019-02-23T19:13:27,245Z [main] internal.Node.logStartupInfo - Machine: DESKTOP-ODQ0EQI {}
[INFO ] 2019-02-23T19:13:27,246Z [main] internal.Node.logStartupInfo - Working Directory: D:\Corda-Sample\New_Sample_11Feb\samples\cordapp-example\java-source\build\nodes\PartyA {}
[INFO ] 2019-02-23T19:13:27,247Z [main] internal.Node.logStartupInfo - Starting as node on localhost:10007 {}
[INFO ] 2019-02-23T19:13:27,473Z [main] cordapp.CordappLoader.<init> - No CorDapp paths provided {}
[INFO ] 2019-02-23T19:13:27,818Z [main] internal.Node.generateAndSaveNodeInfo - Generating nodeInfo ... {}
[WARN ] 2019-02-23T19:13:27,819Z [main] internal.Node.initCertificate - Corda node is running in dev mode. {}
[INFO ] 2019-02-23T19:13:31,233Z [main] internal.Node.obtainIdentity - identity-private-key not found in key store D:\Corda-Sample\New_Sample_11Feb\samples\cordapp-example\java-source\build\nodes\PartyA\certificates\nodekeystore.jks, generating fresh key! {}
[INFO ] 2019-02-23T19:13:32,210Z [main] BasicInfo.printBasicNodeInfo - Database connection url is              : jdbc:h2:tcp://192.168.1.119:62757/node {}
[INFO ] 2019-02-23T19:13:32,600Z [main] hikari.HikariDataSource.<init> - HikariPool-1 - Started. {}
[INFO ] 2019-02-23T19:13:33,636Z [main] internal.Node.invoke - Connected to H2 database. {}
[INFO ] 2019-02-23T19:13:33,719Z [main] persistence.HibernateConfiguration.<init> - Init HibernateConfiguration for schemas: [CommonSchemaV1(name=net.corda.core.schemas.CommonSchema, version=1), VaultSchemaV1(name=net.corda.node.services.vault.VaultSchema, version=1), NodeInfoSchemaV1(name=net.corda.node.internal.schemas.NodeInfoSchema, version=1), NodeCoreV1(name=net.corda.node.services.schema.NodeSchemaService$NodeCore, version=1)] {}
[INFO ] 2019-02-23T19:13:33,721Z [main] persistence.HibernateConfiguration.makeSessionFactoryForSchemas - Creating session factory for schemas: [CommonSchemaV1(name=net.corda.core.schemas.CommonSchema, version=1), VaultSchemaV1(name=net.corda.node.services.vault.VaultSchema, version=1), NodeInfoSchemaV1(name=net.corda.node.internal.schemas.NodeInfoSchema, version=1), NodeCoreV1(name=net.corda.node.services.schema.NodeSchemaService$NodeCore, version=1)] {}
[INFO ] 2019-02-23T19:13:34,012Z [main] hibernate.Version.logVersion - HHH000412: Hibernate Core {5.2.6.Final} {}
[INFO ] 2019-02-23T19:13:34,017Z [main] cfg.Environment.<clinit> - HHH000206: hibernate.properties not found {}
[INFO ] 2019-02-23T19:13:34,159Z [main] common.Version.<clinit> - HCANN000001: Hibernate Commons Annotations {5.0.1.Final} {}
[INFO ] 2019-02-23T19:13:34,425Z [main] internal.ConnectionProviderInitiator.initiateService - HHH000130: Instantiating explicit connection provider: net.corda.nodeapi.internal.persistence.HibernateConfiguration$NodeDatabaseConnectionProvider {}
[INFO ] 2019-02-23T19:13:34,528Z [main] dialect.Dialect.<init> - HHH000400: Using dialect: org.hibernate.dialect.H2Dialect {}
[INFO ] 2019-02-23T19:13:34,696Z [main] type.BasicTypeRegistry.register - HHH000270: Type registration [materialized_blob] overrides previous : org.hibernate.type.MaterializedBlobType@5d318e91 {}
[INFO ] 2019-02-23T19:13:37,595Z [main] connections.access.getIsolatedConnection - HHH10001501: Connection obtained from JdbcConnectionAccess [org.hibernate.engine.jdbc.env.internal.JdbcEnvironmentInitiator$ConnectionProviderJdbcConnectionAccess@510da778] for (non-JTA) DDL execution was not in auto-commit mode; the Connection 'local transaction' will be committed and the Connection will be set into auto-commit mode. {}
[INFO ] 2019-02-23T19:13:38,403Z [main] persistence.HibernateConfiguration.makeSessionFactoryForSchemas - Created session factory for schemas: [CommonSchemaV1(name=net.corda.core.schemas.CommonSchema, version=1), VaultSchemaV1(name=net.corda.node.services.vault.VaultSchema, version=1), NodeInfoSchemaV1(name=net.corda.node.internal.schemas.NodeInfoSchema, version=1), NodeCoreV1(name=net.corda.node.services.schema.NodeSchemaService$NodeCore, version=1)] {}
[INFO ] 2019-02-23T19:13:39,147Z [main] internal.QueryTranslatorFactoryInitiator.initiateService - HHH000397: Using ASTQueryTranslatorFactory {}
[INFO ] 2019-02-23T19:13:43,487Z [main] internal.Node.updateNodeInfo - Node-info has changed so submitting update. Old node-info was null {}
[INFO ] 2019-02-23T19:13:43,488Z [main] network.PersistentNetworkMapCache.addNode - Adding node with info: NodeInfo(addresses=[localhost:10007], legalIdentitiesAndCerts=[O=PartyA, L=London, C=GB], platformVersion=3, serial=1550949223488) {}
[INFO ] 2019-02-23T19:13:43,637Z [main] network.PersistentNetworkMapCache.addNode - No previous node found {}
[INFO ] 2019-02-23T19:13:45,509Z [main] network.PersistentNetworkMapCache.addNode - Done adding node with info: NodeInfo(addresses=[localhost:10007], legalIdentitiesAndCerts=[O=PartyA, L=London, C=GB], platformVersion=3, serial=1550949223488) {}
[INFO ] 2019-02-23T19:13:45,510Z [main] internal.Node.updateNodeInfo - New node-info: NodeInfo(addresses=[localhost:10007], legalIdentitiesAndCerts=[O=PartyA, L=London, C=GB], platformVersion=3, serial=1550949223488) {}
[INFO ] 2019-02-23T19:13:46,556Z [main] internal.Node.run - Node exiting successfully {}
[INFO ] 2019-02-23T19:14:56,290Z [main] manifests.Manifests.info - 111 attributes loaded from 126 stream(s) in 17s, 111 saved, 1974 ignored: ["ActiveMQ-Version", "Agent-Class", "Ant-Version", "Application-Class", "Application-Library-Allowable-Codebase", "Application-Name", "Application-Version", "Archiver-Version", "Automatic-Module-Name", "Bnd-LastModified", "Branch", "Build-Date", "Build-Host", "Build-Id", "Build-Java-Version", "Build-Jdk", "Build-Job", "Build-Number", "Build-Timestamp", "Built-By", "Built-OS", "Built-Status", "Bundle-Activator", "Bundle-Category", "Bundle-ClassPath", "Bundle-Copyright", "Bundle-Description", "Bundle-DocURL", "Bundle-License", "Bundle-ManifestVersion", "Bundle-Name", "Bundle-RequiredExecutionEnvironment", "Bundle-SymbolicName", "Bundle-Vendor", "Bundle-Version", "Caller-Allowable-Codebase", "Can-Redefine-Classes", "Can-Retransform-Classes", "Can-Set-Native-Method-Prefix", "Caplets", "Change", "Codebase", "Corda-Platform-Version", "Corda-Release-Version", "Corda-Revision", "Corda-Vendor", "Created-By", "DynamicImport-Package", "Eclipse-BuddyPolicy", "Eclipse-LazyStart", "Export-Package", "Extension-Name", "Fragment-Host", "Gradle-Version", "Ignore-Package", "Implementation-Build", "Implementation-Build-Date", "Implementation-Title", "Implementation-URL", "Implementation-Url", "Implementation-Vendor", "Implementation-Vendor-Id", "Implementation-Version", "Import-Package", "Include-Resource", "JCabi-Build", "JCabi-Date", "JCabi-Version", "JVM-Args", "Java-Agents", "Java-Vendor", "Java-Version", "Kotlin-Runtime-Component", "Kotlin-Version", "Log4jReleaseKey", "Log4jReleaseManager", "Log4jReleaseVersion", "Main-Class", "Main-class", "Manifest-Version", "Min-Java-Version", "Min-Update-Version", "Module-Email", "Module-Origin", "Module-Owner", "Module-Source", "Multi-Release", "Originally-Created-By", "Os-Arch", "Os-Name", "Os-Version", "Package", "Permissions", "Premain-Class", "Private-Package", "Provide-Capability", "Require-Capability", "SCM-Revision", "SCM-url", "Scm-Connection", "Scm-Revision", "Scm-Url", "Service-Component", "Specification-Title", "Specification-Vendor", "Specification-Version", "System-Properties", "Tool", "Trusted-Library", "X-Compile-Source-JDK", "X-Compile-Target-JDK"] {}
[INFO ] 2019-02-23T19:14:57,609Z [main] BasicInfo.printBasicNodeInfo - Logs can be found in                    : D:\Corda-Sample\New_Sample_11Feb\samples\cordapp-example\java-source\build\nodes\PartyA\logs {}
[INFO ] 2019-02-23T19:14:58,136Z [main] config.ConfigHelper.loadConfig - Config:
{
    # reference.conf @ jar:file:/D:/Corda-Sample/New_Sample_11Feb/samples/cordapp-example/java-source/build/nodes/PartyA/corda.jar!/reference.conf: 20
    "activeMQServer" : {
        # reference.conf @ jar:file:/D:/Corda-Sample/New_Sample_11Feb/samples/cordapp-example/java-source/build/nodes/PartyA/corda.jar!/reference.conf: 21
        "bridge" : {
            # reference.conf @ jar:file:/D:/Corda-Sample/New_Sample_11Feb/samples/cordapp-example/java-source/build/nodes/PartyA/corda.jar!/reference.conf: 24
            "maxRetryIntervalMin" : 3,
            # reference.conf @ jar:file:/D:/Corda-Sample/New_Sample_11Feb/samples/cordapp-example/java-source/build/nodes/PartyA/corda.jar!/reference.conf: 22
            "retryIntervalMs" : 5000,
            # reference.conf @ jar:file:/D:/Corda-Sample/New_Sample_11Feb/samples/cordapp-example/java-source/build/nodes/PartyA/corda.jar!/reference.conf: 23
            "retryIntervalMultiplier" : 1.5
        }
    },
    # hardcoded value
    "baseDirectory" : "D:\\Corda-Sample\\New_Sample_11Feb\\samples\\cordapp-example\\java-source\\build\\nodes\\PartyA",
    # merge of reference.conf @ jar:file:/D:/Corda-Sample/New_Sample_11Feb/samples/cordapp-example/java-source/build/nodes/PartyA/corda.jar!/reference.conf: 6,reference.conf @ jar:file:/C:/Users/Parivesh/AppData/Local/capsule/apps/net.corda.node.Corda_3.3-corda/corda-node-3.3-corda.jar!/reference.conf: 6
    "dataSourceProperties" : {
        # reference.conf @ jar:file:/D:/Corda-Sample/New_Sample_11Feb/samples/cordapp-example/java-source/build/nodes/PartyA/corda.jar!/reference.conf: 10
        "dataSource.password" : "",
        # merge of reference.conf @ jar:file:/D:/Corda-Sample/New_Sample_11Feb/samples/cordapp-example/java-source/build/nodes/PartyA/corda.jar!/reference.conf: 8,hardcoded value,reference.conf @ jar:file:/D:/Corda-Sample/New_Sample_11Feb/samples/cordapp-example/java-source/build/nodes/PartyA/corda.jar!/reference.conf: 8,reference.conf @ jar:file:/D:/Corda-Sample/New_Sample_11Feb/samples/cordapp-example/java-source/build/nodes/PartyA/corda.jar!/reference.conf: 17
        "dataSource.url" : "jdbc:h2:file:D:\\Corda-Sample\\New_Sample_11Feb\\samples\\cordapp-example\\java-source\\build\\nodes\\PartyA/persistence;DB_CLOSE_ON_EXIT=FALSE;LOCK_TIMEOUT=10000;WRITE_DELAY=100;AUTO_SERVER_PORT=0",
        # reference.conf @ jar:file:/D:/Corda-Sample/New_Sample_11Feb/samples/cordapp-example/java-source/build/nodes/PartyA/corda.jar!/reference.conf: 9
        "dataSource.user" : "sa",
        # reference.conf @ jar:file:/D:/Corda-Sample/New_Sample_11Feb/samples/cordapp-example/java-source/build/nodes/PartyA/corda.jar!/reference.conf: 7
        "dataSourceClassName" : "org.h2.jdbcx.JdbcDataSource"
    },
    # reference.conf @ jar:file:/D:/Corda-Sample/New_Sample_11Feb/samples/cordapp-example/java-source/build/nodes/PartyA/corda.jar!/reference.conf: 12
    "database" : {
        # reference.conf @ jar:file:/D:/Corda-Sample/New_Sample_11Feb/samples/cordapp-example/java-source/build/nodes/PartyA/corda.jar!/reference.conf: 14
        "exportHibernateJMXStatistics" : "false",
        # reference.conf @ jar:file:/D:/Corda-Sample/New_Sample_11Feb/samples/cordapp-example/java-source/build/nodes/PartyA/corda.jar!/reference.conf: 13
        "transactionIsolationLevel" : "REPEATABLE_READ"
    },
    # reference.conf @ jar:file:/D:/Corda-Sample/New_Sample_11Feb/samples/cordapp-example/java-source/build/nodes/PartyA/corda.jar!/reference.conf: 16
    "devMode" : true,
    # reference.conf @ jar:file:/D:/Corda-Sample/New_Sample_11Feb/samples/cordapp-example/java-source/build/nodes/PartyA/corda.jar!/reference.conf: 2
    "emailAddress" : "admin@company.com",
    # reference.conf @ jar:file:/D:/Corda-Sample/New_Sample_11Feb/samples/cordapp-example/java-source/build/nodes/PartyA/corda.jar!/reference.conf: 3
    "exportJMXto" : "http",
    # reference.conf @ jar:file:/D:/Corda-Sample/New_Sample_11Feb/samples/cordapp-example/java-source/build/nodes/PartyA/corda.jar!/reference.conf: 31
    "flowTimeout" : {
        # reference.conf @ jar:file:/D:/Corda-Sample/New_Sample_11Feb/samples/cordapp-example/java-source/build/nodes/PartyA/corda.jar!/reference.conf: 34
        "backoffBase" : 1.8,
        # reference.conf @ jar:file:/D:/Corda-Sample/New_Sample_11Feb/samples/cordapp-example/java-source/build/nodes/PartyA/corda.jar!/reference.conf: 33
        "maxRestartCount" : 5,
        # reference.conf @ jar:file:/D:/Corda-Sample/New_Sample_11Feb/samples/cordapp-example/java-source/build/nodes/PartyA/corda.jar!/reference.conf: 32
        "timeout" : "30 seconds"
    },
    # reference.conf @ jar:file:/D:/Corda-Sample/New_Sample_11Feb/samples/cordapp-example/java-source/build/nodes/PartyA/corda.jar!/reference.conf: 17
    "h2port" : 0,
    # reference.conf @ jar:file:/D:/Corda-Sample/New_Sample_11Feb/samples/cordapp-example/java-source/build/nodes/PartyA/corda.jar!/reference.conf: 4
    "keyStorePassword" : "cordacadevpass",
    # D:\Corda-Sample\New_Sample_11Feb\samples\cordapp-example\java-source\build\nodes\PartyA\node.conf: 1
    "myLegalName" : "O=PartyA,L=London,C=GB",
    # hardcoded value
    "noLocalShell" : false,
    # D:\Corda-Sample\New_Sample_11Feb\samples\cordapp-example\java-source\build\nodes\PartyA\node.conf: 2
    "p2pAddress" : "localhost:10007",
    # merge of D:\Corda-Sample\New_Sample_11Feb\samples\cordapp-example\java-source\build\nodes\PartyA\node.conf: 3,reference.conf @ jar:file:/D:/Corda-Sample/New_Sample_11Feb/samples/cordapp-example/java-source/build/nodes/PartyA/corda.jar!/reference.conf: 27
    "rpcSettings" : {
        # D:\Corda-Sample\New_Sample_11Feb\samples\cordapp-example\java-source\build\nodes\PartyA\node.conf: 4
        "address" : "localhost:10008",
        # D:\Corda-Sample\New_Sample_11Feb\samples\cordapp-example\java-source\build\nodes\PartyA\node.conf: 5
        "adminAddress" : "localhost:10048",
        # reference.conf @ jar:file:/D:/Corda-Sample/New_Sample_11Feb/samples/cordapp-example/java-source/build/nodes/PartyA/corda.jar!/reference.conf: 29
        "standAloneBroker" : false,
        # reference.conf @ jar:file:/D:/Corda-Sample/New_Sample_11Feb/samples/cordapp-example/java-source/build/nodes/PartyA/corda.jar!/reference.conf: 28
        "useSsl" : false
    },
    # D:\Corda-Sample\New_Sample_11Feb\samples\cordapp-example\java-source\build\nodes\PartyA\node.conf: 7
    "rpcUsers" : [
        # D:\Corda-Sample\New_Sample_11Feb\samples\cordapp-example\java-source\build\nodes\PartyA\node.conf: 8
        {
            # D:\Corda-Sample\New_Sample_11Feb\samples\cordapp-example\java-source\build\nodes\PartyA\node.conf: 9
            "password" : "test",
            # D:\Corda-Sample\New_Sample_11Feb\samples\cordapp-example\java-source\build\nodes\PartyA\node.conf: 10
            "permissions" : [
                # D:\Corda-Sample\New_Sample_11Feb\samples\cordapp-example\java-source\build\nodes\PartyA\node.conf: 11
                "ALL"
            ],
            # D:\Corda-Sample\New_Sample_11Feb\samples\cordapp-example\java-source\build\nodes\PartyA\node.conf: 13
            "user" : "user1"
        }
    ],
    # reference.conf @ jar:file:/D:/Corda-Sample/New_Sample_11Feb/samples/cordapp-example/java-source/build/nodes/PartyA/corda.jar!/reference.conf: 5
    "trustStorePassword" : "trustpass",
    # reference.conf @ jar:file:/D:/Corda-Sample/New_Sample_11Feb/samples/cordapp-example/java-source/build/nodes/PartyA/corda.jar!/reference.conf: 18
    "useTestClock" : false,
    # reference.conf @ jar:file:/D:/Corda-Sample/New_Sample_11Feb/samples/cordapp-example/java-source/build/nodes/PartyA/corda.jar!/reference.conf: 19
    "verifierType" : "InMemory",
    # D:\Corda-Sample\New_Sample_11Feb\samples\cordapp-example\java-source\build\nodes\PartyA\node.conf: 16
    "webAddress" : "localhost:10009"
}
 {}
[WARN ] 2019-02-23T19:15:02,370Z [main] internal.config.defaultToOldPath - Config key user has been deprecated and will be removed in a future release. Use username instead {}
[INFO ] 2019-02-23T19:15:02,477Z [main] internal.Node.logStartupInfo - Vendor: Corda Open Source {}
[INFO ] 2019-02-23T19:15:02,478Z [main] internal.Node.logStartupInfo - Release: 3.3-corda {}
[INFO ] 2019-02-23T19:15:02,478Z [main] internal.Node.logStartupInfo - Platform Version: 3 {}
[INFO ] 2019-02-23T19:15:02,479Z [main] internal.Node.logStartupInfo - Revision: c834162cd488784a0412bba4c9e638da89912ac2 {}
[INFO ] 2019-02-23T19:15:02,481Z [main] internal.Node.logStartupInfo - PID: 23516 {}
[INFO ] 2019-02-23T19:15:02,482Z [main] internal.Node.logStartupInfo - Main class: /C:/Users/Parivesh/AppData/Local/capsule/apps/net.corda.node.Corda_3.3-corda/corda-node-3.3-corda.jar {}
[INFO ] 2019-02-23T19:15:02,482Z [main] internal.Node.logStartupInfo - CommandLine Args: -Xmx200m -XX:+UseG1GC -agentlib:jdwp=transport=dt_socket,server=y,suspend=n,address=5006 -javaagent:drivers/jolokia-jvm-1.3.7-agent.jar=port=7006,logHandlerClass=net.corda.node.JolokiaSlf4Adapter -javaagent:D:\Corda-Sample\New_Sample_11Feb\samples\cordapp-example\java-source\build\nodes\PartyA\corda.jar -javaagent:C:\Users\Parivesh\AppData\Local\capsule\apps\net.corda.node.Corda_3.3-corda\quasar-core-0.7.9-jdk8.jar=x(antlr**;bftsmart**;ch**;co.paralleluniverse**;com.codahale**;com.esotericsoftware**;com.fasterxml**;com.google**;com.ibm**;com.intellij**;com.jcabi**;com.nhaarman**;com.opengamma**;com.typesafe**;com.zaxxer**;de.javakaffee**;groovy**;groovyjarjarantlr**;groovyjarjarasm**;io.atomix**;io.github**;io.netty**;jdk**;joptsimple**;junit**;kotlin**;net.bytebuddy**;net.i2p**;org.apache**;org.assertj**;org.bouncycastle**;org.codehaus**;org.crsh**;org.dom4j**;org.fusesource**;org.h2**;org.hamcrest**;org.hibernate**;org.jboss**;org.jcp**;org.joda**;org.junit**;org.mockito**;org.objectweb**;org.objenesis**;org.slf4j**;org.w3c**;org.xml**;org.yaml**;reflectasm**;rx**;org.jolokia**) -Dcapsule.address=0.0.0.0 -Dvisualvm.display.name=Corda -Djava.library.path=C:\Program Files\Java\jre1.8.0_191\bin;C:\Windows\Sun\Java\bin;C:\Windows\system32;C:\Windows;C:\Program Files (x86)\Common Files\Oracle\Java\javapath;C:\Program Files (x86)\Intel\Intel(R) Management Engine Components\iCLS;C:\Program Files\Intel\Intel(R) Management Engine Components\iCLS;C:\Windows\system32;C:\Windows;C:\Windows\System32\Wbem;C:\Windows\System32\WindowsPowerShell\v1.0;C:\Windows\System32\OpenSSH;C:\Program Files (x86)\Intel\Intel(R) Management Engine Components\DAL;C:\Program Files\Intel\Intel(R) Management Engine Components\DAL;C:\Program Files (x86)\Intel\Intel(R) Management Engine Components\IPT;C:\Program Files\Intel\Intel(R) Management Engine Components\IPT;C:\Program Files (x86)\NVIDIA Corporation\PhysX\Common;C:\Program Files\nodejs;C:\Program Files\Git\cmd;C:\Program Files\Java\jdk1.8.0_191\bin;D:\Go\bin;C:\Users\Parivesh\AppData\Local\Microsoft\WindowsApps;C:\Users\Parivesh\AppData\Roaming\npm;D:\Program\Microsoft VS Code\bin;C:\Users\Parivesh\go\bin;C:\Users\Parivesh\AppData\Local\capsule\apps\net.corda.node.Corda_3.3-corda -Dcapsule.log=1 -Dcapsule.app=net.corda.node.Corda_3.3-corda -Dcapsule.port=62768 -Dname=PartyA-corda.jar -Dcapsule.jvm.args=-agentlib:jdwp=transport=dt_socket,server=y,suspend=n,address=5006 -javaagent:drivers/jolokia-jvm-1.3.7-agent.jar=port=7006,logHandlerClass=net.corda.node.JolokiaSlf4Adapter -Dcapsule.dir=C:\Users\Parivesh\AppData\Local\capsule\apps\net.corda.node.Corda_3.3-corda -Dcapsule.jar=D:\Corda-Sample\New_Sample_11Feb\samples\cordapp-example\java-source\build\nodes\PartyA\corda.jar {}
[INFO ] 2019-02-23T19:15:02,483Z [main] internal.Node.logStartupInfo - Application Args:  {}
[INFO ] 2019-02-23T19:15:02,483Z [main] internal.Node.logStartupInfo - bootclasspath: C:\Program Files\Java\jre1.8.0_191\lib\resources.jar;C:\Program Files\Java\jre1.8.0_191\lib\rt.jar;C:\Program Files\Java\jre1.8.0_191\lib\sunrsasign.jar;C:\Program Files\Java\jre1.8.0_191\lib\jsse.jar;C:\Program Files\Java\jre1.8.0_191\lib\jce.jar;C:\Program Files\Java\jre1.8.0_191\lib\charsets.jar;C:\Program Files\Java\jre1.8.0_191\lib\jfr.jar;C:\Program Files\Java\jre1.8.0_191\classes {}
[INFO ] 2019-02-23T19:15:02,483Z [main] internal.Node.logStartupInfo - classpath: D:\Corda-Sample\New_Sample_11Feb\samples\cordapp-example\java-source\build\nodes\PartyA\corda.jar;C:\Users\Parivesh\AppData\Local\capsule\apps\net.corda.node.Corda_3.3-corda\corda-rpc-3.3-corda.jar;C:\Users\Parivesh\AppData\Local\capsule\apps\net.corda.node.Corda_3.3-corda\corda-node-api-3.3-corda.jar;C:\Users\Parivesh\AppData\Local\capsule\apps\net.corda.node.Corda_3.3-corda\corda-confidential-identities-3.3-corda.jar;C:\Users\Parivesh\AppData\Local\capsule\apps\net.corda.node.Corda_3.3-corda\cordform-common-3.2.1.jar;C:\Users\Parivesh\AppData\Local\capsule\apps\net.corda.node.Corda_3.3-corda\log4j-slf4j-impl-2.9.1.jar;C:\Users\Parivesh\AppData\Local\capsule\apps\net.corda.node.Corda_3.3-corda\log4j-web-2.9.1.jar;C:\Users\Parivesh\AppData\Local\capsule\apps\net.corda.node.Corda_3.3-corda\jul-to-slf4j-1.7.25.jar;C:\Users\Parivesh\AppData\Local\capsule\apps\net.corda.node.Corda_3.3-corda\corda-jackson-3.3-corda.jar;C:\Users\Parivesh\AppData\Local\capsule\apps\net.corda.node.Corda_3.3-corda\corda-core-3.3-corda.jar;C:\Users\Parivesh\AppData\Local\capsule\apps\net.corda.node.Corda_3.3-corda\kotlin-stdlib-jre8-1.1.60.jar;C:\Users\Parivesh\AppData\Local\capsule\apps\net.corda.node.Corda_3.3-corda\jackson-module-kotlin-2.9.2.jar;C:\Users\Parivesh\AppData\Local\capsule\apps\net.corda.node.Corda_3.3-corda\kotlin-reflect-1.1.60.jar;C:\Users\Parivesh\AppData\Local\capsule\apps\net.corda.node.Corda_3.3-corda\jimfs-1.1.jar;C:\Users\Parivesh\AppData\Local\capsule\apps\net.corda.node.Corda_3.3-corda\artemis-amqp-protocol-2.2.0.jar;C:\Users\Parivesh\AppData\Local\capsule\apps\net.corda.node.Corda_3.3-corda\artemis-server-2.2.0.jar;C:\Users\Parivesh\AppData\Local\capsule\apps\net.corda.node.Corda_3.3-corda\artemis-jdbc-store-2.2.0.jar;C:\Users\Parivesh\AppData\Local\capsule\apps\net.corda.node.Corda_3.3-corda\artemis-jms-client-2.2.0.jar;C:\Users\Parivesh\AppData\Local\capsule\apps\net.corda.node.Corda_3.3-corda\artemis-core-client-2.2.0.jar;C:\Users\Parivesh\AppData\Local\capsule\apps\net.corda.node.Corda_3.3-corda\artemis-journal-2.2.0.jar;C:\Users\Parivesh\AppData\Local\capsule\apps\net.corda.node.Corda_3.3-corda\artemis-commons-2.2.0.jar;C:\Users\Parivesh\AppData\Local\capsule\apps\net.corda.node.Corda_3.3-corda\guava-21.0.jar;C:\Users\Parivesh\AppData\Local\capsule\apps\net.corda.node.Corda_3.3-corda\jopt-simple-5.0.2.jar;C:\Users\Parivesh\AppData\Local\capsule\apps\net.corda.node.Corda_3.3-corda\commons-collections4-4.1.jar;C:\Users\Parivesh\AppData\Local\capsule\apps\net.corda.node.Corda_3.3-corda\shiro-core-1.4.0.jar;C:\Users\Parivesh\AppData\Local\capsule\apps\net.corda.node.Corda_3.3-corda\shiro-config-ogdl-1.4.0.jar;C:\Users\Parivesh\AppData\Local\capsule\apps\net.corda.node.Corda_3.3-corda\commons-beanutils-1.9.3.jar;C:\Users\Parivesh\AppData\Local\capsule\apps\net.corda.node.Corda_3.3-corda\jansi-1.14.jar;C:\Users\Parivesh\AppData\Local\capsule\apps\net.corda.node.Corda_3.3-corda\jcabi-manifests-1.1.jar;C:\Users\Parivesh\AppData\Local\capsule\apps\net.corda.node.Corda_3.3-corda\forms_rt-7.0.3.jar;C:\Users\Parivesh\AppData\Local\capsule\apps\net.corda.node.Corda_3.3-corda\metrics-core-3.1.2.jar;C:\Users\Parivesh\AppData\Local\capsule\apps\net.corda.node.Corda_3.3-corda\config-1.3.1.jar;C:\Users\Parivesh\AppData\Local\capsule\apps\net.corda.node.Corda_3.3-corda\h2-1.4.194.jar;C:\Users\Parivesh\AppData\Local\capsule\apps\net.corda.node.Corda_3.3-corda\postgresql-42.1.4.jar;C:\Users\Parivesh\AppData\Local\capsule\apps\net.corda.node.Corda_3.3-corda\HikariCP-2.5.1.jar;C:\Users\Parivesh\AppData\Local\capsule\apps\net.corda.node.Corda_3.3-corda\hibernate-java8-5.2.6.Final.jar;C:\Users\Parivesh\AppData\Local\capsule\apps\net.corda.node.Corda_3.3-corda\hibernate-core-5.2.6.Final.jar;C:\Users\Parivesh\AppData\Local\capsule\apps\net.corda.node.Corda_3.3-corda\copycat-client-1.2.3.jar;C:\Users\Parivesh\AppData\Local\capsule\apps\net.corda.node.Corda_3.3-corda\copycat-server-1.2.3.jar;C:\Users\Parivesh\AppData\Local\capsule\apps\net.corda.node.Corda_3.3-corda\catalyst-netty-1.1.2.jar;C:\Users\Parivesh\AppData\Local\capsule\apps\net.corda.node.Corda_3.3-corda\netty-all-4.1.9.Final.jar;C:\Users\Parivesh\AppData\Local\capsule\apps\net.corda.node.Corda_3.3-corda\crash.connectors.ssh-cadb53544fbb3c0fb901445da614998a6a419488.jar;C:\Users\Parivesh\AppData\Local\capsule\apps\net.corda.node.Corda_3.3-corda\crash.shell-cadb53544fbb3c0fb901445da614998a6a419488.jar;C:\Users\Parivesh\AppData\Local\capsule\apps\net.corda.node.Corda_3.3-corda\okhttp-3.5.0.jar;C:\Users\Parivesh\AppData\Local\capsule\apps\net.corda.node.Corda_3.3-corda\commons-codec-1.10.jar;C:\Users\Parivesh\AppData\Local\capsule\apps\net.corda.node.Corda_3.3-corda\library-master-v1.1-beta-g6215ec8-87.jar;C:\Users\Parivesh\AppData\Local\capsule\apps\net.corda.node.Corda_3.3-corda\jolokia-jvm-1.6.0-agent.jar;C:\Users\Parivesh\AppData\Local\capsule\apps\net.corda.node.Corda_3.3-corda\quasar-core-0.7.9-jdk8.jar;C:\Users\Parivesh\AppData\Local\capsule\apps\net.corda.node.Corda_3.3-corda\commons-fileupload-1.3.3.jar;C:\Users\Parivesh\AppData\Local\capsule\apps\net.corda.node.Corda_3.3-corda\kryo-serializers-0.41.jar;C:\Users\Parivesh\AppData\Local\capsule\apps\net.corda.node.Corda_3.3-corda\kryo-4.0.0.jar;C:\Users\Parivesh\AppData\Local\capsule\apps\net.corda.node.Corda_3.3-corda\proton-j-0.21.0.jar;C:\Users\Parivesh\AppData\Local\capsule\apps\net.corda.node.Corda_3.3-corda\fast-classpath-scanner-2.12.3.jar;C:\Users\Parivesh\AppData\Local\capsule\apps\net.corda.node.Corda_3.3-corda\jsr305-3.0.2.jar;C:\Users\Parivesh\AppData\Local\capsule\apps\net.corda.node.Corda_3.3-corda\jcabi-log-0.14.jar;C:\Users\Parivesh\AppData\Local\capsule\apps\net.corda.node.Corda_3.3-corda\copycat-protocol-1.2.3.jar;C:\Users\Parivesh\AppData\Local\capsule\apps\net.corda.node.Corda_3.3-corda\catalyst-transport-1.1.2.jar;C:\Users\Parivesh\AppData\Local\capsule\apps\net.corda.node.Corda_3.3-corda\mina-core-2.0.16.jar;C:\Users\Parivesh\AppData\Local\capsule\apps\net.corda.node.Corda_3.3-corda\shiro-cache-1.4.0.jar;C:\Users\Parivesh\AppData\Local\capsule\apps\net.corda.node.Corda_3.3-corda\shiro-crypto-hash-1.4.0.jar;C:\Users\Parivesh\AppData\Local\capsule\apps\net.corda.node.Corda_3.3-corda\shiro-crypto-cipher-1.4.0.jar;C:\Users\Parivesh\AppData\Local\capsule\apps\net.corda.node.Corda_3.3-corda\shiro-config-core-1.4.0.jar;C:\Users\Parivesh\AppData\Local\capsule\apps\net.corda.node.Corda_3.3-corda\shiro-event-1.4.0.jar;C:\Users\Parivesh\AppData\Local\capsule\apps\net.corda.node.Corda_3.3-corda\shiro-crypto-core-1.4.0.jar;C:\Users\Parivesh\AppData\Local\capsule\apps\net.corda.node.Corda_3.3-corda\shiro-lang-1.4.0.jar;C:\Users\Parivesh\AppData\Local\capsule\apps\net.corda.node.Corda_3.3-corda\jcl-over-slf4j-1.7.25.jar;C:\Users\Parivesh\AppData\Local\capsule\apps\net.corda.node.Corda_3.3-corda\catalyst-concurrent-1.1.2.jar;C:\Users\Parivesh\AppData\Local\capsule\apps\net.corda.node.Corda_3.3-corda\catalyst-serializer-1.1.2.jar;C:\Users\Parivesh\AppData\Local\capsule\apps\net.corda.node.Corda_3.3-corda\catalyst-buffer-1.1.2.jar;C:\Users\Parivesh\AppData\Local\capsule\apps\net.corda.node.Corda_3.3-corda\catalyst-common-1.1.2.jar;C:\Users\Parivesh\AppData\Local\capsule\apps\net.corda.node.Corda_3.3-corda\sshd-pam-0.11.0.jar;C:\Users\Parivesh\AppData\Local\capsule\apps\net.corda.node.Corda_3.3-corda\sshd-core-1.6.0.jar;C:\Users\Parivesh\AppData\Local\capsule\apps\net.corda.node.Corda_3.3-corda\slf4j-api-1.7.25.jar;C:\Users\Parivesh\AppData\Local\capsule\apps\net.corda.node.Corda_3.3-corda\log4j-core-2.9.1.jar;C:\Users\Parivesh\AppData\Local\capsule\apps\net.corda.node.Corda_3.3-corda\log4j-api-2.9.1.jar;C:\Users\Parivesh\AppData\Local\capsule\apps\net.corda.node.Corda_3.3-corda\kotlin-stdlib-jre7-1.1.60.jar;C:\Users\Parivesh\AppData\Local\capsule\apps\net.corda.node.Corda_3.3-corda\kotlin-stdlib-1.1.60.jar;C:\Users\Parivesh\AppData\Local\capsule\apps\net.corda.node.Corda_3.3-corda\commons-collections-3.2.2.jar;C:\Users\Parivesh\AppData\Local\capsule\apps\net.corda.node.Corda_3.3-corda\hibernate-commons-annotations-5.0.1.Final.jar;C:\Users\Parivesh\AppData\Local\capsule\apps\net.corda.node.Corda_3.3-corda\artemis-native-2.2.0.jar;C:\Users\Parivesh\AppData\Local\capsule\apps\net.corda.node.Corda_3.3-corda\jboss-logging-3.3.0.Final.jar;C:\Users\Parivesh\AppData\Local\capsule\apps\net.corda.node.Corda_3.3-corda\artemis-selector-2.2.0.jar;C:\Users\Parivesh\AppData\Local\capsule\apps\net.corda.node.Corda_3.3-corda\jgroups-3.6.13.Final.jar;C:\Users\Parivesh\AppData\Local\capsule\apps\net.corda.node.Corda_3.3-corda\geronimo-json_1.0_spec-1.0-alpha-1.jar;C:\Users\Parivesh\AppData\Local\capsule\apps\net.corda.node.Corda_3.3-corda\johnzon-core-0.9.5.jar;C:\Users\Parivesh\AppData\Local\capsule\apps\net.corda.node.Corda_3.3-corda\forms-1.1-preview.jar;C:\Users\Parivesh\AppData\Local\capsule\apps\net.corda.node.Corda_3.3-corda\jdom-1.0.jar;C:\Users\Parivesh\AppData\Local\capsule\apps\net.corda.node.Corda_3.3-corda\jackson-dataformat-yaml-2.9.2.jar;C:\Users\Parivesh\AppData\Local\capsule\apps\net.corda.node.Corda_3.3-corda\jackson-datatype-jsr310-2.9.2.jar;C:\Users\Parivesh\AppData\Local\capsule\apps\net.corda.node.Corda_3.3-corda\hibernate-jpa-2.1-api-1.0.0.Final.jar;C:\Users\Parivesh\AppData\Local\capsule\apps\net.corda.node.Corda_3.3-corda\javassist-3.20.0-GA.jar;C:\Users\Parivesh\AppData\Local\capsule\apps\net.corda.node.Corda_3.3-corda\antlr-2.7.7.jar;C:\Users\Parivesh\AppData\Local\capsule\apps\net.corda.node.Corda_3.3-corda\geronimo-jta_1.1_spec-1.1.1.jar;C:\Users\Parivesh\AppData\Local\capsule\apps\net.corda.node.Corda_3.3-corda\jandex-2.0.3.Final.jar;C:\Users\Parivesh\AppData\Local\capsule\apps\net.corda.node.Corda_3.3-corda\classmate-1.3.0.jar;C:\Users\Parivesh\AppData\Local\capsule\apps\net.corda.node.Corda_3.3-corda\dom4j-1.6.1.jar;C:\Users\Parivesh\AppData\Local\capsule\apps\net.corda.node.Corda_3.3-corda\cdi-api-1.1.jar;C:\Users\Parivesh\AppData\Local\capsule\apps\net.corda.node.Corda_3.3-corda\crash.cli-cadb53544fbb3c0fb901445da614998a6a419488.jar;C:\Users\Parivesh\AppData\Local\capsule\apps\net.corda.node.Corda_3.3-corda\groovy-all-1.8.9.jar;C:\Users\Parivesh\AppData\Local\capsule\apps\net.corda.node.Corda_3.3-corda\okio-1.11.0.jar;C:\Users\Parivesh\AppData\Local\capsule\apps\net.corda.node.Corda_3.3-corda\jolokia-core-1.6.0.jar;C:\Users\Parivesh\AppData\Local\capsule\apps\net.corda.node.Corda_3.3-corda\json-simple-1.1.1.jar;C:\Users\Parivesh\AppData\Local\capsule\apps\net.corda.node.Corda_3.3-corda\rxjava-1.2.4.jar;C:\Users\Parivesh\AppData\Local\capsule\apps\net.corda.node.Corda_3.3-corda\commons-jexl3-3.0.jar;C:\Users\Parivesh\AppData\Local\capsule\apps\net.corda.node.Corda_3.3-corda\jackson-databind-2.9.2.jar;C:\Users\Parivesh\AppData\Local\capsule\apps\net.corda.node.Corda_3.3-corda\eddsa-0.2.0.jar;C:\Users\Parivesh\AppData\Local\capsule\apps\net.corda.node.Corda_3.3-corda\bcpkix-jdk15on-1.57.jar;C:\Users\Parivesh\AppData\Local\capsule\apps\net.corda.node.Corda_3.3-corda\bcprov-jdk15on-1.57.jar;C:\Users\Parivesh\AppData\Local\capsule\apps\net.corda.node.Corda_3.3-corda\commons-io-2.2.jar;C:\Users\Parivesh\AppData\Local\capsule\apps\net.corda.node.Corda_3.3-corda\reflectasm-1.11.3.jar;C:\Users\Parivesh\AppData\Local\capsule\apps\net.corda.node.Corda_3.3-corda\minlog-1.3.0.jar;C:\Users\Parivesh\AppData\Local\capsule\apps\net.corda.node.Corda_3.3-corda\objenesis-2.2.jar;C:\Users\Parivesh\AppData\Local\capsule\apps\net.corda.node.Corda_3.3-corda\annotations-13.0.jar;C:\Users\Parivesh\AppData\Local\capsule\apps\net.corda.node.Corda_3.3-corda\jackson-annotations-2.9.0.jar;C:\Users\Parivesh\AppData\Local\capsule\apps\net.corda.node.Corda_3.3-corda\snakeyaml-1.18.jar;C:\Users\Parivesh\AppData\Local\capsule\apps\net.corda.node.Corda_3.3-corda\jackson-core-2.9.2.jar;C:\Users\Parivesh\AppData\Local\capsule\apps\net.corda.node.Corda_3.3-corda\el-api-2.2.jar;C:\Users\Parivesh\AppData\Local\capsule\apps\net.corda.node.Corda_3.3-corda\jboss-interceptors-api_1.1_spec-1.0.0.Beta1.jar;C:\Users\Parivesh\AppData\Local\capsule\apps\net.corda.node.Corda_3.3-corda\jsr250-api-1.0.jar;C:\Users\Parivesh\AppData\Local\capsule\apps\net.corda.node.Corda_3.3-corda\javax.inject-1.jar;C:\Users\Parivesh\AppData\Local\capsule\apps\net.corda.node.Corda_3.3-corda\jpam-1.1.jar;C:\Users\Parivesh\AppData\Local\capsule\apps\net.corda.node.Corda_3.3-corda\geronimo-jms_2.0_spec-1.0-alpha-2.jar;C:\Users\Parivesh\AppData\Local\capsule\apps\net.corda.node.Corda_3.3-corda\asm-5.0.4.jar;C:\Users\Parivesh\AppData\Local\capsule\apps\net.corda.node.Corda_3.3-corda\corda-node-3.3-corda.jar;D:\Corda-Sample\New_Sample_11Feb\samples\cordapp-example\java-source\build\nodes\PartyA\cordapps\corda-finance-3.3-corda.jar;D:\Corda-Sample\New_Sample_11Feb\samples\cordapp-example\java-source\build\nodes\PartyA\cordapps\cordapp-example-0.1.jar;drivers/jolokia-jvm-1.3.7-agent.jar;D:\Corda-Sample\New_Sample_11Feb\samples\cordapp-example\java-source\build\nodes\PartyA\corda.jar;C:\Users\Parivesh\AppData\Local\capsule\apps\net.corda.node.Corda_3.3-corda\quasar-core-0.7.9-jdk8.jar {}
[INFO ] 2019-02-23T19:15:02,486Z [main] internal.Node.logStartupInfo - VM Java HotSpot(TM) 64-Bit Server VM Oracle Corporation 25.191-b12 {}
[INFO ] 2019-02-23T19:15:02,488Z [main] internal.Node.logStartupInfo - Machine: DESKTOP-ODQ0EQI {}
[INFO ] 2019-02-23T19:15:02,488Z [main] internal.Node.logStartupInfo - Working Directory: D:\Corda-Sample\New_Sample_11Feb\samples\cordapp-example\java-source\build\nodes\PartyA {}
[INFO ] 2019-02-23T19:15:02,488Z [main] internal.Node.logStartupInfo - Debug port: dt_socket:5006 {}
[INFO ] 2019-02-23T19:15:02,488Z [main] internal.Node.logStartupInfo - Starting as node on localhost:10007 {}
[INFO ] 2019-02-23T19:15:03,046Z [main] cordapp.CordappLoader.<init> - Loading CorDapps from RestrictedURL(url=file:/D:/Corda-Sample/New_Sample_11Feb/samples/cordapp-example/java-source/build/nodes/PartyA/cordapps/corda-finance-3.3-corda.jar, rootPackageName=null), RestrictedURL(url=file:/D:/Corda-Sample/New_Sample_11Feb/samples/cordapp-example/java-source/build/nodes/PartyA/cordapps/cordapp-example-0.1.jar, rootPackageName=null) {}
[INFO ] 2019-02-23T19:15:03,924Z [main] cordapp.CordappLoader.scanCordapp - Scanning CorDapp in file:/D:/Corda-Sample/New_Sample_11Feb/samples/cordapp-example/java-source/build/nodes/PartyA/cordapps/corda-finance-3.3-corda.jar {}
[INFO ] 2019-02-23T19:15:05,807Z [main] cordapp.CordappLoader.scanCordapp - Scanning CorDapp in file:/D:/Corda-Sample/New_Sample_11Feb/samples/cordapp-example/java-source/build/nodes/PartyA/cordapps/cordapp-example-0.1.jar {}
[INFO ] 2019-02-23T19:15:07,968Z [main] internal.Node.start - Node starting up ... {}
[WARN ] 2019-02-23T19:15:07,968Z [main] internal.Node.initCertificate - Corda node is running in dev mode. {}
[INFO ] 2019-02-23T19:15:15,355Z [main] internal.NetworkParametersReader.retrieveNetworkParameters - Loaded network parameters: net.corda.core.internal.SignedDataWithCert@687a0e40 {}
[INFO ] 2019-02-23T19:15:18,290Z [main] BasicInfo.printBasicNodeInfo - Database connection url is              : jdbc:h2:tcp://192.168.1.119:62903/node {}
[INFO ] 2019-02-23T19:15:19,913Z [main] hikari.HikariDataSource.<init> - HikariPool-1 - Started. {}
[INFO ] 2019-02-23T19:15:22,306Z [main] internal.Node.invoke - Connected to H2 database. {}
[INFO ] 2019-02-23T19:15:22,555Z [main] persistence.HibernateConfiguration.<init> - Init HibernateConfiguration for schemas: [CommonSchemaV1(name=net.corda.core.schemas.CommonSchema, version=1), VaultSchemaV1(name=net.corda.node.services.vault.VaultSchema, version=1), NodeInfoSchemaV1(name=net.corda.node.internal.schemas.NodeInfoSchema, version=1), NodeCoreV1(name=net.corda.node.services.schema.NodeSchemaService$NodeCore, version=1), CashSchemaV1(name=net.corda.finance.schemas.CashSchema, version=1), CommercialPaperSchemaV1(name=net.corda.finance.schemas.CommercialPaperSchema, version=1), IOUSchemaV1(name=com.example.schema.IOUSchema, version=1)] {}
[INFO ] 2019-02-23T19:15:22,557Z [main] persistence.HibernateConfiguration.makeSessionFactoryForSchemas - Creating session factory for schemas: [CommonSchemaV1(name=net.corda.core.schemas.CommonSchema, version=1), VaultSchemaV1(name=net.corda.node.services.vault.VaultSchema, version=1), NodeInfoSchemaV1(name=net.corda.node.internal.schemas.NodeInfoSchema, version=1), NodeCoreV1(name=net.corda.node.services.schema.NodeSchemaService$NodeCore, version=1), CashSchemaV1(name=net.corda.finance.schemas.CashSchema, version=1), CommercialPaperSchemaV1(name=net.corda.finance.schemas.CommercialPaperSchema, version=1), IOUSchemaV1(name=com.example.schema.IOUSchema, version=1)] {}
[INFO ] 2019-02-23T19:15:23,396Z [main] hibernate.Version.logVersion - HHH000412: Hibernate Core {5.2.6.Final} {}
[INFO ] 2019-02-23T19:15:23,400Z [main] cfg.Environment.<clinit> - HHH000206: hibernate.properties not found {}
[INFO ] 2019-02-23T19:15:23,513Z [main] common.Version.<clinit> - HCANN000001: Hibernate Commons Annotations {5.0.1.Final} {}
[INFO ] 2019-02-23T19:15:24,401Z [main] internal.ConnectionProviderInitiator.initiateService - HHH000130: Instantiating explicit connection provider: net.corda.nodeapi.internal.persistence.HibernateConfiguration$NodeDatabaseConnectionProvider {}
[INFO ] 2019-02-23T19:15:24,483Z [main] dialect.Dialect.<init> - HHH000400: Using dialect: org.hibernate.dialect.H2Dialect {}
[INFO ] 2019-02-23T19:15:24,884Z [main] type.BasicTypeRegistry.register - HHH000270: Type registration [materialized_blob] overrides previous : org.hibernate.type.MaterializedBlobType@55fe9c2f {}
[INFO ] 2019-02-23T19:15:29,442Z [main] connections.access.getIsolatedConnection - HHH10001501: Connection obtained from JdbcConnectionAccess [org.hibernate.engine.jdbc.env.internal.JdbcEnvironmentInitiator$ConnectionProviderJdbcConnectionAccess@3d6745ed] for (non-JTA) DDL execution was not in auto-commit mode; the Connection 'local transaction' will be committed and the Connection will be set into auto-commit mode. {}
[INFO ] 2019-02-23T19:15:29,873Z [main] persistence.HibernateConfiguration.makeSessionFactoryForSchemas - Created session factory for schemas: [CommonSchemaV1(name=net.corda.core.schemas.CommonSchema, version=1), VaultSchemaV1(name=net.corda.node.services.vault.VaultSchema, version=1), NodeInfoSchemaV1(name=net.corda.node.internal.schemas.NodeInfoSchema, version=1), NodeCoreV1(name=net.corda.node.services.schema.NodeSchemaService$NodeCore, version=1), CashSchemaV1(name=net.corda.finance.schemas.CashSchema, version=1), CommercialPaperSchemaV1(name=net.corda.finance.schemas.CommercialPaperSchema, version=1), IOUSchemaV1(name=com.example.schema.IOUSchema, version=1)] {}
[INFO ] 2019-02-23T19:15:30,937Z [main] internal.QueryTranslatorFactoryInitiator.initiateService - HHH000397: Using ASTQueryTranslatorFactory {}
[INFO ] 2019-02-23T19:15:34,675Z [main] persistence.NodeAttachmentService.invoke - Stored new attachment 9D0E5E7FD24111A8CC5E293CBA9E88B2664848113089A91A5CABCD29E6C07F1E {}
[INFO ] 2019-02-23T19:15:36,922Z [main] persistence.NodeAttachmentService.invoke - Stored new attachment B716E301554903764C924A097A3BD3853ADC1927C4340D335DF56BF33E46B074 {}
[INFO ] 2019-02-23T19:15:37,243Z [main] security.RPCSecurityManagerImpl.buildImpl - Constructing realm from list of users in config [User(user1, permissions=[ALL])] {}
[INFO ] 2019-02-23T19:15:39,410Z [main] BasicInfo.printBasicNodeInfo - Advertised P2P messaging addresses      : localhost:10007 {}
[INFO ] 2019-02-23T19:15:39,518Z [main] BasicInfo.printBasicNodeInfo - RPC connection address                  : localhost:10008 {}
[INFO ] 2019-02-23T19:15:39,578Z [main] BasicInfo.printBasicNodeInfo - RPC admin connection address            : localhost:10048 {}
[INFO ] 2019-02-23T19:15:45,180Z [main] messaging.ArtemisMessagingServer.configureAndStartServer - P2P messaging server listening on port 10007 {}
[INFO ] 2019-02-23T19:15:47,164Z [main] internal.ArtemisMessagingClient.start - Connecting to message broker: localhost:10007 {}
[INFO ] 2019-02-23T19:15:49,612Z [main] internal.ArtemisMessagingClient.start - Connecting to message broker: localhost:10007 {}
[INFO ] 2019-02-23T19:15:49,893Z [main] internal.ArtemisMessagingClient.start - Connecting to message broker: localhost:10048 {}
[INFO ] 2019-02-23T19:15:50,114Z [main] messaging.P2PMessagingClient.start - Connecting to message broker: localhost:10007 {}
[INFO ] 2019-02-23T19:15:50,459Z [main] messaging.P2PMessagingClient.createQueueIfAbsent - Create fresh queue p2p.inbound.DLkAgm8zQTTbYW1RMRKN1wHHXKFdJS77naNgnNbRh7ELZ bound on same address {}
[INFO ] 2019-02-23T19:15:50,713Z [Thread-0 (ActiveMQ-client-global-threads)] bridging.BridgeControlListener.processControlMessage - Received bridge control message NodeToBridgeSnapshot(nodeIdentity=DLkAgm8zQTTbYW1RMRKN1wHHXKFdJS77naNgnNbRh7ELZ, inboxQueues=[p2p.inbound.DLkAgm8zQTTbYW1RMRKN1wHHXKFdJS77naNgnNbRh7ELZ], sendQueues=[]) {}
[INFO ] 2019-02-23T19:15:51,027Z [main] internal.Node.installCordaService - Installed net.corda.finance.flows.ConfigHolder Corda service {}
[INFO ] 2019-02-23T19:15:51,057Z [main] internal.Node.registerInitiatedFlowInternal - Registered com.example.flow.ExampleFlow$Initiator to initiate com.example.flow.ExampleFlow$Acceptor (version 1) {}
[INFO ] 2019-02-23T19:15:51,059Z [main] internal.Node.registerInitiatedFlowInternal - Registered com.example.flow.ExampleFlow$UpdateFlow to initiate com.example.flow.ExampleFlow$UpdateReceiver (version 1) {}
[INFO ] 2019-02-23T19:15:52,250Z [main] plugin.PluginManager.getPlugins - Loaded plugin Plugin[type=SSHPlugin,interface=SSHPlugin] {}
[INFO ] 2019-02-23T19:15:52,255Z [main] plugin.PluginManager.getPlugins - Loaded plugin Plugin[type=SSHInlinePlugin,interface=CommandPlugin] {}
[INFO ] 2019-02-23T19:15:52,259Z [main] plugin.PluginManager.getPlugins - Loaded plugin Plugin[type=KeyAuthenticationPlugin,interface=KeyAuthenticationPlugin] {}
[INFO ] 2019-02-23T19:15:52,261Z [main] plugin.PluginManager.getPlugins - Loaded plugin Plugin[type=CRaSHShellFactory,interface=ShellFactory] {}
[INFO ] 2019-02-23T19:15:52,264Z [main] plugin.PluginManager.getPlugins - Loaded plugin Plugin[type=GroovyLanguageProxy,interface=Language] {}
[INFO ] 2019-02-23T19:15:52,266Z [main] plugin.PluginManager.getPlugins - Loaded plugin Plugin[type=JavaLanguage,interface=Language] {}
[INFO ] 2019-02-23T19:15:52,268Z [main] plugin.PluginManager.getPlugins - Loaded plugin Plugin[type=ScriptLanguage,interface=Language] {}
[INFO ] 2019-02-23T19:15:52,270Z [main] plugin.PluginManager.getPlugins - Loaded plugin Plugin[type=JaasAuthenticationPlugin,interface=AuthenticationPlugin] {}
[INFO ] 2019-02-23T19:15:52,272Z [main] plugin.PluginManager.getPlugins - Loaded plugin Plugin[type=SimpleAuthenticationPlugin,interface=AuthenticationPlugin] {}
[INFO ] 2019-02-23T19:15:52,278Z [main] ssh.SSHPlugin.init - Could not boot SSHD due to missing due to missing port configuration {}
[INFO ] 2019-02-23T19:15:52,279Z [main] plugin.PluginManager.getPlugins - Initialized plugin Plugin[type=SSHPlugin,interface=SSHPlugin] {}
[INFO ] 2019-02-23T19:15:52,279Z [main] plugin.PluginManager.getPlugins - Initialized plugin Plugin[type=SSHInlinePlugin,interface=CommandPlugin] {}
[INFO ] 2019-02-23T19:15:52,279Z [main] plugin.PluginManager.getPlugins - Initialized plugin Plugin[type=KeyAuthenticationPlugin,interface=KeyAuthenticationPlugin] {}
[INFO ] 2019-02-23T19:15:52,313Z [main] plugin.PluginManager.getPlugins - Initialized plugin Plugin[type=GroovyLanguageProxy,interface=Language] {}
[INFO ] 2019-02-23T19:15:52,314Z [main] plugin.PluginManager.getPlugins - Initialized plugin Plugin[type=ScriptLanguage,interface=Language] {}
[INFO ] 2019-02-23T19:15:52,324Z [main] plugin.PluginManager.getPlugins - Initialized plugin Plugin[type=CRaSHShellFactory,interface=ShellFactory] {}
[INFO ] 2019-02-23T19:15:52,325Z [main] plugin.PluginManager.getPlugins - Initialized plugin Plugin[type=JaasAuthenticationPlugin,interface=AuthenticationPlugin] {}
[INFO ] 2019-02-23T19:15:52,326Z [main] plugin.PluginManager.getPlugins - Initialized plugin Plugin[type=SimpleAuthenticationPlugin,interface=AuthenticationPlugin] {}
[INFO ] 2019-02-23T19:15:52,327Z [main] plugin.PluginManager.getPlugins - Initialized plugin Plugin[type=CordaAuthenticationPlugin,interface=AuthenticationPlugin] {}
[WARN ] 2019-02-23T19:15:54,004Z [main] utilities.AppendOnlyPersistentMapBase.set - Double insert in net.corda.node.utilities.AppendOnlyPersistentMap for entity class class net.corda.node.services.identity.PersistentIdentityService$PersistentIdentity key 0B0EED1F4D98BD9AEC971830FCC0CC2D4802B5D03526080693987F30E423BDB2, not inserting the second time {}
[INFO ] 2019-02-23T19:15:54,006Z [main] messaging.P2PMessagingClient.updateBridgesOnNetworkChange - Updating bridges on network map change: NodeInfo(addresses=[localhost:10007], legalIdentitiesAndCerts=[O=PartyA, L=London, C=GB], platformVersion=3, serial=1550949223488) {}
[INFO ] 2019-02-23T19:15:54,204Z [main] BasicInfo.printBasicNodeInfo - Loaded CorDapps                         : corda-finance-3.3-corda, cordapp-example-0.1, corda-core-3.3-corda {}
[INFO ] 2019-02-23T19:15:54,213Z [main] BasicInfo.printBasicNodeInfo - Node for "PartyA" started up and registered in 76.62 sec {}
[INFO ] 2019-02-23T19:15:54,263Z [RxIoScheduler-2] network.PersistentNetworkMapCache.addNode - Adding node with info: NodeInfo(addresses=[localhost:10006], legalIdentitiesAndCerts=[O=Notary, L=London, C=GB], platformVersion=3, serial=1550949230130) {}
[INFO ] 2019-02-23T19:15:54,286Z [RxIoScheduler-2] network.PersistentNetworkMapCache.addNode - No previous node found {}
[INFO ] 2019-02-23T19:15:54,385Z [RxIoScheduler-2] messaging.P2PMessagingClient.updateBridgesOnNetworkChange - Updating bridges on network map change: NodeInfo(addresses=[localhost:10006], legalIdentitiesAndCerts=[O=Notary, L=London, C=GB], platformVersion=3, serial=1550949230130) {}
[INFO ] 2019-02-23T19:15:54,409Z [RxIoScheduler-2] network.PersistentNetworkMapCache.addNode - Done adding node with info: NodeInfo(addresses=[localhost:10006], legalIdentitiesAndCerts=[O=Notary, L=London, C=GB], platformVersion=3, serial=1550949230130) {}
[INFO ] 2019-02-23T19:15:54,409Z [RxIoScheduler-2] network.PersistentNetworkMapCache.addNode - Adding node with info: NodeInfo(addresses=[localhost:10010], legalIdentitiesAndCerts=[O=PartyB, L=New York, C=US], platformVersion=3, serial=1550949234257) {}
[INFO ] 2019-02-23T19:15:54,413Z [RxIoScheduler-2] network.PersistentNetworkMapCache.addNode - No previous node found {}
[INFO ] 2019-02-23T19:15:54,465Z [RxIoScheduler-2] messaging.P2PMessagingClient.updateBridgesOnNetworkChange - Updating bridges on network map change: NodeInfo(addresses=[localhost:10010], legalIdentitiesAndCerts=[O=PartyB, L=New York, C=US], platformVersion=3, serial=1550949234257) {}
[INFO ] 2019-02-23T19:15:54,474Z [RxIoScheduler-2] network.PersistentNetworkMapCache.addNode - Done adding node with info: NodeInfo(addresses=[localhost:10010], legalIdentitiesAndCerts=[O=PartyB, L=New York, C=US], platformVersion=3, serial=1550949234257) {}
[INFO ] 2019-02-23T19:15:54,475Z [RxIoScheduler-2] network.PersistentNetworkMapCache.addNode - Adding node with info: NodeInfo(addresses=[localhost:10007], legalIdentitiesAndCerts=[O=PartyA, L=London, C=GB], platformVersion=3, serial=1550949223488) {}
[INFO ] 2019-02-23T19:15:54,489Z [RxIoScheduler-2] network.PersistentNetworkMapCache.addNode - Previous node was identical to incoming one - doing nothing {}
[INFO ] 2019-02-23T19:15:54,490Z [RxIoScheduler-2] network.PersistentNetworkMapCache.addNode - Done adding node with info: NodeInfo(addresses=[localhost:10007], legalIdentitiesAndCerts=[O=PartyA, L=London, C=GB], platformVersion=3, serial=1550949223488) {}
[INFO ] 2019-02-23T19:15:54,490Z [RxIoScheduler-2] network.PersistentNetworkMapCache.addNode - Adding node with info: NodeInfo(addresses=[localhost:10013], legalIdentitiesAndCerts=[O=PartyC, L=Paris, C=FR], platformVersion=3, serial=1550949234822) {}
[INFO ] 2019-02-23T19:15:54,494Z [RxIoScheduler-2] network.PersistentNetworkMapCache.addNode - No previous node found {}
[INFO ] 2019-02-23T19:15:54,578Z [RxIoScheduler-2] messaging.P2PMessagingClient.updateBridgesOnNetworkChange - Updating bridges on network map change: NodeInfo(addresses=[localhost:10013], legalIdentitiesAndCerts=[O=PartyC, L=Paris, C=FR], platformVersion=3, serial=1550949234822) {}
[INFO ] 2019-02-23T19:15:54,585Z [RxIoScheduler-2] network.PersistentNetworkMapCache.addNode - Done adding node with info: NodeInfo(addresses=[localhost:10013], legalIdentitiesAndCerts=[O=PartyC, L=Paris, C=FR], platformVersion=3, serial=1550949234822) {}
[INFO ] 2019-02-23T19:15:54,628Z [main] messaging.RPCServer.start - Starting RPC server with configuration RPCServerConfiguration(rpcThreadPoolSize=4, reapInterval=PT1S, deduplicationCacheExpiry=PT24H) {}
[INFO ] 2019-02-23T19:15:55,387Z [Thread-0 (ActiveMQ-client-global-threads)] messaging.RPCServer.clientArtemisMessageHandler - SUBMITTING {actor_id=user1, actor_owningIdentity=O=PartyA, L=London, C=GB, actor_store_id=NODE_CONFIG, invocation_id=fb49e514-96bd-4a51-a84b-41a54a86fc61, invocation_timestamp=2019-02-23T19:15:55.379Z, session_id=7672f172-742c-4b12-a476-aa508b63dc1b, session_timestamp=2019-02-23T19:15:47.747Z}
[INFO ] 2019-02-23T19:15:59,341Z [Thread-0 (ActiveMQ-client-global-threads)] messaging.RPCServer.clientArtemisMessageHandler - SUBMITTING {actor_id=user1, actor_owningIdentity=O=PartyA, L=London, C=GB, actor_store_id=NODE_CONFIG, invocation_id=61f69618-7720-4f23-a10f-25d6ed04121d, invocation_timestamp=2019-02-23T19:15:59.341Z, session_id=7672f172-742c-4b12-a476-aa508b63dc1b, session_timestamp=2019-02-23T19:15:47.747Z}
[INFO ] 2019-02-23T19:16:54,962Z [Thread-0 (ActiveMQ-client-global-threads)] messaging.RPCServer.clientArtemisMessageHandler - SUBMITTING {actor_id=user1, actor_owningIdentity=O=PartyA, L=London, C=GB, actor_store_id=NODE_CONFIG, invocation_id=bd4cd65b-3c2a-4e9e-91f9-22058fe284df, invocation_timestamp=2019-02-23T19:16:54.962Z, session_id=7672f172-742c-4b12-a476-aa508b63dc1b, session_timestamp=2019-02-23T19:15:47.747Z}
[INFO ] 2019-02-23T19:16:54,977Z [Thread-0 (ActiveMQ-client-global-threads)] messaging.RPCServer.clientArtemisMessageHandler - SUBMITTING {actor_id=user1, actor_owningIdentity=O=PartyA, L=London, C=GB, actor_store_id=NODE_CONFIG, invocation_id=3feeb5db-aa7b-43f1-bd41-534bcdd2ecf6, invocation_timestamp=2019-02-23T19:16:54.977Z, session_id=7672f172-742c-4b12-a476-aa508b63dc1b, session_timestamp=2019-02-23T19:15:47.747Z}
[INFO ] 2019-02-23T19:16:55,000Z [rpc-server-handler-pool-1] vault.NodeVaultService._queryBy - Vault Query for contract type: class com.example.state.IOUState, criteria: VaultQueryCriteria(status=UNCONSUMED, contractStateTypes=null, stateRefs=null, notary=null, softLockingCondition=null, timeCondition=null), pagination: PageSpecification(pageNumber=-1, pageSize=200), sorting: Sort(columns=[]) {actor_id=user1, actor_owningIdentity=O=PartyA, L=London, C=GB, actor_store_id=NODE_CONFIG, invocation_id=3feeb5db-aa7b-43f1-bd41-534bcdd2ecf6, invocation_timestamp=2019-02-23T19:16:54.977Z, session_id=7672f172-742c-4b12-a476-aa508b63dc1b, session_timestamp=2019-02-23T19:15:47.747Z}
[INFO ] 2019-02-23T19:16:55,216Z [Thread-0 (ActiveMQ-client-global-threads)] messaging.RPCServer.clientArtemisMessageHandler - SUBMITTING {actor_id=user1, actor_owningIdentity=O=PartyA, L=London, C=GB, actor_store_id=NODE_CONFIG, invocation_id=5d03f963-a859-47dd-946c-b648eb233420, invocation_timestamp=2019-02-23T19:16:55.216Z, session_id=7672f172-742c-4b12-a476-aa508b63dc1b, session_timestamp=2019-02-23T19:15:47.747Z}
[INFO ] 2019-02-23T19:16:55,217Z [rpc-server-handler-pool-2] vault.NodeVaultService._queryBy - Vault Query for contract type: class com.example.state.IOUState, criteria: net.corda.core.node.services.vault.QueryCriteria$AndComposition@708355f, pagination: PageSpecification(pageNumber=-1, pageSize=200), sorting: Sort(columns=[]) {actor_id=user1, actor_owningIdentity=O=PartyA, L=London, C=GB, actor_store_id=NODE_CONFIG, invocation_id=5d03f963-a859-47dd-946c-b648eb233420, invocation_timestamp=2019-02-23T19:16:55.216Z, session_id=7672f172-742c-4b12-a476-aa508b63dc1b, session_timestamp=2019-02-23T19:15:47.747Z}
[INFO ] 2019-02-23T19:17:02,858Z [Thread-0 (ActiveMQ-client-global-threads)] messaging.RPCServer.clientArtemisMessageHandler - SUBMITTING {actor_id=user1, actor_owningIdentity=O=PartyA, L=London, C=GB, actor_store_id=NODE_CONFIG, invocation_id=f346675d-d6ec-4a8d-87ea-bbdd721a95ca, invocation_timestamp=2019-02-23T19:17:02.856Z, session_id=7672f172-742c-4b12-a476-aa508b63dc1b, session_timestamp=2019-02-23T19:15:47.747Z}
[INFO ] 2019-02-23T19:17:02,936Z [Thread-0 (ActiveMQ-client-global-threads)] messaging.RPCServer.clientArtemisMessageHandler - SUBMITTING {actor_id=user1, actor_owningIdentity=O=PartyA, L=London, C=GB, actor_store_id=NODE_CONFIG, invocation_id=a7e8e2b8-03d6-44c6-a085-cb43702dade7, invocation_timestamp=2019-02-23T19:17:02.936Z, session_id=7672f172-742c-4b12-a476-aa508b63dc1b, session_timestamp=2019-02-23T19:15:47.747Z}
[INFO ] 2019-02-23T19:17:03,338Z [Node thread-1] flow.[84173cef-c9fd-48a8-af03-4ef5d9cc02e3].call - create within a flow.****************************** {}
[INFO ] 2019-02-23T19:17:03,339Z [Node thread-1] flow.ExampleFlow$Initiator.call - First Statement of Initator call--notary-=========================  O=Notary, L=London, C=GB {}
[INFO ] 2019-02-23T19:17:03,340Z [Node thread-1] flow.ExampleFlow$Initiator.call - Whole Story of parties in initiator flow***************   [O=Notary, L=London, C=GB] {}
[INFO ] 2019-02-23T19:17:03,345Z [Node thread-1] flow.ExampleFlow$Initiator.call - getOurIdentity  me----------------  O=PartyA, L=London, C=GB {}
[INFO ] 2019-02-23T19:17:03,346Z [Node thread-1] flow.ExampleFlow$Initiator.call - otherParty initailize in constructor-----           =========O=PartyB, L=New York, C=US {}
[INFO ] 2019-02-23T19:17:03,809Z [Node thread-1] flow.ExampleFlow$Initiator.call - otherPartySession response of initiateFlow-----------============   Flow session with O=PartyB, L=New York, C=US {}
[INFO ] 2019-02-23T19:17:03,905Z [Node thread-1] flow.[84173cef-c9fd-48a8-af03-4ef5d9cc02e3].initiateSession - Initiating flow session with party O=PartyB, L=New York, C=US. Session id for tracing purposes is SessionId(toLong=4248382133232791093). {}
[INFO ] 2019-02-23T19:17:04,018Z [Messaging DLkAgm8zQTTbYW1RMRKN1wHHXKFdJS77naNgnNbRh7ELZ] messaging.P2PMessagingClient.createQueueIfAbsent - Create fresh queue internal.peers.DLDQ7n6cYeL4BiRwJ1KYAFBWaDKjcNB7ymLdjWFp627QeX bound on same address {}
[INFO ] 2019-02-23T19:17:04,105Z [Thread-0 (ActiveMQ-client-global-threads)] bridging.BridgeControlListener.processControlMessage - Received bridge control message Create(nodeIdentity=DLkAgm8zQTTbYW1RMRKN1wHHXKFdJS77naNgnNbRh7ELZ, bridgeInfo=BridgeEntry(queueName=internal.peers.DLDQ7n6cYeL4BiRwJ1KYAFBWaDKjcNB7ymLdjWFp627QeX, targets=[localhost:10010], legalNames=[O=PartyB, L=New York, C=US])) {actor_id=user1, actor_owningIdentity=O=PartyA, L=London, C=GB, actor_store_id=NODE_CONFIG, invocation_id=a7e8e2b8-03d6-44c6-a085-cb43702dade7, invocation_timestamp=2019-02-23T19:17:02.936Z, session_id=7672f172-742c-4b12-a476-aa508b63dc1b, session_timestamp=2019-02-23T19:15:47.747Z}
[INFO ] 2019-02-23T19:17:04,194Z [Thread-0 (ActiveMQ-client-global-threads)] peers.DLDQ7n6cYeL4BiRwJ1KYAFBWaDKjcNB7ymLdjWFp627QeX -> localhost:10010:O=PartyB, L=New York, C=US.start - Create new AMQP bridge {actor_id=user1, actor_owningIdentity=O=PartyA, L=London, C=GB, actor_store_id=NODE_CONFIG, invocation_id=a7e8e2b8-03d6-44c6-a085-cb43702dade7, invocation_timestamp=2019-02-23T19:17:02.936Z, session_id=7672f172-742c-4b12-a476-aa508b63dc1b, session_timestamp=2019-02-23T19:15:47.747Z}
[INFO ] 2019-02-23T19:17:04,205Z [Thread-0 (ActiveMQ-client-global-threads)] netty.AMQPClient.start - connect to: localhost:10010 {actor_id=user1, actor_owningIdentity=O=PartyA, L=London, C=GB, actor_store_id=NODE_CONFIG, invocation_id=a7e8e2b8-03d6-44c6-a085-cb43702dade7, invocation_timestamp=2019-02-23T19:17:02.936Z, session_id=7672f172-742c-4b12-a476-aa508b63dc1b, session_timestamp=2019-02-23T19:15:47.747Z}
[INFO ] 2019-02-23T19:17:04,268Z [nioEventLoopGroup-2-1] netty.AMQPClient.operationComplete - Connected to localhost:10010 {}
[INFO ] 2019-02-23T19:17:04,289Z [nioEventLoopGroup-2-1] O=PartyB, L=New York, C=US.channelActive - New client connection e8d819b7 from localhost/127.0.0.1:10010 to /127.0.0.1:63866 {}
[INFO ] 2019-02-23T19:17:04,360Z [nioEventLoopGroup-2-1] netty.LoggingTrustManagerWrapper.checkServerTrusted - Check Server Certpath:
  C=US,L=New York,O=PartyB[83D46EBDDA441284CFBEEBBFF481B143405F621C] issued by C=US,L=New York,O=PartyB[null]
  C=US,L=New York,O=PartyB[8E91F20D53638C510C1072BC5FC5E4B2FBCB6DA1] issued by C=US,L=New York,OU=Corda,O=R3 HoldCo LLC,CN=Corda Doorman CA[null]
  C=US,L=New York,OU=Corda,O=R3 HoldCo LLC,CN=Corda Doorman CA[EBEE2E30152940AE19981ED86FE37D7F07A2C213] issued by CN=Corda Node Root CA,O=R3,OU=corda,L=London,C=UK[7CAEA9DFB948012B13890B9AE645851C39170773]
  CN=Corda Node Root CA,O=R3,OU=corda,L=London,C=UK[7CAEA9DFB948012B13890B9AE645851C39170773] issued by CN=Corda Node Root CA,O=R3,OU=corda,L=London,C=UK[null] {}
[INFO ] 2019-02-23T19:17:04,406Z [nioEventLoopGroup-2-1] O=PartyB, L=New York, C=US.userEventTriggered - Handshake completed with subject: O=PartyB, L=New York, C=US {}
[INFO ] 2019-02-23T19:17:04,671Z [nioEventLoopGroup-2-1] peers.DLDQ7n6cYeL4BiRwJ1KYAFBWaDKjcNB7ymLdjWFp627QeX -> localhost:10010:O=PartyB, L=New York, C=US.onSocketConnected - Bridge Connected {}
[INFO ] 2019-02-23T19:17:04,687Z [nioEventLoopGroup-2-1] O=PartyA, L=London, C=GB.onConnectionLocalOpen - Connection local open org.apache.qpid.proton.engine.impl.ConnectionImpl@f70cfc7 {}
[INFO ] 2019-02-23T19:17:06,226Z [Thread-0 (ActiveMQ-client-global-threads)] messaging.P2PMessagingClient.artemisToCordaMessage - Received message from: p2p.inbound.DLkAgm8zQTTbYW1RMRKN1wHHXKFdJS77naNgnNbRh7ELZ user: O=PartyB, L=New York, C=US topic: platform.session uuid: ee5cf6ea-9e3d-4579-8851-97df456d76ac {actor_id=user1, actor_owningIdentity=O=PartyA, L=London, C=GB, actor_store_id=NODE_CONFIG, invocation_id=a7e8e2b8-03d6-44c6-a085-cb43702dade7, invocation_timestamp=2019-02-23T19:17:02.936Z, session_id=7672f172-742c-4b12-a476-aa508b63dc1b, session_timestamp=2019-02-23T19:15:47.747Z}
[INFO ] 2019-02-23T19:17:06,594Z [Thread-0 (ActiveMQ-client-global-threads)] messaging.P2PMessagingClient.artemisToCordaMessage - Received message from: p2p.inbound.DLkAgm8zQTTbYW1RMRKN1wHHXKFdJS77naNgnNbRh7ELZ user: O=PartyB, L=New York, C=US topic: platform.session uuid: 9c01feae-7eff-44ff-82f6-a1d3914f9af9 {actor_id=user1, actor_owningIdentity=O=PartyA, L=London, C=GB, actor_store_id=NODE_CONFIG, invocation_id=a7e8e2b8-03d6-44c6-a085-cb43702dade7, invocation_timestamp=2019-02-23T19:17:02.936Z, session_id=7672f172-742c-4b12-a476-aa508b63dc1b, session_timestamp=2019-02-23T19:15:47.747Z}
[INFO ] 2019-02-23T19:17:07,229Z [Thread-0 (ActiveMQ-client-global-threads)] messaging.P2PMessagingClient.artemisToCordaMessage - Received message from: p2p.inbound.DLkAgm8zQTTbYW1RMRKN1wHHXKFdJS77naNgnNbRh7ELZ user: O=PartyB, L=New York, C=US topic: platform.session uuid: 63584e36-3804-43c5-b669-227f100fa939 {actor_id=user1, actor_owningIdentity=O=PartyA, L=London, C=GB, actor_store_id=NODE_CONFIG, invocation_id=a7e8e2b8-03d6-44c6-a085-cb43702dade7, invocation_timestamp=2019-02-23T19:17:02.936Z, session_id=7672f172-742c-4b12-a476-aa508b63dc1b, session_timestamp=2019-02-23T19:15:47.747Z}
[INFO ] 2019-02-23T19:17:07,329Z [Thread-0 (ActiveMQ-client-global-threads)] messaging.P2PMessagingClient.artemisToCordaMessage - Received message from: p2p.inbound.DLkAgm8zQTTbYW1RMRKN1wHHXKFdJS77naNgnNbRh7ELZ user: O=PartyB, L=New York, C=US topic: platform.session uuid: 85e756ba-cfe2-4cb9-9cd0-4df00d45df01 {actor_id=user1, actor_owningIdentity=O=PartyA, L=London, C=GB, actor_store_id=NODE_CONFIG, invocation_id=a7e8e2b8-03d6-44c6-a085-cb43702dade7, invocation_timestamp=2019-02-23T19:17:02.936Z, session_id=7672f172-742c-4b12-a476-aa508b63dc1b, session_timestamp=2019-02-23T19:15:47.747Z}
[INFO ] 2019-02-23T19:17:07,618Z [Node thread-1] flow.[84173cef-c9fd-48a8-af03-4ef5d9cc02e3].initiateSession - Initiating flow session with party O=PartyB, L=New York, C=US. Session id for tracing purposes is SessionId(toLong=2429506475717468905). {}
[INFO ] 2019-02-23T19:17:07,922Z [Thread-0 (ActiveMQ-client-global-threads)] messaging.P2PMessagingClient.artemisToCordaMessage - Received message from: p2p.inbound.DLkAgm8zQTTbYW1RMRKN1wHHXKFdJS77naNgnNbRh7ELZ user: O=PartyB, L=New York, C=US topic: platform.session uuid: 4c254849-3e00-4b33-bce5-6f89a00b41f0 {actor_id=user1, actor_owningIdentity=O=PartyA, L=London, C=GB, actor_store_id=NODE_CONFIG, invocation_id=a7e8e2b8-03d6-44c6-a085-cb43702dade7, invocation_timestamp=2019-02-23T19:17:02.936Z, session_id=7672f172-742c-4b12-a476-aa508b63dc1b, session_timestamp=2019-02-23T19:15:47.747Z}
[INFO ] 2019-02-23T19:17:08,067Z [Thread-1 (ActiveMQ-client-global-threads)] messaging.P2PMessagingClient.artemisToCordaMessage - Received message from: p2p.inbound.DLkAgm8zQTTbYW1RMRKN1wHHXKFdJS77naNgnNbRh7ELZ user: O=PartyB, L=New York, C=US topic: platform.session uuid: 84709b81-f7da-4357-87f6-9d94a2662b87 {}
[INFO ] 2019-02-23T19:17:08,192Z [Thread-0 (ActiveMQ-client-global-threads)] messaging.P2PMessagingClient.artemisToCordaMessage - Received message from: p2p.inbound.DLkAgm8zQTTbYW1RMRKN1wHHXKFdJS77naNgnNbRh7ELZ user: O=PartyB, L=New York, C=US topic: platform.session uuid: 6f76d5c7-cf59-49b5-a63e-8485b947cdd4 {actor_id=user1, actor_owningIdentity=O=PartyA, L=London, C=GB, actor_store_id=NODE_CONFIG, invocation_id=a7e8e2b8-03d6-44c6-a085-cb43702dade7, invocation_timestamp=2019-02-23T19:17:02.936Z, session_id=7672f172-742c-4b12-a476-aa508b63dc1b, session_timestamp=2019-02-23T19:15:47.747Z}
[INFO ] 2019-02-23T19:17:15,834Z [Thread-0 (ActiveMQ-client-global-threads)] messaging.RPCServer.clientArtemisMessageHandler - SUBMITTING {actor_id=user1, actor_owningIdentity=O=PartyA, L=London, C=GB, actor_store_id=NODE_CONFIG, invocation_id=bc6e7fdd-c88c-47e2-a52f-e8a00d05a121, invocation_timestamp=2019-02-23T19:17:15.834Z, session_id=7672f172-742c-4b12-a476-aa508b63dc1b, session_timestamp=2019-02-23T19:15:47.747Z}
[INFO ] 2019-02-23T19:17:15,835Z [rpc-server-handler-pool-1] vault.NodeVaultService._queryBy - Vault Query for contract type: class com.example.state.IOUState, criteria: VaultQueryCriteria(status=UNCONSUMED, contractStateTypes=null, stateRefs=null, notary=null, softLockingCondition=null, timeCondition=null), pagination: PageSpecification(pageNumber=-1, pageSize=200), sorting: Sort(columns=[]) {actor_id=user1, actor_owningIdentity=O=PartyA, L=London, C=GB, actor_store_id=NODE_CONFIG, invocation_id=bc6e7fdd-c88c-47e2-a52f-e8a00d05a121, invocation_timestamp=2019-02-23T19:17:15.834Z, session_id=7672f172-742c-4b12-a476-aa508b63dc1b, session_timestamp=2019-02-23T19:15:47.747Z}
[INFO ] 2019-02-23T19:17:15,838Z [Thread-1 (ActiveMQ-client-global-threads)] messaging.RPCServer.clientArtemisMessageHandler - SUBMITTING {actor_id=user1, actor_owningIdentity=O=PartyA, L=London, C=GB, actor_store_id=NODE_CONFIG, invocation_id=ea15a736-596f-4db5-af0a-ed11e64f8f58, invocation_timestamp=2019-02-23T19:17:15.838Z, session_id=7672f172-742c-4b12-a476-aa508b63dc1b, session_timestamp=2019-02-23T19:15:47.747Z}
[INFO ] 2019-02-23T19:17:15,839Z [rpc-server-handler-pool-2] vault.NodeVaultService._queryBy - Vault Query for contract type: class com.example.state.IOUState, criteria: net.corda.core.node.services.vault.QueryCriteria$AndComposition@36b95a92, pagination: PageSpecification(pageNumber=-1, pageSize=200), sorting: Sort(columns=[]) {actor_id=user1, actor_owningIdentity=O=PartyA, L=London, C=GB, actor_store_id=NODE_CONFIG, invocation_id=ea15a736-596f-4db5-af0a-ed11e64f8f58, invocation_timestamp=2019-02-23T19:17:15.838Z, session_id=7672f172-742c-4b12-a476-aa508b63dc1b, session_timestamp=2019-02-23T19:15:47.747Z}
[WARN ] 2019-02-23T19:27:29,138Z [nioEventLoopGroup-2-1] O=PartyB, L=New York, C=US.exceptionCaught - Closing channel due to nonrecoverable exception An existing connection was forcibly closed by the remote host {}
[INFO ] 2019-02-23T19:27:29,140Z [nioEventLoopGroup-2-1] netty.AMQPClient.operationComplete - Disconnected from localhost:10010 {}
[INFO ] 2019-02-23T19:27:29,166Z [nioEventLoopGroup-2-1] O=PartyB, L=New York, C=US.channelInactive - Closed client connection e8d819b7 from localhost/127.0.0.1:10010 to /127.0.0.1:63866 {}
[INFO ] 2019-02-23T19:27:29,166Z [nioEventLoopGroup-2-1] peers.DLDQ7n6cYeL4BiRwJ1KYAFBWaDKjcNB7ymLdjWFp627QeX -> localhost:10010:O=PartyB, L=New York, C=US.onSocketConnected - Bridge Disconnected {}
[INFO ] 2019-02-23T19:27:29,171Z [nioEventLoopGroup-2-1] O=PartyA, L=London, C=GB.onConnectionLocalClose - Connection local close org.apache.qpid.proton.engine.impl.ConnectionImpl@f70cfc7 {}
[INFO ] 2019-02-23T19:27:29,172Z [nioEventLoopGroup-2-1] O=PartyA, L=London, C=GB.onTransportError - Transport Error TransportImpl [_connectionEndpoint=org.apache.qpid.proton.engine.impl.ConnectionImpl@f70cfc7, org.apache.qpid.proton.engine.impl.TransportImpl@42347b26] {}
[INFO ] 2019-02-23T19:27:29,173Z [nioEventLoopGroup-2-1] O=PartyA, L=London, C=GB.onTransportError - Error: connection aborted {}
[INFO ] 2019-02-23T19:27:30,163Z [nioEventLoopGroup-2-2] netty.AMQPClient.nextTarget - Retry connect to localhost:10010 {}
[INFO ] 2019-02-23T19:27:31,179Z [nioEventLoopGroup-2-3] netty.AMQPClient.operationComplete - Failed to connect to localhost:10010 {}
[INFO ] 2019-02-23T19:27:33,183Z [nioEventLoopGroup-2-4] netty.AMQPClient.nextTarget - Retry connect to localhost:10010 {}
