[INFO ] 2019-02-23T19:14:53,307Z [main] webserver.CmdLineOptions.loadConfig - Config:
{
    # hardcoded value
    "baseDirectory" : "D:\\Corda-Sample\\New_Sample_11Feb\\samples\\cordapp-example\\java-source\\build\\nodes\\PartyC",
    # web-reference.conf @ jar:file:/C:/Users/Parivesh/AppData/Local/capsule/apps/net.corda.webserver.WebServer_3.3-corda/corda-webserver-impl-3.3-corda.jar!/web-reference.conf: 2
    "keyStorePassword" : "cordacadevpass",
    # D:\Corda-Sample\New_Sample_11Feb\samples\cordapp-example\java-source\build\nodes\PartyC\node.conf: 1
    "myLegalName" : "O=PartyC,L=Paris,C=FR",
    # D:\Corda-Sample\New_Sample_11Feb\samples\cordapp-example\java-source\build\nodes\PartyC\node.conf: 2
    "p2pAddress" : "localhost:10013",
    # D:\Corda-Sample\New_Sample_11Feb\samples\cordapp-example\java-source\build\nodes\PartyC\node.conf: 3
    "rpcSettings" : {
        # D:\Corda-Sample\New_Sample_11Feb\samples\cordapp-example\java-source\build\nodes\PartyC\node.conf: 4
        "address" : "localhost:10014",
        # D:\Corda-Sample\New_Sample_11Feb\samples\cordapp-example\java-source\build\nodes\PartyC\node.conf: 5
        "adminAddress" : "localhost:10054"
    },
    # D:\Corda-Sample\New_Sample_11Feb\samples\cordapp-example\java-source\build\nodes\PartyC\node.conf: 7
    "rpcUsers" : [
        # D:\Corda-Sample\New_Sample_11Feb\samples\cordapp-example\java-source\build\nodes\PartyC\node.conf: 8
        {
            # D:\Corda-Sample\New_Sample_11Feb\samples\cordapp-example\java-source\build\nodes\PartyC\node.conf: 9
            "password" : "test",
            # D:\Corda-Sample\New_Sample_11Feb\samples\cordapp-example\java-source\build\nodes\PartyC\node.conf: 10
            "permissions" : [
                # D:\Corda-Sample\New_Sample_11Feb\samples\cordapp-example\java-source\build\nodes\PartyC\node.conf: 11
                "ALL"
            ],
            # D:\Corda-Sample\New_Sample_11Feb\samples\cordapp-example\java-source\build\nodes\PartyC\node.conf: 13
            "user" : "user1"
        }
    ],
    # web-reference.conf @ jar:file:/C:/Users/Parivesh/AppData/Local/capsule/apps/net.corda.webserver.WebServer_3.3-corda/corda-webserver-impl-3.3-corda.jar!/web-reference.conf: 3
    "trustStorePassword" : "trustpass",
    # web-reference.conf @ jar:file:/C:/Users/Parivesh/AppData/Local/capsule/apps/net.corda.webserver.WebServer_3.3-corda/corda-webserver-impl-3.3-corda.jar!/web-reference.conf: 1
    "useHTTPS" : false,
    # D:\Corda-Sample\New_Sample_11Feb\samples\cordapp-example\java-source\build\nodes\PartyC\node.conf: 16
    "webAddress" : "localhost:10015"
}
 {}
[INFO ] 2019-02-23T19:14:53,412Z [main] Main.main - Main class: /C:/Users/Parivesh/AppData/Local/capsule/apps/net.corda.webserver.WebServer_3.3-corda/corda-webserver-impl-3.3-corda.jar {}
[INFO ] 2019-02-23T19:14:53,768Z [main] Main.main - CommandLine Args: -Xmx200m -XX:+UseG1GC -agentlib:jdwp=transport=dt_socket,server=y,suspend=n,address=5011 -javaagent:drivers/jolokia-jvm-1.3.7-agent.jar=port=7011,logHandlerClass=net.corda.webserver.JolokiaSlf4Adapter -javaagent:D:\Corda-Sample\New_Sample_11Feb\samples\cordapp-example\java-source\build\nodes\PartyC\corda-webserver.jar -javaagent:C:\Users\Parivesh\AppData\Local\capsule\apps\net.corda.webserver.WebServer_3.3-corda\quasar-core-0.7.9-jdk8.jar -Dcapsule.address=0.0.0.0 -Dvisualvm.display.name=Corda -Djava.library.path=C:\Program Files\Java\jre1.8.0_191\bin;C:\Windows\Sun\Java\bin;C:\Windows\system32;C:\Windows;C:\Program Files (x86)\Common Files\Oracle\Java\javapath;C:\Program Files (x86)\Intel\Intel(R) Management Engine Components\iCLS;C:\Program Files\Intel\Intel(R) Management Engine Components\iCLS;C:\Windows\system32;C:\Windows;C:\Windows\System32\Wbem;C:\Windows\System32\WindowsPowerShell\v1.0;C:\Windows\System32\OpenSSH;C:\Program Files (x86)\Intel\Intel(R) Management Engine Components\DAL;C:\Program Files\Intel\Intel(R) Management Engine Components\DAL;C:\Program Files (x86)\Intel\Intel(R) Management Engine Components\IPT;C:\Program Files\Intel\Intel(R) Management Engine Components\IPT;C:\Program Files (x86)\NVIDIA Corporation\PhysX\Common;C:\Program Files\nodejs;C:\Program Files\Git\cmd;C:\Program Files\Java\jdk1.8.0_191\bin;D:\Go\bin;C:\Users\Parivesh\AppData\Local\Microsoft\WindowsApps;C:\Users\Parivesh\AppData\Roaming\npm;D:\Program\Microsoft VS Code\bin;C:\Users\Parivesh\go\bin;C:\Users\Parivesh\AppData\Local\capsule\apps\net.corda.webserver.WebServer_3.3-corda -Dcapsule.log=1 -Dcapsule.app=net.corda.webserver.WebServer_3.3-corda -Dcapsule.port=62772 -Dname=PartyC-corda-webserver.jar -Dcapsule.jvm.args=-agentlib:jdwp=transport=dt_socket,server=y,suspend=n,address=5011 -javaagent:drivers/jolokia-jvm-1.3.7-agent.jar=port=7011,logHandlerClass=net.corda.webserver.JolokiaSlf4Adapter -DWebserver -Dcapsule.dir=C:\Users\Parivesh\AppData\Local\capsule\apps\net.corda.webserver.WebServer_3.3-corda -Dcapsule.jar=D:\Corda-Sample\New_Sample_11Feb\samples\cordapp-example\java-source\build\nodes\PartyC\corda-webserver.jar {}
[INFO ] 2019-02-23T19:14:54,439Z [main] Main.main - Application Args:  {}
[INFO ] 2019-02-23T19:14:54,440Z [main] Main.main - bootclasspath: C:\Program Files\Java\jre1.8.0_191\lib\resources.jar;C:\Program Files\Java\jre1.8.0_191\lib\rt.jar;C:\Program Files\Java\jre1.8.0_191\lib\sunrsasign.jar;C:\Program Files\Java\jre1.8.0_191\lib\jsse.jar;C:\Program Files\Java\jre1.8.0_191\lib\jce.jar;C:\Program Files\Java\jre1.8.0_191\lib\charsets.jar;C:\Program Files\Java\jre1.8.0_191\lib\jfr.jar;C:\Program Files\Java\jre1.8.0_191\classes {}
[INFO ] 2019-02-23T19:14:54,440Z [main] Main.main - classpath: D:\Corda-Sample\New_Sample_11Feb\samples\cordapp-example\java-source\build\nodes\PartyC\corda-webserver.jar;C:\Users\Parivesh\AppData\Local\capsule\apps\net.corda.webserver.WebServer_3.3-corda\corda-rpc-3.3-corda.jar;C:\Users\Parivesh\AppData\Local\capsule\apps\net.corda.webserver.WebServer_3.3-corda\corda-jackson-3.3-corda.jar;C:\Users\Parivesh\AppData\Local\capsule\apps\net.corda.webserver.WebServer_3.3-corda\corda-node-api-3.3-corda.jar;C:\Users\Parivesh\AppData\Local\capsule\apps\net.corda.webserver.WebServer_3.3-corda\corda-core-3.3-corda.jar;C:\Users\Parivesh\AppData\Local\capsule\apps\net.corda.webserver.WebServer_3.3-corda\jetty-webapp-9.4.7.v20170914.jar;C:\Users\Parivesh\AppData\Local\capsule\apps\net.corda.webserver.WebServer_3.3-corda\jetty-servlet-9.4.7.v20170914.jar;C:\Users\Parivesh\AppData\Local\capsule\apps\net.corda.webserver.WebServer_3.3-corda\jersey-container-jetty-http-2.25.jar;C:\Users\Parivesh\AppData\Local\capsule\apps\net.corda.webserver.WebServer_3.3-corda\jetty-security-9.4.7.v20170914.jar;C:\Users\Parivesh\AppData\Local\capsule\apps\net.corda.webserver.WebServer_3.3-corda\jetty-server-9.4.7.v20170914.jar;C:\Users\Parivesh\AppData\Local\capsule\apps\net.corda.webserver.WebServer_3.3-corda\javax.servlet-api-3.1.0.jar;C:\Users\Parivesh\AppData\Local\capsule\apps\net.corda.webserver.WebServer_3.3-corda\commons-fileupload-1.3.3.jar;C:\Users\Parivesh\AppData\Local\capsule\apps\net.corda.webserver.WebServer_3.3-corda\log4j-slf4j-impl-2.9.1.jar;C:\Users\Parivesh\AppData\Local\capsule\apps\net.corda.webserver.WebServer_3.3-corda\log4j-core-2.9.1.jar;C:\Users\Parivesh\AppData\Local\capsule\apps\net.corda.webserver.WebServer_3.3-corda\jopt-simple-5.0.2.jar;C:\Users\Parivesh\AppData\Local\capsule\apps\net.corda.webserver.WebServer_3.3-corda\jetty-continuation-9.4.7.v20170914.jar;C:\Users\Parivesh\AppData\Local\capsule\apps\net.corda.webserver.WebServer_3.3-corda\jersey-container-servlet-2.25.jar;C:\Users\Parivesh\AppData\Local\capsule\apps\net.corda.webserver.WebServer_3.3-corda\jersey-container-servlet-core-2.25.jar;C:\Users\Parivesh\AppData\Local\capsule\apps\net.corda.webserver.WebServer_3.3-corda\jersey-server-2.25.jar;C:\Users\Parivesh\AppData\Local\capsule\apps\net.corda.webserver.WebServer_3.3-corda\jersey-media-json-jackson-2.25.jar;C:\Users\Parivesh\AppData\Local\capsule\apps\net.corda.webserver.WebServer_3.3-corda\kotlinx-html-jvm-0.6.3.jar;C:\Users\Parivesh\AppData\Local\capsule\apps\net.corda.webserver.WebServer_3.3-corda\kotlin-stdlib-jre8-1.1.60.jar;C:\Users\Parivesh\AppData\Local\capsule\apps\net.corda.webserver.WebServer_3.3-corda\jackson-module-kotlin-2.9.2.jar;C:\Users\Parivesh\AppData\Local\capsule\apps\net.corda.webserver.WebServer_3.3-corda\kotlin-reflect-1.1.60.jar;C:\Users\Parivesh\AppData\Local\capsule\apps\net.corda.webserver.WebServer_3.3-corda\cordform-common-3.2.1.jar;C:\Users\Parivesh\AppData\Local\capsule\apps\net.corda.webserver.WebServer_3.3-corda\jsr305-3.0.2.jar;C:\Users\Parivesh\AppData\Local\capsule\apps\net.corda.webserver.WebServer_3.3-corda\jcl-over-slf4j-1.7.25.jar;C:\Users\Parivesh\AppData\Local\capsule\apps\net.corda.webserver.WebServer_3.3-corda\slf4j-api-1.7.25.jar;C:\Users\Parivesh\AppData\Local\capsule\apps\net.corda.webserver.WebServer_3.3-corda\rxjava-1.2.4.jar;C:\Users\Parivesh\AppData\Local\capsule\apps\net.corda.webserver.WebServer_3.3-corda\commons-jexl3-3.0.jar;C:\Users\Parivesh\AppData\Local\capsule\apps\net.corda.webserver.WebServer_3.3-corda\jackson-datatype-jsr310-2.9.2.jar;C:\Users\Parivesh\AppData\Local\capsule\apps\net.corda.webserver.WebServer_3.3-corda\jackson-jaxrs-json-provider-2.8.4.jar;C:\Users\Parivesh\AppData\Local\capsule\apps\net.corda.webserver.WebServer_3.3-corda\jackson-jaxrs-base-2.8.4.jar;C:\Users\Parivesh\AppData\Local\capsule\apps\net.corda.webserver.WebServer_3.3-corda\jackson-module-jaxb-annotations-2.8.4.jar;C:\Users\Parivesh\AppData\Local\capsule\apps\net.corda.webserver.WebServer_3.3-corda\jackson-databind-2.9.2.jar;C:\Users\Parivesh\AppData\Local\capsule\apps\net.corda.webserver.WebServer_3.3-corda\eddsa-0.2.0.jar;C:\Users\Parivesh\AppData\Local\capsule\apps\net.corda.webserver.WebServer_3.3-corda\bcpkix-jdk15on-1.57.jar;C:\Users\Parivesh\AppData\Local\capsule\apps\net.corda.webserver.WebServer_3.3-corda\bcprov-jdk15on-1.57.jar;C:\Users\Parivesh\AppData\Local\capsule\apps\net.corda.webserver.WebServer_3.3-corda\hibernate-core-5.2.6.Final.jar;C:\Users\Parivesh\AppData\Local\capsule\apps\net.corda.webserver.WebServer_3.3-corda\hibernate-jpa-2.1-api-1.0.0.Final.jar;C:\Users\Parivesh\AppData\Local\capsule\apps\net.corda.webserver.WebServer_3.3-corda\quasar-core-0.7.9-jdk8.jar;C:\Users\Parivesh\AppData\Local\capsule\apps\net.corda.webserver.WebServer_3.3-corda\jackson-dataformat-yaml-2.9.2.jar;C:\Users\Parivesh\AppData\Local\capsule\apps\net.corda.webserver.WebServer_3.3-corda\artemis-core-client-2.2.0.jar;C:\Users\Parivesh\AppData\Local\capsule\apps\net.corda.webserver.WebServer_3.3-corda\artemis-commons-2.2.0.jar;C:\Users\Parivesh\AppData\Local\capsule\apps\net.corda.webserver.WebServer_3.3-corda\guava-21.0.jar;C:\Users\Parivesh\AppData\Local\capsule\apps\net.corda.webserver.WebServer_3.3-corda\jetty-xml-9.4.7.v20170914.jar;C:\Users\Parivesh\AppData\Local\capsule\apps\net.corda.webserver.WebServer_3.3-corda\commons-io-2.2.jar;C:\Users\Parivesh\AppData\Local\capsule\apps\net.corda.webserver.WebServer_3.3-corda\log4j-api-2.9.1.jar;C:\Users\Parivesh\AppData\Local\capsule\apps\net.corda.webserver.WebServer_3.3-corda\jersey-client-2.25.jar;C:\Users\Parivesh\AppData\Local\capsule\apps\net.corda.webserver.WebServer_3.3-corda\jersey-media-jaxb-2.25.jar;C:\Users\Parivesh\AppData\Local\capsule\apps\net.corda.webserver.WebServer_3.3-corda\jersey-common-2.25.jar;C:\Users\Parivesh\AppData\Local\capsule\apps\net.corda.webserver.WebServer_3.3-corda\jersey-entity-filtering-2.25.jar;C:\Users\Parivesh\AppData\Local\capsule\apps\net.corda.webserver.WebServer_3.3-corda\javax.ws.rs-api-2.0.1.jar;C:\Users\Parivesh\AppData\Local\capsule\apps\net.corda.webserver.WebServer_3.3-corda\javax.annotation-api-1.2.jar;C:\Users\Parivesh\AppData\Local\capsule\apps\net.corda.webserver.WebServer_3.3-corda\hk2-locator-2.5.0-b30.jar;C:\Users\Parivesh\AppData\Local\capsule\apps\net.corda.webserver.WebServer_3.3-corda\hk2-api-2.5.0-b30.jar;C:\Users\Parivesh\AppData\Local\capsule\apps\net.corda.webserver.WebServer_3.3-corda\javax.inject-2.5.0-b30.jar;C:\Users\Parivesh\AppData\Local\capsule\apps\net.corda.webserver.WebServer_3.3-corda\validation-api-1.1.0.Final.jar;C:\Users\Parivesh\AppData\Local\capsule\apps\net.corda.webserver.WebServer_3.3-corda\jetty-http-9.4.7.v20170914.jar;C:\Users\Parivesh\AppData\Local\capsule\apps\net.corda.webserver.WebServer_3.3-corda\jetty-io-9.4.7.v20170914.jar;C:\Users\Parivesh\AppData\Local\capsule\apps\net.corda.webserver.WebServer_3.3-corda\jetty-util-9.4.7.v20170914.jar;C:\Users\Parivesh\AppData\Local\capsule\apps\net.corda.webserver.WebServer_3.3-corda\jackson-annotations-2.9.0.jar;C:\Users\Parivesh\AppData\Local\capsule\apps\net.corda.webserver.WebServer_3.3-corda\kotlin-stdlib-jre7-1.1.60.jar;C:\Users\Parivesh\AppData\Local\capsule\apps\net.corda.webserver.WebServer_3.3-corda\kotlin-stdlib-1.1.60.jar;C:\Users\Parivesh\AppData\Local\capsule\apps\net.corda.webserver.WebServer_3.3-corda\jackson-core-2.9.2.jar;C:\Users\Parivesh\AppData\Local\capsule\apps\net.corda.webserver.WebServer_3.3-corda\hibernate-commons-annotations-5.0.1.Final.jar;C:\Users\Parivesh\AppData\Local\capsule\apps\net.corda.webserver.WebServer_3.3-corda\jboss-logging-3.3.0.Final.jar;C:\Users\Parivesh\AppData\Local\capsule\apps\net.corda.webserver.WebServer_3.3-corda\javassist-3.20.0-GA.jar;C:\Users\Parivesh\AppData\Local\capsule\apps\net.corda.webserver.WebServer_3.3-corda\antlr-2.7.7.jar;C:\Users\Parivesh\AppData\Local\capsule\apps\net.corda.webserver.WebServer_3.3-corda\geronimo-jta_1.1_spec-1.1.1.jar;C:\Users\Parivesh\AppData\Local\capsule\apps\net.corda.webserver.WebServer_3.3-corda\jandex-2.0.3.Final.jar;C:\Users\Parivesh\AppData\Local\capsule\apps\net.corda.webserver.WebServer_3.3-corda\classmate-1.3.0.jar;C:\Users\Parivesh\AppData\Local\capsule\apps\net.corda.webserver.WebServer_3.3-corda\dom4j-1.6.1.jar;C:\Users\Parivesh\AppData\Local\capsule\apps\net.corda.webserver.WebServer_3.3-corda\cdi-api-1.1.jar;C:\Users\Parivesh\AppData\Local\capsule\apps\net.corda.webserver.WebServer_3.3-corda\commons-collections4-4.1.jar;C:\Users\Parivesh\AppData\Local\capsule\apps\net.corda.webserver.WebServer_3.3-corda\commons-beanutils-1.9.3.jar;C:\Users\Parivesh\AppData\Local\capsule\apps\net.corda.webserver.WebServer_3.3-corda\config-1.3.1.jar;C:\Users\Parivesh\AppData\Local\capsule\apps\net.corda.webserver.WebServer_3.3-corda\kryo-serializers-0.41.jar;C:\Users\Parivesh\AppData\Local\capsule\apps\net.corda.webserver.WebServer_3.3-corda\kryo-4.0.0.jar;C:\Users\Parivesh\AppData\Local\capsule\apps\net.corda.webserver.WebServer_3.3-corda\proton-j-0.21.0.jar;C:\Users\Parivesh\AppData\Local\capsule\apps\net.corda.webserver.WebServer_3.3-corda\fast-classpath-scanner-2.12.3.jar;C:\Users\Parivesh\AppData\Local\capsule\apps\net.corda.webserver.WebServer_3.3-corda\snakeyaml-1.18.jar;C:\Users\Parivesh\AppData\Local\capsule\apps\net.corda.webserver.WebServer_3.3-corda\jersey-guava-2.25.jar;C:\Users\Parivesh\AppData\Local\capsule\apps\net.corda.webserver.WebServer_3.3-corda\osgi-resource-locator-1.0.1.jar;C:\Users\Parivesh\AppData\Local\capsule\apps\net.corda.webserver.WebServer_3.3-corda\hk2-utils-2.5.0-b30.jar;C:\Users\Parivesh\AppData\Local\capsule\apps\net.corda.webserver.WebServer_3.3-corda\aopalliance-repackaged-2.5.0-b30.jar;C:\Users\Parivesh\AppData\Local\capsule\apps\net.corda.webserver.WebServer_3.3-corda\el-api-2.2.jar;C:\Users\Parivesh\AppData\Local\capsule\apps\net.corda.webserver.WebServer_3.3-corda\jboss-interceptors-api_1.1_spec-1.0.0.Beta1.jar;C:\Users\Parivesh\AppData\Local\capsule\apps\net.corda.webserver.WebServer_3.3-corda\jsr250-api-1.0.jar;C:\Users\Parivesh\AppData\Local\capsule\apps\net.corda.webserver.WebServer_3.3-corda\javax.inject-1.jar;C:\Users\Parivesh\AppData\Local\capsule\apps\net.corda.webserver.WebServer_3.3-corda\commons-collections-3.2.2.jar;C:\Users\Parivesh\AppData\Local\capsule\apps\net.corda.webserver.WebServer_3.3-corda\jgroups-3.6.13.Final.jar;C:\Users\Parivesh\AppData\Local\capsule\apps\net.corda.webserver.WebServer_3.3-corda\netty-all-4.1.9.Final.jar;C:\Users\Parivesh\AppData\Local\capsule\apps\net.corda.webserver.WebServer_3.3-corda\geronimo-json_1.0_spec-1.0-alpha-1.jar;C:\Users\Parivesh\AppData\Local\capsule\apps\net.corda.webserver.WebServer_3.3-corda\johnzon-core-0.9.5.jar;C:\Users\Parivesh\AppData\Local\capsule\apps\net.corda.webserver.WebServer_3.3-corda\reflectasm-1.11.3.jar;C:\Users\Parivesh\AppData\Local\capsule\apps\net.corda.webserver.WebServer_3.3-corda\minlog-1.3.0.jar;C:\Users\Parivesh\AppData\Local\capsule\apps\net.corda.webserver.WebServer_3.3-corda\objenesis-2.2.jar;C:\Users\Parivesh\AppData\Local\capsule\apps\net.corda.webserver.WebServer_3.3-corda\asm-5.0.4.jar;C:\Users\Parivesh\AppData\Local\capsule\apps\net.corda.webserver.WebServer_3.3-corda\annotations-13.0.jar;C:\Users\Parivesh\AppData\Local\capsule\apps\net.corda.webserver.WebServer_3.3-corda\corda-webserver-impl-3.3-corda.jar;D:\Corda-Sample\New_Sample_11Feb\samples\cordapp-example\java-source\build\nodes\PartyC\cordapps\corda-finance-3.3-corda.jar;D:\Corda-Sample\New_Sample_11Feb\samples\cordapp-example\java-source\build\nodes\PartyC\cordapps\cordapp-example-0.1.jar;drivers/jolokia-jvm-1.3.7-agent.jar;D:\Corda-Sample\New_Sample_11Feb\samples\cordapp-example\java-source\build\nodes\PartyC\corda-webserver.jar;C:\Users\Parivesh\AppData\Local\capsule\apps\net.corda.webserver.WebServer_3.3-corda\quasar-core-0.7.9-jdk8.jar {}
[INFO ] 2019-02-23T19:14:54,447Z [main] Main.main - VM Java HotSpot(TM) 64-Bit Server VM Oracle Corporation 25.191-b12 {}
[INFO ] 2019-02-23T19:14:54,449Z [main] Main.main - Machine: DESKTOP-ODQ0EQI {}
[INFO ] 2019-02-23T19:14:54,449Z [main] Main.main - Working Directory: D:\Corda-Sample\New_Sample_11Feb\samples\cordapp-example\java-source\build\nodes\PartyC {}
[INFO ] 2019-02-23T19:14:58,128Z [main] Main.main - Starting as webserver on localhost:10015 {}
[INFO ] 2019-02-23T19:14:58,470Z [main] BasicInfo.logAndMaybePrint - Starting as webserver: localhost:10015 {}
[WARN ] 2019-02-23T19:14:59,493Z [main] internal.config.defaultToOldPath - Config key user has been deprecated and will be removed in a future release. Use username instead {}
[INFO ] 2019-02-23T19:14:59,539Z [main] internal.NodeWebServer.connectLocalRpcAsNodeUser - Connecting to node at localhost:10014 as User(user1, permissions=[ALL]) {}
[INFO ] 2019-02-23T19:15:22,764Z [main] internal.RPCClient.logElapsedTime - Startup took 14703 msec {}
[WARN ] 2019-02-23T19:15:24,287Z [main] internal.config.defaultToOldPath - Config key user has been deprecated and will be removed in a future release. Use username instead {}
[INFO ] 2019-02-23T19:15:24,289Z [main] internal.NodeWebServer.connectLocalRpcAsNodeUser - Connecting to node at localhost:10014 as User(user1, permissions=[ALL]) {}
[INFO ] 2019-02-23T19:15:25,515Z [main] internal.RPCClient.logElapsedTime - Startup took 1225 msec {}
[WARN ] 2019-02-23T19:15:26,575Z [main] internal.config.defaultToOldPath - Config key user has been deprecated and will be removed in a future release. Use username instead {}
[INFO ] 2019-02-23T19:15:26,577Z [main] internal.NodeWebServer.connectLocalRpcAsNodeUser - Connecting to node at localhost:10014 as User(user1, permissions=[ALL]) {}
[INFO ] 2019-02-23T19:15:27,818Z [main] internal.RPCClient.logElapsedTime - Startup took 1238 msec {}
[WARN ] 2019-02-23T19:15:28,891Z [main] internal.config.defaultToOldPath - Config key user has been deprecated and will be removed in a future release. Use username instead {}
[INFO ] 2019-02-23T19:15:28,895Z [main] internal.NodeWebServer.connectLocalRpcAsNodeUser - Connecting to node at localhost:10014 as User(user1, permissions=[ALL]) {}
[INFO ] 2019-02-23T19:15:30,449Z [main] internal.RPCClient.logElapsedTime - Startup took 1552 msec {}
[WARN ] 2019-02-23T19:15:31,467Z [main] internal.config.defaultToOldPath - Config key user has been deprecated and will be removed in a future release. Use username instead {}
[INFO ] 2019-02-23T19:15:31,468Z [main] internal.NodeWebServer.connectLocalRpcAsNodeUser - Connecting to node at localhost:10014 as User(user1, permissions=[ALL]) {}
[INFO ] 2019-02-23T19:15:32,912Z [main] internal.RPCClient.logElapsedTime - Startup took 1444 msec {}
[WARN ] 2019-02-23T19:15:33,951Z [main] internal.config.defaultToOldPath - Config key user has been deprecated and will be removed in a future release. Use username instead {}
[INFO ] 2019-02-23T19:15:33,951Z [main] internal.NodeWebServer.connectLocalRpcAsNodeUser - Connecting to node at localhost:10014 as User(user1, permissions=[ALL]) {}
[INFO ] 2019-02-23T19:15:35,286Z [main] internal.RPCClient.logElapsedTime - Startup took 1334 msec {}
[WARN ] 2019-02-23T19:15:36,293Z [main] internal.config.defaultToOldPath - Config key user has been deprecated and will be removed in a future release. Use username instead {}
[INFO ] 2019-02-23T19:15:36,294Z [main] internal.NodeWebServer.connectLocalRpcAsNodeUser - Connecting to node at localhost:10014 as User(user1, permissions=[ALL]) {}
[INFO ] 2019-02-23T19:15:37,512Z [main] internal.RPCClient.logElapsedTime - Startup took 1217 msec {}
[WARN ] 2019-02-23T19:15:38,612Z [main] internal.config.defaultToOldPath - Config key user has been deprecated and will be removed in a future release. Use username instead {}
[INFO ] 2019-02-23T19:15:38,614Z [main] internal.NodeWebServer.connectLocalRpcAsNodeUser - Connecting to node at localhost:10014 as User(user1, permissions=[ALL]) {}
[INFO ] 2019-02-23T19:15:39,946Z [main] internal.RPCClient.logElapsedTime - Startup took 1330 msec {}
[WARN ] 2019-02-23T19:15:40,955Z [main] internal.config.defaultToOldPath - Config key user has been deprecated and will be removed in a future release. Use username instead {}
[INFO ] 2019-02-23T19:15:40,957Z [main] internal.NodeWebServer.connectLocalRpcAsNodeUser - Connecting to node at localhost:10014 as User(user1, permissions=[ALL]) {}
[INFO ] 2019-02-23T19:15:42,239Z [main] internal.RPCClient.logElapsedTime - Startup took 1280 msec {}
[WARN ] 2019-02-23T19:15:43,259Z [main] internal.config.defaultToOldPath - Config key user has been deprecated and will be removed in a future release. Use username instead {}
[INFO ] 2019-02-23T19:15:43,261Z [main] internal.NodeWebServer.connectLocalRpcAsNodeUser - Connecting to node at localhost:10014 as User(user1, permissions=[ALL]) {}
[INFO ] 2019-02-23T19:15:44,478Z [main] internal.RPCClient.logElapsedTime - Startup took 1215 msec {}
[WARN ] 2019-02-23T19:15:45,478Z [main] internal.config.defaultToOldPath - Config key user has been deprecated and will be removed in a future release. Use username instead {}
[INFO ] 2019-02-23T19:15:45,480Z [main] internal.NodeWebServer.connectLocalRpcAsNodeUser - Connecting to node at localhost:10014 as User(user1, permissions=[ALL]) {}
[INFO ] 2019-02-23T19:15:46,830Z [main] internal.RPCClient.logElapsedTime - Startup took 1350 msec {}
[WARN ] 2019-02-23T19:15:47,901Z [main] internal.config.defaultToOldPath - Config key user has been deprecated and will be removed in a future release. Use username instead {}
[INFO ] 2019-02-23T19:15:47,902Z [main] internal.NodeWebServer.connectLocalRpcAsNodeUser - Connecting to node at localhost:10014 as User(user1, permissions=[ALL]) {}
[INFO ] 2019-02-23T19:15:48,966Z [main] internal.RPCClient.logElapsedTime - Startup took 1062 msec {}
[WARN ] 2019-02-23T19:15:49,972Z [main] internal.config.defaultToOldPath - Config key user has been deprecated and will be removed in a future release. Use username instead {}
[INFO ] 2019-02-23T19:15:49,975Z [main] internal.NodeWebServer.connectLocalRpcAsNodeUser - Connecting to node at localhost:10014 as User(user1, permissions=[ALL]) {}
[INFO ] 2019-02-23T19:15:51,066Z [main] internal.RPCClient.logElapsedTime - Startup took 1091 msec {}
[WARN ] 2019-02-23T19:15:52,142Z [main] internal.config.defaultToOldPath - Config key user has been deprecated and will be removed in a future release. Use username instead {}
[INFO ] 2019-02-23T19:15:52,143Z [main] internal.NodeWebServer.connectLocalRpcAsNodeUser - Connecting to node at localhost:10014 as User(user1, permissions=[ALL]) {}
[INFO ] 2019-02-23T19:15:53,209Z [main] internal.RPCClient.logElapsedTime - Startup took 1065 msec {}
[WARN ] 2019-02-23T19:15:54,217Z [main] internal.config.defaultToOldPath - Config key user has been deprecated and will be removed in a future release. Use username instead {}
[INFO ] 2019-02-23T19:15:54,219Z [main] internal.NodeWebServer.connectLocalRpcAsNodeUser - Connecting to node at localhost:10014 as User(user1, permissions=[ALL]) {}
[INFO ] 2019-02-23T19:16:03,529Z [main] internal.RPCClient.logElapsedTime - Startup took 9309 msec {}
[INFO ] 2019-02-23T19:16:03,582Z [main] util.log.initialized - Logging initialized @89615ms to org.eclipse.jetty.util.log.Slf4jLog {}
[INFO ] 2019-02-23T19:16:06,882Z [main] internal.NodeWebServer.buildServletContextHandler - Add plugin web API from attachment com.example.plugin.ExamplePlugin$$Lambda$12/520271569@1c3400df {}
[INFO ] 2019-02-23T19:16:08,530Z [main] server.Server.doStart - jetty-9.4.7.v20170914 {}
[INFO ] 2019-02-23T19:16:11,239Z [main] handler.ContextHandler.doStart - Started o.e.j.s.ServletContextHandler@37c5a3c7{/,null,AVAILABLE} {}
[INFO ] 2019-02-23T19:16:11,276Z [main] server.AbstractConnector.doStart - Started ServerConnector@8cd00bc{HTTP/1.1,[http/1.1]}{0.0.0.0:10015} {}
[INFO ] 2019-02-23T19:16:11,277Z [main] server.Server.doStart - Started @97314ms {}
[INFO ] 2019-02-23T19:16:11,277Z [main] internal.NodeWebServer.initWebServer - Starting webserver on address localhost:10015 {}
