[INFO ] 2019-02-13T18:47:14,881Z [driver-pool-thread-0] config.ConfigHelper.loadConfig - Config:
{
    # reference.conf @ jar:file:/C:/Users/Parivesh/.gradle/caches/modules-2/files-2.1/net.corda/corda-node/3.3-corda/c617459a941380101a1bf44d91674959c940165d/corda-node-3.3-corda.jar!/reference.conf: 20
    "activeMQServer" : {
        # reference.conf @ jar:file:/C:/Users/Parivesh/.gradle/caches/modules-2/files-2.1/net.corda/corda-node/3.3-corda/c617459a941380101a1bf44d91674959c940165d/corda-node-3.3-corda.jar!/reference.conf: 21
        "bridge" : {
            # reference.conf @ jar:file:/C:/Users/Parivesh/.gradle/caches/modules-2/files-2.1/net.corda/corda-node/3.3-corda/c617459a941380101a1bf44d91674959c940165d/corda-node-3.3-corda.jar!/reference.conf: 24
            "maxRetryIntervalMin" : 3,
            # reference.conf @ jar:file:/C:/Users/Parivesh/.gradle/caches/modules-2/files-2.1/net.corda/corda-node/3.3-corda/c617459a941380101a1bf44d91674959c940165d/corda-node-3.3-corda.jar!/reference.conf: 22
            "retryIntervalMs" : 5000,
            # reference.conf @ jar:file:/C:/Users/Parivesh/.gradle/caches/modules-2/files-2.1/net.corda/corda-node/3.3-corda/c617459a941380101a1bf44d91674959c940165d/corda-node-3.3-corda.jar!/reference.conf: 23
            "retryIntervalMultiplier" : 1.5
        }
    },
    # hardcoded value
    "baseDirectory" : "D:\\Corda-Sample\\New_Sample_11Feb\\samples\\cordapp-example\\build\\20190213-184700.224\\NotaryService",
    # merge of reference.conf @ jar:file:/C:/Users/Parivesh/.gradle/caches/modules-2/files-2.1/net.corda/corda-node/3.3-corda/c617459a941380101a1bf44d91674959c940165d/corda-node-3.3-corda.jar!/reference.conf: 6,reference.conf @ jar:file:/C:/Users/Parivesh/.gradle/caches/modules-2/files-2.1/net.corda/corda/3.3-corda/c634cc8e8d8d4440532a3da10d09ca080486319b/corda-3.3-corda.jar!/reference.conf: 6,reference.conf @ jar:file:/C:/Users/Parivesh/.gradle/caches/modules-2/files-2.1/net.corda/corda-webserver/3.3-corda/676d262432ac6c4e59cb139fd104221b967522b9/corda-webserver-3.3-corda.jar!/reference.conf: 6
    "dataSourceProperties" : {
        # reference.conf @ jar:file:/C:/Users/Parivesh/.gradle/caches/modules-2/files-2.1/net.corda/corda-node/3.3-corda/c617459a941380101a1bf44d91674959c940165d/corda-node-3.3-corda.jar!/reference.conf: 10
        "dataSource.password" : "",
        # merge of reference.conf @ jar:file:/C:/Users/Parivesh/.gradle/caches/modules-2/files-2.1/net.corda/corda-node/3.3-corda/c617459a941380101a1bf44d91674959c940165d/corda-node-3.3-corda.jar!/reference.conf: 8,hardcoded value,reference.conf @ jar:file:/C:/Users/Parivesh/.gradle/caches/modules-2/files-2.1/net.corda/corda-node/3.3-corda/c617459a941380101a1bf44d91674959c940165d/corda-node-3.3-corda.jar!/reference.conf: 8,reference.conf @ jar:file:/C:/Users/Parivesh/.gradle/caches/modules-2/files-2.1/net.corda/corda-node/3.3-corda/c617459a941380101a1bf44d91674959c940165d/corda-node-3.3-corda.jar!/reference.conf: 17
        "dataSource.url" : "jdbc:h2:file:D:\\Corda-Sample\\New_Sample_11Feb\\samples\\cordapp-example\\build\\20190213-184700.224\\NotaryService/persistence;DB_CLOSE_ON_EXIT=FALSE;LOCK_TIMEOUT=10000;WRITE_DELAY=100;AUTO_SERVER_PORT=0",
        # reference.conf @ jar:file:/C:/Users/Parivesh/.gradle/caches/modules-2/files-2.1/net.corda/corda-node/3.3-corda/c617459a941380101a1bf44d91674959c940165d/corda-node-3.3-corda.jar!/reference.conf: 9
        "dataSource.user" : "sa",
        # reference.conf @ jar:file:/C:/Users/Parivesh/.gradle/caches/modules-2/files-2.1/net.corda/corda-node/3.3-corda/c617459a941380101a1bf44d91674959c940165d/corda-node-3.3-corda.jar!/reference.conf: 7
        "dataSourceClassName" : "org.h2.jdbcx.JdbcDataSource"
    },
    # reference.conf @ jar:file:/C:/Users/Parivesh/.gradle/caches/modules-2/files-2.1/net.corda/corda-node/3.3-corda/c617459a941380101a1bf44d91674959c940165d/corda-node-3.3-corda.jar!/reference.conf: 12
    "database" : {
        # reference.conf @ jar:file:/C:/Users/Parivesh/.gradle/caches/modules-2/files-2.1/net.corda/corda-node/3.3-corda/c617459a941380101a1bf44d91674959c940165d/corda-node-3.3-corda.jar!/reference.conf: 14
        "exportHibernateJMXStatistics" : "false",
        # reference.conf @ jar:file:/C:/Users/Parivesh/.gradle/caches/modules-2/files-2.1/net.corda/corda-node/3.3-corda/c617459a941380101a1bf44d91674959c940165d/corda-node-3.3-corda.jar!/reference.conf: 13
        "transactionIsolationLevel" : "REPEATABLE_READ"
    },
    # reference.conf @ jar:file:/C:/Users/Parivesh/.gradle/caches/modules-2/files-2.1/net.corda/corda-node/3.3-corda/c617459a941380101a1bf44d91674959c940165d/corda-node-3.3-corda.jar!/reference.conf: 16
    "devMode" : true,
    # reference.conf @ jar:file:/C:/Users/Parivesh/.gradle/caches/modules-2/files-2.1/net.corda/corda-node/3.3-corda/c617459a941380101a1bf44d91674959c940165d/corda-node-3.3-corda.jar!/reference.conf: 2
    "emailAddress" : "admin@company.com",
    # reference.conf @ jar:file:/C:/Users/Parivesh/.gradle/caches/modules-2/files-2.1/net.corda/corda-node/3.3-corda/c617459a941380101a1bf44d91674959c940165d/corda-node-3.3-corda.jar!/reference.conf: 3
    "exportJMXto" : "http",
    # reference.conf @ jar:file:/C:/Users/Parivesh/.gradle/caches/modules-2/files-2.1/net.corda/corda-node/3.3-corda/c617459a941380101a1bf44d91674959c940165d/corda-node-3.3-corda.jar!/reference.conf: 31
    "flowTimeout" : {
        # reference.conf @ jar:file:/C:/Users/Parivesh/.gradle/caches/modules-2/files-2.1/net.corda/corda-node/3.3-corda/c617459a941380101a1bf44d91674959c940165d/corda-node-3.3-corda.jar!/reference.conf: 34
        "backoffBase" : 1.8,
        # reference.conf @ jar:file:/C:/Users/Parivesh/.gradle/caches/modules-2/files-2.1/net.corda/corda-node/3.3-corda/c617459a941380101a1bf44d91674959c940165d/corda-node-3.3-corda.jar!/reference.conf: 33
        "maxRestartCount" : 5,
        # reference.conf @ jar:file:/C:/Users/Parivesh/.gradle/caches/modules-2/files-2.1/net.corda/corda-node/3.3-corda/c617459a941380101a1bf44d91674959c940165d/corda-node-3.3-corda.jar!/reference.conf: 32
        "timeout" : "30 seconds"
    },
    # reference.conf @ jar:file:/C:/Users/Parivesh/.gradle/caches/modules-2/files-2.1/net.corda/corda-node/3.3-corda/c617459a941380101a1bf44d91674959c940165d/corda-node-3.3-corda.jar!/reference.conf: 17
    "h2port" : 0,
    # reference.conf @ jar:file:/C:/Users/Parivesh/.gradle/caches/modules-2/files-2.1/net.corda/corda-node/3.3-corda/c617459a941380101a1bf44d91674959c940165d/corda-node-3.3-corda.jar!/reference.conf: 4
    "keyStorePassword" : "cordacadevpass",
    # hardcoded value
    "myLegalName" : "O=Notary Service, L=Zurich, C=CH",
    # hardcoded value
    "notary" : {
        # hardcoded value
        "custom" : false,
        # hardcoded value
        "validating" : true
    },
    # hardcoded value
    "p2pAddress" : "localhost:10003",
    # merge of hardcoded value,reference.conf @ jar:file:/C:/Users/Parivesh/.gradle/caches/modules-2/files-2.1/net.corda/corda-node/3.3-corda/c617459a941380101a1bf44d91674959c940165d/corda-node-3.3-corda.jar!/reference.conf: 27
    "rpcSettings" : {
        # hardcoded value
        "address" : "localhost:10004",
        # hardcoded value
        "adminAddress" : "localhost:10005",
        # reference.conf @ jar:file:/C:/Users/Parivesh/.gradle/caches/modules-2/files-2.1/net.corda/corda-node/3.3-corda/c617459a941380101a1bf44d91674959c940165d/corda-node-3.3-corda.jar!/reference.conf: 29
        "standAloneBroker" : false,
        # reference.conf @ jar:file:/C:/Users/Parivesh/.gradle/caches/modules-2/files-2.1/net.corda/corda-node/3.3-corda/c617459a941380101a1bf44d91674959c940165d/corda-node-3.3-corda.jar!/reference.conf: 28
        "useSsl" : false
    },
    # hardcoded value
    "rpcUsers" : [
        # hardcoded value
        {
            # hardcoded value
            "password" : "default",
            # hardcoded value
            "permissions" : [
                # hardcoded value
                "ALL"
            ],
            # hardcoded value
            "username" : "default"
        }
    ],
    # reference.conf @ jar:file:/C:/Users/Parivesh/.gradle/caches/modules-2/files-2.1/net.corda/corda-node/3.3-corda/c617459a941380101a1bf44d91674959c940165d/corda-node-3.3-corda.jar!/reference.conf: 5
    "trustStorePassword" : "trustpass",
    # hardcoded value
    "useTestClock" : false,
    # hardcoded value
    "verifierType" : "InMemory",
    # hardcoded value
    "webAddress" : "localhost:10006"
}
 {}
[INFO ] 2019-02-13T18:47:15,515Z [driver-pool-thread-0] network.NodeInfoFilesCopier.addConfig - Now watching: D:\Corda-Sample\New_Sample_11Feb\samples\cordapp-example\build\20190213-184700.224\NotaryService {}
[INFO ] 2019-02-13T18:47:15,538Z [driver-pool-thread-0] internal.DriverDSLImpl.startOutOfProcessNode - Starting out-of-process Node Notary Service, debug port is not enabled, jolokia monitoring port is not enabled {}
[INFO ] 2019-02-13T18:47:15,650Z [driver-pool-thread-0] config.ConfigHelper.loadConfig - Config:
{
    # reference.conf @ jar:file:/C:/Users/Parivesh/.gradle/caches/modules-2/files-2.1/net.corda/corda-node/3.3-corda/c617459a941380101a1bf44d91674959c940165d/corda-node-3.3-corda.jar!/reference.conf: 20
    "activeMQServer" : {
        # reference.conf @ jar:file:/C:/Users/Parivesh/.gradle/caches/modules-2/files-2.1/net.corda/corda-node/3.3-corda/c617459a941380101a1bf44d91674959c940165d/corda-node-3.3-corda.jar!/reference.conf: 21
        "bridge" : {
            # reference.conf @ jar:file:/C:/Users/Parivesh/.gradle/caches/modules-2/files-2.1/net.corda/corda-node/3.3-corda/c617459a941380101a1bf44d91674959c940165d/corda-node-3.3-corda.jar!/reference.conf: 24
            "maxRetryIntervalMin" : 3,
            # reference.conf @ jar:file:/C:/Users/Parivesh/.gradle/caches/modules-2/files-2.1/net.corda/corda-node/3.3-corda/c617459a941380101a1bf44d91674959c940165d/corda-node-3.3-corda.jar!/reference.conf: 22
            "retryIntervalMs" : 5000,
            # reference.conf @ jar:file:/C:/Users/Parivesh/.gradle/caches/modules-2/files-2.1/net.corda/corda-node/3.3-corda/c617459a941380101a1bf44d91674959c940165d/corda-node-3.3-corda.jar!/reference.conf: 23
            "retryIntervalMultiplier" : 1.5
        }
    },
    # hardcoded value
    "baseDirectory" : "D:\\Corda-Sample\\New_Sample_11Feb\\samples\\cordapp-example\\build\\20190213-184700.224\\PartyC",
    # merge of reference.conf @ jar:file:/C:/Users/Parivesh/.gradle/caches/modules-2/files-2.1/net.corda/corda-node/3.3-corda/c617459a941380101a1bf44d91674959c940165d/corda-node-3.3-corda.jar!/reference.conf: 6,reference.conf @ jar:file:/C:/Users/Parivesh/.gradle/caches/modules-2/files-2.1/net.corda/corda/3.3-corda/c634cc8e8d8d4440532a3da10d09ca080486319b/corda-3.3-corda.jar!/reference.conf: 6,reference.conf @ jar:file:/C:/Users/Parivesh/.gradle/caches/modules-2/files-2.1/net.corda/corda-webserver/3.3-corda/676d262432ac6c4e59cb139fd104221b967522b9/corda-webserver-3.3-corda.jar!/reference.conf: 6
    "dataSourceProperties" : {
        # reference.conf @ jar:file:/C:/Users/Parivesh/.gradle/caches/modules-2/files-2.1/net.corda/corda-node/3.3-corda/c617459a941380101a1bf44d91674959c940165d/corda-node-3.3-corda.jar!/reference.conf: 10
        "dataSource.password" : "",
        # merge of reference.conf @ jar:file:/C:/Users/Parivesh/.gradle/caches/modules-2/files-2.1/net.corda/corda-node/3.3-corda/c617459a941380101a1bf44d91674959c940165d/corda-node-3.3-corda.jar!/reference.conf: 8,hardcoded value,reference.conf @ jar:file:/C:/Users/Parivesh/.gradle/caches/modules-2/files-2.1/net.corda/corda-node/3.3-corda/c617459a941380101a1bf44d91674959c940165d/corda-node-3.3-corda.jar!/reference.conf: 8,reference.conf @ jar:file:/C:/Users/Parivesh/.gradle/caches/modules-2/files-2.1/net.corda/corda-node/3.3-corda/c617459a941380101a1bf44d91674959c940165d/corda-node-3.3-corda.jar!/reference.conf: 17
        "dataSource.url" : "jdbc:h2:file:D:\\Corda-Sample\\New_Sample_11Feb\\samples\\cordapp-example\\build\\20190213-184700.224\\PartyC/persistence;DB_CLOSE_ON_EXIT=FALSE;LOCK_TIMEOUT=10000;WRITE_DELAY=100;AUTO_SERVER_PORT=0",
        # reference.conf @ jar:file:/C:/Users/Parivesh/.gradle/caches/modules-2/files-2.1/net.corda/corda-node/3.3-corda/c617459a941380101a1bf44d91674959c940165d/corda-node-3.3-corda.jar!/reference.conf: 9
        "dataSource.user" : "sa",
        # reference.conf @ jar:file:/C:/Users/Parivesh/.gradle/caches/modules-2/files-2.1/net.corda/corda-node/3.3-corda/c617459a941380101a1bf44d91674959c940165d/corda-node-3.3-corda.jar!/reference.conf: 7
        "dataSourceClassName" : "org.h2.jdbcx.JdbcDataSource"
    },
    # reference.conf @ jar:file:/C:/Users/Parivesh/.gradle/caches/modules-2/files-2.1/net.corda/corda-node/3.3-corda/c617459a941380101a1bf44d91674959c940165d/corda-node-3.3-corda.jar!/reference.conf: 12
    "database" : {
        # reference.conf @ jar:file:/C:/Users/Parivesh/.gradle/caches/modules-2/files-2.1/net.corda/corda-node/3.3-corda/c617459a941380101a1bf44d91674959c940165d/corda-node-3.3-corda.jar!/reference.conf: 14
        "exportHibernateJMXStatistics" : "false",
        # reference.conf @ jar:file:/C:/Users/Parivesh/.gradle/caches/modules-2/files-2.1/net.corda/corda-node/3.3-corda/c617459a941380101a1bf44d91674959c940165d/corda-node-3.3-corda.jar!/reference.conf: 13
        "transactionIsolationLevel" : "REPEATABLE_READ"
    },
    # reference.conf @ jar:file:/C:/Users/Parivesh/.gradle/caches/modules-2/files-2.1/net.corda/corda-node/3.3-corda/c617459a941380101a1bf44d91674959c940165d/corda-node-3.3-corda.jar!/reference.conf: 16
    "devMode" : true,
    # reference.conf @ jar:file:/C:/Users/Parivesh/.gradle/caches/modules-2/files-2.1/net.corda/corda-node/3.3-corda/c617459a941380101a1bf44d91674959c940165d/corda-node-3.3-corda.jar!/reference.conf: 2
    "emailAddress" : "admin@company.com",
    # reference.conf @ jar:file:/C:/Users/Parivesh/.gradle/caches/modules-2/files-2.1/net.corda/corda-node/3.3-corda/c617459a941380101a1bf44d91674959c940165d/corda-node-3.3-corda.jar!/reference.conf: 3
    "exportJMXto" : "http",
    # reference.conf @ jar:file:/C:/Users/Parivesh/.gradle/caches/modules-2/files-2.1/net.corda/corda-node/3.3-corda/c617459a941380101a1bf44d91674959c940165d/corda-node-3.3-corda.jar!/reference.conf: 31
    "flowTimeout" : {
        # reference.conf @ jar:file:/C:/Users/Parivesh/.gradle/caches/modules-2/files-2.1/net.corda/corda-node/3.3-corda/c617459a941380101a1bf44d91674959c940165d/corda-node-3.3-corda.jar!/reference.conf: 34
        "backoffBase" : 1.8,
        # reference.conf @ jar:file:/C:/Users/Parivesh/.gradle/caches/modules-2/files-2.1/net.corda/corda-node/3.3-corda/c617459a941380101a1bf44d91674959c940165d/corda-node-3.3-corda.jar!/reference.conf: 33
        "maxRestartCount" : 5,
        # reference.conf @ jar:file:/C:/Users/Parivesh/.gradle/caches/modules-2/files-2.1/net.corda/corda-node/3.3-corda/c617459a941380101a1bf44d91674959c940165d/corda-node-3.3-corda.jar!/reference.conf: 32
        "timeout" : "30 seconds"
    },
    # reference.conf @ jar:file:/C:/Users/Parivesh/.gradle/caches/modules-2/files-2.1/net.corda/corda-node/3.3-corda/c617459a941380101a1bf44d91674959c940165d/corda-node-3.3-corda.jar!/reference.conf: 17
    "h2port" : 0,
    # reference.conf @ jar:file:/C:/Users/Parivesh/.gradle/caches/modules-2/files-2.1/net.corda/corda-node/3.3-corda/c617459a941380101a1bf44d91674959c940165d/corda-node-3.3-corda.jar!/reference.conf: 4
    "keyStorePassword" : "cordacadevpass",
    # hardcoded value
    "myLegalName" : "O=PartyC, L=Paris, C=FR",
    # hardcoded value
    "p2pAddress" : "localhost:10002",
    # merge of hardcoded value,reference.conf @ jar:file:/C:/Users/Parivesh/.gradle/caches/modules-2/files-2.1/net.corda/corda-node/3.3-corda/c617459a941380101a1bf44d91674959c940165d/corda-node-3.3-corda.jar!/reference.conf: 27
    "rpcSettings" : {
        # hardcoded value
        "address" : "localhost:10014",
        # hardcoded value
        "adminAddress" : "localhost:10054",
        # reference.conf @ jar:file:/C:/Users/Parivesh/.gradle/caches/modules-2/files-2.1/net.corda/corda-node/3.3-corda/c617459a941380101a1bf44d91674959c940165d/corda-node-3.3-corda.jar!/reference.conf: 29
        "standAloneBroker" : false,
        # reference.conf @ jar:file:/C:/Users/Parivesh/.gradle/caches/modules-2/files-2.1/net.corda/corda-node/3.3-corda/c617459a941380101a1bf44d91674959c940165d/corda-node-3.3-corda.jar!/reference.conf: 28
        "useSsl" : false
    },
    # hardcoded value
    "rpcUsers" : [
        # hardcoded value
        {
            # hardcoded value
            "password" : "test",
            # hardcoded value
            "permissions" : [
                # hardcoded value
                "ALL",
                # hardcoded value
                "InvokeRpc.nodeInfo",
                # hardcoded value
                "InvokeRpc.networkMapFeed",
                # hardcoded value
                "InvokeRpc.networkMapSnapshot",
                # hardcoded value
                "InvokeRpc.notaryIdentities",
                # hardcoded value
                "InvokeRpc.stateMachinesFeed",
                # hardcoded value
                "InvokeRpc.stateMachineRecordedTransactionMappingFeed",
                # hardcoded value
                "InvokeRpc.nodeInfoFromParty",
                # hardcoded value
                "InvokeRpc.internalVerifiedTransactionsFeed",
                # hardcoded value
                "InvokeRpc.vaultQueryBy",
                # hardcoded value
                "InvokeRpc.vaultTrackBy",
                # hardcoded value
                "InvokeRpc.registeredFlows"
            ],
            # hardcoded value
            "username" : "user1"
        }
    ],
    # reference.conf @ jar:file:/C:/Users/Parivesh/.gradle/caches/modules-2/files-2.1/net.corda/corda-node/3.3-corda/c617459a941380101a1bf44d91674959c940165d/corda-node-3.3-corda.jar!/reference.conf: 5
    "trustStorePassword" : "trustpass",
    # hardcoded value
    "useTestClock" : false,
    # hardcoded value
    "verifierType" : "InMemory",
    # hardcoded value
    "webAddress" : "localhost:10015"
}
 {}
[INFO ] 2019-02-13T18:47:15,683Z [driver-pool-thread-0] network.NodeInfoFilesCopier.addConfig - Now watching: D:\Corda-Sample\New_Sample_11Feb\samples\cordapp-example\build\20190213-184700.224\PartyC {}
[INFO ] 2019-02-13T18:47:15,694Z [driver-pool-thread-0] internal.DriverDSLImpl.startOutOfProcessNode - Starting out-of-process Node PartyC, debug port is not enabled, jolokia monitoring port is not enabled {}
[INFO ] 2019-02-13T18:47:15,724Z [driver-pool-thread-0] config.ConfigHelper.loadConfig - Config:
{
    # reference.conf @ jar:file:/C:/Users/Parivesh/.gradle/caches/modules-2/files-2.1/net.corda/corda-node/3.3-corda/c617459a941380101a1bf44d91674959c940165d/corda-node-3.3-corda.jar!/reference.conf: 20
    "activeMQServer" : {
        # reference.conf @ jar:file:/C:/Users/Parivesh/.gradle/caches/modules-2/files-2.1/net.corda/corda-node/3.3-corda/c617459a941380101a1bf44d91674959c940165d/corda-node-3.3-corda.jar!/reference.conf: 21
        "bridge" : {
            # reference.conf @ jar:file:/C:/Users/Parivesh/.gradle/caches/modules-2/files-2.1/net.corda/corda-node/3.3-corda/c617459a941380101a1bf44d91674959c940165d/corda-node-3.3-corda.jar!/reference.conf: 24
            "maxRetryIntervalMin" : 3,
            # reference.conf @ jar:file:/C:/Users/Parivesh/.gradle/caches/modules-2/files-2.1/net.corda/corda-node/3.3-corda/c617459a941380101a1bf44d91674959c940165d/corda-node-3.3-corda.jar!/reference.conf: 22
            "retryIntervalMs" : 5000,
            # reference.conf @ jar:file:/C:/Users/Parivesh/.gradle/caches/modules-2/files-2.1/net.corda/corda-node/3.3-corda/c617459a941380101a1bf44d91674959c940165d/corda-node-3.3-corda.jar!/reference.conf: 23
            "retryIntervalMultiplier" : 1.5
        }
    },
    # hardcoded value
    "baseDirectory" : "D:\\Corda-Sample\\New_Sample_11Feb\\samples\\cordapp-example\\build\\20190213-184700.224\\PartyB",
    # merge of reference.conf @ jar:file:/C:/Users/Parivesh/.gradle/caches/modules-2/files-2.1/net.corda/corda-node/3.3-corda/c617459a941380101a1bf44d91674959c940165d/corda-node-3.3-corda.jar!/reference.conf: 6,reference.conf @ jar:file:/C:/Users/Parivesh/.gradle/caches/modules-2/files-2.1/net.corda/corda/3.3-corda/c634cc8e8d8d4440532a3da10d09ca080486319b/corda-3.3-corda.jar!/reference.conf: 6,reference.conf @ jar:file:/C:/Users/Parivesh/.gradle/caches/modules-2/files-2.1/net.corda/corda-webserver/3.3-corda/676d262432ac6c4e59cb139fd104221b967522b9/corda-webserver-3.3-corda.jar!/reference.conf: 6
    "dataSourceProperties" : {
        # reference.conf @ jar:file:/C:/Users/Parivesh/.gradle/caches/modules-2/files-2.1/net.corda/corda-node/3.3-corda/c617459a941380101a1bf44d91674959c940165d/corda-node-3.3-corda.jar!/reference.conf: 10
        "dataSource.password" : "",
        # merge of reference.conf @ jar:file:/C:/Users/Parivesh/.gradle/caches/modules-2/files-2.1/net.corda/corda-node/3.3-corda/c617459a941380101a1bf44d91674959c940165d/corda-node-3.3-corda.jar!/reference.conf: 8,hardcoded value,reference.conf @ jar:file:/C:/Users/Parivesh/.gradle/caches/modules-2/files-2.1/net.corda/corda-node/3.3-corda/c617459a941380101a1bf44d91674959c940165d/corda-node-3.3-corda.jar!/reference.conf: 8,reference.conf @ jar:file:/C:/Users/Parivesh/.gradle/caches/modules-2/files-2.1/net.corda/corda-node/3.3-corda/c617459a941380101a1bf44d91674959c940165d/corda-node-3.3-corda.jar!/reference.conf: 17
        "dataSource.url" : "jdbc:h2:file:D:\\Corda-Sample\\New_Sample_11Feb\\samples\\cordapp-example\\build\\20190213-184700.224\\PartyB/persistence;DB_CLOSE_ON_EXIT=FALSE;LOCK_TIMEOUT=10000;WRITE_DELAY=100;AUTO_SERVER_PORT=0",
        # reference.conf @ jar:file:/C:/Users/Parivesh/.gradle/caches/modules-2/files-2.1/net.corda/corda-node/3.3-corda/c617459a941380101a1bf44d91674959c940165d/corda-node-3.3-corda.jar!/reference.conf: 9
        "dataSource.user" : "sa",
        # reference.conf @ jar:file:/C:/Users/Parivesh/.gradle/caches/modules-2/files-2.1/net.corda/corda-node/3.3-corda/c617459a941380101a1bf44d91674959c940165d/corda-node-3.3-corda.jar!/reference.conf: 7
        "dataSourceClassName" : "org.h2.jdbcx.JdbcDataSource"
    },
    # reference.conf @ jar:file:/C:/Users/Parivesh/.gradle/caches/modules-2/files-2.1/net.corda/corda-node/3.3-corda/c617459a941380101a1bf44d91674959c940165d/corda-node-3.3-corda.jar!/reference.conf: 12
    "database" : {
        # reference.conf @ jar:file:/C:/Users/Parivesh/.gradle/caches/modules-2/files-2.1/net.corda/corda-node/3.3-corda/c617459a941380101a1bf44d91674959c940165d/corda-node-3.3-corda.jar!/reference.conf: 14
        "exportHibernateJMXStatistics" : "false",
        # reference.conf @ jar:file:/C:/Users/Parivesh/.gradle/caches/modules-2/files-2.1/net.corda/corda-node/3.3-corda/c617459a941380101a1bf44d91674959c940165d/corda-node-3.3-corda.jar!/reference.conf: 13
        "transactionIsolationLevel" : "REPEATABLE_READ"
    },
    # reference.conf @ jar:file:/C:/Users/Parivesh/.gradle/caches/modules-2/files-2.1/net.corda/corda-node/3.3-corda/c617459a941380101a1bf44d91674959c940165d/corda-node-3.3-corda.jar!/reference.conf: 16
    "devMode" : true,
    # reference.conf @ jar:file:/C:/Users/Parivesh/.gradle/caches/modules-2/files-2.1/net.corda/corda-node/3.3-corda/c617459a941380101a1bf44d91674959c940165d/corda-node-3.3-corda.jar!/reference.conf: 2
    "emailAddress" : "admin@company.com",
    # reference.conf @ jar:file:/C:/Users/Parivesh/.gradle/caches/modules-2/files-2.1/net.corda/corda-node/3.3-corda/c617459a941380101a1bf44d91674959c940165d/corda-node-3.3-corda.jar!/reference.conf: 3
    "exportJMXto" : "http",
    # reference.conf @ jar:file:/C:/Users/Parivesh/.gradle/caches/modules-2/files-2.1/net.corda/corda-node/3.3-corda/c617459a941380101a1bf44d91674959c940165d/corda-node-3.3-corda.jar!/reference.conf: 31
    "flowTimeout" : {
        # reference.conf @ jar:file:/C:/Users/Parivesh/.gradle/caches/modules-2/files-2.1/net.corda/corda-node/3.3-corda/c617459a941380101a1bf44d91674959c940165d/corda-node-3.3-corda.jar!/reference.conf: 34
        "backoffBase" : 1.8,
        # reference.conf @ jar:file:/C:/Users/Parivesh/.gradle/caches/modules-2/files-2.1/net.corda/corda-node/3.3-corda/c617459a941380101a1bf44d91674959c940165d/corda-node-3.3-corda.jar!/reference.conf: 33
        "maxRestartCount" : 5,
        # reference.conf @ jar:file:/C:/Users/Parivesh/.gradle/caches/modules-2/files-2.1/net.corda/corda-node/3.3-corda/c617459a941380101a1bf44d91674959c940165d/corda-node-3.3-corda.jar!/reference.conf: 32
        "timeout" : "30 seconds"
    },
    # reference.conf @ jar:file:/C:/Users/Parivesh/.gradle/caches/modules-2/files-2.1/net.corda/corda-node/3.3-corda/c617459a941380101a1bf44d91674959c940165d/corda-node-3.3-corda.jar!/reference.conf: 17
    "h2port" : 0,
    # reference.conf @ jar:file:/C:/Users/Parivesh/.gradle/caches/modules-2/files-2.1/net.corda/corda-node/3.3-corda/c617459a941380101a1bf44d91674959c940165d/corda-node-3.3-corda.jar!/reference.conf: 4
    "keyStorePassword" : "cordacadevpass",
    # hardcoded value
    "myLegalName" : "O=PartyB, L=New York, C=US",
    # hardcoded value
    "p2pAddress" : "localhost:10001",
    # merge of hardcoded value,reference.conf @ jar:file:/C:/Users/Parivesh/.gradle/caches/modules-2/files-2.1/net.corda/corda-node/3.3-corda/c617459a941380101a1bf44d91674959c940165d/corda-node-3.3-corda.jar!/reference.conf: 27
    "rpcSettings" : {
        # hardcoded value
        "address" : "localhost:10011",
        # hardcoded value
        "adminAddress" : "localhost:10051",
        # reference.conf @ jar:file:/C:/Users/Parivesh/.gradle/caches/modules-2/files-2.1/net.corda/corda-node/3.3-corda/c617459a941380101a1bf44d91674959c940165d/corda-node-3.3-corda.jar!/reference.conf: 29
        "standAloneBroker" : false,
        # reference.conf @ jar:file:/C:/Users/Parivesh/.gradle/caches/modules-2/files-2.1/net.corda/corda-node/3.3-corda/c617459a941380101a1bf44d91674959c940165d/corda-node-3.3-corda.jar!/reference.conf: 28
        "useSsl" : false
    },
    # hardcoded value
    "rpcUsers" : [
        # hardcoded value
        {
            # hardcoded value
            "password" : "test",
            # hardcoded value
            "permissions" : [
                # hardcoded value
                "ALL",
                # hardcoded value
                "InvokeRpc.nodeInfo",
                # hardcoded value
                "InvokeRpc.networkMapFeed",
                # hardcoded value
                "InvokeRpc.networkMapSnapshot",
                # hardcoded value
                "InvokeRpc.notaryIdentities",
                # hardcoded value
                "InvokeRpc.stateMachinesFeed",
                # hardcoded value
                "InvokeRpc.stateMachineRecordedTransactionMappingFeed",
                # hardcoded value
                "InvokeRpc.nodeInfoFromParty",
                # hardcoded value
                "InvokeRpc.internalVerifiedTransactionsFeed",
                # hardcoded value
                "InvokeRpc.vaultQueryBy",
                # hardcoded value
                "InvokeRpc.vaultTrackBy",
                # hardcoded value
                "InvokeRpc.registeredFlows"
            ],
            # hardcoded value
            "username" : "user1"
        }
    ],
    # reference.conf @ jar:file:/C:/Users/Parivesh/.gradle/caches/modules-2/files-2.1/net.corda/corda-node/3.3-corda/c617459a941380101a1bf44d91674959c940165d/corda-node-3.3-corda.jar!/reference.conf: 5
    "trustStorePassword" : "trustpass",
    # hardcoded value
    "useTestClock" : false,
    # hardcoded value
    "verifierType" : "InMemory",
    # hardcoded value
    "webAddress" : "localhost:10012"
}
 {}
[INFO ] 2019-02-13T18:47:15,745Z [driver-pool-thread-0] network.NodeInfoFilesCopier.addConfig - Now watching: D:\Corda-Sample\New_Sample_11Feb\samples\cordapp-example\build\20190213-184700.224\PartyB {}
[INFO ] 2019-02-13T18:47:15,755Z [driver-pool-thread-0] internal.DriverDSLImpl.startOutOfProcessNode - Starting out-of-process Node PartyB, debug port is not enabled, jolokia monitoring port is not enabled {}
[INFO ] 2019-02-13T18:47:15,782Z [driver-pool-thread-0] config.ConfigHelper.loadConfig - Config:
{
    # reference.conf @ jar:file:/C:/Users/Parivesh/.gradle/caches/modules-2/files-2.1/net.corda/corda-node/3.3-corda/c617459a941380101a1bf44d91674959c940165d/corda-node-3.3-corda.jar!/reference.conf: 20
    "activeMQServer" : {
        # reference.conf @ jar:file:/C:/Users/Parivesh/.gradle/caches/modules-2/files-2.1/net.corda/corda-node/3.3-corda/c617459a941380101a1bf44d91674959c940165d/corda-node-3.3-corda.jar!/reference.conf: 21
        "bridge" : {
            # reference.conf @ jar:file:/C:/Users/Parivesh/.gradle/caches/modules-2/files-2.1/net.corda/corda-node/3.3-corda/c617459a941380101a1bf44d91674959c940165d/corda-node-3.3-corda.jar!/reference.conf: 24
            "maxRetryIntervalMin" : 3,
            # reference.conf @ jar:file:/C:/Users/Parivesh/.gradle/caches/modules-2/files-2.1/net.corda/corda-node/3.3-corda/c617459a941380101a1bf44d91674959c940165d/corda-node-3.3-corda.jar!/reference.conf: 22
            "retryIntervalMs" : 5000,
            # reference.conf @ jar:file:/C:/Users/Parivesh/.gradle/caches/modules-2/files-2.1/net.corda/corda-node/3.3-corda/c617459a941380101a1bf44d91674959c940165d/corda-node-3.3-corda.jar!/reference.conf: 23
            "retryIntervalMultiplier" : 1.5
        }
    },
    # hardcoded value
    "baseDirectory" : "D:\\Corda-Sample\\New_Sample_11Feb\\samples\\cordapp-example\\build\\20190213-184700.224\\PartyA",
    # merge of reference.conf @ jar:file:/C:/Users/Parivesh/.gradle/caches/modules-2/files-2.1/net.corda/corda-node/3.3-corda/c617459a941380101a1bf44d91674959c940165d/corda-node-3.3-corda.jar!/reference.conf: 6,reference.conf @ jar:file:/C:/Users/Parivesh/.gradle/caches/modules-2/files-2.1/net.corda/corda/3.3-corda/c634cc8e8d8d4440532a3da10d09ca080486319b/corda-3.3-corda.jar!/reference.conf: 6,reference.conf @ jar:file:/C:/Users/Parivesh/.gradle/caches/modules-2/files-2.1/net.corda/corda-webserver/3.3-corda/676d262432ac6c4e59cb139fd104221b967522b9/corda-webserver-3.3-corda.jar!/reference.conf: 6
    "dataSourceProperties" : {
        # reference.conf @ jar:file:/C:/Users/Parivesh/.gradle/caches/modules-2/files-2.1/net.corda/corda-node/3.3-corda/c617459a941380101a1bf44d91674959c940165d/corda-node-3.3-corda.jar!/reference.conf: 10
        "dataSource.password" : "",
        # merge of reference.conf @ jar:file:/C:/Users/Parivesh/.gradle/caches/modules-2/files-2.1/net.corda/corda-node/3.3-corda/c617459a941380101a1bf44d91674959c940165d/corda-node-3.3-corda.jar!/reference.conf: 8,hardcoded value,reference.conf @ jar:file:/C:/Users/Parivesh/.gradle/caches/modules-2/files-2.1/net.corda/corda-node/3.3-corda/c617459a941380101a1bf44d91674959c940165d/corda-node-3.3-corda.jar!/reference.conf: 8,reference.conf @ jar:file:/C:/Users/Parivesh/.gradle/caches/modules-2/files-2.1/net.corda/corda-node/3.3-corda/c617459a941380101a1bf44d91674959c940165d/corda-node-3.3-corda.jar!/reference.conf: 17
        "dataSource.url" : "jdbc:h2:file:D:\\Corda-Sample\\New_Sample_11Feb\\samples\\cordapp-example\\build\\20190213-184700.224\\PartyA/persistence;DB_CLOSE_ON_EXIT=FALSE;LOCK_TIMEOUT=10000;WRITE_DELAY=100;AUTO_SERVER_PORT=0",
        # reference.conf @ jar:file:/C:/Users/Parivesh/.gradle/caches/modules-2/files-2.1/net.corda/corda-node/3.3-corda/c617459a941380101a1bf44d91674959c940165d/corda-node-3.3-corda.jar!/reference.conf: 9
        "dataSource.user" : "sa",
        # reference.conf @ jar:file:/C:/Users/Parivesh/.gradle/caches/modules-2/files-2.1/net.corda/corda-node/3.3-corda/c617459a941380101a1bf44d91674959c940165d/corda-node-3.3-corda.jar!/reference.conf: 7
        "dataSourceClassName" : "org.h2.jdbcx.JdbcDataSource"
    },
    # reference.conf @ jar:file:/C:/Users/Parivesh/.gradle/caches/modules-2/files-2.1/net.corda/corda-node/3.3-corda/c617459a941380101a1bf44d91674959c940165d/corda-node-3.3-corda.jar!/reference.conf: 12
    "database" : {
        # reference.conf @ jar:file:/C:/Users/Parivesh/.gradle/caches/modules-2/files-2.1/net.corda/corda-node/3.3-corda/c617459a941380101a1bf44d91674959c940165d/corda-node-3.3-corda.jar!/reference.conf: 14
        "exportHibernateJMXStatistics" : "false",
        # reference.conf @ jar:file:/C:/Users/Parivesh/.gradle/caches/modules-2/files-2.1/net.corda/corda-node/3.3-corda/c617459a941380101a1bf44d91674959c940165d/corda-node-3.3-corda.jar!/reference.conf: 13
        "transactionIsolationLevel" : "REPEATABLE_READ"
    },
    # reference.conf @ jar:file:/C:/Users/Parivesh/.gradle/caches/modules-2/files-2.1/net.corda/corda-node/3.3-corda/c617459a941380101a1bf44d91674959c940165d/corda-node-3.3-corda.jar!/reference.conf: 16
    "devMode" : true,
    # reference.conf @ jar:file:/C:/Users/Parivesh/.gradle/caches/modules-2/files-2.1/net.corda/corda-node/3.3-corda/c617459a941380101a1bf44d91674959c940165d/corda-node-3.3-corda.jar!/reference.conf: 2
    "emailAddress" : "admin@company.com",
    # reference.conf @ jar:file:/C:/Users/Parivesh/.gradle/caches/modules-2/files-2.1/net.corda/corda-node/3.3-corda/c617459a941380101a1bf44d91674959c940165d/corda-node-3.3-corda.jar!/reference.conf: 3
    "exportJMXto" : "http",
    # reference.conf @ jar:file:/C:/Users/Parivesh/.gradle/caches/modules-2/files-2.1/net.corda/corda-node/3.3-corda/c617459a941380101a1bf44d91674959c940165d/corda-node-3.3-corda.jar!/reference.conf: 31
    "flowTimeout" : {
        # reference.conf @ jar:file:/C:/Users/Parivesh/.gradle/caches/modules-2/files-2.1/net.corda/corda-node/3.3-corda/c617459a941380101a1bf44d91674959c940165d/corda-node-3.3-corda.jar!/reference.conf: 34
        "backoffBase" : 1.8,
        # reference.conf @ jar:file:/C:/Users/Parivesh/.gradle/caches/modules-2/files-2.1/net.corda/corda-node/3.3-corda/c617459a941380101a1bf44d91674959c940165d/corda-node-3.3-corda.jar!/reference.conf: 33
        "maxRestartCount" : 5,
        # reference.conf @ jar:file:/C:/Users/Parivesh/.gradle/caches/modules-2/files-2.1/net.corda/corda-node/3.3-corda/c617459a941380101a1bf44d91674959c940165d/corda-node-3.3-corda.jar!/reference.conf: 32
        "timeout" : "30 seconds"
    },
    # reference.conf @ jar:file:/C:/Users/Parivesh/.gradle/caches/modules-2/files-2.1/net.corda/corda-node/3.3-corda/c617459a941380101a1bf44d91674959c940165d/corda-node-3.3-corda.jar!/reference.conf: 17
    "h2port" : 0,
    # reference.conf @ jar:file:/C:/Users/Parivesh/.gradle/caches/modules-2/files-2.1/net.corda/corda-node/3.3-corda/c617459a941380101a1bf44d91674959c940165d/corda-node-3.3-corda.jar!/reference.conf: 4
    "keyStorePassword" : "cordacadevpass",
    # hardcoded value
    "myLegalName" : "O=PartyA, L=London, C=GB",
    # hardcoded value
    "p2pAddress" : "localhost:10000",
    # merge of hardcoded value,reference.conf @ jar:file:/C:/Users/Parivesh/.gradle/caches/modules-2/files-2.1/net.corda/corda-node/3.3-corda/c617459a941380101a1bf44d91674959c940165d/corda-node-3.3-corda.jar!/reference.conf: 27
    "rpcSettings" : {
        # hardcoded value
        "address" : "localhost:10008",
        # hardcoded value
        "adminAddress" : "localhost:10048",
        # reference.conf @ jar:file:/C:/Users/Parivesh/.gradle/caches/modules-2/files-2.1/net.corda/corda-node/3.3-corda/c617459a941380101a1bf44d91674959c940165d/corda-node-3.3-corda.jar!/reference.conf: 29
        "standAloneBroker" : false,
        # reference.conf @ jar:file:/C:/Users/Parivesh/.gradle/caches/modules-2/files-2.1/net.corda/corda-node/3.3-corda/c617459a941380101a1bf44d91674959c940165d/corda-node-3.3-corda.jar!/reference.conf: 28
        "useSsl" : false
    },
    # hardcoded value
    "rpcUsers" : [
        # hardcoded value
        {
            # hardcoded value
            "password" : "test",
            # hardcoded value
            "permissions" : [
                # hardcoded value
                "ALL",
                # hardcoded value
                "InvokeRpc.nodeInfo",
                # hardcoded value
                "InvokeRpc.networkMapFeed",
                # hardcoded value
                "InvokeRpc.networkMapSnapshot",
                # hardcoded value
                "InvokeRpc.notaryIdentities",
                # hardcoded value
                "InvokeRpc.stateMachinesFeed",
                # hardcoded value
                "InvokeRpc.stateMachineRecordedTransactionMappingFeed",
                # hardcoded value
                "InvokeRpc.nodeInfoFromParty",
                # hardcoded value
                "InvokeRpc.internalVerifiedTransactionsFeed",
                # hardcoded value
                "InvokeRpc.vaultQueryBy",
                # hardcoded value
                "InvokeRpc.vaultTrackBy",
                # hardcoded value
                "InvokeRpc.registeredFlows"
            ],
            # hardcoded value
            "username" : "user1"
        }
    ],
    # reference.conf @ jar:file:/C:/Users/Parivesh/.gradle/caches/modules-2/files-2.1/net.corda/corda-node/3.3-corda/c617459a941380101a1bf44d91674959c940165d/corda-node-3.3-corda.jar!/reference.conf: 5
    "trustStorePassword" : "trustpass",
    # hardcoded value
    "useTestClock" : false,
    # hardcoded value
    "verifierType" : "InMemory",
    # hardcoded value
    "webAddress" : "localhost:10009"
}
 {}
[INFO ] 2019-02-13T18:47:15,808Z [driver-pool-thread-0] network.NodeInfoFilesCopier.addConfig - Now watching: D:\Corda-Sample\New_Sample_11Feb\samples\cordapp-example\build\20190213-184700.224\PartyA {}
[INFO ] 2019-02-13T18:47:15,818Z [driver-pool-thread-0] internal.DriverDSLImpl.startOutOfProcessNode - Starting out-of-process Node PartyA, debug port is not enabled, jolokia monitoring port is not enabled {}
[INFO ] 2019-02-13T18:48:00,250Z [driver-pool-thread-0] internal.RPCClient.logElapsedTime - Startup took 7741 msec {}
[INFO ] 2019-02-13T18:48:00,250Z [driver-pool-thread-1] internal.RPCClient.logElapsedTime - Startup took 8644 msec {}
[INFO ] 2019-02-13T18:48:00,842Z [driver-pool-thread-0] internal.DriverDSLImpl.invoke - Node handle is ready. NodeInfo: NodeInfo(addresses=[localhost:10001], legalIdentitiesAndCerts=[O=PartyB, L=New York, C=US], platformVersion=3, serial=1550083664083), WebAddress: localhost:10012 {}
[INFO ] 2019-02-13T18:48:01,948Z [driver-pool-thread-0] internal.RPCClient.logElapsedTime - Startup took 1080 msec {}
[INFO ] 2019-02-13T18:48:02,078Z [driver-pool-thread-0] internal.DriverDSLImpl.invoke - Node handle is ready. NodeInfo: NodeInfo(addresses=[localhost:10003], legalIdentitiesAndCerts=[O=Notary Service, L=Zurich, C=CH], platformVersion=3, serial=1550083664099), WebAddress: localhost:10006 {}
[INFO ] 2019-02-13T18:48:02,096Z [driver-pool-thread-1] internal.RPCClient.logElapsedTime - Startup took 1712 msec {}
[INFO ] 2019-02-13T18:48:02,366Z [driver-pool-thread-1] internal.DriverDSLImpl.invoke - Node handle is ready. NodeInfo: NodeInfo(addresses=[localhost:10002], legalIdentitiesAndCerts=[O=PartyC, L=Paris, C=FR], platformVersion=3, serial=1550083666767), WebAddress: localhost:10009 {}
[INFO ] 2019-02-13T18:48:02,374Z [driver-pool-thread-0] internal.DriverDSLImpl.invoke - Node handle is ready. NodeInfo: NodeInfo(addresses=[localhost:10000], legalIdentitiesAndCerts=[O=PartyA, L=London, C=GB], platformVersion=3, serial=1550083666758), WebAddress: localhost:10015 {}
[INFO ] 2019-02-13T18:56:34,175Z [driver-pool-thread-0] config.ConfigHelper.loadConfig - Config:
{
    # reference.conf @ jar:file:/C:/Users/Parivesh/.gradle/caches/modules-2/files-2.1/net.corda/corda-node/3.3-corda/c617459a941380101a1bf44d91674959c940165d/corda-node-3.3-corda.jar!/reference.conf: 20
    "activeMQServer" : {
        # reference.conf @ jar:file:/C:/Users/Parivesh/.gradle/caches/modules-2/files-2.1/net.corda/corda-node/3.3-corda/c617459a941380101a1bf44d91674959c940165d/corda-node-3.3-corda.jar!/reference.conf: 21
        "bridge" : {
            # reference.conf @ jar:file:/C:/Users/Parivesh/.gradle/caches/modules-2/files-2.1/net.corda/corda-node/3.3-corda/c617459a941380101a1bf44d91674959c940165d/corda-node-3.3-corda.jar!/reference.conf: 24
            "maxRetryIntervalMin" : 3,
            # reference.conf @ jar:file:/C:/Users/Parivesh/.gradle/caches/modules-2/files-2.1/net.corda/corda-node/3.3-corda/c617459a941380101a1bf44d91674959c940165d/corda-node-3.3-corda.jar!/reference.conf: 22
            "retryIntervalMs" : 5000,
            # reference.conf @ jar:file:/C:/Users/Parivesh/.gradle/caches/modules-2/files-2.1/net.corda/corda-node/3.3-corda/c617459a941380101a1bf44d91674959c940165d/corda-node-3.3-corda.jar!/reference.conf: 23
            "retryIntervalMultiplier" : 1.5
        }
    },
    # hardcoded value
    "baseDirectory" : "D:\\Corda-Sample\\New_Sample_11Feb\\samples\\cordapp-example\\build\\20190213-185619.358\\NotaryService",
    # merge of reference.conf @ jar:file:/C:/Users/Parivesh/.gradle/caches/modules-2/files-2.1/net.corda/corda-node/3.3-corda/c617459a941380101a1bf44d91674959c940165d/corda-node-3.3-corda.jar!/reference.conf: 6,reference.conf @ jar:file:/C:/Users/Parivesh/.gradle/caches/modules-2/files-2.1/net.corda/corda/3.3-corda/c634cc8e8d8d4440532a3da10d09ca080486319b/corda-3.3-corda.jar!/reference.conf: 6,reference.conf @ jar:file:/C:/Users/Parivesh/.gradle/caches/modules-2/files-2.1/net.corda/corda-webserver/3.3-corda/676d262432ac6c4e59cb139fd104221b967522b9/corda-webserver-3.3-corda.jar!/reference.conf: 6
    "dataSourceProperties" : {
        # reference.conf @ jar:file:/C:/Users/Parivesh/.gradle/caches/modules-2/files-2.1/net.corda/corda-node/3.3-corda/c617459a941380101a1bf44d91674959c940165d/corda-node-3.3-corda.jar!/reference.conf: 10
        "dataSource.password" : "",
        # merge of reference.conf @ jar:file:/C:/Users/Parivesh/.gradle/caches/modules-2/files-2.1/net.corda/corda-node/3.3-corda/c617459a941380101a1bf44d91674959c940165d/corda-node-3.3-corda.jar!/reference.conf: 8,hardcoded value,reference.conf @ jar:file:/C:/Users/Parivesh/.gradle/caches/modules-2/files-2.1/net.corda/corda-node/3.3-corda/c617459a941380101a1bf44d91674959c940165d/corda-node-3.3-corda.jar!/reference.conf: 8,reference.conf @ jar:file:/C:/Users/Parivesh/.gradle/caches/modules-2/files-2.1/net.corda/corda-node/3.3-corda/c617459a941380101a1bf44d91674959c940165d/corda-node-3.3-corda.jar!/reference.conf: 17
        "dataSource.url" : "jdbc:h2:file:D:\\Corda-Sample\\New_Sample_11Feb\\samples\\cordapp-example\\build\\20190213-185619.358\\NotaryService/persistence;DB_CLOSE_ON_EXIT=FALSE;LOCK_TIMEOUT=10000;WRITE_DELAY=100;AUTO_SERVER_PORT=0",
        # reference.conf @ jar:file:/C:/Users/Parivesh/.gradle/caches/modules-2/files-2.1/net.corda/corda-node/3.3-corda/c617459a941380101a1bf44d91674959c940165d/corda-node-3.3-corda.jar!/reference.conf: 9
        "dataSource.user" : "sa",
        # reference.conf @ jar:file:/C:/Users/Parivesh/.gradle/caches/modules-2/files-2.1/net.corda/corda-node/3.3-corda/c617459a941380101a1bf44d91674959c940165d/corda-node-3.3-corda.jar!/reference.conf: 7
        "dataSourceClassName" : "org.h2.jdbcx.JdbcDataSource"
    },
    # reference.conf @ jar:file:/C:/Users/Parivesh/.gradle/caches/modules-2/files-2.1/net.corda/corda-node/3.3-corda/c617459a941380101a1bf44d91674959c940165d/corda-node-3.3-corda.jar!/reference.conf: 12
    "database" : {
        # reference.conf @ jar:file:/C:/Users/Parivesh/.gradle/caches/modules-2/files-2.1/net.corda/corda-node/3.3-corda/c617459a941380101a1bf44d91674959c940165d/corda-node-3.3-corda.jar!/reference.conf: 14
        "exportHibernateJMXStatistics" : "false",
        # reference.conf @ jar:file:/C:/Users/Parivesh/.gradle/caches/modules-2/files-2.1/net.corda/corda-node/3.3-corda/c617459a941380101a1bf44d91674959c940165d/corda-node-3.3-corda.jar!/reference.conf: 13
        "transactionIsolationLevel" : "REPEATABLE_READ"
    },
    # reference.conf @ jar:file:/C:/Users/Parivesh/.gradle/caches/modules-2/files-2.1/net.corda/corda-node/3.3-corda/c617459a941380101a1bf44d91674959c940165d/corda-node-3.3-corda.jar!/reference.conf: 16
    "devMode" : true,
    # reference.conf @ jar:file:/C:/Users/Parivesh/.gradle/caches/modules-2/files-2.1/net.corda/corda-node/3.3-corda/c617459a941380101a1bf44d91674959c940165d/corda-node-3.3-corda.jar!/reference.conf: 2
    "emailAddress" : "admin@company.com",
    # reference.conf @ jar:file:/C:/Users/Parivesh/.gradle/caches/modules-2/files-2.1/net.corda/corda-node/3.3-corda/c617459a941380101a1bf44d91674959c940165d/corda-node-3.3-corda.jar!/reference.conf: 3
    "exportJMXto" : "http",
    # reference.conf @ jar:file:/C:/Users/Parivesh/.gradle/caches/modules-2/files-2.1/net.corda/corda-node/3.3-corda/c617459a941380101a1bf44d91674959c940165d/corda-node-3.3-corda.jar!/reference.conf: 31
    "flowTimeout" : {
        # reference.conf @ jar:file:/C:/Users/Parivesh/.gradle/caches/modules-2/files-2.1/net.corda/corda-node/3.3-corda/c617459a941380101a1bf44d91674959c940165d/corda-node-3.3-corda.jar!/reference.conf: 34
        "backoffBase" : 1.8,
        # reference.conf @ jar:file:/C:/Users/Parivesh/.gradle/caches/modules-2/files-2.1/net.corda/corda-node/3.3-corda/c617459a941380101a1bf44d91674959c940165d/corda-node-3.3-corda.jar!/reference.conf: 33
        "maxRestartCount" : 5,
        # reference.conf @ jar:file:/C:/Users/Parivesh/.gradle/caches/modules-2/files-2.1/net.corda/corda-node/3.3-corda/c617459a941380101a1bf44d91674959c940165d/corda-node-3.3-corda.jar!/reference.conf: 32
        "timeout" : "30 seconds"
    },
    # reference.conf @ jar:file:/C:/Users/Parivesh/.gradle/caches/modules-2/files-2.1/net.corda/corda-node/3.3-corda/c617459a941380101a1bf44d91674959c940165d/corda-node-3.3-corda.jar!/reference.conf: 17
    "h2port" : 0,
    # reference.conf @ jar:file:/C:/Users/Parivesh/.gradle/caches/modules-2/files-2.1/net.corda/corda-node/3.3-corda/c617459a941380101a1bf44d91674959c940165d/corda-node-3.3-corda.jar!/reference.conf: 4
    "keyStorePassword" : "cordacadevpass",
    # hardcoded value
    "myLegalName" : "O=Notary Service, L=Zurich, C=CH",
    # hardcoded value
    "notary" : {
        # hardcoded value
        "custom" : false,
        # hardcoded value
        "validating" : true
    },
    # hardcoded value
    "p2pAddress" : "localhost:10003",
    # merge of hardcoded value,reference.conf @ jar:file:/C:/Users/Parivesh/.gradle/caches/modules-2/files-2.1/net.corda/corda-node/3.3-corda/c617459a941380101a1bf44d91674959c940165d/corda-node-3.3-corda.jar!/reference.conf: 27
    "rpcSettings" : {
        # hardcoded value
        "address" : "localhost:10004",
        # hardcoded value
        "adminAddress" : "localhost:10005",
        # reference.conf @ jar:file:/C:/Users/Parivesh/.gradle/caches/modules-2/files-2.1/net.corda/corda-node/3.3-corda/c617459a941380101a1bf44d91674959c940165d/corda-node-3.3-corda.jar!/reference.conf: 29
        "standAloneBroker" : false,
        # reference.conf @ jar:file:/C:/Users/Parivesh/.gradle/caches/modules-2/files-2.1/net.corda/corda-node/3.3-corda/c617459a941380101a1bf44d91674959c940165d/corda-node-3.3-corda.jar!/reference.conf: 28
        "useSsl" : false
    },
    # hardcoded value
    "rpcUsers" : [
        # hardcoded value
        {
            # hardcoded value
            "password" : "default",
            # hardcoded value
            "permissions" : [
                # hardcoded value
                "ALL"
            ],
            # hardcoded value
            "username" : "default"
        }
    ],
    # reference.conf @ jar:file:/C:/Users/Parivesh/.gradle/caches/modules-2/files-2.1/net.corda/corda-node/3.3-corda/c617459a941380101a1bf44d91674959c940165d/corda-node-3.3-corda.jar!/reference.conf: 5
    "trustStorePassword" : "trustpass",
    # hardcoded value
    "useTestClock" : false,
    # hardcoded value
    "verifierType" : "InMemory",
    # hardcoded value
    "webAddress" : "localhost:10006"
}
 {}
[INFO ] 2019-02-13T18:56:34,654Z [driver-pool-thread-0] network.NodeInfoFilesCopier.addConfig - Now watching: D:\Corda-Sample\New_Sample_11Feb\samples\cordapp-example\build\20190213-185619.358\NotaryService {}
[INFO ] 2019-02-13T18:56:34,666Z [driver-pool-thread-0] internal.DriverDSLImpl.startOutOfProcessNode - Starting out-of-process Node Notary Service, debug port is not enabled, jolokia monitoring port is not enabled {}
[INFO ] 2019-02-13T18:56:34,772Z [driver-pool-thread-0] config.ConfigHelper.loadConfig - Config:
{
    # reference.conf @ jar:file:/C:/Users/Parivesh/.gradle/caches/modules-2/files-2.1/net.corda/corda-node/3.3-corda/c617459a941380101a1bf44d91674959c940165d/corda-node-3.3-corda.jar!/reference.conf: 20
    "activeMQServer" : {
        # reference.conf @ jar:file:/C:/Users/Parivesh/.gradle/caches/modules-2/files-2.1/net.corda/corda-node/3.3-corda/c617459a941380101a1bf44d91674959c940165d/corda-node-3.3-corda.jar!/reference.conf: 21
        "bridge" : {
            # reference.conf @ jar:file:/C:/Users/Parivesh/.gradle/caches/modules-2/files-2.1/net.corda/corda-node/3.3-corda/c617459a941380101a1bf44d91674959c940165d/corda-node-3.3-corda.jar!/reference.conf: 24
            "maxRetryIntervalMin" : 3,
            # reference.conf @ jar:file:/C:/Users/Parivesh/.gradle/caches/modules-2/files-2.1/net.corda/corda-node/3.3-corda/c617459a941380101a1bf44d91674959c940165d/corda-node-3.3-corda.jar!/reference.conf: 22
            "retryIntervalMs" : 5000,
            # reference.conf @ jar:file:/C:/Users/Parivesh/.gradle/caches/modules-2/files-2.1/net.corda/corda-node/3.3-corda/c617459a941380101a1bf44d91674959c940165d/corda-node-3.3-corda.jar!/reference.conf: 23
            "retryIntervalMultiplier" : 1.5
        }
    },
    # hardcoded value
    "baseDirectory" : "D:\\Corda-Sample\\New_Sample_11Feb\\samples\\cordapp-example\\build\\20190213-185619.358\\PartyC",
    # merge of reference.conf @ jar:file:/C:/Users/Parivesh/.gradle/caches/modules-2/files-2.1/net.corda/corda-node/3.3-corda/c617459a941380101a1bf44d91674959c940165d/corda-node-3.3-corda.jar!/reference.conf: 6,reference.conf @ jar:file:/C:/Users/Parivesh/.gradle/caches/modules-2/files-2.1/net.corda/corda/3.3-corda/c634cc8e8d8d4440532a3da10d09ca080486319b/corda-3.3-corda.jar!/reference.conf: 6,reference.conf @ jar:file:/C:/Users/Parivesh/.gradle/caches/modules-2/files-2.1/net.corda/corda-webserver/3.3-corda/676d262432ac6c4e59cb139fd104221b967522b9/corda-webserver-3.3-corda.jar!/reference.conf: 6
    "dataSourceProperties" : {
        # reference.conf @ jar:file:/C:/Users/Parivesh/.gradle/caches/modules-2/files-2.1/net.corda/corda-node/3.3-corda/c617459a941380101a1bf44d91674959c940165d/corda-node-3.3-corda.jar!/reference.conf: 10
        "dataSource.password" : "",
        # merge of reference.conf @ jar:file:/C:/Users/Parivesh/.gradle/caches/modules-2/files-2.1/net.corda/corda-node/3.3-corda/c617459a941380101a1bf44d91674959c940165d/corda-node-3.3-corda.jar!/reference.conf: 8,hardcoded value,reference.conf @ jar:file:/C:/Users/Parivesh/.gradle/caches/modules-2/files-2.1/net.corda/corda-node/3.3-corda/c617459a941380101a1bf44d91674959c940165d/corda-node-3.3-corda.jar!/reference.conf: 8,reference.conf @ jar:file:/C:/Users/Parivesh/.gradle/caches/modules-2/files-2.1/net.corda/corda-node/3.3-corda/c617459a941380101a1bf44d91674959c940165d/corda-node-3.3-corda.jar!/reference.conf: 17
        "dataSource.url" : "jdbc:h2:file:D:\\Corda-Sample\\New_Sample_11Feb\\samples\\cordapp-example\\build\\20190213-185619.358\\PartyC/persistence;DB_CLOSE_ON_EXIT=FALSE;LOCK_TIMEOUT=10000;WRITE_DELAY=100;AUTO_SERVER_PORT=0",
        # reference.conf @ jar:file:/C:/Users/Parivesh/.gradle/caches/modules-2/files-2.1/net.corda/corda-node/3.3-corda/c617459a941380101a1bf44d91674959c940165d/corda-node-3.3-corda.jar!/reference.conf: 9
        "dataSource.user" : "sa",
        # reference.conf @ jar:file:/C:/Users/Parivesh/.gradle/caches/modules-2/files-2.1/net.corda/corda-node/3.3-corda/c617459a941380101a1bf44d91674959c940165d/corda-node-3.3-corda.jar!/reference.conf: 7
        "dataSourceClassName" : "org.h2.jdbcx.JdbcDataSource"
    },
    # reference.conf @ jar:file:/C:/Users/Parivesh/.gradle/caches/modules-2/files-2.1/net.corda/corda-node/3.3-corda/c617459a941380101a1bf44d91674959c940165d/corda-node-3.3-corda.jar!/reference.conf: 12
    "database" : {
        # reference.conf @ jar:file:/C:/Users/Parivesh/.gradle/caches/modules-2/files-2.1/net.corda/corda-node/3.3-corda/c617459a941380101a1bf44d91674959c940165d/corda-node-3.3-corda.jar!/reference.conf: 14
        "exportHibernateJMXStatistics" : "false",
        # reference.conf @ jar:file:/C:/Users/Parivesh/.gradle/caches/modules-2/files-2.1/net.corda/corda-node/3.3-corda/c617459a941380101a1bf44d91674959c940165d/corda-node-3.3-corda.jar!/reference.conf: 13
        "transactionIsolationLevel" : "REPEATABLE_READ"
    },
    # reference.conf @ jar:file:/C:/Users/Parivesh/.gradle/caches/modules-2/files-2.1/net.corda/corda-node/3.3-corda/c617459a941380101a1bf44d91674959c940165d/corda-node-3.3-corda.jar!/reference.conf: 16
    "devMode" : true,
    # reference.conf @ jar:file:/C:/Users/Parivesh/.gradle/caches/modules-2/files-2.1/net.corda/corda-node/3.3-corda/c617459a941380101a1bf44d91674959c940165d/corda-node-3.3-corda.jar!/reference.conf: 2
    "emailAddress" : "admin@company.com",
    # reference.conf @ jar:file:/C:/Users/Parivesh/.gradle/caches/modules-2/files-2.1/net.corda/corda-node/3.3-corda/c617459a941380101a1bf44d91674959c940165d/corda-node-3.3-corda.jar!/reference.conf: 3
    "exportJMXto" : "http",
    # reference.conf @ jar:file:/C:/Users/Parivesh/.gradle/caches/modules-2/files-2.1/net.corda/corda-node/3.3-corda/c617459a941380101a1bf44d91674959c940165d/corda-node-3.3-corda.jar!/reference.conf: 31
    "flowTimeout" : {
        # reference.conf @ jar:file:/C:/Users/Parivesh/.gradle/caches/modules-2/files-2.1/net.corda/corda-node/3.3-corda/c617459a941380101a1bf44d91674959c940165d/corda-node-3.3-corda.jar!/reference.conf: 34
        "backoffBase" : 1.8,
        # reference.conf @ jar:file:/C:/Users/Parivesh/.gradle/caches/modules-2/files-2.1/net.corda/corda-node/3.3-corda/c617459a941380101a1bf44d91674959c940165d/corda-node-3.3-corda.jar!/reference.conf: 33
        "maxRestartCount" : 5,
        # reference.conf @ jar:file:/C:/Users/Parivesh/.gradle/caches/modules-2/files-2.1/net.corda/corda-node/3.3-corda/c617459a941380101a1bf44d91674959c940165d/corda-node-3.3-corda.jar!/reference.conf: 32
        "timeout" : "30 seconds"
    },
    # reference.conf @ jar:file:/C:/Users/Parivesh/.gradle/caches/modules-2/files-2.1/net.corda/corda-node/3.3-corda/c617459a941380101a1bf44d91674959c940165d/corda-node-3.3-corda.jar!/reference.conf: 17
    "h2port" : 0,
    # reference.conf @ jar:file:/C:/Users/Parivesh/.gradle/caches/modules-2/files-2.1/net.corda/corda-node/3.3-corda/c617459a941380101a1bf44d91674959c940165d/corda-node-3.3-corda.jar!/reference.conf: 4
    "keyStorePassword" : "cordacadevpass",
    # hardcoded value
    "myLegalName" : "O=PartyC, L=Paris, C=FR",
    # hardcoded value
    "p2pAddress" : "localhost:10002",
    # merge of hardcoded value,reference.conf @ jar:file:/C:/Users/Parivesh/.gradle/caches/modules-2/files-2.1/net.corda/corda-node/3.3-corda/c617459a941380101a1bf44d91674959c940165d/corda-node-3.3-corda.jar!/reference.conf: 27
    "rpcSettings" : {
        # hardcoded value
        "address" : "localhost:10014",
        # hardcoded value
        "adminAddress" : "localhost:10054",
        # reference.conf @ jar:file:/C:/Users/Parivesh/.gradle/caches/modules-2/files-2.1/net.corda/corda-node/3.3-corda/c617459a941380101a1bf44d91674959c940165d/corda-node-3.3-corda.jar!/reference.conf: 29
        "standAloneBroker" : false,
        # reference.conf @ jar:file:/C:/Users/Parivesh/.gradle/caches/modules-2/files-2.1/net.corda/corda-node/3.3-corda/c617459a941380101a1bf44d91674959c940165d/corda-node-3.3-corda.jar!/reference.conf: 28
        "useSsl" : false
    },
    # hardcoded value
    "rpcUsers" : [
        # hardcoded value
        {
            # hardcoded value
            "password" : "test",
            # hardcoded value
            "permissions" : [
                # hardcoded value
                "ALL",
                # hardcoded value
                "InvokeRpc.nodeInfo",
                # hardcoded value
                "InvokeRpc.networkMapFeed",
                # hardcoded value
                "InvokeRpc.networkMapSnapshot",
                # hardcoded value
                "InvokeRpc.notaryIdentities",
                # hardcoded value
                "InvokeRpc.stateMachinesFeed",
                # hardcoded value
                "InvokeRpc.stateMachineRecordedTransactionMappingFeed",
                # hardcoded value
                "InvokeRpc.nodeInfoFromParty",
                # hardcoded value
                "InvokeRpc.internalVerifiedTransactionsFeed",
                # hardcoded value
                "InvokeRpc.vaultQueryBy",
                # hardcoded value
                "InvokeRpc.vaultTrackBy",
                # hardcoded value
                "InvokeRpc.registeredFlows"
            ],
            # hardcoded value
            "username" : "user1"
        }
    ],
    # reference.conf @ jar:file:/C:/Users/Parivesh/.gradle/caches/modules-2/files-2.1/net.corda/corda-node/3.3-corda/c617459a941380101a1bf44d91674959c940165d/corda-node-3.3-corda.jar!/reference.conf: 5
    "trustStorePassword" : "trustpass",
    # hardcoded value
    "useTestClock" : false,
    # hardcoded value
    "verifierType" : "InMemory",
    # hardcoded value
    "webAddress" : "localhost:10015"
}
 {}
[INFO ] 2019-02-13T18:56:34,800Z [driver-pool-thread-0] network.NodeInfoFilesCopier.addConfig - Now watching: D:\Corda-Sample\New_Sample_11Feb\samples\cordapp-example\build\20190213-185619.358\PartyC {}
[INFO ] 2019-02-13T18:56:34,809Z [driver-pool-thread-0] internal.DriverDSLImpl.startOutOfProcessNode - Starting out-of-process Node PartyC, debug port is not enabled, jolokia monitoring port is not enabled {}
[INFO ] 2019-02-13T18:56:34,843Z [driver-pool-thread-0] config.ConfigHelper.loadConfig - Config:
{
    # reference.conf @ jar:file:/C:/Users/Parivesh/.gradle/caches/modules-2/files-2.1/net.corda/corda-node/3.3-corda/c617459a941380101a1bf44d91674959c940165d/corda-node-3.3-corda.jar!/reference.conf: 20
    "activeMQServer" : {
        # reference.conf @ jar:file:/C:/Users/Parivesh/.gradle/caches/modules-2/files-2.1/net.corda/corda-node/3.3-corda/c617459a941380101a1bf44d91674959c940165d/corda-node-3.3-corda.jar!/reference.conf: 21
        "bridge" : {
            # reference.conf @ jar:file:/C:/Users/Parivesh/.gradle/caches/modules-2/files-2.1/net.corda/corda-node/3.3-corda/c617459a941380101a1bf44d91674959c940165d/corda-node-3.3-corda.jar!/reference.conf: 24
            "maxRetryIntervalMin" : 3,
            # reference.conf @ jar:file:/C:/Users/Parivesh/.gradle/caches/modules-2/files-2.1/net.corda/corda-node/3.3-corda/c617459a941380101a1bf44d91674959c940165d/corda-node-3.3-corda.jar!/reference.conf: 22
            "retryIntervalMs" : 5000,
            # reference.conf @ jar:file:/C:/Users/Parivesh/.gradle/caches/modules-2/files-2.1/net.corda/corda-node/3.3-corda/c617459a941380101a1bf44d91674959c940165d/corda-node-3.3-corda.jar!/reference.conf: 23
            "retryIntervalMultiplier" : 1.5
        }
    },
    # hardcoded value
    "baseDirectory" : "D:\\Corda-Sample\\New_Sample_11Feb\\samples\\cordapp-example\\build\\20190213-185619.358\\PartyB",
    # merge of reference.conf @ jar:file:/C:/Users/Parivesh/.gradle/caches/modules-2/files-2.1/net.corda/corda-node/3.3-corda/c617459a941380101a1bf44d91674959c940165d/corda-node-3.3-corda.jar!/reference.conf: 6,reference.conf @ jar:file:/C:/Users/Parivesh/.gradle/caches/modules-2/files-2.1/net.corda/corda/3.3-corda/c634cc8e8d8d4440532a3da10d09ca080486319b/corda-3.3-corda.jar!/reference.conf: 6,reference.conf @ jar:file:/C:/Users/Parivesh/.gradle/caches/modules-2/files-2.1/net.corda/corda-webserver/3.3-corda/676d262432ac6c4e59cb139fd104221b967522b9/corda-webserver-3.3-corda.jar!/reference.conf: 6
    "dataSourceProperties" : {
        # reference.conf @ jar:file:/C:/Users/Parivesh/.gradle/caches/modules-2/files-2.1/net.corda/corda-node/3.3-corda/c617459a941380101a1bf44d91674959c940165d/corda-node-3.3-corda.jar!/reference.conf: 10
        "dataSource.password" : "",
        # merge of reference.conf @ jar:file:/C:/Users/Parivesh/.gradle/caches/modules-2/files-2.1/net.corda/corda-node/3.3-corda/c617459a941380101a1bf44d91674959c940165d/corda-node-3.3-corda.jar!/reference.conf: 8,hardcoded value,reference.conf @ jar:file:/C:/Users/Parivesh/.gradle/caches/modules-2/files-2.1/net.corda/corda-node/3.3-corda/c617459a941380101a1bf44d91674959c940165d/corda-node-3.3-corda.jar!/reference.conf: 8,reference.conf @ jar:file:/C:/Users/Parivesh/.gradle/caches/modules-2/files-2.1/net.corda/corda-node/3.3-corda/c617459a941380101a1bf44d91674959c940165d/corda-node-3.3-corda.jar!/reference.conf: 17
        "dataSource.url" : "jdbc:h2:file:D:\\Corda-Sample\\New_Sample_11Feb\\samples\\cordapp-example\\build\\20190213-185619.358\\PartyB/persistence;DB_CLOSE_ON_EXIT=FALSE;LOCK_TIMEOUT=10000;WRITE_DELAY=100;AUTO_SERVER_PORT=0",
        # reference.conf @ jar:file:/C:/Users/Parivesh/.gradle/caches/modules-2/files-2.1/net.corda/corda-node/3.3-corda/c617459a941380101a1bf44d91674959c940165d/corda-node-3.3-corda.jar!/reference.conf: 9
        "dataSource.user" : "sa",
        # reference.conf @ jar:file:/C:/Users/Parivesh/.gradle/caches/modules-2/files-2.1/net.corda/corda-node/3.3-corda/c617459a941380101a1bf44d91674959c940165d/corda-node-3.3-corda.jar!/reference.conf: 7
        "dataSourceClassName" : "org.h2.jdbcx.JdbcDataSource"
    },
    # reference.conf @ jar:file:/C:/Users/Parivesh/.gradle/caches/modules-2/files-2.1/net.corda/corda-node/3.3-corda/c617459a941380101a1bf44d91674959c940165d/corda-node-3.3-corda.jar!/reference.conf: 12
    "database" : {
        # reference.conf @ jar:file:/C:/Users/Parivesh/.gradle/caches/modules-2/files-2.1/net.corda/corda-node/3.3-corda/c617459a941380101a1bf44d91674959c940165d/corda-node-3.3-corda.jar!/reference.conf: 14
        "exportHibernateJMXStatistics" : "false",
        # reference.conf @ jar:file:/C:/Users/Parivesh/.gradle/caches/modules-2/files-2.1/net.corda/corda-node/3.3-corda/c617459a941380101a1bf44d91674959c940165d/corda-node-3.3-corda.jar!/reference.conf: 13
        "transactionIsolationLevel" : "REPEATABLE_READ"
    },
    # reference.conf @ jar:file:/C:/Users/Parivesh/.gradle/caches/modules-2/files-2.1/net.corda/corda-node/3.3-corda/c617459a941380101a1bf44d91674959c940165d/corda-node-3.3-corda.jar!/reference.conf: 16
    "devMode" : true,
    # reference.conf @ jar:file:/C:/Users/Parivesh/.gradle/caches/modules-2/files-2.1/net.corda/corda-node/3.3-corda/c617459a941380101a1bf44d91674959c940165d/corda-node-3.3-corda.jar!/reference.conf: 2
    "emailAddress" : "admin@company.com",
    # reference.conf @ jar:file:/C:/Users/Parivesh/.gradle/caches/modules-2/files-2.1/net.corda/corda-node/3.3-corda/c617459a941380101a1bf44d91674959c940165d/corda-node-3.3-corda.jar!/reference.conf: 3
    "exportJMXto" : "http",
    # reference.conf @ jar:file:/C:/Users/Parivesh/.gradle/caches/modules-2/files-2.1/net.corda/corda-node/3.3-corda/c617459a941380101a1bf44d91674959c940165d/corda-node-3.3-corda.jar!/reference.conf: 31
    "flowTimeout" : {
        # reference.conf @ jar:file:/C:/Users/Parivesh/.gradle/caches/modules-2/files-2.1/net.corda/corda-node/3.3-corda/c617459a941380101a1bf44d91674959c940165d/corda-node-3.3-corda.jar!/reference.conf: 34
        "backoffBase" : 1.8,
        # reference.conf @ jar:file:/C:/Users/Parivesh/.gradle/caches/modules-2/files-2.1/net.corda/corda-node/3.3-corda/c617459a941380101a1bf44d91674959c940165d/corda-node-3.3-corda.jar!/reference.conf: 33
        "maxRestartCount" : 5,
        # reference.conf @ jar:file:/C:/Users/Parivesh/.gradle/caches/modules-2/files-2.1/net.corda/corda-node/3.3-corda/c617459a941380101a1bf44d91674959c940165d/corda-node-3.3-corda.jar!/reference.conf: 32
        "timeout" : "30 seconds"
    },
    # reference.conf @ jar:file:/C:/Users/Parivesh/.gradle/caches/modules-2/files-2.1/net.corda/corda-node/3.3-corda/c617459a941380101a1bf44d91674959c940165d/corda-node-3.3-corda.jar!/reference.conf: 17
    "h2port" : 0,
    # reference.conf @ jar:file:/C:/Users/Parivesh/.gradle/caches/modules-2/files-2.1/net.corda/corda-node/3.3-corda/c617459a941380101a1bf44d91674959c940165d/corda-node-3.3-corda.jar!/reference.conf: 4
    "keyStorePassword" : "cordacadevpass",
    # hardcoded value
    "myLegalName" : "O=PartyB, L=New York, C=US",
    # hardcoded value
    "p2pAddress" : "localhost:10001",
    # merge of hardcoded value,reference.conf @ jar:file:/C:/Users/Parivesh/.gradle/caches/modules-2/files-2.1/net.corda/corda-node/3.3-corda/c617459a941380101a1bf44d91674959c940165d/corda-node-3.3-corda.jar!/reference.conf: 27
    "rpcSettings" : {
        # hardcoded value
        "address" : "localhost:10011",
        # hardcoded value
        "adminAddress" : "localhost:10051",
        # reference.conf @ jar:file:/C:/Users/Parivesh/.gradle/caches/modules-2/files-2.1/net.corda/corda-node/3.3-corda/c617459a941380101a1bf44d91674959c940165d/corda-node-3.3-corda.jar!/reference.conf: 29
        "standAloneBroker" : false,
        # reference.conf @ jar:file:/C:/Users/Parivesh/.gradle/caches/modules-2/files-2.1/net.corda/corda-node/3.3-corda/c617459a941380101a1bf44d91674959c940165d/corda-node-3.3-corda.jar!/reference.conf: 28
        "useSsl" : false
    },
    # hardcoded value
    "rpcUsers" : [
        # hardcoded value
        {
            # hardcoded value
            "password" : "test",
            # hardcoded value
            "permissions" : [
                # hardcoded value
                "ALL",
                # hardcoded value
                "InvokeRpc.nodeInfo",
                # hardcoded value
                "InvokeRpc.networkMapFeed",
                # hardcoded value
                "InvokeRpc.networkMapSnapshot",
                # hardcoded value
                "InvokeRpc.notaryIdentities",
                # hardcoded value
                "InvokeRpc.stateMachinesFeed",
                # hardcoded value
                "InvokeRpc.stateMachineRecordedTransactionMappingFeed",
                # hardcoded value
                "InvokeRpc.nodeInfoFromParty",
                # hardcoded value
                "InvokeRpc.internalVerifiedTransactionsFeed",
                # hardcoded value
                "InvokeRpc.vaultQueryBy",
                # hardcoded value
                "InvokeRpc.vaultTrackBy",
                # hardcoded value
                "InvokeRpc.registeredFlows"
            ],
            # hardcoded value
            "username" : "user1"
        }
    ],
    # reference.conf @ jar:file:/C:/Users/Parivesh/.gradle/caches/modules-2/files-2.1/net.corda/corda-node/3.3-corda/c617459a941380101a1bf44d91674959c940165d/corda-node-3.3-corda.jar!/reference.conf: 5
    "trustStorePassword" : "trustpass",
    # hardcoded value
    "useTestClock" : false,
    # hardcoded value
    "verifierType" : "InMemory",
    # hardcoded value
    "webAddress" : "localhost:10012"
}
 {}
[INFO ] 2019-02-13T18:56:34,883Z [driver-pool-thread-0] network.NodeInfoFilesCopier.addConfig - Now watching: D:\Corda-Sample\New_Sample_11Feb\samples\cordapp-example\build\20190213-185619.358\PartyB {}
[INFO ] 2019-02-13T18:56:34,894Z [driver-pool-thread-0] internal.DriverDSLImpl.startOutOfProcessNode - Starting out-of-process Node PartyB, debug port is not enabled, jolokia monitoring port is not enabled {}
[INFO ] 2019-02-13T18:56:34,921Z [driver-pool-thread-0] config.ConfigHelper.loadConfig - Config:
{
    # reference.conf @ jar:file:/C:/Users/Parivesh/.gradle/caches/modules-2/files-2.1/net.corda/corda-node/3.3-corda/c617459a941380101a1bf44d91674959c940165d/corda-node-3.3-corda.jar!/reference.conf: 20
    "activeMQServer" : {
        # reference.conf @ jar:file:/C:/Users/Parivesh/.gradle/caches/modules-2/files-2.1/net.corda/corda-node/3.3-corda/c617459a941380101a1bf44d91674959c940165d/corda-node-3.3-corda.jar!/reference.conf: 21
        "bridge" : {
            # reference.conf @ jar:file:/C:/Users/Parivesh/.gradle/caches/modules-2/files-2.1/net.corda/corda-node/3.3-corda/c617459a941380101a1bf44d91674959c940165d/corda-node-3.3-corda.jar!/reference.conf: 24
            "maxRetryIntervalMin" : 3,
            # reference.conf @ jar:file:/C:/Users/Parivesh/.gradle/caches/modules-2/files-2.1/net.corda/corda-node/3.3-corda/c617459a941380101a1bf44d91674959c940165d/corda-node-3.3-corda.jar!/reference.conf: 22
            "retryIntervalMs" : 5000,
            # reference.conf @ jar:file:/C:/Users/Parivesh/.gradle/caches/modules-2/files-2.1/net.corda/corda-node/3.3-corda/c617459a941380101a1bf44d91674959c940165d/corda-node-3.3-corda.jar!/reference.conf: 23
            "retryIntervalMultiplier" : 1.5
        }
    },
    # hardcoded value
    "baseDirectory" : "D:\\Corda-Sample\\New_Sample_11Feb\\samples\\cordapp-example\\build\\20190213-185619.358\\PartyA",
    # merge of reference.conf @ jar:file:/C:/Users/Parivesh/.gradle/caches/modules-2/files-2.1/net.corda/corda-node/3.3-corda/c617459a941380101a1bf44d91674959c940165d/corda-node-3.3-corda.jar!/reference.conf: 6,reference.conf @ jar:file:/C:/Users/Parivesh/.gradle/caches/modules-2/files-2.1/net.corda/corda/3.3-corda/c634cc8e8d8d4440532a3da10d09ca080486319b/corda-3.3-corda.jar!/reference.conf: 6,reference.conf @ jar:file:/C:/Users/Parivesh/.gradle/caches/modules-2/files-2.1/net.corda/corda-webserver/3.3-corda/676d262432ac6c4e59cb139fd104221b967522b9/corda-webserver-3.3-corda.jar!/reference.conf: 6
    "dataSourceProperties" : {
        # reference.conf @ jar:file:/C:/Users/Parivesh/.gradle/caches/modules-2/files-2.1/net.corda/corda-node/3.3-corda/c617459a941380101a1bf44d91674959c940165d/corda-node-3.3-corda.jar!/reference.conf: 10
        "dataSource.password" : "",
        # merge of reference.conf @ jar:file:/C:/Users/Parivesh/.gradle/caches/modules-2/files-2.1/net.corda/corda-node/3.3-corda/c617459a941380101a1bf44d91674959c940165d/corda-node-3.3-corda.jar!/reference.conf: 8,hardcoded value,reference.conf @ jar:file:/C:/Users/Parivesh/.gradle/caches/modules-2/files-2.1/net.corda/corda-node/3.3-corda/c617459a941380101a1bf44d91674959c940165d/corda-node-3.3-corda.jar!/reference.conf: 8,reference.conf @ jar:file:/C:/Users/Parivesh/.gradle/caches/modules-2/files-2.1/net.corda/corda-node/3.3-corda/c617459a941380101a1bf44d91674959c940165d/corda-node-3.3-corda.jar!/reference.conf: 17
        "dataSource.url" : "jdbc:h2:file:D:\\Corda-Sample\\New_Sample_11Feb\\samples\\cordapp-example\\build\\20190213-185619.358\\PartyA/persistence;DB_CLOSE_ON_EXIT=FALSE;LOCK_TIMEOUT=10000;WRITE_DELAY=100;AUTO_SERVER_PORT=0",
        # reference.conf @ jar:file:/C:/Users/Parivesh/.gradle/caches/modules-2/files-2.1/net.corda/corda-node/3.3-corda/c617459a941380101a1bf44d91674959c940165d/corda-node-3.3-corda.jar!/reference.conf: 9
        "dataSource.user" : "sa",
        # reference.conf @ jar:file:/C:/Users/Parivesh/.gradle/caches/modules-2/files-2.1/net.corda/corda-node/3.3-corda/c617459a941380101a1bf44d91674959c940165d/corda-node-3.3-corda.jar!/reference.conf: 7
        "dataSourceClassName" : "org.h2.jdbcx.JdbcDataSource"
    },
    # reference.conf @ jar:file:/C:/Users/Parivesh/.gradle/caches/modules-2/files-2.1/net.corda/corda-node/3.3-corda/c617459a941380101a1bf44d91674959c940165d/corda-node-3.3-corda.jar!/reference.conf: 12
    "database" : {
        # reference.conf @ jar:file:/C:/Users/Parivesh/.gradle/caches/modules-2/files-2.1/net.corda/corda-node/3.3-corda/c617459a941380101a1bf44d91674959c940165d/corda-node-3.3-corda.jar!/reference.conf: 14
        "exportHibernateJMXStatistics" : "false",
        # reference.conf @ jar:file:/C:/Users/Parivesh/.gradle/caches/modules-2/files-2.1/net.corda/corda-node/3.3-corda/c617459a941380101a1bf44d91674959c940165d/corda-node-3.3-corda.jar!/reference.conf: 13
        "transactionIsolationLevel" : "REPEATABLE_READ"
    },
    # reference.conf @ jar:file:/C:/Users/Parivesh/.gradle/caches/modules-2/files-2.1/net.corda/corda-node/3.3-corda/c617459a941380101a1bf44d91674959c940165d/corda-node-3.3-corda.jar!/reference.conf: 16
    "devMode" : true,
    # reference.conf @ jar:file:/C:/Users/Parivesh/.gradle/caches/modules-2/files-2.1/net.corda/corda-node/3.3-corda/c617459a941380101a1bf44d91674959c940165d/corda-node-3.3-corda.jar!/reference.conf: 2
    "emailAddress" : "admin@company.com",
    # reference.conf @ jar:file:/C:/Users/Parivesh/.gradle/caches/modules-2/files-2.1/net.corda/corda-node/3.3-corda/c617459a941380101a1bf44d91674959c940165d/corda-node-3.3-corda.jar!/reference.conf: 3
    "exportJMXto" : "http",
    # reference.conf @ jar:file:/C:/Users/Parivesh/.gradle/caches/modules-2/files-2.1/net.corda/corda-node/3.3-corda/c617459a941380101a1bf44d91674959c940165d/corda-node-3.3-corda.jar!/reference.conf: 31
    "flowTimeout" : {
        # reference.conf @ jar:file:/C:/Users/Parivesh/.gradle/caches/modules-2/files-2.1/net.corda/corda-node/3.3-corda/c617459a941380101a1bf44d91674959c940165d/corda-node-3.3-corda.jar!/reference.conf: 34
        "backoffBase" : 1.8,
        # reference.conf @ jar:file:/C:/Users/Parivesh/.gradle/caches/modules-2/files-2.1/net.corda/corda-node/3.3-corda/c617459a941380101a1bf44d91674959c940165d/corda-node-3.3-corda.jar!/reference.conf: 33
        "maxRestartCount" : 5,
        # reference.conf @ jar:file:/C:/Users/Parivesh/.gradle/caches/modules-2/files-2.1/net.corda/corda-node/3.3-corda/c617459a941380101a1bf44d91674959c940165d/corda-node-3.3-corda.jar!/reference.conf: 32
        "timeout" : "30 seconds"
    },
    # reference.conf @ jar:file:/C:/Users/Parivesh/.gradle/caches/modules-2/files-2.1/net.corda/corda-node/3.3-corda/c617459a941380101a1bf44d91674959c940165d/corda-node-3.3-corda.jar!/reference.conf: 17
    "h2port" : 0,
    # reference.conf @ jar:file:/C:/Users/Parivesh/.gradle/caches/modules-2/files-2.1/net.corda/corda-node/3.3-corda/c617459a941380101a1bf44d91674959c940165d/corda-node-3.3-corda.jar!/reference.conf: 4
    "keyStorePassword" : "cordacadevpass",
    # hardcoded value
    "myLegalName" : "O=PartyA, L=London, C=GB",
    # hardcoded value
    "p2pAddress" : "localhost:10000",
    # merge of hardcoded value,reference.conf @ jar:file:/C:/Users/Parivesh/.gradle/caches/modules-2/files-2.1/net.corda/corda-node/3.3-corda/c617459a941380101a1bf44d91674959c940165d/corda-node-3.3-corda.jar!/reference.conf: 27
    "rpcSettings" : {
        # hardcoded value
        "address" : "localhost:10008",
        # hardcoded value
        "adminAddress" : "localhost:10048",
        # reference.conf @ jar:file:/C:/Users/Parivesh/.gradle/caches/modules-2/files-2.1/net.corda/corda-node/3.3-corda/c617459a941380101a1bf44d91674959c940165d/corda-node-3.3-corda.jar!/reference.conf: 29
        "standAloneBroker" : false,
        # reference.conf @ jar:file:/C:/Users/Parivesh/.gradle/caches/modules-2/files-2.1/net.corda/corda-node/3.3-corda/c617459a941380101a1bf44d91674959c940165d/corda-node-3.3-corda.jar!/reference.conf: 28
        "useSsl" : false
    },
    # hardcoded value
    "rpcUsers" : [
        # hardcoded value
        {
            # hardcoded value
            "password" : "test",
            # hardcoded value
            "permissions" : [
                # hardcoded value
                "ALL",
                # hardcoded value
                "InvokeRpc.nodeInfo",
                # hardcoded value
                "InvokeRpc.networkMapFeed",
                # hardcoded value
                "InvokeRpc.networkMapSnapshot",
                # hardcoded value
                "InvokeRpc.notaryIdentities",
                # hardcoded value
                "InvokeRpc.stateMachinesFeed",
                # hardcoded value
                "InvokeRpc.stateMachineRecordedTransactionMappingFeed",
                # hardcoded value
                "InvokeRpc.nodeInfoFromParty",
                # hardcoded value
                "InvokeRpc.internalVerifiedTransactionsFeed",
                # hardcoded value
                "InvokeRpc.vaultQueryBy",
                # hardcoded value
                "InvokeRpc.vaultTrackBy",
                # hardcoded value
                "InvokeRpc.registeredFlows"
            ],
            # hardcoded value
            "username" : "user1"
        }
    ],
    # reference.conf @ jar:file:/C:/Users/Parivesh/.gradle/caches/modules-2/files-2.1/net.corda/corda-node/3.3-corda/c617459a941380101a1bf44d91674959c940165d/corda-node-3.3-corda.jar!/reference.conf: 5
    "trustStorePassword" : "trustpass",
    # hardcoded value
    "useTestClock" : false,
    # hardcoded value
    "verifierType" : "InMemory",
    # hardcoded value
    "webAddress" : "localhost:10009"
}
 {}
[INFO ] 2019-02-13T18:56:34,945Z [driver-pool-thread-0] network.NodeInfoFilesCopier.addConfig - Now watching: D:\Corda-Sample\New_Sample_11Feb\samples\cordapp-example\build\20190213-185619.358\PartyA {}
[INFO ] 2019-02-13T18:56:34,953Z [driver-pool-thread-0] internal.DriverDSLImpl.startOutOfProcessNode - Starting out-of-process Node PartyA, debug port is not enabled, jolokia monitoring port is not enabled {}
