[INFO ] 2019-02-12T17:23:27,342Z [main] BasicInfo.printBasicNodeInfo - Logs can be found in                    : D:\Corda-Sample\New_Sample_11Feb\samples\cordapp-example\build\20190212-172309.230\PartyA\logs {}
[INFO ] 2019-02-12T17:23:27,759Z [main] config.ConfigHelper.loadConfig - Config:
{
    # D:\Corda-Sample\New_Sample_11Feb\samples\cordapp-example\build\20190212-172309.230\PartyA\node.conf: 3
    # reference.conf @ jar:file:/C:/Users/Parivesh/.gradle/caches/modules-2/files-2.1/net.corda/corda-node/3.3-corda/c617459a941380101a1bf44d91674959c940165d/corda-node-3.3-corda.jar!/reference.conf: 20
    "activeMQServer" : {
        # D:\Corda-Sample\New_Sample_11Feb\samples\cordapp-example\build\20190212-172309.230\PartyA\node.conf: 5
        # reference.conf @ jar:file:/C:/Users/Parivesh/.gradle/caches/modules-2/files-2.1/net.corda/corda-node/3.3-corda/c617459a941380101a1bf44d91674959c940165d/corda-node-3.3-corda.jar!/reference.conf: 21
        "bridge" : {
            # D:\Corda-Sample\New_Sample_11Feb\samples\cordapp-example\build\20190212-172309.230\PartyA\node.conf: 7
            # reference.conf @ jar:file:/C:/Users/Parivesh/.gradle/caches/modules-2/files-2.1/net.corda/corda-node/3.3-corda/c617459a941380101a1bf44d91674959c940165d/corda-node-3.3-corda.jar!/reference.conf: 24
            "maxRetryIntervalMin" : 3,
            # D:\Corda-Sample\New_Sample_11Feb\samples\cordapp-example\build\20190212-172309.230\PartyA\node.conf: 9
            # reference.conf @ jar:file:/C:/Users/Parivesh/.gradle/caches/modules-2/files-2.1/net.corda/corda-node/3.3-corda/c617459a941380101a1bf44d91674959c940165d/corda-node-3.3-corda.jar!/reference.conf: 22
            "retryIntervalMs" : 5000,
            # D:\Corda-Sample\New_Sample_11Feb\samples\cordapp-example\build\20190212-172309.230\PartyA\node.conf: 11
            # reference.conf @ jar:file:/C:/Users/Parivesh/.gradle/caches/modules-2/files-2.1/net.corda/corda-node/3.3-corda/c617459a941380101a1bf44d91674959c940165d/corda-node-3.3-corda.jar!/reference.conf: 23
            "retryIntervalMultiplier" : 1.5
        }
    },
    # hardcoded value
    "baseDirectory" : "D:\\Corda-Sample\\New_Sample_11Feb\\samples\\cordapp-example\\build\\20190212-172309.230\\PartyA",
    # D:\Corda-Sample\New_Sample_11Feb\samples\cordapp-example\build\20190212-172309.230\PartyA\node.conf: 17
    # merge of reference.conf @ jar:file:/C:/Users/Parivesh/.gradle/caches/modules-2/files-2.1/net.corda/corda-node/3.3-corda/c617459a941380101a1bf44d91674959c940165d/corda-node-3.3-corda.jar!/reference.conf: 6,reference.conf @ jar:file:/C:/Users/Parivesh/.gradle/caches/modules-2/files-2.1/net.corda/corda/3.3-corda/c634cc8e8d8d4440532a3da10d09ca080486319b/corda-3.3-corda.jar!/reference.conf: 6,reference.conf @ jar:file:/C:/Users/Parivesh/.gradle/caches/modules-2/files-2.1/net.corda/corda-webserver/3.3-corda/676d262432ac6c4e59cb139fd104221b967522b9/corda-webserver-3.3-corda.jar!/reference.conf: 6
    "dataSourceProperties" : {
        # D:\Corda-Sample\New_Sample_11Feb\samples\cordapp-example\build\20190212-172309.230\PartyA\node.conf: 19
        # reference.conf @ jar:file:/C:/Users/Parivesh/.gradle/caches/modules-2/files-2.1/net.corda/corda-node/3.3-corda/c617459a941380101a1bf44d91674959c940165d/corda-node-3.3-corda.jar!/reference.conf: 10
        "dataSource.password" : "",
        # D:\Corda-Sample\New_Sample_11Feb\samples\cordapp-example\build\20190212-172309.230\PartyA\node.conf: 21
        # merge of reference.conf @ jar:file:/C:/Users/Parivesh/.gradle/caches/modules-2/files-2.1/net.corda/corda-node/3.3-corda/c617459a941380101a1bf44d91674959c940165d/corda-node-3.3-corda.jar!/reference.conf: 8,hardcoded value,reference.conf @ jar:file:/C:/Users/Parivesh/.gradle/caches/modules-2/files-2.1/net.corda/corda-node/3.3-corda/c617459a941380101a1bf44d91674959c940165d/corda-node-3.3-corda.jar!/reference.conf: 8,reference.conf @ jar:file:/C:/Users/Parivesh/.gradle/caches/modules-2/files-2.1/net.corda/corda-node/3.3-corda/c617459a941380101a1bf44d91674959c940165d/corda-node-3.3-corda.jar!/reference.conf: 17
        "dataSource.url" : "jdbc:h2:file:D:\\Corda-Sample\\New_Sample_11Feb\\samples\\cordapp-example\\build\\20190212-172309.230\\PartyA/persistence;DB_CLOSE_ON_EXIT=FALSE;LOCK_TIMEOUT=10000;WRITE_DELAY=100;AUTO_SERVER_PORT=0",
        # D:\Corda-Sample\New_Sample_11Feb\samples\cordapp-example\build\20190212-172309.230\PartyA\node.conf: 23
        # reference.conf @ jar:file:/C:/Users/Parivesh/.gradle/caches/modules-2/files-2.1/net.corda/corda-node/3.3-corda/c617459a941380101a1bf44d91674959c940165d/corda-node-3.3-corda.jar!/reference.conf: 9
        "dataSource.user" : "sa",
        # D:\Corda-Sample\New_Sample_11Feb\samples\cordapp-example\build\20190212-172309.230\PartyA\node.conf: 25
        # reference.conf @ jar:file:/C:/Users/Parivesh/.gradle/caches/modules-2/files-2.1/net.corda/corda-node/3.3-corda/c617459a941380101a1bf44d91674959c940165d/corda-node-3.3-corda.jar!/reference.conf: 7
        "dataSourceClassName" : "org.h2.jdbcx.JdbcDataSource"
    },
    # D:\Corda-Sample\New_Sample_11Feb\samples\cordapp-example\build\20190212-172309.230\PartyA\node.conf: 28
    # reference.conf @ jar:file:/C:/Users/Parivesh/.gradle/caches/modules-2/files-2.1/net.corda/corda-node/3.3-corda/c617459a941380101a1bf44d91674959c940165d/corda-node-3.3-corda.jar!/reference.conf: 12
    "database" : {
        # D:\Corda-Sample\New_Sample_11Feb\samples\cordapp-example\build\20190212-172309.230\PartyA\node.conf: 30
        # reference.conf @ jar:file:/C:/Users/Parivesh/.gradle/caches/modules-2/files-2.1/net.corda/corda-node/3.3-corda/c617459a941380101a1bf44d91674959c940165d/corda-node-3.3-corda.jar!/reference.conf: 14
        "exportHibernateJMXStatistics" : "false",
        # D:\Corda-Sample\New_Sample_11Feb\samples\cordapp-example\build\20190212-172309.230\PartyA\node.conf: 32
        # reference.conf @ jar:file:/C:/Users/Parivesh/.gradle/caches/modules-2/files-2.1/net.corda/corda-node/3.3-corda/c617459a941380101a1bf44d91674959c940165d/corda-node-3.3-corda.jar!/reference.conf: 13
        "transactionIsolationLevel" : "REPEATABLE_READ"
    },
    # D:\Corda-Sample\New_Sample_11Feb\samples\cordapp-example\build\20190212-172309.230\PartyA\node.conf: 35
    # reference.conf @ jar:file:/C:/Users/Parivesh/.gradle/caches/modules-2/files-2.1/net.corda/corda-node/3.3-corda/c617459a941380101a1bf44d91674959c940165d/corda-node-3.3-corda.jar!/reference.conf: 16
    "devMode" : true,
    # D:\Corda-Sample\New_Sample_11Feb\samples\cordapp-example\build\20190212-172309.230\PartyA\node.conf: 37
    # reference.conf @ jar:file:/C:/Users/Parivesh/.gradle/caches/modules-2/files-2.1/net.corda/corda-node/3.3-corda/c617459a941380101a1bf44d91674959c940165d/corda-node-3.3-corda.jar!/reference.conf: 2
    "emailAddress" : "admin@company.com",
    # D:\Corda-Sample\New_Sample_11Feb\samples\cordapp-example\build\20190212-172309.230\PartyA\node.conf: 39
    # reference.conf @ jar:file:/C:/Users/Parivesh/.gradle/caches/modules-2/files-2.1/net.corda/corda-node/3.3-corda/c617459a941380101a1bf44d91674959c940165d/corda-node-3.3-corda.jar!/reference.conf: 3
    "exportJMXto" : "http",
    # D:\Corda-Sample\New_Sample_11Feb\samples\cordapp-example\build\20190212-172309.230\PartyA\node.conf: 41
    # reference.conf @ jar:file:/C:/Users/Parivesh/.gradle/caches/modules-2/files-2.1/net.corda/corda-node/3.3-corda/c617459a941380101a1bf44d91674959c940165d/corda-node-3.3-corda.jar!/reference.conf: 31
    "flowTimeout" : {
        # D:\Corda-Sample\New_Sample_11Feb\samples\cordapp-example\build\20190212-172309.230\PartyA\node.conf: 43
        # reference.conf @ jar:file:/C:/Users/Parivesh/.gradle/caches/modules-2/files-2.1/net.corda/corda-node/3.3-corda/c617459a941380101a1bf44d91674959c940165d/corda-node-3.3-corda.jar!/reference.conf: 34
        "backoffBase" : 1.8,
        # D:\Corda-Sample\New_Sample_11Feb\samples\cordapp-example\build\20190212-172309.230\PartyA\node.conf: 45
        # reference.conf @ jar:file:/C:/Users/Parivesh/.gradle/caches/modules-2/files-2.1/net.corda/corda-node/3.3-corda/c617459a941380101a1bf44d91674959c940165d/corda-node-3.3-corda.jar!/reference.conf: 33
        "maxRestartCount" : 5,
        # D:\Corda-Sample\New_Sample_11Feb\samples\cordapp-example\build\20190212-172309.230\PartyA\node.conf: 47
        # reference.conf @ jar:file:/C:/Users/Parivesh/.gradle/caches/modules-2/files-2.1/net.corda/corda-node/3.3-corda/c617459a941380101a1bf44d91674959c940165d/corda-node-3.3-corda.jar!/reference.conf: 32
        "timeout" : "30 seconds"
    },
    # D:\Corda-Sample\New_Sample_11Feb\samples\cordapp-example\build\20190212-172309.230\PartyA\node.conf: 50
    # reference.conf @ jar:file:/C:/Users/Parivesh/.gradle/caches/modules-2/files-2.1/net.corda/corda-node/3.3-corda/c617459a941380101a1bf44d91674959c940165d/corda-node-3.3-corda.jar!/reference.conf: 17
    "h2port" : 0,
    # D:\Corda-Sample\New_Sample_11Feb\samples\cordapp-example\build\20190212-172309.230\PartyA\node.conf: 52
    # reference.conf @ jar:file:/C:/Users/Parivesh/.gradle/caches/modules-2/files-2.1/net.corda/corda-node/3.3-corda/c617459a941380101a1bf44d91674959c940165d/corda-node-3.3-corda.jar!/reference.conf: 4
    "keyStorePassword" : "cordacadevpass",
    # D:\Corda-Sample\New_Sample_11Feb\samples\cordapp-example\build\20190212-172309.230\PartyA\node.conf: 54
    # hardcoded value
    "myLegalName" : "O=PartyA, L=London, C=GB",
    # hardcoded value
    "noLocalShell" : true,
    # D:\Corda-Sample\New_Sample_11Feb\samples\cordapp-example\build\20190212-172309.230\PartyA\node.conf: 56
    # hardcoded value
    "p2pAddress" : "localhost:10000",
    # D:\Corda-Sample\New_Sample_11Feb\samples\cordapp-example\build\20190212-172309.230\PartyA\node.conf: 58
    # merge of hardcoded value,reference.conf @ jar:file:/C:/Users/Parivesh/.gradle/caches/modules-2/files-2.1/net.corda/corda-node/3.3-corda/c617459a941380101a1bf44d91674959c940165d/corda-node-3.3-corda.jar!/reference.conf: 27
    "rpcSettings" : {
        # D:\Corda-Sample\New_Sample_11Feb\samples\cordapp-example\build\20190212-172309.230\PartyA\node.conf: 60
        # hardcoded value
        "address" : "localhost:10008",
        # D:\Corda-Sample\New_Sample_11Feb\samples\cordapp-example\build\20190212-172309.230\PartyA\node.conf: 62
        # hardcoded value
        "adminAddress" : "localhost:10048",
        # D:\Corda-Sample\New_Sample_11Feb\samples\cordapp-example\build\20190212-172309.230\PartyA\node.conf: 64
        # reference.conf @ jar:file:/C:/Users/Parivesh/.gradle/caches/modules-2/files-2.1/net.corda/corda-node/3.3-corda/c617459a941380101a1bf44d91674959c940165d/corda-node-3.3-corda.jar!/reference.conf: 29
        "standAloneBroker" : false,
        # D:\Corda-Sample\New_Sample_11Feb\samples\cordapp-example\build\20190212-172309.230\PartyA\node.conf: 66
        # reference.conf @ jar:file:/C:/Users/Parivesh/.gradle/caches/modules-2/files-2.1/net.corda/corda-node/3.3-corda/c617459a941380101a1bf44d91674959c940165d/corda-node-3.3-corda.jar!/reference.conf: 28
        "useSsl" : false
    },
    # D:\Corda-Sample\New_Sample_11Feb\samples\cordapp-example\build\20190212-172309.230\PartyA\node.conf: 69
    # hardcoded value
    "rpcUsers" : [
        # D:\Corda-Sample\New_Sample_11Feb\samples\cordapp-example\build\20190212-172309.230\PartyA\node.conf: 71
        #  hardcoded value
        {
            # D:\Corda-Sample\New_Sample_11Feb\samples\cordapp-example\build\20190212-172309.230\PartyA\node.conf: 73
            # hardcoded value
            "password" : "test",
            # D:\Corda-Sample\New_Sample_11Feb\samples\cordapp-example\build\20190212-172309.230\PartyA\node.conf: 75
            # hardcoded value
            "permissions" : [
                # D:\Corda-Sample\New_Sample_11Feb\samples\cordapp-example\build\20190212-172309.230\PartyA\node.conf: 77
                #  hardcoded value
                "ALL",
                # D:\Corda-Sample\New_Sample_11Feb\samples\cordapp-example\build\20190212-172309.230\PartyA\node.conf: 79
                #  hardcoded value
                "InvokeRpc.nodeInfo",
                # D:\Corda-Sample\New_Sample_11Feb\samples\cordapp-example\build\20190212-172309.230\PartyA\node.conf: 81
                #  hardcoded value
                "InvokeRpc.networkMapFeed",
                # D:\Corda-Sample\New_Sample_11Feb\samples\cordapp-example\build\20190212-172309.230\PartyA\node.conf: 83
                #  hardcoded value
                "InvokeRpc.networkMapSnapshot",
                # D:\Corda-Sample\New_Sample_11Feb\samples\cordapp-example\build\20190212-172309.230\PartyA\node.conf: 85
                #  hardcoded value
                "InvokeRpc.notaryIdentities",
                # D:\Corda-Sample\New_Sample_11Feb\samples\cordapp-example\build\20190212-172309.230\PartyA\node.conf: 87
                #  hardcoded value
                "InvokeRpc.stateMachinesFeed",
                # D:\Corda-Sample\New_Sample_11Feb\samples\cordapp-example\build\20190212-172309.230\PartyA\node.conf: 89
                #  hardcoded value
                "InvokeRpc.stateMachineRecordedTransactionMappingFeed",
                # D:\Corda-Sample\New_Sample_11Feb\samples\cordapp-example\build\20190212-172309.230\PartyA\node.conf: 91
                #  hardcoded value
                "InvokeRpc.nodeInfoFromParty",
                # D:\Corda-Sample\New_Sample_11Feb\samples\cordapp-example\build\20190212-172309.230\PartyA\node.conf: 93
                #  hardcoded value
                "InvokeRpc.internalVerifiedTransactionsFeed",
                # D:\Corda-Sample\New_Sample_11Feb\samples\cordapp-example\build\20190212-172309.230\PartyA\node.conf: 95
                #  hardcoded value
                "InvokeRpc.vaultQueryBy",
                # D:\Corda-Sample\New_Sample_11Feb\samples\cordapp-example\build\20190212-172309.230\PartyA\node.conf: 97
                #  hardcoded value
                "InvokeRpc.vaultTrackBy",
                # D:\Corda-Sample\New_Sample_11Feb\samples\cordapp-example\build\20190212-172309.230\PartyA\node.conf: 99
                #  hardcoded value
                "InvokeRpc.registeredFlows"
            ],
            # D:\Corda-Sample\New_Sample_11Feb\samples\cordapp-example\build\20190212-172309.230\PartyA\node.conf: 102
            # hardcoded value
            "username" : "user1"
        }
    ],
    # D:\Corda-Sample\New_Sample_11Feb\samples\cordapp-example\build\20190212-172309.230\PartyA\node.conf: 106
    # reference.conf @ jar:file:/C:/Users/Parivesh/.gradle/caches/modules-2/files-2.1/net.corda/corda-node/3.3-corda/c617459a941380101a1bf44d91674959c940165d/corda-node-3.3-corda.jar!/reference.conf: 5
    "trustStorePassword" : "trustpass",
    # D:\Corda-Sample\New_Sample_11Feb\samples\cordapp-example\build\20190212-172309.230\PartyA\node.conf: 108
    # hardcoded value
    "useTestClock" : false,
    # D:\Corda-Sample\New_Sample_11Feb\samples\cordapp-example\build\20190212-172309.230\PartyA\node.conf: 110
    # hardcoded value
    "verifierType" : "InMemory",
    # D:\Corda-Sample\New_Sample_11Feb\samples\cordapp-example\build\20190212-172309.230\PartyA\node.conf: 112
    # hardcoded value
    "webAddress" : "localhost:10009"
}
 {}
[INFO ] 2019-02-12T17:23:29,239Z [main] internal.Node.logStartupInfo - Vendor: Corda Open Source {}
[INFO ] 2019-02-12T17:23:29,263Z [main] internal.Node.logStartupInfo - Release: 3.3-corda {}
[INFO ] 2019-02-12T17:23:29,292Z [main] internal.Node.logStartupInfo - Platform Version: 3 {}
[INFO ] 2019-02-12T17:23:29,299Z [main] internal.Node.logStartupInfo - Revision: c834162cd488784a0412bba4c9e638da89912ac2 {}
[INFO ] 2019-02-12T17:23:29,305Z [main] internal.Node.logStartupInfo - PID: 14676 {}
[INFO ] 2019-02-12T17:23:29,311Z [main] internal.Node.logStartupInfo - Main class: /C:/Users/Parivesh/.gradle/caches/modules-2/files-2.1/net.corda/corda-node/3.3-corda/c617459a941380101a1bf44d91674959c940165d/corda-node-3.3-corda.jar {}
[INFO ] 2019-02-12T17:23:29,315Z [main] internal.Node.logStartupInfo - CommandLine Args: -Xmx200m -XX:+UseG1GC -Dname=O=PartyA, L=London, C=GB -Dvisualvm.display.name=corda-O=PartyA, L=London, C=GB -Djava.io.tmpdir=C:\Users\Parivesh\AppData\Local\Temp\ -Dlog4j2.debug=false -Dnet.corda.node.cordapp.scan.packages=com.example -javaagent:C:\Users\Parivesh\.gradle\caches\modules-2\files-2.1\co.paralleluniverse\quasar-core\0.7.9\a429f8e45e7f7c99c206da73fc5500200153913e\quasar-core-0.7.9-jdk8.jar=x(antlr**;bftsmart**;ch**;co.paralleluniverse**;com.codahale**;com.esotericsoftware**;com.fasterxml**;com.google**;com.ibm**;com.intellij**;com.jcabi**;com.nhaarman**;com.opengamma**;com.typesafe**;com.zaxxer**;de.javakaffee**;groovy**;groovyjarjarantlr**;groovyjarjarasm**;io.atomix**;io.github**;io.netty**;jdk**;joptsimple**;junit**;kotlin**;net.bytebuddy**;net.i2p**;org.apache**;org.assertj**;org.bouncycastle**;org.codehaus**;org.crsh**;org.dom4j**;org.fusesource**;org.h2**;org.hamcrest**;org.hibernate**;org.jboss**;org.jcp**;org.joda**;org.junit**;org.mockito**;org.objectweb**;org.objenesis**;org.slf4j**;org.w3c**;org.xml**;org.yaml**;reflectasm**;rx**;org.jolokia**;) {}
[INFO ] 2019-02-12T17:23:29,326Z [main] internal.Node.logStartupInfo - Application Args: --base-directory=D:\Corda-Sample\New_Sample_11Feb\samples\cordapp-example\build\20190212-172309.230\PartyA --logging-level=INFO --no-local-shell {}
[INFO ] 2019-02-12T17:23:29,331Z [main] internal.Node.logStartupInfo - bootclasspath: C:\Program Files\Java\jdk1.8.0_191\jre\lib\resources.jar;C:\Program Files\Java\jdk1.8.0_191\jre\lib\rt.jar;C:\Program Files\Java\jdk1.8.0_191\jre\lib\sunrsasign.jar;C:\Program Files\Java\jdk1.8.0_191\jre\lib\jsse.jar;C:\Program Files\Java\jdk1.8.0_191\jre\lib\jce.jar;C:\Program Files\Java\jdk1.8.0_191\jre\lib\charsets.jar;C:\Program Files\Java\jdk1.8.0_191\jre\lib\jfr.jar;C:\Program Files\Java\jdk1.8.0_191\jre\classes {}
[INFO ] 2019-02-12T17:23:29,382Z [main] internal.Node.logStartupInfo - classpath: C:\Program Files\Java\jdk1.8.0_191\jre\lib\charsets.jar;C:\Program Files\Java\jdk1.8.0_191\jre\lib\deploy.jar;C:\Program Files\Java\jdk1.8.0_191\jre\lib\ext\access-bridge-64.jar;C:\Program Files\Java\jdk1.8.0_191\jre\lib\ext\cldrdata.jar;C:\Program Files\Java\jdk1.8.0_191\jre\lib\ext\dnsns.jar;C:\Program Files\Java\jdk1.8.0_191\jre\lib\ext\jaccess.jar;C:\Program Files\Java\jdk1.8.0_191\jre\lib\ext\jfxrt.jar;C:\Program Files\Java\jdk1.8.0_191\jre\lib\ext\localedata.jar;C:\Program Files\Java\jdk1.8.0_191\jre\lib\ext\nashorn.jar;C:\Program Files\Java\jdk1.8.0_191\jre\lib\ext\sunec.jar;C:\Program Files\Java\jdk1.8.0_191\jre\lib\ext\sunjce_provider.jar;C:\Program Files\Java\jdk1.8.0_191\jre\lib\ext\sunmscapi.jar;C:\Program Files\Java\jdk1.8.0_191\jre\lib\ext\sunpkcs11.jar;C:\Program Files\Java\jdk1.8.0_191\jre\lib\ext\zipfs.jar;C:\Program Files\Java\jdk1.8.0_191\jre\lib\javaws.jar;C:\Program Files\Java\jdk1.8.0_191\jre\lib\jce.jar;C:\Program Files\Java\jdk1.8.0_191\jre\lib\jfr.jar;C:\Program Files\Java\jdk1.8.0_191\jre\lib\jfxswt.jar;C:\Program Files\Java\jdk1.8.0_191\jre\lib\jsse.jar;C:\Program Files\Java\jdk1.8.0_191\jre\lib\management-agent.jar;C:\Program Files\Java\jdk1.8.0_191\jre\lib\plugin.jar;C:\Program Files\Java\jdk1.8.0_191\jre\lib\resources.jar;C:\Program Files\Java\jdk1.8.0_191\jre\lib\rt.jar;D:\Corda-Sample\New_Sample_11Feb\samples\cordapp-example\java-source\out\test\classes;D:\Corda-Sample\New_Sample_11Feb\samples\cordapp-example\java-source\out\test\resources;D:\Corda-Sample\New_Sample_11Feb\samples\cordapp-example\java-source\out\production\classes;D:\Corda-Sample\New_Sample_11Feb\samples\cordapp-example\java-source\out\production\resources;C:\Users\Parivesh\.gradle\caches\modules-2\files-2.1\net.corda\corda-node-driver\3.3-corda\af04fefd61cab2a50fa9bc477b1d854370e6adbf\corda-node-driver-3.3-corda.jar;C:\Users\Parivesh\.gradle\caches\modules-2\files-2.1\net.corda\corda-test-utils\3.3-corda\b31df4b5a56d07269f982fbb31200b7a04345d2d\corda-test-utils-3.3-corda.jar;C:\Users\Parivesh\.gradle\caches\modules-2\files-2.1\net.corda\corda-mock\3.3-corda\33dda92c14f3bbdf994db9b7d5811f3a40b5a520\corda-mock-3.3-corda.jar;C:\Users\Parivesh\.gradle\caches\modules-2\files-2.1\net.corda\corda-finance\3.3-corda\e781ca98dd9fe46dad4a2aed52da47ffb5ddda72\corda-finance-3.3-corda.jar;C:\Users\Parivesh\.gradle\caches\modules-2\files-2.1\net.corda\corda-webserver-impl\3.3-corda\7467b77ffe5d10f7a60eafba00316ff8a5d22caf\corda-webserver-impl-3.3-corda.jar;C:\Users\Parivesh\.gradle\caches\modules-2\files-2.1\net.corda\corda-node\3.3-corda\c617459a941380101a1bf44d91674959c940165d\corda-node-3.3-corda.jar;C:\Users\Parivesh\.gradle\caches\modules-2\files-2.1\net.corda\corda-jackson\3.3-corda\4406ab3e3c7cdbc243aaf42d72fb61080c4969b7\corda-jackson-3.3-corda.jar;C:\Users\Parivesh\.gradle\caches\modules-2\files-2.1\net.corda\corda-rpc\3.3-corda\e2e020448e37beb2138727d46ca42e85a8ed0d29\corda-rpc-3.3-corda.jar;C:\Users\Parivesh\.gradle\caches\modules-2\files-2.1\net.corda\corda-confidential-identities\3.3-corda\e7b11c364c1b60e000ed2c24eba5b86982096538\corda-confidential-identities-3.3-corda.jar;C:\Users\Parivesh\.gradle\caches\modules-2\files-2.1\net.corda\corda-test-common\3.3-corda\8d96a1434ab7d19c070c5d4639bc55ea4e04b764\corda-test-common-3.3-corda.jar;C:\Users\Parivesh\.gradle\caches\modules-2\files-2.1\net.corda\corda-node-api\3.3-corda\347e550318451f2af0ab413458f717f30a4d441e\corda-node-api-3.3-corda.jar;C:\Users\Parivesh\.gradle\caches\modules-2\files-2.1\net.corda\corda-core\3.3-corda\f7e22e942cdfd92fbb3737fd7d0d26422f5225cb\corda-core-3.3-corda.jar;C:\Users\Parivesh\.gradle\caches\modules-2\files-2.1\com.google.guava\guava-testlib\21.0\1ec77c45666cf17da76cd80725194148a8ffc440\guava-testlib-21.0.jar;C:\Users\Parivesh\.m2\repository\junit\junit\4.12\junit-4.12.jar;C:\Users\Parivesh\.gradle\caches\modules-2\files-2.1\net.corda\corda\3.3-corda\c634cc8e8d8d4440532a3da10d09ca080486319b\corda-3.3-corda.jar;C:\Users\Parivesh\.gradle\caches\modules-2\files-2.1\org.jetbrains.kotlin\kotlin-stdlib-jre8\1.1.60\9690932bceff9116dba0094dece6d24ba9e52596\kotlin-stdlib-jre8-1.1.60.jar;C:\Users\Parivesh\.gradle\caches\modules-2\files-2.1\net.corda\corda-webserver\3.3-corda\676d262432ac6c4e59cb139fd104221b967522b9\corda-webserver-3.3-corda.jar;C:\Users\Parivesh\.gradle\caches\modules-2\files-2.1\com.fasterxml.jackson.module\jackson-module-kotlin\2.9.2\a9cf72ae68a641ade45c400b6cec2d363818f11b\jackson-module-kotlin-2.9.2.jar;C:\Users\Parivesh\.gradle\caches\modules-2\files-2.1\com.nhaarman\mockito-kotlin\1.1.0\18a1bdb7cfa6ac47bc381deda5ee58bc9d821fea\mockito-kotlin-1.1.0.jar;C:\Users\Parivesh\.gradle\caches\modules-2\files-2.1\org.jetbrains.kotlin\kotlin-reflect\1.1.60\af5cabae2d352850b076213f358dc2150b14a812\kotlin-reflect-1.1.60.jar;C:\Users\Parivesh\.gradle\caches\modules-2\files-2.1\net.corda.plugins\cordform-common\3.2.1\86199b69ccea2b3d2f4ed569c7df965a7adf4957\cordform-common-3.2.1.jar;C:\Users\Parivesh\.gradle\caches\modules-2\files-2.1\com.google.code.findbugs\jsr305\3.0.2\25ea2e8b0c338a877313bd4672d3fe056ea78f0d\jsr305-3.0.2.jar;C:\Users\Parivesh\.gradle\caches\modules-2\files-2.1\org.apache.logging.log4j\log4j-slf4j-impl\2.9.1\a97a849b18b3798c4af1a2ca5b10c66cef17e3a\log4j-slf4j-impl-2.9.1.jar;C:\Users\Parivesh\.gradle\caches\modules-2\files-2.1\org.apache.logging.log4j\log4j-web\2.9.1\e7c76a3b307317924a138135c1ecb28245891bd1\log4j-web-2.9.1.jar;C:\Users\Parivesh\.gradle\caches\modules-2\files-2.1\org.apache.logging.log4j\log4j-core\2.9.1\c041978c686866ee8534f538c6220238db3bb6be\log4j-core-2.9.1.jar;C:\Users\Parivesh\.m2\repository\org\slf4j\jcl-over-slf4j\1.7.25\jcl-over-slf4j-1.7.25.jar;C:\Users\Parivesh\.m2\repository\org\slf4j\jul-to-slf4j\1.7.25\jul-to-slf4j-1.7.25.jar;C:\Users\Parivesh\.gradle\caches\modules-2\files-2.1\io.dropwizard.metrics\metrics-core\3.1.2\224f03afd2521c6c94632f566beb1bb5ee32cf07\metrics-core-3.1.2.jar;C:\Users\Parivesh\.gradle\caches\modules-2\files-2.1\com.zaxxer\HikariCP\2.5.1\b896b711e2d98fedf403de590559a123b5fbf1a6\HikariCP-2.5.1.jar;C:\Users\Parivesh\.gradle\caches\modules-2\files-2.1\io.atomix.copycat\copycat-client\1.2.3\76a0202498e5836196bfacdba8a85353fb790be0\copycat-client-1.2.3.jar;C:\Users\Parivesh\.gradle\caches\modules-2\files-2.1\io.atomix.copycat\copycat-server\1.2.3\b9d275ad36bc7f88c1ac9c48466d5ce93b206f9f\copycat-server-1.2.3.jar;C:\Users\Parivesh\.gradle\caches\modules-2\files-2.1\io.atomix.catalyst\catalyst-netty\1.1.2\3072b53b1a6c0686ceccff3d371f8ea8aa28a273\catalyst-netty-1.1.2.jar;C:\Users\Parivesh\.gradle\caches\modules-2\files-2.1\com.jcabi\jcabi-manifests\1.1\e4f4488c0e3905c6fab287aca2569928fe1712df\jcabi-manifests-1.1.jar;C:\Users\Parivesh\.gradle\caches\modules-2\files-2.1\com.jcabi\jcabi-log\0.14\819a57348f2448f01d74f8a317dab61d6a90cac2\jcabi-log-0.14.jar;C:\Users\Parivesh\.gradle\caches\modules-2\files-2.1\io.atomix.copycat\copycat-protocol\1.2.3\41abf2ff57a5e4c9f6b34f1511ecfae018201c7b\copycat-protocol-1.2.3.jar;C:\Users\Parivesh\.gradle\caches\modules-2\files-2.1\io.atomix.catalyst\catalyst-transport\1.1.2\4a50b74deb6601d7fdca34e873a016c83db7bebf\catalyst-transport-1.1.2.jar;C:\Users\Parivesh\.gradle\caches\modules-2\files-2.1\com.github.corda.crash\crash.connectors.ssh\cadb53544fbb3c0fb901445da614998a6a419488\61d321112968595edf1af40075c924af915ba6e6\crash.connectors.ssh-cadb53544fbb3c0fb901445da614998a6a419488.jar;C:\Users\Parivesh\.gradle\caches\modules-2\files-2.1\org.apache.mina\mina-core\2.0.16\f720f17643eaa7b0fec07c1d7f6272972c02bba4\mina-core-2.0.16.jar;C:\Users\Parivesh\.gradle\caches\modules-2\files-2.1\org.apache.shiro\shiro-core\1.4.0\6d05bd17e057fc12d278bb367c27f9cb0f3dc197\shiro-core-1.4.0.jar;C:\Users\Parivesh\.gradle\caches\modules-2\files-2.1\org.apache.shiro\shiro-cache\1.4.0\ae1496cbdc4cce35c87d9014723863e049f9e2b4\shiro-cache-1.4.0.jar;C:\Users\Parivesh\.gradle\caches\modules-2\files-2.1\org.apache.shiro\shiro-crypto-hash\1.4.0\b767d3db10f01dfba79c04cbc9e17eae0247b9c\shiro-crypto-hash-1.4.0.jar;C:\Users\Parivesh\.gradle\caches\modules-2\files-2.1\org.apache.shiro\shiro-crypto-cipher\1.4.0\78020924ddce7632daa3b9acb698167c240df623\shiro-crypto-cipher-1.4.0.jar;C:\Users\Parivesh\.gradle\caches\modules-2\files-2.1\org.apache.shiro\shiro-config-ogdl\1.4.0\28c5f1338030eed8f911f0a816a5ef2716f786a6\shiro-config-ogdl-1.4.0.jar;C:\Users\Parivesh\.gradle\caches\modules-2\files-2.1\org.apache.shiro\shiro-config-core\1.4.0\7d7ede51d15d346d962da9a3743064ddc9163b1d\shiro-config-core-1.4.0.jar;C:\Users\Parivesh\.gradle\caches\modules-2\files-2.1\org.apache.shiro\shiro-event\1.4.0\df4e83b5200940439e0c7ba4fc145902900e2cd\shiro-event-1.4.0.jar;C:\Users\Parivesh\.gradle\caches\modules-2\files-2.1\org.apache.shiro\shiro-crypto-core\1.4.0\7049325bba697985eee924eda03cb7971af1b808\shiro-crypto-core-1.4.0.jar;C:\Users\Parivesh\.gradle\caches\modules-2\files-2.1\org.apache.shiro\shiro-lang\1.4.0\6895b5d14e7be7a77297336b037d7a7e79e858d6\shiro-lang-1.4.0.jar;C:\Users\Parivesh\.gradle\caches\modules-2\files-2.1\io.atomix.catalyst\catalyst-concurrent\1.1.2\f7323bc5a1ebfd4710574cf5485956c949eec20b\catalyst-concurrent-1.1.2.jar;C:\Users\Parivesh\.gradle\caches\modules-2\files-2.1\io.atomix.catalyst\catalyst-serializer\1.1.2\25ab6195c729ffb79f51102d979a0bb1af31100f\catalyst-serializer-1.1.2.jar;C:\Users\Parivesh\.gradle\caches\modules-2\files-2.1\io.atomix.catalyst\catalyst-buffer\1.1.2\76c3092fa11ca08469b18569fe9a5ff8547b9217\catalyst-buffer-1.1.2.jar;C:\Users\Parivesh\.gradle\caches\modules-2\files-2.1\io.atomix.catalyst\catalyst-common\1.1.2\b6c1250efb98da9ac12f7a600da4400134399531\catalyst-common-1.1.2.jar;C:\Users\Parivesh\.gradle\caches\modules-2\files-2.1\org.apache.sshd\sshd-pam\0.11.0\b939ceb742cefc1c632132111b8e4facc41b3d38\sshd-pam-0.11.0.jar;C:\Users\Parivesh\.gradle\caches\modules-2\files-2.1\org.apache.sshd\sshd-core\1.6.0\548e2da643e88cda9d313efb2564a74f9943e491\sshd-core-1.6.0.jar;C:\Users\Parivesh\.m2\repository\org\slf4j\slf4j-api\1.7.25\slf4j-api-1.7.25.jar;C:\Users\Parivesh\.gradle\caches\modules-2\files-2.1\io.reactivex\rxjava\1.2.4\522cfb00b6c015b72c64ee60054b4f6338880858\rxjava-1.2.4.jar;C:\Users\Parivesh\.gradle\caches\modules-2\files-2.1\org.apache.commons\commons-jexl3\3.0\75aba6fe6659500bc7fcd420adca9c04ec9a379a\commons-jexl3-3.0.jar;C:\Users\Parivesh\.gradle\caches\modules-2\files-2.1\com.fasterxml.jackson.datatype\jackson-datatype-jsr310\2.9.2\e1653d338703d8233cc1ac18c6722510bdaceb4f\jackson-datatype-jsr310-2.9.2.jar;C:\Users\Parivesh\.gradle\caches\modules-2\files-2.1\org.glassfish.jersey.media\jersey-media-json-jackson\2.25\2c99d40047a50fc43c5886545f7f2148c7e4a384\jersey-media-json-jackson-2.25.jar;C:\Users\Parivesh\.gradle\caches\modules-2\files-2.1\com.fasterxml.jackson.jaxrs\jackson-jaxrs-json-provider\2.8.4\839366ece31829a19cb15719b2b54a3f9f91148d\jackson-jaxrs-json-provider-2.8.4.jar;C:\Users\Parivesh\.gradle\caches\modules-2\files-2.1\com.fasterxml.jackson.jaxrs\jackson-jaxrs-base\2.8.4\6c0ceb3c9fed2e225b0cc2a45533574df393f606\jackson-jaxrs-base-2.8.4.jar;C:\Users\Parivesh\.gradle\caches\modules-2\files-2.1\com.fasterxml.jackson.module\jackson-module-jaxb-annotations\2.8.4\d2eec7cf6c4284f7d5f0b1a72dc7cfa9d6bb579d\jackson-module-jaxb-annotations-2.8.4.jar;C:\Users\Parivesh\.gradle\caches\modules-2\files-2.1\com.fasterxml.jackson.core\jackson-databind\2.9.2\1d8d8cb7cf26920ba57fb61fa56da88cc123b21f\jackson-databind-2.9.2.jar;C:\Users\Parivesh\.gradle\caches\modules-2\files-2.1\net.i2p.crypto\eddsa\0.2.0\856a92559c4daf744cb27c93cd8b7eb1f8c4780\eddsa-0.2.0.jar;C:\Users\Parivesh\.gradle\caches\modules-2\files-2.1\org.bouncycastle\bcpkix-jdk15on\1.57\5c96e34bc9bd4cd6870e6d193a99438f1e274ca7\bcpkix-jdk15on-1.57.jar;C:\Users\Parivesh\.gradle\caches\modules-2\files-2.1\org.bouncycastle\bcprov-jdk15on\1.57\f66a135611d42c992e5745788c3f94eb06464537\bcprov-jdk15on-1.57.jar;C:\Users\Parivesh\.gradle\caches\modules-2\files-2.1\org.hibernate\hibernate-java8\5.2.6.Final\46ef0d2b23b9519689fa2ff63561580483cb33c5\hibernate-java8-5.2.6.Final.jar;C:\Users\Parivesh\.gradle\caches\modules-2\files-2.1\org.hibernate\hibernate-core\5.2.6.Final\b19341bc2b668423dbeca229be8ce921bcf88364\hibernate-core-5.2.6.Final.jar;C:\Users\Parivesh\.m2\repository\org\hibernate\javax\persistence\hibernate-jpa-2.1-api\1.0.0.Final\hibernate-jpa-2.1-api-1.0.0.Final.jar;C:\Users\Parivesh\.gradle\caches\modules-2\files-2.1\co.paralleluniverse\quasar-core\0.7.9\a429f8e45e7f7c99c206da73fc5500200153913e\quasar-core-0.7.9-jdk8.jar;C:\Users\Parivesh\.gradle\caches\modules-2\files-2.1\com.typesafe\config\1.3.1\2cf7a6cc79732e3bdf1647d7404279900ca63eb0\config-1.3.1.jar;C:\Users\Parivesh\.gradle\caches\modules-2\files-2.1\com.fasterxml.jackson.dataformat\jackson-dataformat-yaml\2.9.2\cafb9bafb3fc94ac18ed53043396f2c7bccd6c4f\jackson-dataformat-yaml-2.9.2.jar;C:\Users\Parivesh\.gradle\caches\modules-2\files-2.1\org.apache.activemq\artemis-amqp-protocol\2.2.0\ac64a3b2394e6b9780309121095ef0b12639504e\artemis-amqp-protocol-2.2.0.jar;C:\Users\Parivesh\.gradle\caches\modules-2\files-2.1\org.apache.activemq\artemis-server\2.2.0\59db90f90ea212d06126a91261674aa8b5914792\artemis-server-2.2.0.jar;C:\Users\Parivesh\.gradle\caches\modules-2\files-2.1\org.apache.activemq\artemis-jms-client\2.2.0\239c04be88be0884200f528e7831e3c8a75cd40b\artemis-jms-client-2.2.0.jar;C:\Users\Parivesh\.gradle\caches\modules-2\files-2.1\org.apache.activemq\artemis-jdbc-store\2.2.0\ada1637b6e43c9d0e397a4291ab35994201ebbf4\artemis-jdbc-store-2.2.0.jar;C:\Users\Parivesh\.gradle\caches\modules-2\files-2.1\org.apache.activemq\artemis-core-client\2.2.0\afc9fe3907f610608f71b822d7ee0dd1d0c309af\artemis-core-client-2.2.0.jar;C:\Users\Parivesh\.gradle\caches\modules-2\files-2.1\org.apache.activemq\artemis-journal\2.2.0\55099f14d8ad390e3db4b1e5748d0310766802c0\artemis-journal-2.2.0.jar;C:\Users\Parivesh\.gradle\caches\modules-2\files-2.1\org.apache.activemq\artemis-commons\2.2.0\846a6266d1db58be4520e44fad8d7fcc518a87f4\artemis-commons-2.2.0.jar;C:\Users\Parivesh\.gradle\caches\modules-2\files-2.1\com.google.jimfs\jimfs\1.1\8fbd0579dc68aba6186935cc1bee21d2f3e7ec1c\jimfs-1.1.jar;C:\Users\Parivesh\.gradle\caches\modules-2\files-2.1\com.google.guava\guava\21.0\3a3d111be1be1b745edfa7d91678a12d7ed38709\guava-21.0.jar;C:\Users\Parivesh\.gradle\caches\modules-2\files-2.1\org.eclipse.jetty\jetty-webapp\9.4.7.v20170914\cb3f5561ad15a750dcb0cfdcc2db6df141df74b2\jetty-webapp-9.4.7.v20170914.jar;C:\Users\Parivesh\.gradle\caches\modules-2\files-2.1\org.eclipse.jetty\jetty-servlet\9.4.7.v20170914\980023d7ac2504839f89f337de76c345b21808a1\jetty-servlet-9.4.7.v20170914.jar;C:\Users\Parivesh\.gradle\caches\modules-2\files-2.1\org.glassfish.jersey.containers\jersey-container-jetty-http\2.25\7b199d4684de57839d7d9abc7cba8710b9ea9356\jersey-container-jetty-http-2.25.jar;C:\Users\Parivesh\.gradle\caches\modules-2\files-2.1\org.eclipse.jetty\jetty-security\9.4.7.v20170914\5119551fb6f19c556ea40588ab4c8f11967796ad\jetty-security-9.4.7.v20170914.jar;C:\Users\Parivesh\.gradle\caches\modules-2\files-2.1\org.eclipse.jetty\jetty-server\9.4.7.v20170914\886adb1b347f42698ea5482e600033428ad32afb\jetty-server-9.4.7.v20170914.jar;C:\Users\Parivesh\.m2\repository\javax\servlet\javax.servlet-api\3.1.0\javax.servlet-api-3.1.0.jar;C:\Users\Parivesh\.gradle\caches\modules-2\files-2.1\commons-fileupload\commons-fileupload\1.3.3\4ff14d809195b711fd6bcc87e6777f886730ca1\commons-fileupload-1.3.3.jar;C:\Users\Parivesh\.gradle\caches\modules-2\files-2.1\net.sf.jopt-simple\jopt-simple\5.0.2\98cafc6081d5632b61be2c9e60650b64ddbc637c\jopt-simple-5.0.2.jar;C:\Users\Parivesh\.gradle\caches\modules-2\files-2.1\org.eclipse.jetty\jetty-continuation\9.4.7.v20170914\6b2aaa9da3e11e0f12bba9a80e74a389ab0d045e\jetty-continuation-9.4.7.v20170914.jar;C:\Users\Parivesh\.gradle\caches\modules-2\files-2.1\org.glassfish.jersey.containers\jersey-container-servlet\2.25\a3162855a184793c3c934ed9ee0170ebeb82cc9\jersey-container-servlet-2.25.jar;C:\Users\Parivesh\.gradle\caches\modules-2\files-2.1\org.glassfish.jersey.containers\jersey-container-servlet-core\2.25\42708aca357418bb51528b20181cdfe0241c3ecb\jersey-container-servlet-core-2.25.jar;C:\Users\Parivesh\.gradle\caches\modules-2\files-2.1\org.glassfish.jersey.core\jersey-server\2.25\874ca16134872781b8c6a2adfe3bb2af80bc378\jersey-server-2.25.jar;C:\Users\Parivesh\.gradle\caches\modules-2\files-2.1\org.jetbrains.kotlinx\kotlinx-html-jvm\0.6.3\abea234ff20f616f8f04acf93942c5d5a8e1e966\kotlinx-html-jvm-0.6.3.jar;C:\Users\Parivesh\.m2\repository\org\hamcrest\hamcrest-core\1.3\hamcrest-core-1.3.jar;C:\Users\Parivesh\.gradle\caches\modules-2\files-2.1\org.jetbrains.kotlin\kotlin-stdlib-jre7\1.1.60\51aaa4c2a3dab2054bc1554d29632cc5510bdb4f\kotlin-stdlib-jre7-1.1.60.jar;C:\Users\Parivesh\.gradle\caches\modules-2\files-2.1\org.jetbrains.kotlin\kotlin-test\1.1.60\85c9b86c3ef1251824915addd642f236182e5cb4\kotlin-test-1.1.60.jar;C:\Users\Parivesh\.gradle\caches\modules-2\files-2.1\org.jetbrains.kotlin\kotlin-stdlib\1.1.60\ac63d0e86e690fe4eded7f1f8998996c28499989\kotlin-stdlib-1.1.60.jar;C:\Users\Parivesh\.gradle\caches\modules-2\files-2.1\org.apache.logging.log4j\log4j-api\2.9.1\7a2999229464e7a324aa503c0a52ec0f05efe7bd\log4j-api-2.9.1.jar;C:\Users\Parivesh\.gradle\caches\modules-2\files-2.1\net.sf.jpam\jpam\1.1\cb3d91c2dfda767518a371dbb02edfd6a4aa0600\jpam-1.1.jar;C:\Users\Parivesh\.gradle\caches\modules-2\files-2.1\commons-beanutils\commons-beanutils\1.9.3\c845703de334ddc6b4b3cd26835458cb1cba1f3d\commons-beanutils-1.9.3.jar;C:\Users\Parivesh\.gradle\caches\modules-2\files-2.1\com.googlecode.json-simple\json-simple\1.1.1\c9ad4a0850ab676c5c64461a05ca524cdfff59f1\json-simple-1.1.1.jar;C:\Users\Parivesh\.m2\repository\commons-logging\commons-logging\1.2\commons-logging-1.2.jar;C:\Users\Parivesh\.m2\repository\com\fasterxml\jackson\core\jackson-annotations\2.9.0\jackson-annotations-2.9.0.jar;C:\Users\Parivesh\.gradle\caches\modules-2\files-2.1\com.fasterxml.jackson.core\jackson-core\2.9.2\aed20e50152a2f19adc1995c8d8f307c7efa414d\jackson-core-2.9.2.jar;C:\Users\Parivesh\.m2\repository\org\hibernate\common\hibernate-commons-annotations\5.0.1.Final\hibernate-commons-annotations-5.0.1.Final.jar;C:\Users\Parivesh\.gradle\caches\modules-2\files-2.1\org.apache.activemq\artemis-native\2.2.0\bdca0e9282cb22ec9736c1224e571896e5dc11c1\artemis-native-2.2.0.jar;C:\Users\Parivesh\.m2\repository\org\jboss\logging\jboss-logging\3.3.0.Final\jboss-logging-3.3.0.Final.jar;C:\Users\Parivesh\.gradle\caches\modules-2\files-2.1\org.glassfish.jersey.core\jersey-client\2.25\416a00562f25d7efdba015e5c21876d19163edd0\jersey-client-2.25.jar;C:\Users\Parivesh\.gradle\caches\modules-2\files-2.1\org.glassfish.jersey.media\jersey-media-jaxb\2.25\9aa3eeba90dce24f04bf27cd1a4e0d378ec697f\jersey-media-jaxb-2.25.jar;C:\Users\Parivesh\.gradle\caches\modules-2\files-2.1\org.glassfish.jersey.core\jersey-common\2.25\b38e1a1af6ad75dd9037a767764b0d41801f1c9f\jersey-common-2.25.jar;C:\Users\Parivesh\.gradle\caches\modules-2\files-2.1\org.glassfish.hk2\hk2-locator\2.5.0-b30\82056cbbd258647bbc6b80debe4e6b7121c61be9\hk2-locator-2.5.0-b30.jar;C:\Users\Parivesh\.m2\repository\org\javassist\javassist\3.20.0-GA\javassist-3.20.0-GA.jar;C:\Users\Parivesh\.m2\repository\antlr\antlr\2.7.7\antlr-2.7.7.jar;C:\Users\Parivesh\.m2\repository\org\apache\geronimo\specs\geronimo-jta_1.1_spec\1.1.1\geronimo-jta_1.1_spec-1.1.1.jar;C:\Users\Parivesh\.gradle\caches\modules-2\files-2.1\org.jboss\jandex\2.0.3.Final\bfc4d6257dbff7a33a357f0de116be6ff951d849\jandex-2.0.3.Final.jar;C:\Users\Parivesh\.gradle\caches\modules-2\files-2.1\com.fasterxml\classmate\1.3.0\183407ff982e9375f1a1c4a51ed0a9307c598fc7\classmate-1.3.0.jar;C:\Users\Parivesh\.m2\repository\dom4j\dom4j\1.6.1\dom4j-1.6.1.jar;C:\Users\Parivesh\.gradle\caches\modules-2\files-2.1\javax.enterprise\cdi-api\1.1\78b1feee99b05a78575fb2fd79fb77be5e74420d\cdi-api-1.1.jar;C:\Users\Parivesh\.gradle\caches\modules-2\files-2.1\org.yaml\snakeyaml\1.18\e4a441249ade301985cb8d009d4e4a72b85bf68e\snakeyaml-1.18.jar;C:\Users\Parivesh\.gradle\caches\modules-2\files-2.1\org.apache.commons\commons-collections4\4.1\a4cf4688fe1c7e3a63aa636cc96d013af537768e\commons-collections4-4.1.jar;C:\Users\Parivesh\.gradle\caches\modules-2\files-2.1\de.javakaffee\kryo-serializers\0.41\9a9e9a0575cdbff2bfefac5de8bd3bf2b8d36e14\kryo-serializers-0.41.jar;C:\Users\Parivesh\.gradle\caches\modules-2\files-2.1\com.esotericsoftware\kryo\4.0.0\9f5c64c1315ec79bee0f56bb88e4ae94b65048ce\kryo-4.0.0.jar;C:\Users\Parivesh\.gradle\caches\modules-2\files-2.1\org.apache.qpid\proton-j\0.21.0\20b365b975c66f79be1915dd2f74d3846ad36571\proton-j-0.21.0.jar;C:\Users\Parivesh\.gradle\caches\modules-2\files-2.1\io.github.lukehutch\fast-classpath-scanner\2.12.3\310960aac04515b28ef891e2ce7efa28a99318d1\fast-classpath-scanner-2.12.3.jar;C:\Users\Parivesh\.gradle\caches\modules-2\files-2.1\org.eclipse.jetty\jetty-xml\9.4.7.v20170914\203e38c00bba11bcb72b41c8d7a1714df61f31e5\jetty-xml-9.4.7.v20170914.jar;C:\Users\Parivesh\.m2\repository\commons-io\commons-io\2.2\commons-io-2.2.jar;C:\Users\Parivesh\.gradle\caches\modules-2\files-2.1\org.glassfish.jersey.ext\jersey-entity-filtering\2.25\52b5a204a79d22041f4b30c2670e95c2456cbcbd\jersey-entity-filtering-2.25.jar;C:\Users\Parivesh\.gradle\caches\modules-2\files-2.1\javax.ws.rs\javax.ws.rs-api\2.0.1\104e9c2b5583cfcfeac0402316221648d6d8ea6b\javax.ws.rs-api-2.0.1.jar;C:\Users\Parivesh\.gradle\caches\modules-2\files-2.1\javax.annotation\javax.annotation-api\1.2\479c1e06db31c432330183f5cae684163f186146\javax.annotation-api-1.2.jar;C:\Users\Parivesh\.gradle\caches\modules-2\files-2.1\org.glassfish.hk2\hk2-api\2.5.0-b30\5c6688a6bafcd2098bef4ca45226d5355b816647\hk2-api-2.5.0-b30.jar;C:\Users\Parivesh\.gradle\caches\modules-2\files-2.1\org.glassfish.hk2.external\javax.inject\2.5.0-b30\54b36144fd2fb684f9cee73d96060bb82e4d363\javax.inject-2.5.0-b30.jar;C:\Users\Parivesh\.m2\repository\javax\validation\validation-api\1.1.0.Final\validation-api-1.1.0.Final.jar;C:\Users\Parivesh\.gradle\caches\modules-2\files-2.1\org.eclipse.jetty\jetty-http\9.4.7.v20170914\44a0adb69ff6131129df34d43b28e196c8ce0a90\jetty-http-9.4.7.v20170914.jar;C:\Users\Parivesh\.gradle\caches\modules-2\files-2.1\org.eclipse.jetty\jetty-io\9.4.7.v20170914\a51742105ec2665f5ad80c17c784b388cb855329\jetty-io-9.4.7.v20170914.jar;C:\Users\Parivesh\.gradle\caches\modules-2\files-2.1\org.eclipse.jetty\jetty-util\9.4.7.v20170914\771efdf5983c174d6d9c58892108c1c2d018404a\jetty-util-9.4.7.v20170914.jar;C:\Users\Parivesh\.gradle\caches\modules-2\files-2.1\com.squareup.okhttp3\okhttp\3.5.0\4b0bb6bfbecbdd42b97ff400af342bfe7f32bc83\okhttp-3.5.0.jar;C:\Users\Parivesh\.gradle\caches\modules-2\files-2.1\javax.el\el-api\2.2\42971279cc8ba864462580c7fc2199fd5715ee7f\el-api-2.2.jar;C:\Users\Parivesh\.gradle\caches\modules-2\files-2.1\org.jboss.spec.javax.interceptor\jboss-interceptors-api_1.1_spec\1.0.0.Beta1\8cb388fd3b4912373da7a18e199bb55aa52aa5c1\jboss-interceptors-api_1.1_spec-1.0.0.Beta1.jar;C:\Users\Parivesh\.m2\repository\javax\annotation\jsr250-api\1.0\jsr250-api-1.0.jar;C:\Users\Parivesh\.gradle\caches\modules-2\files-2.1\org.glassfish.hk2\hk2-utils\2.5.0-b30\b17fc7d8082ac00e59cd96fda9cff21f24cc367c\hk2-utils-2.5.0-b30.jar;C:\Users\Parivesh\.m2\repository\javax\inject\javax.inject\1\javax.inject-1.jar;C:\Users\Parivesh\.m2\repository\commons-collections\commons-collections\3.2.2\commons-collections-3.2.2.jar;C:\Users\Parivesh\.gradle\caches\modules-2\files-2.1\org.jgroups\jgroups\3.6.13.Final\1315a8a1aed98dcafc11a850957ced42dc26bf18\jgroups-3.6.13.Final.jar;C:\Users\Parivesh\.gradle\caches\modules-2\files-2.1\io.netty\netty-all\4.1.9.Final\97860965d6a0a6b98e7f569f3f966727b8db75\netty-all-4.1.9.Final.jar;C:\Users\Parivesh\.gradle\caches\modules-2\files-2.1\org.apache.geronimo.specs\geronimo-json_1.0_spec\1.0-alpha-1\7e73447b974a7c3a4792fba671499a6da263105f\geronimo-json_1.0_spec-1.0-alpha-1.jar;C:\Users\Parivesh\.gradle\caches\modules-2\files-2.1\org.apache.johnzon\johnzon-core\0.9.5\2e3aaa01cf524d00c5ab0a7bddd5d2352f3b5dd8\johnzon-core-0.9.5.jar;C:\Users\Parivesh\.gradle\caches\modules-2\files-2.1\com.esotericsoftware\reflectasm\1.11.3\8b102eed2f12412b254946811111ea48bc03a266\reflectasm-1.11.3.jar;C:\Users\Parivesh\.gradle\caches\modules-2\files-2.1\com.esotericsoftware\minlog\1.3.0\ff07b5f1b01d2f92bb00a337f9a94873712f0827\minlog-1.3.0.jar;C:\Users\Parivesh\.gradle\caches\modules-2\files-2.1\org.mockito\mockito-core\2.4.5\7977632cfc4597ef25097b6c1ab84284d61ac70e\mockito-core-2.4.5.jar;C:\Users\Parivesh\.gradle\caches\modules-2\files-2.1\org.objenesis\objenesis\2.4\2916b6c96b50c5b3ec4452ed99401db745aabb27\objenesis-2.4.jar;C:\Users\Parivesh\.gradle\caches\modules-2\files-2.1\org.glassfish.jersey.bundles.repackaged\jersey-guava\2.25\4439bddb870b210e40ca2e953813930be424dc0c\jersey-guava-2.25.jar;C:\Users\Parivesh\.gradle\caches\modules-2\files-2.1\org.glassfish.hk2\osgi-resource-locator\1.0.1\4ed2b2d4738aed5786cfa64cba5a332779c4c708\osgi-resource-locator-1.0.1.jar;C:\Users\Parivesh\.gradle\caches\modules-2\files-2.1\org.glassfish.hk2.external\aopalliance-repackaged\2.5.0-b30\4e882c90e9ba801803991b4000e6d9ad216ac261\aopalliance-repackaged-2.5.0-b30.jar;C:\Users\Parivesh\.gradle\caches\modules-2\files-2.1\org.fusesource.jansi\jansi\1.14\38ce7f9fb0171cd20f9acfd13858751d0fb0d3e2\jansi-1.14.jar;C:\Users\Parivesh\.gradle\caches\modules-2\files-2.1\com.intellij\forms_rt\7.0.3\a54e62a17c970d3b46a75d55a98168944c3f5fe5\forms_rt-7.0.3.jar;C:\Users\Parivesh\.gradle\caches\modules-2\files-2.1\com.h2database\h2\1.4.194\a180e95af52ad8116d52beb5f1d28596dcafa9d8\h2-1.4.194.jar;C:\Users\Parivesh\.gradle\caches\modules-2\files-2.1\org.postgresql\postgresql\42.1.4\1c7788d16b67d51f2f38ae99e474ece968bf715a\postgresql-42.1.4.jar;C:\Users\Parivesh\.gradle\caches\modules-2\files-2.1\com.github.corda.crash\crash.shell\cadb53544fbb3c0fb901445da614998a6a419488\2812f334a6d56d8b0b3992419037dd350dd40247\crash.shell-cadb53544fbb3c0fb901445da614998a6a419488.jar;C:\Users\Parivesh\.m2\repository\commons-codec\commons-codec\1.10\commons-codec-1.10.jar;C:\Users\Parivesh\.gradle\caches\modules-2\files-2.1\com.github.bft-smart\library\master-v1.1-beta-g6215ec8-87\2308df15c8d74ca908a7322377793ca5fa080afe\library-master-v1.1-beta-g6215ec8-87.jar;C:\Users\Parivesh\.gradle\caches\modules-2\files-2.1\org.jolokia\jolokia-jvm\1.6.0\aff25a0452cf22dc85cbc96e0f149bbc2e4adb64\jolokia-jvm-1.6.0-agent.jar;C:\Users\Parivesh\.gradle\caches\modules-2\files-2.1\com.google.errorprone\error_prone_annotations\2.0.15\822652ed7196d119b35d2e22eb9cd4ffda11e640\error_prone_annotations-2.0.15.jar;C:\Users\Parivesh\.gradle\caches\modules-2\files-2.1\com.squareup.okio\okio\1.11.0\840897fcd7223a8143f1d9b6f69714e7be34fd50\okio-1.11.0.jar;C:\Users\Parivesh\.m2\repository\org\ow2\asm\asm\5.0.4\asm-5.0.4.jar;C:\Users\Parivesh\.gradle\caches\modules-2\files-2.1\org.apache.activemq\artemis-selector\2.2.0\345eebff9789feb4878e4649bb23017d84326738\artemis-selector-2.2.0.jar;C:\Users\Parivesh\.gradle\caches\modules-2\files-2.1\com.jgoodies\forms\1.1-preview\384c13dda97c15d252d680a18d2161e43a93ff31\forms-1.1-preview.jar;C:\Users\Parivesh\.gradle\caches\modules-2\files-2.1\jdom\jdom\1.0\a2ac1cd690ab4c80defe7f9bce14d35934c35cec\jdom-1.0.jar;C:\Users\Parivesh\.gradle\caches\modules-2\files-2.1\io.netty\netty-handler\4.1.5.Final\6262900ee9487e62560030a136160df953b1cd6b\netty-handler-4.1.5.Final.jar;C:\Users\Parivesh\.gradle\caches\modules-2\files-2.1\io.netty\netty-codec\4.1.5.Final\66bbf9324fa36467d041083f89328e2a24ec4f67\netty-codec-4.1.5.Final.jar;C:\Users\Parivesh\.gradle\caches\modules-2\files-2.1\io.netty\netty-transport\4.1.5.Final\37126b370722ff9631ee13c91139aacec0a71d1d\netty-transport-4.1.5.Final.jar;C:\Users\Parivesh\.gradle\caches\modules-2\files-2.1\com.github.corda.crash\crash.cli\cadb53544fbb3c0fb901445da614998a6a419488\57777b39fdd28337504ac531e8b18ff2217e0b17\crash.cli-cadb53544fbb3c0fb901445da614998a6a419488.jar;C:\Users\Parivesh\.gradle\caches\modules-2\files-2.1\org.codehaus.groovy\groovy-all\1.8.9\5396699e9d96c5c75d75ae95aa49acd5af048aac\groovy-all-1.8.9.jar;C:\Users\Parivesh\.gradle\caches\modules-2\files-2.1\org.jolokia\jolokia-core\1.6.0\c0d928201b20202826dd02762fea8ae1dc1634b1\jolokia-core-1.6.0.jar;C:\Users\Parivesh\.gradle\caches\modules-2\files-2.1\net.bytebuddy\byte-buddy\1.5.12\b1ba1d15f102b36ed43b826488114678d6d413da\byte-buddy-1.5.12.jar;C:\Users\Parivesh\.gradle\caches\modules-2\files-2.1\net.bytebuddy\byte-buddy-agent\1.5.12\bc2c4dc0a0c7ddc12d2bb389e228cd88378a8e3a\byte-buddy-agent-1.5.12.jar;C:\Users\Parivesh\.gradle\caches\modules-2\files-2.1\org.apache.geronimo.specs\geronimo-jms_2.0_spec\1.0-alpha-2\8d8a4d5a80138ba4ebc7b5509989e3d7013c7e74\geronimo-jms_2.0_spec-1.0-alpha-2.jar;C:\Users\Parivesh\.gradle\caches\modules-2\files-2.1\io.netty\netty-buffer\4.1.5.Final\b5fb6bccda4d63d4a74c9faccdf32f77ab66abc1\netty-buffer-4.1.5.Final.jar;C:\Users\Parivesh\.gradle\caches\modules-2\files-2.1\io.netty\netty-resolver\4.1.5.Final\5f367bedcdc185a727fda3296b9a18014cdc22c4\netty-resolver-4.1.5.Final.jar;C:\Users\Parivesh\.gradle\caches\modules-2\files-2.1\com.kohlschutter.junixsocket\junixsocket-native-common\2.0.4\726bd66a934dea39c817382986496fa4eda96411\junixsocket-native-common-2.0.4.jar;C:\Users\Parivesh\.gradle\caches\modules-2\files-2.1\io.netty\netty-common\4.1.5.Final\607f8433d8782445e72abe34e43a7e57e86a5e6c\netty-common-4.1.5.Final.jar;C:\Users\Parivesh\.gradle\caches\modules-2\files-2.1\com.kohlschutter.junixsocket\junixsocket-common\2.0.4\b4d1870bf903412533e0b79c6fcd402defcfc05b\junixsocket-common-2.0.4.jar;C:\Users\Parivesh\.gradle\caches\modules-2\files-2.1\org.scijava\native-lib-loader\2.0.2\1451fa03954c5e31a358b411147de472b4dab92c\native-lib-loader-2.0.2.jar;C:\Users\Parivesh\.m2\repository\log4j\log4j\1.2.17\log4j-1.2.17.jar;C:\Users\Parivesh\.gradle\caches\modules-2\files-2.1\org.jetbrains\annotations\13.0\919f0dfe192fb4e063e7dacadee7f8bb9a2672a9\annotations-13.0.jar;lib/quasar.jar;D:\JetBrains\IntelliJ IDEA Community Edition 2018.2.6\lib\idea_rt.jar;C:\Users\Parivesh\.gradle\caches\modules-2\files-2.1\co.paralleluniverse\quasar-core\0.7.9\a429f8e45e7f7c99c206da73fc5500200153913e\quasar-core-0.7.9-jdk8.jar {}
[INFO ] 2019-02-12T17:23:29,401Z [main] internal.Node.logStartupInfo - VM Java HotSpot(TM) 64-Bit Server VM Oracle Corporation 25.191-b12 {}
[INFO ] 2019-02-12T17:23:29,405Z [main] internal.Node.logStartupInfo - Machine: DESKTOP-ODQ0EQI {}
[INFO ] 2019-02-12T17:23:29,422Z [main] internal.Node.logStartupInfo - Working Directory: D:\Corda-Sample\New_Sample_11Feb\samples\cordapp-example\build\20190212-172309.230\PartyA {}
[INFO ] 2019-02-12T17:23:29,426Z [main] internal.Node.logStartupInfo - Starting as node on localhost:10000 {}
[INFO ] 2019-02-12T17:23:29,755Z [main] cordapp.CordappLoader.apply - Generating a test-only CorDapp of classes discovered for package com.example in file:/D:/Corda-Sample/New_Sample_11Feb/samples/cordapp-example/java-source/out/test/classes/com/example: D:\Corda-Sample\New_Sample_11Feb\samples\cordapp-example\build\20190212-172309.230\PartyA\build\tmp\generated-test-cordapps\com.example-6d824a2d-12e5-4d12-8473-42bd40f4099b.jar {}
[INFO ] 2019-02-12T17:23:29,838Z [main] cordapp.CordappLoader.apply - Generating a test-only CorDapp of classes discovered for package com.example in file:/D:/Corda-Sample/New_Sample_11Feb/samples/cordapp-example/java-source/out/production/classes/com/example: build\tmp\generated-test-cordapps\com.example-b6b92dda-5619-48f3-b989-8f412b2409d2.jar {}
[INFO ] 2019-02-12T17:23:30,019Z [main] cordapp.CordappLoader.<init> - Loading CorDapps from RestrictedURL(url=file:/D:/Corda-Sample/New_Sample_11Feb/samples/cordapp-example/build/20190212-172309.230/PartyA/build/tmp/generated-test-cordapps/com.example-6d824a2d-12e5-4d12-8473-42bd40f4099b.jar, rootPackageName=null), RestrictedURL(url=file:/D:/Corda-Sample/New_Sample_11Feb/samples/cordapp-example/build/20190212-172309.230/PartyA/build/tmp/generated-test-cordapps/com.example-b6b92dda-5619-48f3-b989-8f412b2409d2.jar, rootPackageName=null) {}
[INFO ] 2019-02-12T17:23:30,219Z [main] cordapp.CordappLoader.scanCordapp - Scanning CorDapp in file:/D:/Corda-Sample/New_Sample_11Feb/samples/cordapp-example/build/20190212-172309.230/PartyA/build/tmp/generated-test-cordapps/com.example-6d824a2d-12e5-4d12-8473-42bd40f4099b.jar {}
[INFO ] 2019-02-12T17:23:30,720Z [main] cordapp.CordappLoader.scanCordapp - Scanning CorDapp in file:/D:/Corda-Sample/New_Sample_11Feb/samples/cordapp-example/build/20190212-172309.230/PartyA/build/tmp/generated-test-cordapps/com.example-b6b92dda-5619-48f3-b989-8f412b2409d2.jar {}
[INFO ] 2019-02-12T17:23:31,605Z [main] internal.Node.start - Node starting up ... {}
[WARN ] 2019-02-12T17:23:31,952Z [main] internal.Node.initCertificate - Corda node is running in dev mode. {}
[INFO ] 2019-02-12T17:23:34,551Z [main] internal.Node.obtainIdentity - identity-private-key not found in key store D:\Corda-Sample\New_Sample_11Feb\samples\cordapp-example\build\20190212-172309.230\PartyA\certificates\nodekeystore.jks, generating fresh key! {}
[INFO ] 2019-02-12T17:23:36,105Z [main] internal.NetworkParametersReader.retrieveNetworkParameters - Loaded network parameters: net.corda.core.internal.SignedDataWithCert@61bb1e4d {}
[INFO ] 2019-02-12T17:23:38,526Z [main] BasicInfo.printBasicNodeInfo - Database connection url is              : jdbc:h2:tcp://192.168.1.106:52435/node {}
[INFO ] 2019-02-12T17:23:38,746Z [main] internal.Node.invoke - Connected to H2 database. {}
[INFO ] 2019-02-12T17:23:38,824Z [main] persistence.HibernateConfiguration.<init> - Init HibernateConfiguration for schemas: [CommonSchemaV1(name=net.corda.core.schemas.CommonSchema, version=1), VaultSchemaV1(name=net.corda.node.services.vault.VaultSchema, version=1), NodeInfoSchemaV1(name=net.corda.node.internal.schemas.NodeInfoSchema, version=1), NodeCoreV1(name=net.corda.node.services.schema.NodeSchemaService$NodeCore, version=1), IOUSchemaV1(name=com.example.schema.IOUSchema, version=1)] {}
[INFO ] 2019-02-12T17:23:38,828Z [main] persistence.HibernateConfiguration.makeSessionFactoryForSchemas - Creating session factory for schemas: [CommonSchemaV1(name=net.corda.core.schemas.CommonSchema, version=1), VaultSchemaV1(name=net.corda.node.services.vault.VaultSchema, version=1), NodeInfoSchemaV1(name=net.corda.node.internal.schemas.NodeInfoSchema, version=1), NodeCoreV1(name=net.corda.node.services.schema.NodeSchemaService$NodeCore, version=1), IOUSchemaV1(name=com.example.schema.IOUSchema, version=1)] {}
[INFO ] 2019-02-12T17:23:41,656Z [main] persistence.HibernateConfiguration.makeSessionFactoryForSchemas - Created session factory for schemas: [CommonSchemaV1(name=net.corda.core.schemas.CommonSchema, version=1), VaultSchemaV1(name=net.corda.node.services.vault.VaultSchema, version=1), NodeInfoSchemaV1(name=net.corda.node.internal.schemas.NodeInfoSchema, version=1), NodeCoreV1(name=net.corda.node.services.schema.NodeSchemaService$NodeCore, version=1), IOUSchemaV1(name=com.example.schema.IOUSchema, version=1)] {}
[INFO ] 2019-02-12T17:23:43,499Z [main] internal.Node.updateNodeInfo - Node-info has changed so submitting update. Old node-info was null {}
[INFO ] 2019-02-12T17:23:43,502Z [main] network.PersistentNetworkMapCache.addNode - Adding node with info: NodeInfo(addresses=[localhost:10000], legalIdentitiesAndCerts=[O=PartyA, L=London, C=GB], platformVersion=3, serial=1549992223502) {}
[INFO ] 2019-02-12T17:23:43,534Z [main] network.PersistentNetworkMapCache.addNode - No previous node found {}
[INFO ] 2019-02-12T17:23:43,816Z [main] network.PersistentNetworkMapCache.addNode - Done adding node with info: NodeInfo(addresses=[localhost:10000], legalIdentitiesAndCerts=[O=PartyA, L=London, C=GB], platformVersion=3, serial=1549992223502) {}
[INFO ] 2019-02-12T17:23:43,819Z [main] internal.Node.updateNodeInfo - New node-info: NodeInfo(addresses=[localhost:10000], legalIdentitiesAndCerts=[O=PartyA, L=London, C=GB], platformVersion=3, serial=1549992223502) {}
[INFO ] 2019-02-12T17:23:44,567Z [main] persistence.NodeAttachmentService.invoke - Stored new attachment 6F5BED4F605DE7E780EBA5A26A650536D43ABA530676BD50D67CFDBF0615AF44 {}
[WARN ] 2019-02-12T17:23:44,577Z [main] cordapp.CordappProviderImpl.verifyInstalledCordapps - The network parameters don't specify any whitelisted contract implementations. Please contact your zone operator. See https://docs.corda.net/network-map.html {}
[INFO ] 2019-02-12T17:23:44,950Z [main] security.RPCSecurityManagerImpl.buildImpl - Constructing realm from list of users in config [User(user1, permissions=[ALL, InvokeRpc.nodeInfo, InvokeRpc.networkMapFeed, InvokeRpc.networkMapSnapshot, InvokeRpc.notaryIdentities, InvokeRpc.stateMachinesFeed, InvokeRpc.stateMachineRecordedTransactionMappingFeed, InvokeRpc.nodeInfoFromParty, InvokeRpc.internalVerifiedTransactionsFeed, InvokeRpc.vaultQueryBy, InvokeRpc.vaultTrackBy, InvokeRpc.registeredFlows])] {}
[INFO ] 2019-02-12T17:23:45,929Z [main] BasicInfo.printBasicNodeInfo - Advertised P2P messaging addresses      : localhost:10000 {}
[INFO ] 2019-02-12T17:23:45,944Z [main] BasicInfo.printBasicNodeInfo - RPC connection address                  : localhost:10008 {}
[INFO ] 2019-02-12T17:23:45,946Z [main] BasicInfo.printBasicNodeInfo - RPC admin connection address            : localhost:10048 {}
[INFO ] 2019-02-12T17:23:49,397Z [main] messaging.ArtemisMessagingServer.configureAndStartServer - P2P messaging server listening on port 10000 {}
[INFO ] 2019-02-12T17:23:51,793Z [main] internal.ArtemisMessagingClient.start - Connecting to message broker: localhost:10000 {}
[INFO ] 2019-02-12T17:23:52,089Z [main] internal.ArtemisMessagingClient.start - Connecting to message broker: localhost:10000 {}
[INFO ] 2019-02-12T17:23:52,199Z [main] internal.ArtemisMessagingClient.start - Connecting to message broker: localhost:10048 {}
[INFO ] 2019-02-12T17:23:52,301Z [main] messaging.P2PMessagingClient.start - Connecting to message broker: localhost:10000 {}
[INFO ] 2019-02-12T17:23:52,402Z [main] messaging.P2PMessagingClient.createQueueIfAbsent - Create fresh queue p2p.inbound.DL2stP5rSgnnsFM7HTBTepj181LMmZs8e6P54xQ2XDqbe4 bound on same address {}
[INFO ] 2019-02-12T17:23:52,734Z [Thread-0 (ActiveMQ-client-global-threads)] bridging.BridgeControlListener.processControlMessage - Received bridge control message NodeToBridgeSnapshot(nodeIdentity=DL2stP5rSgnnsFM7HTBTepj181LMmZs8e6P54xQ2XDqbe4, inboxQueues=[p2p.inbound.DL2stP5rSgnnsFM7HTBTepj181LMmZs8e6P54xQ2XDqbe4], sendQueues=[]) {}
[INFO ] 2019-02-12T17:23:52,822Z [main] internal.Node.registerInitiatedFlowInternal - Registered com.example.flow.ExampleFlow$Initiator to initiate com.example.flow.ExampleFlow$Acceptor (version 1) {}
[INFO ] 2019-02-12T17:23:52,828Z [main] internal.Node.registerInitiatedFlowInternal - Registered com.example.flow.ExampleFlow$UpdateFlow to initiate com.example.flow.ExampleFlow$UpdateReceiver (version 1) {}
[WARN ] 2019-02-12T17:23:55,467Z [main] utilities.AppendOnlyPersistentMapBase.set - Double insert in net.corda.node.utilities.AppendOnlyPersistentMap for entity class class net.corda.node.services.identity.PersistentIdentityService$PersistentIdentity key 1BE4D2E36959D1AAA14284C1F77B8A42E076E096E01DF1C9D2477ECE5328C0ED, not inserting the second time {}
[INFO ] 2019-02-12T17:23:55,476Z [main] messaging.P2PMessagingClient.updateBridgesOnNetworkChange - Updating bridges on network map change: NodeInfo(addresses=[localhost:10000], legalIdentitiesAndCerts=[O=PartyA, L=London, C=GB], platformVersion=3, serial=1549992223502) {}
[INFO ] 2019-02-12T17:23:55,609Z [RxIoScheduler-2] network.PersistentNetworkMapCache.addNode - Adding node with info: NodeInfo(addresses=[localhost:10003], legalIdentitiesAndCerts=[O=Notary Service, L=Zurich, C=CH], platformVersion=3, serial=1549992223486) {}
[INFO ] 2019-02-12T17:23:55,629Z [main] BasicInfo.printBasicNodeInfo - Loaded CorDapps                         : com.example-6d824a2d-12e5-4d12-8473-42bd40f4099b, com.example-b6b92dda-5619-48f3-b989-8f412b2409d2, corda-core-3.3-corda {}
[INFO ] 2019-02-12T17:23:55,629Z [RxIoScheduler-2] network.PersistentNetworkMapCache.addNode - No previous node found {}
[INFO ] 2019-02-12T17:23:55,632Z [main] BasicInfo.printBasicNodeInfo - Node for "PartyA" started up and registered in 33.78 sec {}
[INFO ] 2019-02-12T17:23:55,636Z [main] messaging.RPCServer.start - Starting RPC server with configuration RPCServerConfiguration(rpcThreadPoolSize=4, reapInterval=PT1S, deduplicationCacheExpiry=PT24H) {}
[INFO ] 2019-02-12T17:23:55,813Z [RxIoScheduler-2] messaging.P2PMessagingClient.updateBridgesOnNetworkChange - Updating bridges on network map change: NodeInfo(addresses=[localhost:10003], legalIdentitiesAndCerts=[O=Notary Service, L=Zurich, C=CH], platformVersion=3, serial=1549992223486) {}
[INFO ] 2019-02-12T17:23:55,872Z [RxIoScheduler-2] network.PersistentNetworkMapCache.addNode - Done adding node with info: NodeInfo(addresses=[localhost:10003], legalIdentitiesAndCerts=[O=Notary Service, L=Zurich, C=CH], platformVersion=3, serial=1549992223486) {}
[INFO ] 2019-02-12T17:23:55,883Z [RxIoScheduler-2] network.PersistentNetworkMapCache.addNode - Adding node with info: NodeInfo(addresses=[localhost:10001], legalIdentitiesAndCerts=[O=PartyB, L=New York, C=US], platformVersion=3, serial=1549992223893) {}
[INFO ] 2019-02-12T17:23:55,896Z [RxIoScheduler-2] network.PersistentNetworkMapCache.addNode - No previous node found {}
[INFO ] 2019-02-12T17:23:55,990Z [RxIoScheduler-2] messaging.P2PMessagingClient.updateBridgesOnNetworkChange - Updating bridges on network map change: NodeInfo(addresses=[localhost:10001], legalIdentitiesAndCerts=[O=PartyB, L=New York, C=US], platformVersion=3, serial=1549992223893) {}
[INFO ] 2019-02-12T17:23:55,998Z [RxIoScheduler-2] network.PersistentNetworkMapCache.addNode - Done adding node with info: NodeInfo(addresses=[localhost:10001], legalIdentitiesAndCerts=[O=PartyB, L=New York, C=US], platformVersion=3, serial=1549992223893) {}
[INFO ] 2019-02-12T17:23:56,001Z [RxIoScheduler-2] network.PersistentNetworkMapCache.addNode - Adding node with info: NodeInfo(addresses=[localhost:10002], legalIdentitiesAndCerts=[O=PartyC, L=Paris, C=FR], platformVersion=3, serial=1549992222269) {}
[INFO ] 2019-02-12T17:23:56,005Z [RxIoScheduler-2] network.PersistentNetworkMapCache.addNode - No previous node found {}
[INFO ] 2019-02-12T17:23:56,050Z [RxIoScheduler-2] messaging.P2PMessagingClient.updateBridgesOnNetworkChange - Updating bridges on network map change: NodeInfo(addresses=[localhost:10002], legalIdentitiesAndCerts=[O=PartyC, L=Paris, C=FR], platformVersion=3, serial=1549992222269) {}
[INFO ] 2019-02-12T17:23:56,065Z [RxIoScheduler-2] network.PersistentNetworkMapCache.addNode - Done adding node with info: NodeInfo(addresses=[localhost:10002], legalIdentitiesAndCerts=[O=PartyC, L=Paris, C=FR], platformVersion=3, serial=1549992222269) {}
[INFO ] 2019-02-12T17:23:56,523Z [Thread-0 (ActiveMQ-client-global-threads)] messaging.RPCServer.clientArtemisMessageHandler - SUBMITTING {actor_id=user1, actor_owningIdentity=O=PartyA, L=London, C=GB, actor_store_id=NODE_CONFIG, invocation_id=2a9e2710-cb83-421d-b1b1-aaca1d2214e8, invocation_timestamp=2019-02-12T17:23:56.502Z, session_id=df69c622-081c-4ecf-9b38-cdf4ef479b9a, session_timestamp=2019-02-12T17:23:50.774Z}
[INFO ] 2019-02-12T17:23:57,421Z [Thread-1 (ActiveMQ-client-global-threads)] messaging.RPCServer.clientArtemisMessageHandler - SUBMITTING {actor_id=user1, actor_owningIdentity=O=PartyA, L=London, C=GB, actor_store_id=NODE_CONFIG, invocation_id=2d19d95b-911e-4068-8c61-6d5906fc8f27, invocation_timestamp=2019-02-12T17:23:57.421Z, session_id=df69c622-081c-4ecf-9b38-cdf4ef479b9a, session_timestamp=2019-02-12T17:23:50.774Z}
[INFO ] 2019-02-12T17:23:57,550Z [Thread-0 (ActiveMQ-client-global-threads)] messaging.RPCServer.clientArtemisMessageHandler - SUBMITTING {actor_id=user1, actor_owningIdentity=O=PartyA, L=London, C=GB, actor_store_id=NODE_CONFIG, invocation_id=ea45ceab-4403-4b53-b7f8-9e3ae347bbc2, invocation_timestamp=2019-02-12T17:23:57.550Z, session_id=df69c622-081c-4ecf-9b38-cdf4ef479b9a, session_timestamp=2019-02-12T17:23:50.774Z}
[INFO ] 2019-02-12T17:23:57,643Z [Thread-1 (ActiveMQ-client-global-threads)] messaging.RPCServer.clientArtemisMessageHandler - SUBMITTING {actor_id=user1, actor_owningIdentity=O=PartyA, L=London, C=GB, actor_store_id=NODE_CONFIG, invocation_id=b859c84b-b422-415a-9a61-6f06840b818c, invocation_timestamp=2019-02-12T17:23:57.643Z, session_id=df69c622-081c-4ecf-9b38-cdf4ef479b9a, session_timestamp=2019-02-12T17:23:50.774Z}
[INFO ] 2019-02-12T17:23:57,656Z [Thread-0 (ActiveMQ-client-global-threads)] messaging.RPCServer.clientArtemisMessageHandler - SUBMITTING {actor_id=user1, actor_owningIdentity=O=PartyA, L=London, C=GB, actor_store_id=NODE_CONFIG, invocation_id=0846cae3-4840-4c37-a6e4-570040ca458d, invocation_timestamp=2019-02-12T17:23:57.656Z, session_id=df69c622-081c-4ecf-9b38-cdf4ef479b9a, session_timestamp=2019-02-12T17:23:50.774Z}
[INFO ] 2019-02-12T17:24:03,593Z [Thread-0 (ActiveMQ-client-global-threads)] messaging.RPCServer.clientArtemisMessageHandler - SUBMITTING {actor_id=user1, actor_owningIdentity=O=PartyA, L=London, C=GB, actor_store_id=NODE_CONFIG, invocation_id=b41eb417-763a-4cc2-b9aa-a15f1d1b2b81, invocation_timestamp=2019-02-12T17:24:03.592Z, session_id=4013b470-12ca-43c6-a525-279401b9339f, session_timestamp=2019-02-12T17:24:01.881Z}
[INFO ] 2019-02-12T17:24:04,870Z [Thread-1 (ActiveMQ-client-global-threads)] messaging.RPCServer.clientArtemisMessageHandler - SUBMITTING {actor_id=user1, actor_owningIdentity=O=PartyA, L=London, C=GB, actor_store_id=NODE_CONFIG, invocation_id=279ec73d-8fbb-4a2b-9cf1-7e17357f6ab7, invocation_timestamp=2019-02-12T17:24:04.869Z, session_id=4013b470-12ca-43c6-a525-279401b9339f, session_timestamp=2019-02-12T17:24:01.881Z}
[INFO ] 2019-02-12T17:24:16,922Z [Thread-0 (ActiveMQ-client-global-threads)] messaging.RPCServer.clientArtemisMessageHandler - SUBMITTING {actor_id=user1, actor_owningIdentity=O=PartyA, L=London, C=GB, actor_store_id=NODE_CONFIG, invocation_id=57728d43-637e-49bb-bfe3-8e5a610e73e0, invocation_timestamp=2019-02-12T17:24:16.922Z, session_id=4013b470-12ca-43c6-a525-279401b9339f, session_timestamp=2019-02-12T17:24:01.881Z}
[INFO ] 2019-02-12T17:24:16,935Z [Thread-1 (ActiveMQ-client-global-threads)] messaging.RPCServer.clientArtemisMessageHandler - SUBMITTING {actor_id=user1, actor_owningIdentity=O=PartyA, L=London, C=GB, actor_store_id=NODE_CONFIG, invocation_id=0fd832f9-7f60-4311-881a-fdacd3ae95ca, invocation_timestamp=2019-02-12T17:24:16.934Z, session_id=4013b470-12ca-43c6-a525-279401b9339f, session_timestamp=2019-02-12T17:24:01.881Z}
[INFO ] 2019-02-12T17:24:16,955Z [rpc-server-handler-pool-2] vault.NodeVaultService._queryBy - Vault Query for contract type: class com.example.state.IOUState, criteria: VaultQueryCriteria(status=UNCONSUMED, contractStateTypes=null, stateRefs=null, notary=null, softLockingCondition=null, timeCondition=null), pagination: PageSpecification(pageNumber=-1, pageSize=200), sorting: Sort(columns=[]) {actor_id=user1, actor_owningIdentity=O=PartyA, L=London, C=GB, actor_store_id=NODE_CONFIG, invocation_id=0fd832f9-7f60-4311-881a-fdacd3ae95ca, invocation_timestamp=2019-02-12T17:24:16.934Z, session_id=4013b470-12ca-43c6-a525-279401b9339f, session_timestamp=2019-02-12T17:24:01.881Z}
[INFO ] 2019-02-12T17:24:17,087Z [Thread-0 (ActiveMQ-client-global-threads)] messaging.RPCServer.clientArtemisMessageHandler - SUBMITTING {actor_id=user1, actor_owningIdentity=O=PartyA, L=London, C=GB, actor_store_id=NODE_CONFIG, invocation_id=d28b4d26-94db-4272-b866-4ea32101ca30, invocation_timestamp=2019-02-12T17:24:17.087Z, session_id=4013b470-12ca-43c6-a525-279401b9339f, session_timestamp=2019-02-12T17:24:01.881Z}
[INFO ] 2019-02-12T17:24:17,090Z [rpc-server-handler-pool-1] vault.NodeVaultService._queryBy - Vault Query for contract type: class com.example.state.IOUState, criteria: net.corda.core.node.services.vault.QueryCriteria$AndComposition@6706f72d, pagination: PageSpecification(pageNumber=-1, pageSize=200), sorting: Sort(columns=[]) {actor_id=user1, actor_owningIdentity=O=PartyA, L=London, C=GB, actor_store_id=NODE_CONFIG, invocation_id=d28b4d26-94db-4272-b866-4ea32101ca30, invocation_timestamp=2019-02-12T17:24:17.087Z, session_id=4013b470-12ca-43c6-a525-279401b9339f, session_timestamp=2019-02-12T17:24:01.881Z}
[INFO ] 2019-02-12T17:24:24,748Z [Thread-1 (ActiveMQ-client-global-threads)] messaging.RPCServer.clientArtemisMessageHandler - SUBMITTING {actor_id=user1, actor_owningIdentity=O=PartyA, L=London, C=GB, actor_store_id=NODE_CONFIG, invocation_id=ad9e2550-f4ee-4d94-ae94-8631130216b7, invocation_timestamp=2019-02-12T17:24:24.748Z, session_id=4013b470-12ca-43c6-a525-279401b9339f, session_timestamp=2019-02-12T17:24:01.881Z}
[INFO ] 2019-02-12T17:24:24,792Z [Thread-0 (ActiveMQ-client-global-threads)] messaging.RPCServer.clientArtemisMessageHandler - SUBMITTING {actor_id=user1, actor_owningIdentity=O=PartyA, L=London, C=GB, actor_store_id=NODE_CONFIG, invocation_id=3a9631c3-ac09-4dd6-90b0-40d05fdcc081, invocation_timestamp=2019-02-12T17:24:24.792Z, session_id=4013b470-12ca-43c6-a525-279401b9339f, session_timestamp=2019-02-12T17:24:01.881Z}
[INFO ] 2019-02-12T17:24:25,332Z [Node thread-1] flow.[dd8c26df-9cc8-407f-9259-5fa89927cb48].initiateSession - Initiating flow session with party O=PartyB, L=New York, C=US. Session id for tracing purposes is SessionId(toLong=-3928149762733790355). {}
[INFO ] 2019-02-12T17:24:25,394Z [Messaging DL2stP5rSgnnsFM7HTBTepj181LMmZs8e6P54xQ2XDqbe4] messaging.P2PMessagingClient.createQueueIfAbsent - Create fresh queue internal.peers.DL4Ef9D4muvTLMFSxfDd5jCDNX6ZFtjvKxoqA4SA43QQxF bound on same address {}
[INFO ] 2019-02-12T17:24:25,558Z [Thread-1 (ActiveMQ-client-global-threads)] bridging.BridgeControlListener.processControlMessage - Received bridge control message Create(nodeIdentity=DL2stP5rSgnnsFM7HTBTepj181LMmZs8e6P54xQ2XDqbe4, bridgeInfo=BridgeEntry(queueName=internal.peers.DL4Ef9D4muvTLMFSxfDd5jCDNX6ZFtjvKxoqA4SA43QQxF, targets=[localhost:10001], legalNames=[O=PartyB, L=New York, C=US])) {actor_id=user1, actor_owningIdentity=O=PartyA, L=London, C=GB, actor_store_id=NODE_CONFIG, invocation_id=ad9e2550-f4ee-4d94-ae94-8631130216b7, invocation_timestamp=2019-02-12T17:24:24.748Z, session_id=4013b470-12ca-43c6-a525-279401b9339f, session_timestamp=2019-02-12T17:24:01.881Z}
[INFO ] 2019-02-12T17:24:25,586Z [Thread-1 (ActiveMQ-client-global-threads)] netty.AMQPClient.start - connect to: localhost:10001 {actor_id=user1, actor_owningIdentity=O=PartyA, L=London, C=GB, actor_store_id=NODE_CONFIG, invocation_id=ad9e2550-f4ee-4d94-ae94-8631130216b7, invocation_timestamp=2019-02-12T17:24:24.748Z, session_id=4013b470-12ca-43c6-a525-279401b9339f, session_timestamp=2019-02-12T17:24:01.881Z}
[INFO ] 2019-02-12T17:24:25,627Z [nioEventLoopGroup-3-1] netty.AMQPClient.operationComplete - Connected to localhost:10001 {}
[INFO ] 2019-02-12T17:24:25,661Z [nioEventLoopGroup-3-1] netty.LoggingTrustManagerWrapper.checkServerTrusted - Check Server Certpath:
  C=US,L=New York,O=PartyB[67E26D1B77134D7F6F34F3212961D07522FFBAC6] issued by C=US,L=New York,O=PartyB[null]
  C=US,L=New York,O=PartyB[EDF429261E9FD972AE1C474E557E137B63D6430A] issued by C=US,L=New York,OU=Corda,O=R3 HoldCo LLC,CN=Corda Doorman CA[null]
  C=US,L=New York,OU=Corda,O=R3 HoldCo LLC,CN=Corda Doorman CA[EBEE2E30152940AE19981ED86FE37D7F07A2C213] issued by CN=Corda Node Root CA,O=R3,OU=corda,L=London,C=UK[7CAEA9DFB948012B13890B9AE645851C39170773]
  CN=Corda Node Root CA,O=R3,OU=corda,L=London,C=UK[7CAEA9DFB948012B13890B9AE645851C39170773] issued by CN=Corda Node Root CA,O=R3,OU=corda,L=London,C=UK[null] {}
[INFO ] 2019-02-12T17:24:26,948Z [Thread-1 (ActiveMQ-client-global-threads)] messaging.P2PMessagingClient.artemisToCordaMessage - Received message from: p2p.inbound.DL2stP5rSgnnsFM7HTBTepj181LMmZs8e6P54xQ2XDqbe4 user: O=PartyB, L=New York, C=US topic: platform.session uuid: da82d01d-2811-45ec-b8e8-e97d37e06877 {actor_id=user1, actor_owningIdentity=O=PartyA, L=London, C=GB, actor_store_id=NODE_CONFIG, invocation_id=ad9e2550-f4ee-4d94-ae94-8631130216b7, invocation_timestamp=2019-02-12T17:24:24.748Z, session_id=4013b470-12ca-43c6-a525-279401b9339f, session_timestamp=2019-02-12T17:24:01.881Z}
[INFO ] 2019-02-12T17:24:27,271Z [Thread-0 (ActiveMQ-client-global-threads)] messaging.P2PMessagingClient.artemisToCordaMessage - Received message from: p2p.inbound.DL2stP5rSgnnsFM7HTBTepj181LMmZs8e6P54xQ2XDqbe4 user: O=PartyB, L=New York, C=US topic: platform.session uuid: 3e179da7-424d-4a1b-a98d-1f8b67c20e2b {actor_id=user1, actor_owningIdentity=O=PartyA, L=London, C=GB, actor_store_id=NODE_CONFIG, invocation_id=3a9631c3-ac09-4dd6-90b0-40d05fdcc081, invocation_timestamp=2019-02-12T17:24:24.792Z, session_id=4013b470-12ca-43c6-a525-279401b9339f, session_timestamp=2019-02-12T17:24:01.881Z}
[INFO ] 2019-02-12T17:24:27,566Z [Thread-0 (ActiveMQ-client-global-threads)] messaging.P2PMessagingClient.artemisToCordaMessage - Received message from: p2p.inbound.DL2stP5rSgnnsFM7HTBTepj181LMmZs8e6P54xQ2XDqbe4 user: O=PartyB, L=New York, C=US topic: platform.session uuid: f0f3c3d0-6795-4d5a-a6d0-3074c72016da {actor_id=user1, actor_owningIdentity=O=PartyA, L=London, C=GB, actor_store_id=NODE_CONFIG, invocation_id=3a9631c3-ac09-4dd6-90b0-40d05fdcc081, invocation_timestamp=2019-02-12T17:24:24.792Z, session_id=4013b470-12ca-43c6-a525-279401b9339f, session_timestamp=2019-02-12T17:24:01.881Z}
[INFO ] 2019-02-12T17:24:27,654Z [Node thread-1] flow.[dd8c26df-9cc8-407f-9259-5fa89927cb48].initiateSession - Initiating flow session with party O=PartyB, L=New York, C=US. Session id for tracing purposes is SessionId(toLong=-6310489832100975103). {}
[INFO ] 2019-02-12T17:24:27,672Z [Thread-1 (ActiveMQ-client-global-threads)] messaging.P2PMessagingClient.artemisToCordaMessage - Received message from: p2p.inbound.DL2stP5rSgnnsFM7HTBTepj181LMmZs8e6P54xQ2XDqbe4 user: O=PartyB, L=New York, C=US topic: platform.session uuid: 2f57a66f-64d0-4a74-afa6-dbbae5c3bb4a {actor_id=user1, actor_owningIdentity=O=PartyA, L=London, C=GB, actor_store_id=NODE_CONFIG, invocation_id=ad9e2550-f4ee-4d94-ae94-8631130216b7, invocation_timestamp=2019-02-12T17:24:24.748Z, session_id=4013b470-12ca-43c6-a525-279401b9339f, session_timestamp=2019-02-12T17:24:01.881Z}
[INFO ] 2019-02-12T17:24:27,829Z [Thread-0 (ActiveMQ-client-global-threads)] messaging.P2PMessagingClient.artemisToCordaMessage - Received message from: p2p.inbound.DL2stP5rSgnnsFM7HTBTepj181LMmZs8e6P54xQ2XDqbe4 user: O=PartyB, L=New York, C=US topic: platform.session uuid: a6784e6d-8c6e-43a1-aad3-0a6921581028 {actor_id=user1, actor_owningIdentity=O=PartyA, L=London, C=GB, actor_store_id=NODE_CONFIG, invocation_id=3a9631c3-ac09-4dd6-90b0-40d05fdcc081, invocation_timestamp=2019-02-12T17:24:24.792Z, session_id=4013b470-12ca-43c6-a525-279401b9339f, session_timestamp=2019-02-12T17:24:01.881Z}
[INFO ] 2019-02-12T17:24:27,872Z [Thread-1 (ActiveMQ-client-global-threads)] messaging.P2PMessagingClient.artemisToCordaMessage - Received message from: p2p.inbound.DL2stP5rSgnnsFM7HTBTepj181LMmZs8e6P54xQ2XDqbe4 user: O=PartyB, L=New York, C=US topic: platform.session uuid: 94fc67e5-2ed8-4b90-b818-542611d104bf {actor_id=user1, actor_owningIdentity=O=PartyA, L=London, C=GB, actor_store_id=NODE_CONFIG, invocation_id=ad9e2550-f4ee-4d94-ae94-8631130216b7, invocation_timestamp=2019-02-12T17:24:24.748Z, session_id=4013b470-12ca-43c6-a525-279401b9339f, session_timestamp=2019-02-12T17:24:01.881Z}
[INFO ] 2019-02-12T17:24:27,990Z [Thread-1 (ActiveMQ-client-global-threads)] messaging.P2PMessagingClient.artemisToCordaMessage - Received message from: p2p.inbound.DL2stP5rSgnnsFM7HTBTepj181LMmZs8e6P54xQ2XDqbe4 user: O=PartyB, L=New York, C=US topic: platform.session uuid: d340fe4f-95c4-4605-b55c-273574769ebf {actor_id=user1, actor_owningIdentity=O=PartyA, L=London, C=GB, actor_store_id=NODE_CONFIG, invocation_id=ad9e2550-f4ee-4d94-ae94-8631130216b7, invocation_timestamp=2019-02-12T17:24:24.748Z, session_id=4013b470-12ca-43c6-a525-279401b9339f, session_timestamp=2019-02-12T17:24:01.881Z}
[INFO ] 2019-02-12T17:24:32,851Z [Thread-1 (ActiveMQ-client-global-threads)] messaging.RPCServer.clientArtemisMessageHandler - SUBMITTING {actor_id=user1, actor_owningIdentity=O=PartyA, L=London, C=GB, actor_store_id=NODE_CONFIG, invocation_id=254e1895-6736-4670-a95b-26c004859535, invocation_timestamp=2019-02-12T17:24:32.851Z, session_id=4013b470-12ca-43c6-a525-279401b9339f, session_timestamp=2019-02-12T17:24:01.881Z}
[INFO ] 2019-02-12T17:24:32,853Z [rpc-server-handler-pool-2] vault.NodeVaultService._queryBy - Vault Query for contract type: class com.example.state.IOUState, criteria: VaultQueryCriteria(status=UNCONSUMED, contractStateTypes=null, stateRefs=null, notary=null, softLockingCondition=null, timeCondition=null), pagination: PageSpecification(pageNumber=-1, pageSize=200), sorting: Sort(columns=[]) {actor_id=user1, actor_owningIdentity=O=PartyA, L=London, C=GB, actor_store_id=NODE_CONFIG, invocation_id=254e1895-6736-4670-a95b-26c004859535, invocation_timestamp=2019-02-12T17:24:32.851Z, session_id=4013b470-12ca-43c6-a525-279401b9339f, session_timestamp=2019-02-12T17:24:01.881Z}
[INFO ] 2019-02-12T17:24:32,853Z [Thread-1 (ActiveMQ-client-global-threads)] messaging.RPCServer.clientArtemisMessageHandler - SUBMITTING {actor_id=user1, actor_owningIdentity=O=PartyA, L=London, C=GB, actor_store_id=NODE_CONFIG, invocation_id=5b7d3ff9-d67c-45e0-af45-36613088669f, invocation_timestamp=2019-02-12T17:24:32.853Z, session_id=4013b470-12ca-43c6-a525-279401b9339f, session_timestamp=2019-02-12T17:24:01.881Z}
[INFO ] 2019-02-12T17:24:32,856Z [rpc-server-handler-pool-1] vault.NodeVaultService._queryBy - Vault Query for contract type: class com.example.state.IOUState, criteria: net.corda.core.node.services.vault.QueryCriteria$AndComposition@3fe933f6, pagination: PageSpecification(pageNumber=-1, pageSize=200), sorting: Sort(columns=[]) {actor_id=user1, actor_owningIdentity=O=PartyA, L=London, C=GB, actor_store_id=NODE_CONFIG, invocation_id=5b7d3ff9-d67c-45e0-af45-36613088669f, invocation_timestamp=2019-02-12T17:24:32.853Z, session_id=4013b470-12ca-43c6-a525-279401b9339f, session_timestamp=2019-02-12T17:24:01.881Z}
[INFO ] 2019-02-12T17:24:49,973Z [Thread-0 (ActiveMQ-client-global-threads)] messaging.RPCServer.clientArtemisMessageHandler - SUBMITTING {actor_id=user1, actor_owningIdentity=O=PartyA, L=London, C=GB, actor_store_id=NODE_CONFIG, invocation_id=9c4d5f08-6be6-43cf-afb8-ec1defb7ac0d, invocation_timestamp=2019-02-12T17:24:49.973Z, session_id=4013b470-12ca-43c6-a525-279401b9339f, session_timestamp=2019-02-12T17:24:01.881Z}
[INFO ] 2019-02-12T17:24:49,987Z [Thread-1 (ActiveMQ-client-global-threads)] messaging.RPCServer.clientArtemisMessageHandler - SUBMITTING {actor_id=user1, actor_owningIdentity=O=PartyA, L=London, C=GB, actor_store_id=NODE_CONFIG, invocation_id=67604cf9-e150-4831-9d7c-3d2f0c4d3415, invocation_timestamp=2019-02-12T17:24:49.987Z, session_id=4013b470-12ca-43c6-a525-279401b9339f, session_timestamp=2019-02-12T17:24:01.881Z}
[INFO ] 2019-02-12T17:24:50,043Z [Node thread-1] flow.[fba748e8-f855-4d1c-b8d4-8642ccde4d09].initiateSession - Initiating flow session with party O=PartyB, L=New York, C=US. Session id for tracing purposes is SessionId(toLong=6832078469316117265). {}
[INFO ] 2019-02-12T17:24:50,215Z [Thread-1 (ActiveMQ-client-global-threads)] messaging.P2PMessagingClient.artemisToCordaMessage - Received message from: p2p.inbound.DL2stP5rSgnnsFM7HTBTepj181LMmZs8e6P54xQ2XDqbe4 user: O=PartyB, L=New York, C=US topic: platform.session uuid: 80a0543d-326a-4bf3-ba11-35764271ec10 {actor_id=user1, actor_owningIdentity=O=PartyA, L=London, C=GB, actor_store_id=NODE_CONFIG, invocation_id=67604cf9-e150-4831-9d7c-3d2f0c4d3415, invocation_timestamp=2019-02-12T17:24:49.987Z, session_id=4013b470-12ca-43c6-a525-279401b9339f, session_timestamp=2019-02-12T17:24:01.881Z}
[INFO ] 2019-02-12T17:24:50,315Z [Thread-0 (ActiveMQ-client-global-threads)] messaging.P2PMessagingClient.artemisToCordaMessage - Received message from: p2p.inbound.DL2stP5rSgnnsFM7HTBTepj181LMmZs8e6P54xQ2XDqbe4 user: O=PartyB, L=New York, C=US topic: platform.session uuid: b1c7bc03-f68d-489d-82d6-745245c5d1d5 {actor_id=user1, actor_owningIdentity=O=PartyA, L=London, C=GB, actor_store_id=NODE_CONFIG, invocation_id=9c4d5f08-6be6-43cf-afb8-ec1defb7ac0d, invocation_timestamp=2019-02-12T17:24:49.973Z, session_id=4013b470-12ca-43c6-a525-279401b9339f, session_timestamp=2019-02-12T17:24:01.881Z}
[INFO ] 2019-02-12T17:24:50,492Z [Thread-0 (ActiveMQ-client-global-threads)] messaging.P2PMessagingClient.artemisToCordaMessage - Received message from: p2p.inbound.DL2stP5rSgnnsFM7HTBTepj181LMmZs8e6P54xQ2XDqbe4 user: O=PartyB, L=New York, C=US topic: platform.session uuid: 11510f3f-2c1a-4956-8705-66747683f520 {actor_id=user1, actor_owningIdentity=O=PartyA, L=London, C=GB, actor_store_id=NODE_CONFIG, invocation_id=9c4d5f08-6be6-43cf-afb8-ec1defb7ac0d, invocation_timestamp=2019-02-12T17:24:49.973Z, session_id=4013b470-12ca-43c6-a525-279401b9339f, session_timestamp=2019-02-12T17:24:01.881Z}
[INFO ] 2019-02-12T17:24:50,529Z [Node thread-1] flow.[fba748e8-f855-4d1c-b8d4-8642ccde4d09].initiateSession - Initiating flow session with party O=PartyB, L=New York, C=US. Session id for tracing purposes is SessionId(toLong=1211164136939243636). {}
[INFO ] 2019-02-12T17:24:50,558Z [Thread-1 (ActiveMQ-client-global-threads)] messaging.P2PMessagingClient.artemisToCordaMessage - Received message from: p2p.inbound.DL2stP5rSgnnsFM7HTBTepj181LMmZs8e6P54xQ2XDqbe4 user: O=PartyB, L=New York, C=US topic: platform.session uuid: 43ff0f1d-a15f-47cd-b7f6-5fc2bfa8ff58 {actor_id=user1, actor_owningIdentity=O=PartyA, L=London, C=GB, actor_store_id=NODE_CONFIG, invocation_id=67604cf9-e150-4831-9d7c-3d2f0c4d3415, invocation_timestamp=2019-02-12T17:24:49.987Z, session_id=4013b470-12ca-43c6-a525-279401b9339f, session_timestamp=2019-02-12T17:24:01.881Z}
[INFO ] 2019-02-12T17:24:50,689Z [Thread-0 (ActiveMQ-client-global-threads)] messaging.P2PMessagingClient.artemisToCordaMessage - Received message from: p2p.inbound.DL2stP5rSgnnsFM7HTBTepj181LMmZs8e6P54xQ2XDqbe4 user: O=PartyB, L=New York, C=US topic: platform.session uuid: 05d6545a-c7d3-411a-8601-f13b1592233a {actor_id=user1, actor_owningIdentity=O=PartyA, L=London, C=GB, actor_store_id=NODE_CONFIG, invocation_id=9c4d5f08-6be6-43cf-afb8-ec1defb7ac0d, invocation_timestamp=2019-02-12T17:24:49.973Z, session_id=4013b470-12ca-43c6-a525-279401b9339f, session_timestamp=2019-02-12T17:24:01.881Z}
[INFO ] 2019-02-12T17:24:50,778Z [Thread-1 (ActiveMQ-client-global-threads)] messaging.P2PMessagingClient.artemisToCordaMessage - Received message from: p2p.inbound.DL2stP5rSgnnsFM7HTBTepj181LMmZs8e6P54xQ2XDqbe4 user: O=PartyB, L=New York, C=US topic: platform.session uuid: 51efdb06-8825-48a1-8479-6be920ae39a3 {actor_id=user1, actor_owningIdentity=O=PartyA, L=London, C=GB, actor_store_id=NODE_CONFIG, invocation_id=67604cf9-e150-4831-9d7c-3d2f0c4d3415, invocation_timestamp=2019-02-12T17:24:49.987Z, session_id=4013b470-12ca-43c6-a525-279401b9339f, session_timestamp=2019-02-12T17:24:01.881Z}
[INFO ] 2019-02-12T17:24:50,858Z [Thread-1 (ActiveMQ-client-global-threads)] messaging.RPCServer.clientArtemisMessageHandler - SUBMITTING {actor_id=user1, actor_owningIdentity=O=PartyA, L=London, C=GB, actor_store_id=NODE_CONFIG, invocation_id=76d4a1c6-de6c-40bf-8a64-a965672e2510, invocation_timestamp=2019-02-12T17:24:50.858Z, session_id=4013b470-12ca-43c6-a525-279401b9339f, session_timestamp=2019-02-12T17:24:01.881Z}
[INFO ] 2019-02-12T17:24:50,888Z [Thread-0 (ActiveMQ-client-global-threads)] messaging.P2PMessagingClient.artemisToCordaMessage - Received message from: p2p.inbound.DL2stP5rSgnnsFM7HTBTepj181LMmZs8e6P54xQ2XDqbe4 user: O=PartyB, L=New York, C=US topic: platform.session uuid: 114ba611-f4b1-4217-ad61-e791e4078010 {actor_id=user1, actor_owningIdentity=O=PartyA, L=London, C=GB, actor_store_id=NODE_CONFIG, invocation_id=9c4d5f08-6be6-43cf-afb8-ec1defb7ac0d, invocation_timestamp=2019-02-12T17:24:49.973Z, session_id=4013b470-12ca-43c6-a525-279401b9339f, session_timestamp=2019-02-12T17:24:01.881Z}
[INFO ] 2019-02-12T17:24:50,882Z [rpc-server-handler-pool-2] vault.NodeVaultService._queryBy - Vault Query for contract type: class com.example.state.IOUState, criteria: VaultQueryCriteria(status=UNCONSUMED, contractStateTypes=null, stateRefs=null, notary=null, softLockingCondition=null, timeCondition=null), pagination: PageSpecification(pageNumber=-1, pageSize=200), sorting: Sort(columns=[]) {actor_id=user1, actor_owningIdentity=O=PartyA, L=London, C=GB, actor_store_id=NODE_CONFIG, invocation_id=76d4a1c6-de6c-40bf-8a64-a965672e2510, invocation_timestamp=2019-02-12T17:24:50.858Z, session_id=4013b470-12ca-43c6-a525-279401b9339f, session_timestamp=2019-02-12T17:24:01.881Z}
[INFO ] 2019-02-12T17:24:50,913Z [Thread-1 (ActiveMQ-client-global-threads)] messaging.RPCServer.clientArtemisMessageHandler - SUBMITTING {actor_id=user1, actor_owningIdentity=O=PartyA, L=London, C=GB, actor_store_id=NODE_CONFIG, invocation_id=1347ca7b-9413-4e21-b26d-731b090d4e29, invocation_timestamp=2019-02-12T17:24:50.913Z, session_id=4013b470-12ca-43c6-a525-279401b9339f, session_timestamp=2019-02-12T17:24:01.881Z}
[INFO ] 2019-02-12T17:24:50,932Z [rpc-server-handler-pool-2] vault.NodeVaultService._queryBy - Vault Query for contract type: class com.example.state.IOUState, criteria: net.corda.core.node.services.vault.QueryCriteria$AndComposition@5ab033f5, pagination: PageSpecification(pageNumber=-1, pageSize=200), sorting: Sort(columns=[]) {actor_id=user1, actor_owningIdentity=O=PartyA, L=London, C=GB, actor_store_id=NODE_CONFIG, invocation_id=1347ca7b-9413-4e21-b26d-731b090d4e29, invocation_timestamp=2019-02-12T17:24:50.913Z, session_id=4013b470-12ca-43c6-a525-279401b9339f, session_timestamp=2019-02-12T17:24:01.881Z}
